0 0 0
1 8.081423250167053e-75 0.002730689
2 3.429476046001294e-68 0.005461378
3 2.4434576600868e-67 0.008192067000000001
4 5.990926514557495e-66 0.010922756
5 8.390940920934231e-65 0.013653445
6 1.739228392587523e-63 0.016384134
7 1.846513901802048e-62 0.019114823
8 1.964520556190991e-61 0.021845512
9 1.540050740895556e-60 0.024576201
10 3.259725663057446e-59 0.02730689
11 7.316545883492602e-58 0.030037579
12 4.071355542497032e-57 0.032768268
13 2.865600735495711e-56 0.035498957
14 1.521945879140108e-54 0.03822964600000001
15 3.06327379707171e-55 0.040960335
16 5.714570282410616e-54 0.043691024
17 1.458064039225719e-52 0.046421713
18 2.542758389659421e-51 0.049152402
19 3.149044118432188e-50 0.05188309100000001
20 4.356324377453284e-49 0.05461378
21 4.859009018897069e-48 0.057344469
22 4.116692207900592e-47 0.060075158
23 2.886684288479887e-46 0.062805847
24 1.732797001454113e-45 0.06553653599999999
25 9.539811630816371e-45 0.068267225
26 4.766078850493083e-44 0.070997914
27 1.99568217763249e-43 0.073728603
28 7.399153310620314e-43 0.076459292
29 2.709383093976337e-42 0.07918998099999999
30 9.717062110200436e-42 0.08192067
31 3.482614304058873e-41 0.084651359
32 1.222913934823055e-40 0.087382048
33 9.120078846163988e-40 0.090112737
34 1.777535311833941e-39 0.09284342599999999
35 3.728480460168046e-39 0.095574115
36 1.741071308764685e-38 0.098304804
37 3.63901132152441e-38 0.101035493
38 4.274006096090214e-38 0.103766182
39 8.84344330033293e-38 0.106496871
40 1.801823747425795e-37 0.10922756
41 1.757662835962463e-36 0.111958249
42 5.024087983322363e-36 0.114688938
43 1.324742763754969e-35 0.117419627
44 2.499578151548402e-35 0.120150316
45 6.936997866613046e-35 0.122881005
46 2.063854589193527e-34 0.125611694
47 6.65177915045381e-34 0.128342383
48 2.286079497716727e-33 0.131073072
49 8.291004948882929e-33 0.133803761
50 3.096417312519713e-32 0.13653445
51 1.168086183027301e-31 0.139265139
52 4.385835565238116e-31 0.141995828
53 1.625277222962341e-30 0.144726517
54 5.919614089184249e-30 0.147457206
55 2.114595698107393e-29 0.150187895
56 7.4035701088338e-29 0.152918584
57 2.540120803499339e-28 0.155649273
58 8.541456950980294e-28 0.158379962
59 2.81574336312733e-27 0.161110651
60 9.102821420075231e-27 0.16384134
61 2.88687169542974e-26 0.166572029
62 8.984495198867211e-26 0.169302718
63 2.744845483022423e-25 0.172033407
64 8.234537872566992e-25 0.174764096
65 2.426567054944187e-24 0.177494785
66 7.025987152550494e-24 0.180225474
67 1.999449852526454e-23 0.182956163
68 5.594020913413597e-23 0.185686852
69 1.539099986075802e-22 0.188417541
70 4.165376981627218e-22 0.19114823
71 1.109172564473254e-21 0.193878919
72 2.906773101927974e-21 0.196609608
73 7.498902847281315e-21 0.199340297
74 1.904863874957907e-20 0.202070986
75 4.765545958942e-20 0.204801675
76 1.17447752735904e-19 0.207532364
77 2.852062156594227e-19 0.210263053
78 6.825783988730637e-19 0.212993742
79 1.610351486857666e-18 0.215724431
80 3.745907466427159e-18 0.21845512
81 8.593176143478788e-18 0.221185809
82 1.944470191645604e-17 0.223916498
83 4.340992306957076e-17 0.226647187
84 9.563236643363971e-17 0.229377876
85 2.079389606207287e-16 0.232108565
86 4.463421601178741e-16 0.234839254
87 9.459894478105244e-16 0.237569943
88 1.980048181140856e-15 0.240300632
89 4.093744900436053e-15 0.243031321
90 8.3619154604739e-15 0.24576201
91 1.687777917679826e-14 0.248492699
92 3.366928871314851e-14 0.251223388
93 6.63965222837106e-14 0.253954077
94 1.294579154036723e-13 0.256684766
95 2.496018647134802e-13 0.259415455
96 4.759104556150364e-13 0.262146144
97 8.97207709705521e-13 0.264876833
98 1.671697121011933e-12 0.267607522
99 3.07646393397911e-12 0.270338211
100 5.590368928848009e-12 0.2730689
101 1.003267373821077e-11 0.275799589
102 1.779080977329681e-11 0.278530278
103 3.118927686301466e-11 0.281260967
104 5.40800233723666e-11 0.283991656
105 9.277595873070771e-11 0.286722345
106 1.575122370940533e-10 0.289453034
107 2.647028178144236e-10 0.292183723
108 4.403911048915281e-10 0.294914412
109 7.254623950450926e-10 0.297645101
110 1.183426090947475e-09 0.30037579
111 1.9119081313388e-09 0.303106479
112 3.059431554715078e-09 0.305837168
113 4.849641363373974e-09 0.308567857
114 7.615858266803859e-09 0.311298546
115 1.184986816671696e-08 0.314029235
116 1.827005814297765e-08 0.316759924
117 2.79154205419975e-08 0.319490613
118 4.227376982789784e-08 0.322221302
119 6.34546985043972e-08 0.324951991
120 9.442025628636392e-08 0.32768268
121 1.392891118399198e-07 0.330413369
122 2.037329975477766e-07 0.333144058
123 2.954874374016198e-07 0.335874747
124 4.250019664408855e-07 0.338605436
125 6.062580583101018e-07 0.341336125
126 8.577855063177876e-07 0.344066814
127 1.203909652758749e-06 0.346797503
128 1.676262327792408e-06 0.349528192
129 2.315588170752957e-06 0.352258881
130 3.173874616051293e-06 0.35498957
131 4.316826767713279e-06 0.357720259
132 5.82669994139478e-06 0.360450948
133 7.805489261270384e-06 0.363181637
134 1.037845846598372e-05 0.365912326
135 1.369796916996795e-05 0.368643015
136 1.794754560874791e-05 0.371373704
137 2.334608158427809e-05 0.374104393
138 3.015206586945651e-05 0.376835082
139 3.866767210574513e-05 0.3795657710000001
140 4.924253247395892e-05 0.38229646
141 6.227710511914166e-05 0.385027149
142 7.822542351056781e-05 0.387757838
143 9.759646822157706e-05 0.390488527
144 0.0001209544054218982 0.393219216
145 0.000148916903844543 0.395949905
146 0.0001821525463101695 0.398680594
147 0.000221375628129167 0.401411283
148 0.0002673390781066732 0.404141972
149 0.0003208244034431543 0.406872661
150 0.0003826294167119843 0.40960335
151 0.0004535538693584206 0.412334039
152 0.0005343829451800852 0.415064728
153 0.00062586883370615 0.417795417
154 0.0007287107567842849 0.420526106
155 0.0008435339343074177 0.423256795
156 0.000970868072418754 0.425987484
157 0.001111126030242056 0.428718173
158 0.001264583365742654 0.431448862
159 0.001431359496858887 0.4341795510000001
160 0.001611401194262635 0.43691024
161 0.001804469079751544 0.439640929
162 0.002010127739578389 0.442371618
163 0.002227739988381447 0.445102307
164 0.002456465699001344 0.447832996
165 0.00269526545689984 0.450563685
166 0.002942908822080726 0.4532943740000001
167 0.003197986775552518 0.456025063
168 0.003458926718719401 0.458755752
169 0.003724009631184273 0.461486441
170 0.003991387520123137 0.46421713
171 0.0042591108875346 0.466947819
172 0.004525169097666326 0.4696785080000001
173 0.004787613446359665 0.472409197
174 0.005044742630512342 0.475139886
175 0.005294818870784766 0.477870575
176 0.005535909344091326 0.480601264
177 0.005766328649953589 0.483331953
178 0.005985078041618117 0.486062642
179 0.006190986263786012 0.4887933310000001
180 0.006383122324260983 0.49152402
181 0.006560362326288299 0.494254709
182 0.006722069364827598 0.496985398
183 0.006867988120846368 0.499716087
184 0.00699764471175274 0.502446776
185 0.007110669152354324 0.5051774649999999
186 0.007207296223876844 0.507908154
187 0.007287920926443757 0.510638843
188 0.007353061519379952 0.513369532
189 0.007403074716100069 0.516100221
190 0.007438436042746271 0.5188309099999999
191 0.007459833986473966 0.521561599
192 0.00746824605194242 0.5242922879999999
193 0.007464900464366835 0.527022977
194 0.007450864907717038 0.529753666
195 0.007426786290592091 0.532484355
196 0.007393279694708653 0.535215044
197 0.007351194727840076 0.5379457329999999
198 0.007301734856107283 0.540676422
199 0.007245998905301278 0.5434071109999999
200 0.007184983765835927 0.5461378
201 0.007119553169563665 0.548868489
202 0.007050286571357236 0.551599178
203 0.006977626599272966 0.554329867
204 0.00690196484107911 0.5570605559999999
205 0.006823809061788877 0.559791245
206 0.006743735664659255 0.5625219339999999
207 0.006662359951710181 0.565252623
208 0.006580474147363879 0.567983312
209 0.006498788306692341 0.570714001
210 0.006417478570388792 0.57344469
211 0.006336372464986299 0.5761753789999999
212 0.006255353557050475 0.578906068
213 0.006174364636534168 0.5816367569999999
214 0.006093598029256218 0.584367446
215 0.006013351742584948 0.587098135
216 0.005933934593466824 0.589828824
217 0.005855555489762227 0.592559513
218 0.005778445067801531 0.5952902019999999
219 0.005702727602056461 0.598020891
220 0.005628474941419018 0.60075158
221 0.005555653323736824 0.603482269
222 0.005484103669809576 0.606212958
223 0.005413517314013815 0.608943647
224 0.00534362091737006 0.611674336
225 0.00527436310382828 0.6144050249999999
226 0.005205891513694059 0.617135714
227 0.005138333026930664 0.619866403
228 0.005071870118244261 0.622597092
229 0.005006684354714499 0.625327781
230 0.004942989168086079 0.62805847
231 0.004880880531553687 0.630789159
232 0.004820185298943618 0.6335198479999999
233 0.004760496519479468 0.636250537
234 0.00470159888602787 0.638981226
235 0.004643426895689949 0.641711915
236 0.004585872644547968 0.644442604
237 0.004528847108211365 0.6471732929999999
238 0.00447243795092473 0.649903982
239 0.004416688609247757 0.6526346709999999
240 0.004361571964877001 0.65536536
241 0.004307294990663043 0.658096049
242 0.004253947251866734 0.660826738
243 0.004201582315869825 0.663557427
244 0.0041503853240981 0.6662881159999999
245 0.004100510618149777 0.669018805
246 0.004051897461575481 0.6717494939999999
247 0.004004391831729823 0.674480183
248 0.00395772567729818 0.677210872
249 0.003911666066671268 0.679941561
250 0.003865901651140272 0.68267225
251 0.003820383632012517 0.6854029389999999
252 0.003775161861432653 0.688133628
253 0.003730361869695722 0.690864317
254 0.003686109800883025 0.693595006
255 0.003642411517926609 0.696325695
256 0.003599271818261822 0.699056384
257 0.003556686177486311 0.701787073
258 0.003514554278593573 0.7045177619999999
259 0.003473015668598923 0.707248451
260 0.003432182223942811 0.70997914
261 0.00339208246456465 0.712709829
262 0.00335286655785731 0.715440518
263 0.003314624350471819 0.718171207
264 0.003277282268553914 0.720901896
265 0.003240618778763856 0.7236325849999999
266 0.003204498092572677 0.726363274
267 0.003168792046608207 0.729093963
268 0.003133420572713553 0.731824652
269 0.003098373298558184 0.734555341
270 0.003063670991333465 0.73728603
271 0.003029432628145973 0.740016719
272 0.002995742549459331 0.7427474079999999
273 0.002962800672123115 0.745478097
274 0.002930616948509077 0.748208786
275 0.002899134910869763 0.750939475
276 0.002868258378417934 0.753670164
277 0.002837839560567677 0.756400853
278 0.002807891396146694 0.759131542
279 0.002778371636629511 0.7618622309999999
280 0.002749168886244303 0.76459292
281 0.002720342312095143 0.767323609
282 0.002691890229643902 0.770054298
283 0.002663760045914644 0.772784987
284 0.002635974879799826 0.7755156759999999
285 0.002608604510190746 0.778246365
286 0.002581562303877432 0.7809770539999999
287 0.002554694933598251 0.783707743
288 0.002527791278503617 0.786438432
289 0.002500819701635671 0.789169121
290 0.002473800538531668 0.79189981
291 0.002446804632430217 0.7946304989999999
292 0.002419999260246371 0.797361188
293 0.002393522779039058 0.800091877
294 0.002367527031824416 0.802822566
295 0.002342187621214828 0.805553255
296 0.002317503485316384 0.808283944
297 0.002293361243158824 0.811014633
298 0.002269833172566358 0.8137453219999999
299 0.002246918993659768 0.816476011
300 0.002224710544037866 0.8192067
301 0.002203331567844056 0.821937389
302 0.002182794624936676 0.824668078
303 0.002163073487083632 0.827398767
304 0.002144047207822389 0.830129456
305 0.0021255631228378 0.8328601449999999
306 0.002107522746096665 0.835590834
307 0.002089815138428857 0.838321523
308 0.002072316241716406 0.841052212
309 0.002054970102639789 0.843782901
310 0.002037746553153232 0.84651359
311 0.002020598829884157 0.849244279
312 0.002003459000714015 0.8519749679999999
313 0.001986385543445505 0.854705657
314 0.001969301546239709 0.857436346
315 0.00195212626252519 0.860167035
316 0.001934745471046711 0.862897724
317 0.001917043998545191 0.865628413
318 0.001899006756044631 0.868359102
319 0.001880613944578081 0.8710897909999999
320 0.001861879931588653 0.87382048
321 0.001842858401978848 0.876551169
322 0.001823588049420096 0.879281858
323 0.001804175749246974 0.882012547
324 0.001784781673586427 0.884743236
325 0.001765557209753085 0.887473925
326 0.001746634349005541 0.8902046139999999
327 0.001728109600028097 0.892935303
328 0.001710019827535046 0.895665992
329 0.001692452828629902 0.898396681
330 0.001675422856689634 0.90112737
331 0.001658844320019535 0.903858059
332 0.00164272074256558 0.906588748
333 0.001627107923865877 0.909319437
334 0.00161207728077691 0.912050126
335 0.001597663413714599 0.914780815
336 0.001583947263472624 0.917511504
337 0.001570957953985811 0.920242193
338 0.001558700293808685 0.9229728819999999
339 0.001547176621118494 0.925703571
340 0.001536315786834418 0.92843426
341 0.001526047238311492 0.931164949
342 0.001516305237140459 0.933895638
343 0.001506989686601754 0.936626327
344 0.001498015333148486 0.939357016
345 0.001489327762421981 0.9420877049999999
346 0.001480840460464675 0.944818394
347 0.001472455702818692 0.947549083
348 0.001464065146842996 0.950279772
349 0.001455609092887303 0.953010461
350 0.001447067635500924 0.95574115
351 0.00143843318127587 0.958471839
352 0.001429691656121259 0.9612025279999999
353 0.001420763472961319 0.963933217
354 0.001411576096669953 0.966663906
355 0.001402064004806231 0.969394595
356 0.001392199532127604 0.972125284
357 0.001381946852725274 0.974855973
358 0.001371268647119917 0.977586662
359 0.001360192289127968 0.9803173509999999
360 0.001348773287601744 0.98304804
361 0.001337080674983595 0.985778729
362 0.0013251687330016 0.988509418
363 0.001313064420754377 0.991240107
364 0.001300829964170875 0.993970796
365 0.001288534063087597 0.996701485
366 0.001276216120857258 0.999432174
367 0.001263911026368308 1.002162863
368 0.001251651010799684 1.004893552
369 0.001239436301961614 1.007624241
370 0.001227277354260332 1.01035493
371 0.001215229097626899 1.013085619
372 0.001203318519954432 1.015816308
373 0.001191575084814271 1.018546997
374 0.001180021049674655 1.021277686
375 0.001168683274565547 1.024008375
376 0.001157587894114205 1.026739064
377 0.00114674507013753 1.029469753
378 0.001136113304882143 1.032200442
379 0.001125633350793662 1.034931131
380 0.001115273754471068 1.03766182
381 0.001105064509774012 1.040392509
382 0.001095101249758683 1.043123198
383 0.001085467384516132 1.045853887
384 0.001076236471074597 1.048584576
385 0.001067474962000738 1.051315265
386 0.001059217914177198 1.054045954
387 0.001051516134227437 1.056776643
388 0.001044370198477723 1.059507332
389 0.001037782010728469 1.062238021
390 0.001031752238757762 1.06496871
391 0.001026256230914092 1.067699399
392 0.001021267909345999 1.070430088
393 0.001016756634787361 1.073160777
394 0.00101268048018301 1.075891466
395 0.001008972626957425 1.078622155
396 0.001005580690603477 1.081352844
397 0.001002440789359152 1.084083533
398 0.0009994408171759693 1.086814222
399 0.000996506018059506 1.089544911
400 0.0009935986404539666 1.0922756
401 0.00099067298581479 1.095006289
402 0.0009876618294986687 1.097736978
403 0.0009845279288028402 1.100467667
404 0.0009812479065685633 1.103198356
405 0.0009777967660565899 1.105929045
406 0.0009741784401985031 1.108659734
407 0.0009703683740353217 1.111390423
408 0.0009663359630162015 1.114121112
409 0.00096204477548855 1.116851801
410 0.0009574537282965695 1.11958249
411 0.0009525167893840245 1.122313179
412 0.0009471812722548149 1.125043868
413 0.0009414244708541386 1.127774557
414 0.0009352392530239245 1.130505246
415 0.0009286482419706602 1.133235935
416 0.000921691386240642 1.135966624
417 0.0009143919564849647 1.138697313
418 0.0009068055964000169 1.141428002
419 0.0008990004540036841 1.144158691
420 0.0008910515145215244 1.14688938
421 0.0008830189187420292 1.149620069
422 0.0008749421111640675 1.152350758
423 0.0008668575609715562 1.155081447
424 0.0008587844866834291 1.157812136
425 0.000850728956735406 1.160542825
426 0.0008426953995461326 1.163273514
427 0.0008347001224956845 1.166004203
428 0.0008267619876031641 1.168734892
429 0.00081890129316163 1.171465581
430 0.0008111350245157088 1.17419627
431 0.0008034785499536311 1.176926959
432 0.0007959451748580458 1.179657648
433 0.0007885498842510364 1.182388337
434 0.0007813028386496773 1.185119026
435 0.0007742094725189971 1.187849715
436 0.000767254642027861 1.190580404
437 0.000760454273986335 1.193311093
438 0.0007538296311794714 1.196041782
439 0.0007474047067228281 1.198772471
440 0.000741198051491078 1.20150316
441 0.0007352179388771419 1.204233849
442 0.0007294650153492868 1.206964538
443 0.0007239365211636885 1.209695227
444 0.0007186164252296486 1.212425916
445 0.0007134736416458813 1.215156605
446 0.0007084114036067413 1.217887294
447 0.0007033876076757794 1.220617983
448 0.0006984090849157926 1.223348672
449 0.0006935089738877034 1.226079361
450 0.0006887268278412713 1.22881005
451 0.0006841063309356391 1.231540739
452 0.0006796971182406092 1.234271428
453 0.0006755456297213618 1.237002117
454 0.0006716735601936571 1.239732806
455 0.0006680915078483372 1.242463495
456 0.0006647982398943907 1.245194184
457 0.0006617908967947001 1.247924873
458 0.0006590638317786589 1.250655562
459 0.0006566044680780786 1.253386251
460 0.0006543813141728169 1.25611694
461 0.0006523477282575243 1.258847629
462 0.000650458467107546 1.261578318
463 0.0006486719982601677 1.264309007
464 0.0006469417399153053 1.267039696
465 0.0006452154582726533 1.269770385
466 0.0006434320301766049 1.272501074
467 0.000641553590103526 1.275231763
468 0.0006395579877819552 1.277962452
469 0.0006374304040208906 1.280693141
470 0.0006351561918606157 1.28342383
471 0.0006327160211205726 1.286154519
472 0.0006300979646426959 1.288885208
473 0.0006273079893885991 1.291615897
474 0.0006243693398206655 1.294346586
475 0.000621287333197734 1.297077275
476 0.0006180576107928365 1.299807964
477 0.0006146674021866796 1.302538653
478 0.0006111006222586976 1.305269342
479 0.0006073389576937497 1.308000031
480 0.00060336370245773 1.31073072
481 0.0005991639674151039 1.313461409
482 0.0005947348079606667 1.316192098
483 0.0005900820376084477 1.318922787
484 0.0005852156379483645 1.321653476
485 0.000580152068188234 1.324384165
486 0.000574915408956622 1.327114854
487 0.0005695356153779933 1.329845543
488 0.0005640462938532151 1.332576232
489 0.0005584807422649036 1.335306921
490 0.000552869099465781 1.33803761
491 0.0005472335156215176 1.340768299
492 0.0005415932141715001 1.343498988
493 0.0005359717084974538 1.346229677
494 0.0005304007154817846 1.348960366
495 0.0005249098027442577 1.351691055
496 0.0005195229549903954 1.354421744
497 0.0005142597651193307 1.357152433
498 0.0005091345797975755 1.359883122
499 0.0005041540824390874 1.362613811
500 0.000499320061838656 1.3653445
501 0.0004946303190869564 1.368075189
502 0.0004900786061714032 1.370805878
503 0.0004856569336593456 1.373536567
504 0.0004813583747862837 1.376267256
505 0.0004771769106648266 1.378997945
506 0.0004731072566612839 1.381728634
507 0.0004691455076519581 1.384459323
508 0.0004652890402781199 1.387190012
509 0.0004615371809299282 1.389920701
510 0.0004578894577020524 1.39265139
511 0.0004543468557126118 1.395382079
512 0.0004509058188812071 1.398112768
513 0.0004475634953498444 1.400843457
514 0.0004443226231799129 1.403574146
515 0.000441190182484183 1.406304835
516 0.0004381735673459176 1.409035524
517 0.0004352780453207814 1.411766213
518 0.0004325087123473401 1.414496902
519 0.0004298674864400335 1.417227591
520 0.0004273501948227231 1.41995828
521 0.0004249396871919254 1.422688969
522 0.0004225946776642076 1.425419658
523 0.0004202872806477918 1.428150347
524 0.0004180147173992005 1.430881036
525 0.0004157887677412083 1.433611725
526 0.0004136312737002939 1.436342414
527 0.0004115623176933782 1.439073103
528 0.000409587931457783 1.441803792
529 0.0004077193546632609 1.444534481
530 0.000405971143668521 1.44726517
531 0.0004043567108332343 1.449995859
532 0.0004028807688605468 1.452726548
533 0.0004015385833552204 1.455457237
534 0.0004003191640949624 1.458187926
535 0.0003992091623016274 1.460918615
536 0.0003981937063925204 1.463649304
537 0.0003972547765148847 1.466379993
538 0.0003963722138796135 1.469110682
539 0.0003955247172942747 1.471841371
540 0.0003946916028931853 1.47457206
541 0.000393853238562625 1.477302749
542 0.0003929917404130764 1.480033438
543 0.0003920914636502572 1.482764127
544 0.0003911392503316833 1.485494816
545 0.0003901230961672718 1.488225505
546 0.0003890348358205992 1.490956194
547 0.0003878699867178884 1.493686883
548 0.0003866281443621709 1.496417572
549 0.0003853098633670957 1.499148261
550 0.0003839172954908994 1.50187895
551 0.0003824535003010281 1.504609639
552 0.0003809222399000269 1.507340328
553 0.0003793288289627018 1.510071017
554 0.000377680282071337 1.512801706
555 0.0003759820875628614 1.515532395
556 0.0003742353645358268 1.518263084
557 0.0003724389811525278 1.520993773
558 0.0003705886853870624 1.523724462
559 0.0003686784895173176 1.526455151
560 0.0003667019092693427 1.52918584
561 0.0003646513474457582 1.531916529
562 0.0003625189401555472 1.534647218
563 0.0003602999588229116 1.537377907
564 0.0003579930501897383 1.540108596
565 0.000355600846348237 1.542839285
566 0.0003531288630961051 1.545569974
567 0.0003505857123240911 1.548300663
568 0.000347982547978003 1.551031352
569 0.0003453323874786817 1.553762041
570 0.0003426492051346565 1.55649273
571 0.0003399462439055173 1.559223419
572 0.0003372382782201048 1.561954108
573 0.0003345416026718118 1.564684797
574 0.0003318702544487376 1.567415486
575 0.0003292351471126865 1.570146175
576 0.0003266440967653502 1.572876864
577 0.0003241026612749628 1.575607553
578 0.0003216143300241527 1.578338242
579 0.0003191797910591919 1.581068931
580 0.0003167982781039836 1.58379962
581 0.0003144682644092374 1.586530309
582 0.0003121875950883976 1.589260998
583 0.0003099537137416162 1.591991687
584 0.0003077637028329737 1.594722376
585 0.0003056145410176367 1.597453065
586 0.0003035034566329594 1.600183754
587 0.0003014271464593776 1.602914443
588 0.0002993822701439023 1.605645132
589 0.0002973635219692274 1.608375821
590 0.0002953623358446155 1.61110651
591 0.0002933796286423744 1.613837199
592 0.0002914198059268168 1.616567888
593 0.0002894870466214009 1.619298577
594 0.0002875857734577106 1.622029266
595 0.0002857196049518475 1.624759955
596 0.0002838907712862481 1.627490644
597 0.0002821002329029019 1.630221333
598 0.0002803481390936565 1.632952022
599 0.0002786342934548711 1.635682711
600 0.0002769584663194838 1.6384134
601 0.0002753205486365402 1.641144089
602 0.0002737206056271005 1.643874778
603 0.0002721588792464067 1.646605467
604 0.0002706357762881673 1.649336156
605 0.0002691516459681012 1.652066845
606 0.0002677067721917568 1.654797534
607 0.0002663012943206793 1.657528223
608 0.0002649343507945327 1.660258912
609 0.0002636032127151049 1.662989601
610 0.0002623024423903819 1.66572029
611 0.0002610205076530375 1.668450979
612 0.0002597434846954101 1.671181668
613 0.0002584621339641737 1.673912357
614 0.0002571703268755244 1.676643046
615 0.0002558686751272684 1.679373735
616 0.0002545666137452407 1.682104424
617 0.0002532787941293186 1.684835113
618 0.0002520250027114006 1.687565802
619 0.0002508205364271684 1.690296491
620 0.0002496779290670151 1.69302718
621 0.0002486086346479846 1.695757869
622 0.000247619705725201 1.698488558
623 0.0002467144446955112 1.701219247
624 0.0002458930129312285 1.703949936
625 0.0002451521386047695 1.706680625
626 0.0002444861179327713 1.709411314
627 0.0002438876539486269 1.712142003
628 0.0002433485503981839 1.714872692
629 0.000242860196987371 1.717603381
630 0.0002424143293951956 1.72033407
631 0.0002420029436373434 1.723064759
632 0.0002416182159924848 1.725795448
633 0.0002412537138254678 1.728526137
634 0.0002409041502507624 1.731256826
635 0.0002405644403010884 1.733987515
636 0.0002402289310802688 1.736718204
637 0.0002398923684598813 1.739448893
638 0.0002395504145534655 1.742179582
639 0.0002391979551734101 1.744910271
640 0.000238829754231399 1.74764096
641 0.0002384412432947683 1.750371649
642 0.0002380286834393224 1.753102338
643 0.0002375891758571645 1.755833027
644 0.0002371207007487933 1.758563716
645 0.0002366219636685435 1.761294405
646 0.0002360923311612921 1.764025094
647 0.0002355316331079394 1.766755783
648 0.0002349400348714571 1.769486472
649 0.0002343180241114198 1.772217161
650 0.0002336663780195133 1.77494785
651 0.0002329860678470884 1.777678539
652 0.0002322783287226404 1.780409228
653 0.0002315445772482417 1.783139917
654 0.0002307863351075284 1.785870606
655 0.0002300056947227173 1.788601295
656 0.0002292043434724535 1.791331984
657 0.0002283844571974922 1.794062673
658 0.0002275470442984169 1.796793362
659 0.0002266930097790775 1.799524051
660 0.0002258213865625739 1.80225474
661 0.0002249307169162375 1.804985429
662 0.0002240178801676268 1.807716118
663 0.0002230799098725078 1.810446807
664 0.0002221134105476459 1.813177496
665 0.0002211151902582933 1.815908185
666 0.0002200824790120881 1.818638874
667 0.0002190130118410746 1.821369563
668 0.0002179052403440816 1.824100252
669 0.0002167584489023232 1.826830941
670 0.000215572964138876 1.82956163
671 0.0002143504070750817 1.832292319
672 0.0002130937513124115 1.835023008
673 0.0002118072586907207 1.837753697
674 0.0002104962305750205 1.840484386
675 0.0002091668126905178 1.843215075
676 0.0002078258855033509 1.845945764
677 0.0002064800981032631 1.848676453
678 0.000205135595590408 1.851407142
679 0.000203798157860448 1.854137831
680 0.0002024729434677524 1.85686852
681 0.0002011642445791711 1.859599209
682 0.000199875527953479 1.862329898
683 0.0001986094445286983 1.865060587
684 0.0001973676787609842 1.867791276
685 0.0001961509317100429 1.870521965
686 0.0001949595921366008 1.873252654
687 0.0001937919379984335 1.875983343
688 0.0001926450309663293 1.878714032
689 0.0001915183832500258 1.881444721
690 0.0001904117943479297 1.88417541
691 0.0001893250339366724 1.886906099
692 0.0001882575689114012 1.889636788
693 0.0001872080253448351 1.892367477
694 0.0001861749886642745 1.895098166
695 0.0001851584731269709 1.897828855
696 0.0001841583096501863 1.900559544
697 0.0001831739355294122 1.903290233
698 0.00018220451000072 1.906020922
699 0.0001812490741255989 1.908751611
700 0.0001803066632636732 1.9114823
701 0.0001793763752684167 1.914212989
702 0.0001784574061708601 1.916943678
703 0.000177549057110619 1.919674367
704 0.0001766507378549119 1.922405056
705 0.0001757619560075898 1.925135745
706 0.0001748823084909046 1.927866434
707 0.0001740114764432806 1.930597123
708 0.0001731492049611869 1.933327812
709 0.0001722952962191919 1.936058501
710 0.0001714496352029478 1.93878919
711 0.0001706121192492807 1.941519879
712 0.0001697826308245412 1.944250568
713 0.0001689612025031064 1.946981257
714 0.0001681476637342716 1.949711946
715 0.0001673417518774637 1.952442635
716 0.0001665438952546454 1.955173324
717 0.0001657546715763558 1.957904013
718 0.0001649745028931246 1.960634702
719 0.0001642037951910212 1.963365391
720 0.0001634429954800714 1.96609608
721 0.0001626921396620134 1.968826769
722 0.0001619511639013204 1.971557458
723 0.0001612202363412688 1.974288147
724 0.0001604991936379598 1.977018836
725 0.000159787586058642 1.979749525
726 0.0001590849780713613 1.982480214
727 0.0001583909426809903 1.985210903
728 0.0001577050411805154 1.987941592
729 0.0001570267396105268 1.990672281
730 0.0001563554149564691 1.99340297
731 0.0001556902387888634 1.996133659
732 0.0001550297320411078 1.998864348
733 0.0001543715043721674 2.001595037
734 0.0001537123308076065 2.004325726
735 0.000153047941539314 2.007056415
736 0.0001523707375968469 2.009787104
737 0.0001516799465726199 2.012517793
738 0.0001509700647918587 2.015248482
739 0.0001502416796433979 2.017979171
740 0.0001494992699898134 2.02070986
741 0.0001487498835509121 2.023440549
742 0.0001480007633610094 2.026171238
743 0.0001472585380010666 2.028901927
744 0.0001465299274565712 2.031632616
745 0.0001458214612117017 2.034363305
746 0.0001451391623197387 2.037093994
747 0.0001444883657008009 2.039824683
748 0.0001438733347801407 2.042555372
749 0.0001432968043555425 2.045286061
750 0.0001427602187255343 2.04801675
751 0.0001422641040334573 2.050747439
752 0.0001418083738918029 2.053478128
753 0.0001413924337855923 2.056208817
754 0.000141015156127702 2.058939506
755 0.0001406749082395621 2.061670195
756 0.0001403696330641607 2.064400884
757 0.0001400969372443783 2.067131573
758 0.0001398543233140223 2.069862262
759 0.0001396394645203246 2.072592951
760 0.0001394501106803911 2.07532364
761 0.0001392839045281321 2.078054329
762 0.0001391385793492744 2.080785018
763 0.0001390119205219966 2.083515707
764 0.0001389017992591798 2.086246396
765 0.0001388061985473082 2.088977085
766 0.0001387231115034259 2.091707774
767 0.0001386505383751335 2.094438463
768 0.0001385864814698469 2.097169152
769 0.0001385289165684698 2.099899841
770 0.0001384757427646292 2.10263053
771 0.0001384247455162465 2.105361219
772 0.0001383735873785564 2.108091908
773 0.0001383198271084667 2.110822597
774 0.0001382609593509831 2.113553286
775 0.0001381944819144554 2.116283975
776 0.0001381179648678234 2.119014664
777 0.0001380291266129174 2.121745353
778 0.0001379259084593606 2.124476042
779 0.0001378065260267067 2.127206731
780 0.0001376695142563152 2.12993742
781 0.0001375137506899059 2.132668109
782 0.0001373384338165153 2.135398798
783 0.0001371430824918965 2.138129487
784 0.0001369275340394787 2.140860176
785 0.000136691862421081 2.143590865
786 0.000136436239320559 2.146321554
787 0.0001361611172321147 2.149052243
788 0.0001358669094147003 2.151782932
789 0.0001355541636490918 2.154513621
790 0.0001352234378949025 2.15724431
791 0.0001348753166445967 2.159974999
792 0.0001345119301434193 2.162705688
793 0.0001341353220224411 2.165436377
794 0.0001337465475491966 2.168167066
795 0.0001333455261323084 2.170897755
796 0.0001329307396203754 2.173628444
797 0.0001324997549250046 2.176359133
798 0.0001320500648477338 2.179089822
799 0.0001315791362048974 2.181820511
800 0.0001310844057929638 2.1845512
801 0.0001305635325805956 2.187281889
802 0.0001300150283356897 2.190012578
803 0.0001294387768647001 2.192743267
804 0.0001288356128681722 2.195473956
805 0.0001282072037753921 2.198204645
806 0.000127555904174456 2.200935334
807 0.0001268848418488386 2.203666023
808 0.0001261979598213419 2.206396712
809 0.0001254997473182564 2.209127401
810 0.0001247948544470496 2.21185809
811 0.0001240877858047108 2.214588779
812 0.0001233827151507699 2.217319468
813 0.000122683380139516 2.220050157
814 0.0001219930149355709 2.222780846
815 0.0001213143164002591 2.225511535
816 0.0001206494360655969 2.228242224
817 0.0001199999956033615 2.230972913
818 0.0001193671173735944 2.233703602
819 0.0001187514723579746 2.236434291
820 0.0001181533364722744 2.23916498
821 0.0001175726464028954 2.241895669
822 0.000117009058217175 2.244626358
823 0.0001164620093457076 2.247357047
824 0.0001159307729448091 2.250087736
825 0.0001154144857030526 2.252818425
826 0.0001149122070610684 2.255549114
827 0.0001144229692504975 2.258279803
828 0.0001139457426970706 2.261010492
829 0.0001134794846354052 2.263741181
830 0.0001130232337337071 2.26647187
831 0.0001125761155886189 2.269202559
832 0.0001121373387413392 2.271933248
833 0.0001117061892967146 2.274663937
834 0.0001112820171120747 2.277394626
835 0.0001108642313541956 2.280125315
836 0.0001104523041396685 2.282856004
837 0.0001100457527056091 2.285586693
838 0.0001096441170443701 2.288317382
839 0.0001092469293995091 2.291048071
840 0.0001088538533340924 2.29377876
841 0.0001084645447570007 2.296509449
842 0.0001080785768764407 2.299240138
843 0.0001076956160889844 2.301970827
844 0.0001073153421579642 2.304701516
845 0.0001069372719980815 2.307432205
846 0.0001065609117146509 2.310162894
847 0.0001061858004909221 2.312893583
848 0.0001058114928453818 2.315624272
849 0.0001054375905576175 2.318354961
850 0.0001050637297789062 2.32108565
851 0.0001046895037045164 2.323816339
852 0.0001043145775164558 2.326547028
853 0.0001039387341492323 2.329277717
854 0.0001035617875378184 2.332008406
855 0.0001031835722817054 2.334739095
856 0.0001028039515491648 2.337469784
857 0.0001024228235412047 2.340200473
858 0.000102040126690847 2.342931162
859 0.0001016558432858799 2.345661851
860 0.0001012700004459196 2.34839254
861 0.000100882669612856 2.351123229
862 0.0001004939646865451 2.353853918
863 0.0001001040376447296 2.356584607
864 9.971307248484939e-05 2.359315296
865 9.932127713614614e-05 2.362045985
866 9.892887784204653e-05 2.364776674
867 9.85361107913478e-05 2.367507363
868 9.814321541449099e-05 2.370238052
869 9.775042814736862e-05 2.372968741
870 9.735797551783326e-05 2.37569943
871 9.696607303855435e-05 2.378430119
872 9.657491931352853e-05 2.381160808
873 9.618469368930161e-05 2.383891497
874 9.579556447270514e-05 2.386622186
875 9.540768660967564e-05 2.389352875
876 9.502117439227999e-05 2.392083564
877 9.463619657398321e-05 2.394814253
878 9.42528834698978e-05 2.397544942
879 9.387123818922749e-05 2.400275631
880 9.349121274253189e-05 2.40300632
881 9.311275794666794e-05 2.405737009
882 9.273582276298936e-05 2.408467698
883 9.23603462327202e-05 2.411198387
884 9.198626005218054e-05 2.413929076
885 9.161349058577981e-05 2.416659765
886 9.124195136413911e-05 2.419390454
887 9.087155051173237e-05 2.422121143
888 9.050219424851291e-05 2.424851832
889 9.01337743465629e-05 2.427582521
890 8.976618158700328e-05 2.43031321
891 8.939927747946092e-05 2.433043899
892 8.903288739088649e-05 2.435774588
893 8.866681448416964e-05 2.438505277
894 8.830079679270639e-05 2.441235966
895 8.793451556127995e-05 2.443966655
896 8.756755441334502e-05 2.446697344
897 8.719933967487392e-05 2.449428033
898 8.682905309365297e-05 2.452158722
899 8.645547872943562e-05 2.454889411
900 8.607686135563492e-05 2.4576201
901 8.569085235555711e-05 2.460350789
902 8.529465332197603e-05 2.463081478
903 8.488551295103204e-05 2.465812167
904 8.446155717186641e-05 2.468542856
905 8.402252233897196e-05 2.471273545
906 8.35699240578352e-05 2.474004234
907 8.310667465324421e-05 2.476734923
908 8.263628297246568e-05 2.479465612
909 8.216228075206914e-05 2.482196301
910 8.168794950600237e-05 2.48492699
911 8.121624316451123e-05 2.487657679
912 8.074976517991533e-05 2.490388368
913 8.029076549719191e-05 2.493119057
914 7.984115329926972e-05 2.495849746
915 7.940252861930967e-05 2.498580435
916 7.897618527223033e-05 2.501311124
917 7.85631066446794e-05 2.504041813
918 7.816398140368819e-05 2.506772502
919 7.777931086524543e-05 2.509503191
920 7.740959525310587e-05 2.51223388
921 7.70554578472671e-05 2.514964569
922 7.671764405519351e-05 2.517695258
923 7.639692906827926e-05 2.520425947
924 7.609386946733108e-05 2.523156636
925 7.580864889156289e-05 2.525887325
926 7.554099667124534e-05 2.528618014
927 7.529032116736208e-05 2.531348703
928 7.505597202090214e-05 2.534079392
929 7.483745805582445e-05 2.536810081
930 7.463451333709995e-05 2.53954077
931 7.444702364429712e-05 2.542271459
932 7.427490832881733e-05 2.545002148
933 7.411803169699973e-05 2.547732837
934 7.397616518701721e-05 2.550463526
935 7.384899930373267e-05 2.553194215
936 7.373615227627462e-05 2.555924904
937 7.36372218684741e-05 2.558655593
938 7.355180729580429e-05 2.561386282
939 7.347953685345644e-05 2.564116971
940 7.342008067367238e-05 2.56684766
941 7.337314824868399e-05 2.569578349
942 7.333847561649295e-05 2.572309038
943 7.331581937530575e-05 2.575039727
944 7.330493015321438e-05 2.577770416
945 7.33055310316103e-05 2.580501105
946 7.331729859326778e-05 2.583231794
947 7.333984309937833e-05 2.585962483
948 7.337268410481154e-05 2.588693172
949 7.341521949672695e-05 2.591423861
950 7.346672570170931e-05 2.59415455
951 7.352632543289636e-05 2.596885239
952 7.359298898687366e-05 2.599615928
953 7.36655391582034e-05 2.602346617
954 7.374261665421486e-05 2.605077306
955 7.382275865989024e-05 2.607807995
956 7.390445905118293e-05 2.610538684
957 7.398617549645525e-05 2.613269373
958 7.406607150884502e-05 2.616000062
959 7.414267962436705e-05 2.618730751
960 7.421478696106048e-05 2.62146144
961 7.428124256810767e-05 2.624192129
962 7.434098388632186e-05 2.626922818
963 7.439304119656564e-05 2.629653507
964 7.443655915496909e-05 2.632384196
965 7.447080707819481e-05 2.635114885
966 7.449519086439517e-05 2.637845574
967 7.450925218481031e-05 2.640576263
968 7.45126488180541e-05 2.643306952
969 7.450516217548656e-05 2.646037641
970 7.448665819344964e-05 2.64876833
971 7.44571292728312e-05 2.651499019
972 7.441650459596962e-05 2.654229708
973 7.436482840698528e-05 2.656960397
974 7.430225482633211e-05 2.659691086
975 7.422911847024224e-05 2.662421775
976 7.414605902055875e-05 2.665152464
977 7.405396985210178e-05 2.667883153
978 7.395337437111584e-05 2.670613842
979 7.384437032487482e-05 2.673344531
980 7.372641233871115e-05 2.67607522
981 7.359825557836001e-05 2.678805909
982 7.345849123640014e-05 2.681536598
983 7.330575208231335e-05 2.684267287
984 7.31387832293921e-05 2.686997976
985 7.295646377326245e-05 2.689728665
986 7.275782837451436e-05 2.692459354
987 7.254217157560875e-05 2.695190043
988 7.23091666740804e-05 2.697920732
989 7.205889042199923e-05 2.700651421
990 7.179181300334788e-05 2.70338211
991 7.150884934568944e-05 2.706112799
992 7.121133582931273e-05 2.708843488
993 7.090095761094611e-05 2.711574177
994 7.057965716580202e-05 2.714304866
995 7.02495663069691e-05 2.717035555
996 6.991288583020818e-05 2.719766244
997 6.957177710200327e-05 2.722496933
998 6.922831045334704e-05 2.725227622
999 6.888441603853045e-05 2.727958311
1000 6.854174190807108e-05 2.730689
1001 6.820166390068285e-05 2.733419689
1002 6.786530852404781e-05 2.736150378
1003 6.75335632750002e-05 2.738881067
1004 6.720708804520946e-05 2.741611756
1005 6.688633229112223e-05 2.744342445
1006 6.65715622248647e-05 2.747073134
1007 6.626288433710135e-05 2.749803823
1008 6.596027829918175e-05 2.752534512
1009 6.566361927665716e-05 2.755265201
1010 6.537270406452006e-05 2.75799589
1011 6.508728657465402e-05 2.760726579
1012 6.480709095690682e-05 2.763457268
1013 6.453181343370808e-05 2.766187957
1014 6.426115161210704e-05 2.768918646
1015 6.399487241275045e-05 2.771649335
1016 6.373273911691453e-05 2.774380024
1017 6.347447970187989e-05 2.777110713
1018 6.321987206225487e-05 2.779841402
1019 6.29687499662163e-05 2.782572091
1020 6.272099632851837e-05 2.78530278
1021 6.247653702062039e-05 2.788033469
1022 6.223533496602238e-05 2.790764158
1023 6.199738202618832e-05 2.793494847
1024 6.176269492927649e-05 2.796225536
1025 6.153130681980752e-05 2.798956225
1026 6.130326134663015e-05 2.801686914
1027 6.107860626969837e-05 2.804417603
1028 6.085738925847962e-05 2.807148292
1029 6.063965707357958e-05 2.809878981
1030 6.042544616047025e-05 2.81260967
1031 6.02147770793602e-05 2.815340359
1032 6.000766144799203e-05 2.818071048
1033 5.980410367717726e-05 2.820801737
1034 5.960409567010499e-05 2.823532426
1035 5.940760191555914e-05 2.826263115
1036 5.921459083393371e-05 2.828993804
1037 5.902503955390443e-05 2.831724493
1038 5.883891587738401e-05 2.834455182
1039 5.865617721783993e-05 2.837185871
1040 5.847677224510885e-05 2.83991656
1041 5.830064228092524e-05 2.842647249
1042 5.812772248049115e-05 2.845377938
1043 5.795794179848122e-05 2.848108627
1044 5.779122383248798e-05 2.850839316
1045 5.762748909069582e-05 2.853570005
1046 5.746665494254302e-05 2.856300694
1047 5.730863492724794e-05 2.859031383
1048 5.715333890184199e-05 2.861762072
1049 5.700067315365107e-05 2.864492761
1050 5.685054130429331e-05 2.86722345
1051 5.670284364945315e-05 2.869954139
1052 5.655747823138087e-05 2.872684828
1053 5.64143413315479e-05 2.875415517
1054 5.627332871924002e-05 2.878146206
1055 5.61343345971463e-05 2.880876895
1056 5.599725052947263e-05 2.883607584
1057 5.58619700725475e-05 2.886338273
1058 5.572839256915074e-05 2.889068962
1059 5.559641651090921e-05 2.891799651
1060 5.546593683054919e-05 2.89453034
1061 5.533685582444051e-05 2.897261029
1062 5.520911285753571e-05 2.899991718
1063 5.508261268624326e-05 2.902722407
1064 5.495724245084833e-05 2.905453096
1065 5.483287975079599e-05 2.908183785
1066 5.470941015388244e-05 2.910914474
1067 5.458672620317112e-05 2.913645163
1068 5.446472535460986e-05 2.916375852
1069 5.434330934576841e-05 2.919106541
1070 5.422238360821726e-05 2.92183723
1071 5.410185614088369e-05 2.924567919
1072 5.3981636887622e-05 2.927298608
1073 5.386163949209888e-05 2.930029297
1074 5.374178015877646e-05 2.932759986
1075 5.362197771657546e-05 2.935490675
1076 5.350215451818377e-05 2.938221364
1077 5.338223678937614e-05 2.940952053
1078 5.326215446930838e-05 2.943682742
1079 5.314184204215053e-05 2.946413431
1080 5.302123976696458e-05 2.94914412
1081 5.290029485284845e-05 2.951874809
1082 5.27789591218515e-05 2.954605498
1083 5.265718906930843e-05 2.957336187
1084 5.253494236882747e-05 2.960066876
1085 5.241218016215128e-05 2.962797565
1086 5.228886804478909e-05 2.965528254
1087 5.216497537795492e-05 2.968258943
1088 5.204047407121165e-05 2.970989632
1089 5.191533817717982e-05 2.973720321
1090 5.178954230726025e-05 2.97645101
1091 5.166305991977375e-05 2.979181699
1092 5.153586389808521e-05 2.981912388
1093 5.14079252511275e-05 2.984643077
1094 5.127921349844583e-05 2.987373766
1095 5.11496968122028e-05 2.990104455
1096 5.101934188807478e-05 2.992835144
1097 5.088811363436385e-05 2.995565833
1098 5.075597536884545e-05 2.998296522
1099 5.062288997514327e-05 3.001027211
1100 5.048882038607252e-05 3.0037579
1101 5.035372997802527e-05 3.006488589
1102 5.021758418437235e-05 3.009219278
1103 5.008034921617037e-05 3.011949967
1104 4.994199398033189e-05 3.014680656
1105 4.980249034172243e-05 3.017411345
1106 4.966181494153972e-05 3.020142034
1107 4.951994837175614e-05 3.022872723
1108 4.937687548279006e-05 3.025603412
1109 4.923258554545951e-05 3.028334101
1110 4.908707176461021e-05 3.03106479
1111 4.894033146078888e-05 3.033795479
1112 4.879236792102002e-05 3.036526168
1113 4.864319189107742e-05 3.039256857
1114 4.849281894706954e-05 3.041987546
1115 4.834127118614257e-05 3.044718235
1116 4.818857596477038e-05 3.047448924
1117 4.803476627445742e-05 3.050179613
1118 4.787988082595433e-05 3.052910302
1119 4.772396519864385e-05 3.055640991
1120 4.756706893187034e-05 3.05837168
1121 4.740924299517427e-05 3.061102369
1122 4.725054240651666e-05 3.063833058
1123 4.709102923749414e-05 3.066563747
1124 4.693076370502892e-05 3.069294436
1125 4.676980707878751e-05 3.072025125
1126 4.660822576271218e-05 3.074755814
1127 4.644607999823525e-05 3.077486503
1128 4.628343757175389e-05 3.080217192
1129 4.612035567017936e-05 3.082947881
1130 4.59568854694179e-05 3.08567857
1131 4.579308726868679e-05 3.088409259
1132 4.56290149227679e-05 3.091139948
1133 4.546469816254331e-05 3.093870637
1134 4.530015767657072e-05 3.096601326
1135 4.513540586044592e-05 3.099332015
1136 4.497044217160705e-05 3.102062704
1137 4.480525236406391e-05 3.104793393
1138 4.463980684409192e-05 3.107524082
1139 4.447405968532989e-05 3.110254771
1140 4.430794518778626e-05 3.11298546
1141 4.414138392192095e-05 3.115716149
1142 4.397424530011154e-05 3.118446838
1143 4.380627961307715e-05 3.121177527
1144 4.363711710694135e-05 3.123908216
1145 4.346623714460838e-05 3.126638905
1146 4.329297068802318e-05 3.129369594
1147 4.311655259678888e-05 3.132100283
1148 4.293622840801368e-05 3.134830972
1149 4.275138729432806e-05 3.137561661
1150 4.256167903892078e-05 3.14029235
1151 4.23670718625599e-05 3.143023039
1152 4.21678584571999e-05 3.145753728
1153 4.196460402499856e-05 3.148484417
1154 4.175803859459286e-05 3.151215106
1155 4.15489532697512e-05 3.153945795
1156 4.133813732846139e-05 3.156676484
1157 4.112634429548187e-05 3.159407173
1158 4.091427808297897e-05 3.162137862
1159 4.070258384234591e-05 3.164868551
1160 4.049183344860512e-05 3.16759924
1161 4.028249650670298e-05 3.170329929
1162 4.007496005893439e-05 3.173060618
1163 3.986958037562524e-05 3.175791307
1164 3.966666440117789e-05 3.178521996
1165 3.946646167067139e-05 3.181252685
1166 3.926915443877742e-05 3.183983374
1167 3.907489713622268e-05 3.186714063
1168 3.888383798206452e-05 3.189444752
1169 3.869609718163349e-05 3.192175441
1170 3.851176394057392e-05 3.19490613
1171 3.833090286606219e-05 3.197636819
1172 3.815355874909105e-05 3.200367508
1173 3.797975813246528e-05 3.203098197
1174 3.780950674919199e-05 3.205828886
1175 3.764277781699396e-05 3.208559575
1176 3.747950866057232e-05 3.211290264
1177 3.731962138914877e-05 3.214020953
1178 3.716305710320479e-05 3.216751642
1179 3.700980401423218e-05 3.219482331
1180 3.685990804270779e-05 3.22221302
1181 3.671347174288603e-05 3.224943709
1182 3.657063327276441e-05 3.227674398
1183 3.643154423644177e-05 3.230405087
1184 3.629634237716474e-05 3.233135776
1185 3.616512515290805e-05 3.235866465
1186 3.603792178150106e-05 3.238597154
1187 3.591467941770552e-05 3.241327843
1188 3.579528619009851e-05 3.244058532
1189 3.567960229216666e-05 3.246789221
1190 3.556749420874514e-05 3.24951991
1191 3.545884075871563e-05 3.252250599
1192 3.535354543813479e-05 3.254981288
1193 3.525153189137687e-05 3.257711977
1194 3.515273869393919e-05 3.260442666
1195 3.505711254152116e-05 3.263173355
1196 3.496460396781847e-05 3.265904044
1197 3.487516438961768e-05 3.268634733
1198 3.478874764017254e-05 3.271365422
1199 3.470531297790968e-05 3.274096111
1200 3.462482935163479e-05 3.2768268
1201 3.454727710401732e-05 3.279557489
1202 3.447265116556388e-05 3.282288178
1203 3.440096272917842e-05 3.285018867
1204 3.43322432637748e-05 3.287749556
1205 3.426654527817063e-05 3.290480245
1206 3.420393814126177e-05 3.293210934
1207 3.414450819775313e-05 3.295941623
1208 3.408836173129129e-05 3.298672312
1209 3.403562710553258e-05 3.301403001
1210 3.398644159353563e-05 3.30413369
1211 3.39409460778237e-05 3.306864379
1212 3.389928647558502e-05 3.309595068
1213 3.386160062446771e-05 3.312325757
1214 3.382800843927572e-05 3.315056446
1215 3.379862738884063e-05 3.317787135
1216 3.377356625449367e-05 3.320517824
1217 3.375291703915266e-05 3.323248513
1218 3.373674099495817e-05 3.325979202
1219 3.372507493467956e-05 3.328709891
1220 3.37179294314371e-05 3.33144058
1221 3.37152836176765e-05 3.334171269
1222 3.371707947334947e-05 3.336901958
1223 3.372321686725901e-05 3.339632647
1224 3.37335498387062e-05 3.342363336
1225 3.374788333489646e-05 3.345094025
1226 3.376597158917461e-05 3.347824714
1227 3.378751760407102e-05 3.350555403
1228 3.381217466573565e-05 3.353286092
1229 3.383954953480325e-05 3.356016781
1230 3.386920919730668e-05 3.35874747
1231 3.390068786445897e-05 3.361478159
1232 3.393349758098609e-05 3.364208848
1233 3.396713774613559e-05 3.366939537
1234 3.400110791132591e-05 3.369670226
1235 3.40349182669914e-05 3.372400915
1236 3.406810384486829e-05 3.375131604
1237 3.410023223983866e-05 3.377862293
1238 3.413091366518689e-05 3.380592982
1239 3.415980461101111e-05 3.383323671
1240 3.418661570589235e-05 3.38605436
1241 3.421110978772192e-05 3.388785049
1242 3.423309863127408e-05 3.391515738
1243 3.425244198945225e-05 3.394246427
1244 3.426904382141451e-05 3.396977116
1245 3.428285294622425e-05 3.399707805
1246 3.429388368058024e-05 3.402438494
1247 3.430216087390384e-05 3.405169183
1248 3.430769287330034e-05 3.407899872
1249 3.431048995334256e-05 3.410630561
1250 3.431057913160932e-05 3.41336125
1251 3.430809407844945e-05 3.416091939
1252 3.430328274032139e-05 3.418822628
1253 3.429644162246403e-05 3.421553317
1254 3.428788229482288e-05 3.424284006
1255 3.427788747489718e-05 3.427014695
1256 3.426676313739773e-05 3.429745384
1257 3.425468634414534e-05 3.432476073
1258 3.424162570537278e-05 3.435206762
1259 3.422737015526117e-05 3.437937451
1260 3.42116723691223e-05 3.44066814
1261 3.419428680974898e-05 3.443398829
1262 3.417498555965417e-05 3.446129518
1263 3.415355087386407e-05 3.448860207
1264 3.412978668098939e-05 3.451590896
1265 3.410352637776896e-05 3.454321585
1266 3.407463827593099e-05 3.457052274
1267 3.404302519114309e-05 3.459782963
1268 3.400863336237962e-05 3.462513652
1269 3.397146154819585e-05 3.465244341
1270 3.393156253777194e-05 3.46797503
1271 3.388904160132805e-05 3.470705719
1272 3.384405242961791e-05 3.473436408
1273 3.3796790550139e-05 3.476167097
1274 3.37474847464363e-05 3.478897786
1275 3.369638704749554e-05 3.481628475
1276 3.364376207261775e-05 3.484359164
1277 3.35898763077707e-05 3.487089853
1278 3.353498814529867e-05 3.489820542
1279 3.347933909505512e-05 3.492551231
1280 3.342314644687073e-05 3.49528192
1281 3.336659755249444e-05 3.498012609
1282 3.330984606301188e-05 3.500743298
1283 3.325300975043346e-05 3.503473987
1284 3.319616985170734e-05 3.506204676
1285 3.313937159426324e-05 3.508935365
1286 3.30826261987766e-05 3.511666054
1287 3.302591301246501e-05 3.514396743
1288 3.296918376731408e-05 3.517127432
1289 3.291236609428392e-05 3.519858121
1290 3.285536769204346e-05 3.52258881
1291 3.279808003137056e-05 3.525319499
1292 3.274038325774791e-05 3.528050188
1293 3.268214936766969e-05 3.530780877
1294 3.262324674365106e-05 3.533511566
1295 3.256354327811695e-05 3.536242255
1296 3.250290888493312e-05 3.538972944
1297 3.244121832087668e-05 3.541703633
1298 3.237835423804401e-05 3.544434322
1299 3.231421160469169e-05 3.547165011
1300 3.224869625638131e-05 3.5498957
1301 3.218172102524535e-05 3.552626389
1302 3.211321818480389e-05 3.555357078
1303 3.204313407820839e-05 3.558087767
1304 3.197143638403128e-05 3.560818456
1305 3.189811765710238e-05 3.563549145
1306 3.182315939953403e-05 3.566279834
1307 3.174655412064796e-05 3.569010523
1308 3.166830947454803e-05 3.571741212
1309 3.158844868658052e-05 3.574471901
1310 3.150700889409643e-05 3.57720259
1311 3.142404003344234e-05 3.579933279
1312 3.13396044544795e-05 3.582663968
1313 3.12537743468621e-05 3.585394657
1314 3.116663024115009e-05 3.588125346
1315 3.107825930977246e-05 3.590856035
1316 3.098875368020103e-05 3.593586724
1317 3.089820904520052e-05 3.596317413
1318 3.080672291103997e-05 3.599048102
1319 3.07143934358565e-05 3.601778791
1320 3.062131832852415e-05 3.60450948
1321 3.052759435335913e-05 3.607240169
1322 3.043331643693575e-05 3.609970858
1323 3.033857683341499e-05 3.612701547
1324 3.024346440154917e-05 3.615432236
1325 3.014806412930274e-05 3.618162925
1326 3.005245855479382e-05 3.620893614
1327 2.995672682029811e-05 3.623624303
1328 2.986094349662804e-05 3.626354992
1329 2.976517818212956e-05 3.629085681
1330 2.966949529744692e-05 3.63181637
1331 2.957395514871094e-05 3.634547059
1332 2.947863030906113e-05 3.637277748
1333 2.938357606097219e-05 3.640008437
1334 2.92888398604385e-05 3.642739126
1335 2.919446181344247e-05 3.645469815
1336 2.910047807526573e-05 3.648200504
1337 2.900692258569646e-05 3.650931193
1338 2.891382757513957e-05 3.653661882
1339 2.882122303679438e-05 3.656392571
1340 2.872913720755919e-05 3.65912326
1341 2.863759627840427e-05 3.661853949
1342 2.854662441376987e-05 3.664584638
1343 2.845624360218802e-05 3.667315327
1344 2.836647379561472e-05 3.670046016
1345 2.827733315827399e-05 3.672776705
1346 2.818883814680182e-05 3.675507394
1347 2.810100341537613e-05 3.678238083
1348 2.801384204571805e-05 3.680968772
1349 2.792736583422882e-05 3.683699461
1350 2.784158544370397e-05 3.68643015
1351 2.775651120052507e-05 3.689160839
1352 2.767215301089234e-05 3.691891528
1353 2.758852072576015e-05 3.694622217
1354 2.750562428670093e-05 3.697352906
1355 2.742347389359005e-05 3.700083595
1356 2.734208011928529e-05 3.702814284
1357 2.726145450415049e-05 3.705544973
1358 2.718160936078055e-05 3.708275662
1359 2.710255746081035e-05 3.711006351
1360 2.702431215299193e-05 3.71373704
1361 2.694688725042207e-05 3.716467729
1362 2.687029672059043e-05 3.719198418
1363 2.679455436725781e-05 3.721929107
1364 2.671967378217837e-05 3.724659796
1365 2.664566790627983e-05 3.727390485
1366 2.657254891412205e-05 3.730121174
1367 2.650032810793358e-05 3.732851863
1368 2.642901556978731e-05 3.735582552
1369 2.635862017679643e-05 3.738313241
1370 2.628914941240369e-05 3.74104393
1371 2.622060928238186e-05 3.743774619
1372 2.615300446573443e-05 3.746505308
1373 2.60863381444807e-05 3.749235997
1374 2.602061177552335e-05 3.751966686
1375 2.595582565661682e-05 3.754697375
1376 2.589197886239253e-05 3.757428064
1377 2.582906951225086e-05 3.760158753
1378 2.576709478920027e-05 3.762889442
1379 2.570605069259463e-05 3.765620131
1380 2.564593234112317e-05 3.76835082
1381 2.558673556036644e-05 3.771081509
1382 2.552845673517841e-05 3.773812198
1383 2.547109130510475e-05 3.776542887
1384 2.541463339744555e-05 3.779273576
1385 2.53590757044772e-05 3.782004265
1386 2.530441065862239e-05 3.784734954
1387 2.525062974734347e-05 3.787465643
1388 2.519772252112394e-05 3.790196332
1389 2.514567618468487e-05 3.792927021
1390 2.509447631121616e-05 3.79565771
1391 2.504410782560734e-05 3.798388399
1392 2.499455584336948e-05 3.801119088
1393 2.494580581646715e-05 3.803849777
1394 2.489784339737197e-05 3.806580466
1395 2.485065361538884e-05 3.809311155
1396 2.480422479866182e-05 3.812041844
1397 2.475854964981989e-05 3.814772533
1398 2.471362474230583e-05 3.817503222
1399 2.466944769796913e-05 3.820233911
1400 2.462601540216441e-05 3.8229646
1401 2.458332528678499e-05 3.825695289
1402 2.454137334264787e-05 3.828425978
1403 2.450015461988981e-05 3.831156667
1404 2.445966375987507e-05 3.833887356
1405 2.441989451736868e-05 3.836618045
1406 2.438084050855518e-05 3.839348734
1407 2.434249504905606e-05 3.842079423
1408 2.430485106012343e-05 3.844810112
1409 2.426790129650017e-05 3.847540801
1410 2.423163857774953e-05 3.85027149
1411 2.419605536366998e-05 3.853002179
1412 2.416114391645342e-05 3.855732868
1413 2.412689615450293e-05 3.858463557
1414 2.409330359904071e-05 3.861194246
1415 2.406035751838067e-05 3.863924935
1416 2.402804869515205e-05 3.866655624
1417 2.399636744958526e-05 3.869386313
1418 2.396530369610481e-05 3.872117002
1419 2.393484702727099e-05 3.874847691
1420 2.39049866264177e-05 3.87757838
1421 2.387571091043833e-05 3.880309069
1422 2.384700809958695e-05 3.883039758
1423 2.381886554678646e-05 3.885770447
1424 2.379127024799181e-05 3.888501136
1425 2.376420905931857e-05 3.891231825
1426 2.373766834086619e-05 3.893962514
1427 2.371163415831174e-05 3.896693203
1428 2.368609249004648e-05 3.899423892
1429 2.36610286563554e-05 3.902154581
1430 2.363642759543913e-05 3.90488527
1431 2.361227409900058e-05 3.907615959
1432 2.358855241819644e-05 3.910346648
1433 2.356524657582987e-05 3.913077337
1434 2.354234048714286e-05 3.915808026
1435 2.351981803476883e-05 3.918538715
1436 2.349766267109768e-05 3.921269404
1437 2.347585778892007e-05 3.924000093
1438 2.345438599664134e-05 3.926730782
1439 2.343322961541075e-05 3.929461471
1440 2.34123706259019e-05 3.93219216
1441 2.339179059076257e-05 3.934922849
1442 2.337147058234768e-05 3.937653538
1443 2.335139097156607e-05 3.940384227
1444 2.333153157192935e-05 3.943114916
1445 2.331187142247176e-05 3.945845605
1446 2.329238869172872e-05 3.948576294
1447 2.327306064017394e-05 3.951306983
1448 2.32538637826276e-05 3.954037672
1449 2.323477403160632e-05 3.956768361
1450 2.321576631132029e-05 3.95949905
1451 2.319681463528418e-05 3.962229739
1452 2.317789229803777e-05 3.964960428
1453 2.31589716481254e-05 3.967691117
1454 2.314002366074339e-05 3.970421806
1455 2.312101859535185e-05 3.973152495
1456 2.310192553645953e-05 3.975883184
1457 2.308271265862581e-05 3.978613873
1458 2.306334736906833e-05 3.981344562
1459 2.304379615147802e-05 3.984075251
1460 2.30240247099427e-05 3.98680594
1461 2.300399797210201e-05 3.989536629
1462 2.298368063964704e-05 3.992267318
1463 2.296303628462144e-05 3.994998007
1464 2.294202869657321e-05 3.997728696
1465 2.292062012064969e-05 4.000459385
1466 2.289877262613477e-05 4.003190074
1467 2.287644816938399e-05 4.005920763
1468 2.285361020510431e-05 4.008651452
1469 2.283022645547018e-05 4.011382141
1470 2.280626228162202e-05 4.01411283
1471 2.278168417926129e-05 4.016843519
1472 2.275645810306459e-05 4.019574208
1473 2.273055293107869e-05 4.022304897
1474 2.270393277830997e-05 4.025035586
1475 2.267656299973048e-05 4.027766275
1476 2.264841296868401e-05 4.030496964
1477 2.261944435723429e-05 4.033227653
1478 2.258962016686902e-05 4.035958342
1479 2.255890519022944e-05 4.038689031
1480 2.252726593738211e-05 4.04141972
1481 2.249467089059105e-05 4.044150409
1482 2.246109047968618e-05 4.046881098
1483 2.242649725478475e-05 4.049611787
1484 2.239086648981217e-05 4.052342476
1485 2.235417735615491e-05 4.055073165
1486 2.231641039209404e-05 4.057803854
1487 2.227754941766038e-05 4.060534543
1488 2.223758220088351e-05 4.063265232
1489 2.219650012671244e-05 4.065995921
1490 2.215429835029248e-05 4.06872661
1491 2.211097494578345e-05 4.071457299
1492 2.206652968340256e-05 4.074187988
1493 2.202096158970832e-05 4.076918677
1494 2.197426840480512e-05 4.079649366
1495 2.192644543592146e-05 4.082380055
1496 2.187748332145744e-05 4.085110744
1497 2.1827370431594e-05 4.087841433
1498 2.17760952024137e-05 4.090572122
1499 2.172364413560648e-05 4.093302811
1500 2.167000526944288e-05 4.0960335
1501 2.161516809253585e-05 4.098764189
1502 2.155912556323825e-05 4.101494878
1503 2.15018765340194e-05 4.104225567
1504 2.144342314491189e-05 4.106956256
1505 2.138377079078008e-05 4.109686945
1506 2.132293222983022e-05 4.112417634
1507 2.126092645595011e-05 4.115148323
1508 2.119777634055089e-05 4.117879012
1509 2.113350973902821e-05 4.120609701
1510 2.106816813559991e-05 4.12334039
1511 2.100180743519236e-05 4.126071079
1512 2.093449191553097e-05 4.128801768
1513 2.086628657551131e-05 4.131532457
1514 2.079725572986128e-05 4.134263146
1515 2.072746009589905e-05 4.136993835
1516 2.065696244185493e-05 4.139724524
1517 2.058582151792109e-05 4.142455213
1518 2.051409373227828e-05 4.145185902
1519 2.044183850116528e-05 4.147916591
1520 2.036911154026139e-05 4.15064728
1521 2.029596397983819e-05 4.153377969
1522 2.022244104207764e-05 4.156108658
1523 2.014858733232793e-05 4.158839347
1524 2.007444439944753e-05 4.161570036
1525 2.000004990133675e-05 4.164300725
1526 1.992543971779578e-05 4.167031414
1527 1.985064847419563e-05 4.169762103
1528 1.977570752410248e-05 4.172492792
1529 1.970064621425697e-05 4.175223481
1530 1.96254924319719e-05 4.17795417
1531 1.955027369482542e-05 4.180684859
1532 1.947501650000832e-05 4.183415548
1533 1.939974583833198e-05 4.186146237
1534 1.932448380547526e-05 4.188876926
1535 1.924925156699398e-05 4.191607615
1536 1.917406969515261e-05 4.194338304
1537 1.909895916075252e-05 4.197068993
1538 1.902394092870251e-05 4.199799682
1539 1.894903606143301e-05 4.202530371
1540 1.887426667792252e-05 4.20526106
1541 1.879965761225112e-05 4.207991749
1542 1.87252352374702e-05 4.210722438
1543 1.865102726887663e-05 4.213453127
1544 1.857706237732847e-05 4.216183816
1545 1.850337095517033e-05 4.218914505
1546 1.842998508923704e-05 4.221645194
1547 1.835693796618608e-05 4.224375883
1548 1.828426187002426e-05 4.227106572
1549 1.821198657799098e-05 4.229837261
1550 1.814013859138464e-05 4.23256795
1551 1.806874039134871e-05 4.235298639
1552 1.799780985600586e-05 4.238029328
1553 1.792735927807225e-05 4.240760017
1554 1.785739344381865e-05 4.243490706
1555 1.778790732843334e-05 4.246221395
1556 1.77188833336451e-05 4.248952084
1557 1.765028734085048e-05 4.251682773
1558 1.758206379447573e-05 4.254413462
1559 1.751413078724722e-05 4.257144151
1560 1.744637527183531e-05 4.25987484
1561 1.737864945724795e-05 4.262605529
1562 1.731077034027158e-05 4.265336218
1563 1.724252443980841e-05 4.268066907
1564 1.717367963638801e-05 4.270797596
1565 1.710400401834187e-05 4.273528285
1566 1.703328799584865e-05 4.276258974
1567 1.696136380296252e-05 4.278989663
1568 1.688811838748354e-05 4.281720352
1569 1.681350367394688e-05 4.284451041
1570 1.673754313705671e-05 4.28718173
1571 1.666031479042233e-05 4.289912419
1572 1.658192483322571e-05 4.292643108
1573 1.650249523514027e-05 4.295373797
1574 1.642216009827534e-05 4.298104486
1575 1.634106230546219e-05 4.300835175
1576 1.62593483769942e-05 4.303565864
1577 1.617716437560878e-05 4.306296553
1578 1.609465331873195e-05 4.309027242
1579 1.601195358006146e-05 4.311757931
1580 1.592919758202899e-05 4.31448862
1581 1.584651077226397e-05 4.317219309
1582 1.576401080268333e-05 4.319949998
1583 1.568180699065278e-05 4.322680687
1584 1.559999987971744e-05 4.325411376
1585 1.551868102482216e-05 4.328142065
1586 1.543793295758848e-05 4.330872754
1587 1.535782941196128e-05 4.333603443
1588 1.527843565909512e-05 4.336334132
1589 1.519980888822027e-05 4.339064821
1590 1.512199834249057e-05 4.34179551
1591 1.504504561267289e-05 4.344526199
1592 1.496898501910568e-05 4.347256888
1593 1.489384402157518e-05 4.349987577
1594 1.481964396802322e-05 4.352718266
1595 1.474640266326762e-05 4.355448955
1596 1.467413334550902e-05 4.358179644
1597 1.460284630368222e-05 4.360910333
1598 1.453254420871385e-05 4.363641022
1599 1.446322461063671e-05 4.366371711
1600 1.439488282541675e-05 4.3691024
1601 1.432751229204307e-05 4.371833089
1602 1.426110462537192e-05 4.374563778
1603 1.419565002469994e-05 4.377294467
1604 1.413113781944641e-05 4.380025156
1605 1.406755700192475e-05 4.382755845
1606 1.400489591809019e-05 4.385486534
1607 1.394314206636179e-05 4.388217223
1608 1.388228092018205e-05 4.390947912
1609 1.382229480691335e-05 4.393678601
1610 1.376316101879363e-05 4.39640929
1611 1.37048537416498e-05 4.399139979
1612 1.364734622638417e-05 4.401870668
1613 1.359061543980317e-05 4.404601357
1614 1.353464362495036e-05 4.407332046
1615 1.347941961371154e-05 4.410062735
1616 1.342493979606706e-05 4.412793424
1617 1.337120872928754e-05 4.415524113
1618 1.331823905355665e-05 4.418254802
1619 1.326605086279025e-05 4.420985491
1620 1.321467016377033e-05 4.42371618
1621 1.316412686036511e-05 4.426446869
1622 1.311445229378907e-05 4.429177558
1623 1.306567697002903e-05 4.431908247
1624 1.301782835329466e-05 4.434638936
1625 1.29709285745556e-05 4.437369625
1626 1.29249902441856e-05 4.440100314
1627 1.288001348190402e-05 4.442831003
1628 1.283599028799523e-05 4.445561692
1629 1.279290956744886e-05 4.448292381
1630 1.275075913146731e-05 4.45102307
1631 1.270952690552901e-05 4.453753759
1632 1.266920176423179e-05 4.456484448
1633 1.262977405730708e-05 4.459215137
1634 1.259123659362397e-05 4.461945826
1635 1.255358492163362e-05 4.464676515
1636 1.251681779579761e-05 4.467407204
1637 1.248093652799329e-05 4.470137893
1638 1.244594419746216e-05 4.472868582
1639 1.241184387265327e-05 4.475599271
1640 1.237863670517553e-05 4.47832996
1641 1.234631965465101e-05 4.481060649
1642 1.231488375901421e-05 4.483791338
1643 1.228431211304991e-05 4.486522027
1644 1.225457902975293e-05 4.489252716
1645 1.222565049366731e-05 4.491983405
1646 1.219748516908272e-05 4.494714094
1647 1.217003593397795e-05 4.497444783
1648 1.214325256280362e-05 4.500175472
1649 1.211708444330165e-05 4.502906161
1650 1.209148329342847e-05 4.50563685
1651 1.20664061850322e-05 4.508367539
1652 1.204181611241681e-05 4.511098228
1653 1.201768298908593e-05 4.513828917
1654 1.199398433621371e-05 4.516559606
1655 1.197070527384492e-05 4.519290295
1656 1.194783875289869e-05 4.522020984
1657 1.192538603012421e-05 4.524751673
1658 1.190335478181684e-05 4.527482362
1659 1.188175923267752e-05 4.530213051
1660 1.186061980480527e-05 4.53294374
1661 1.183996306623225e-05 4.535674429
1662 1.18198215428064e-05 4.538405118
1663 1.18002327526003e-05 4.541135807
1664 1.178123979765922e-05 4.543866496
1665 1.176288849207725e-05 4.546597185
1666 1.174522513607265e-05 4.549327874
1667 1.172830043527065e-05 4.552058563
1668 1.171217099001049e-05 4.554789252
1669 1.169689316249822e-05 4.557519941
1670 1.168251035836996e-05 4.56025063
1671 1.166905728030621e-05 4.562981319
1672 1.165659088511438e-05 4.565712008
1673 1.164517161623101e-05 4.568442697
1674 1.163485761224463e-05 4.571173386
1675 1.162570011492904e-05 4.573904075
1676 1.161773962041404e-05 4.576634764
1677 1.16110079744326e-05 4.579365453
1678 1.160552686909849e-05 4.582096142
1679 1.160131190657609e-05 4.584826831
1680 1.159837124151358e-05 4.58755752
1681 1.159670652121337e-05 4.590288209
1682 1.159630972214918e-05 4.593018898
1683 1.159716350348547e-05 4.595749587
1684 1.159924292965289e-05 4.598480276
1685 1.160251745682698e-05 4.601210965
1686 1.160694741193738e-05 4.603941654
1687 1.161248417851808e-05 4.606672343
1688 1.161907057569109e-05 4.609403032
1689 1.162664109020207e-05 4.612133721
1690 1.163512249478814e-05 4.61486441
1691 1.164443464063004e-05 4.617595099
1692 1.165449175941469e-05 4.620325788
1693 1.166520375457274e-05 4.623056477
1694 1.167647729586209e-05 4.625787166
1695 1.168821673197725e-05 4.628517855
1696 1.170032522901683e-05 4.631248544
1697 1.171270709727771e-05 4.633979233
1698 1.172527004018718e-05 4.636709922
1699 1.173792538419563e-05 4.639440611
1700 1.175058868484712e-05 4.6421713
1701 1.176318256294499e-05 4.644901989
1702 1.177563603906e-05 4.647632678
1703 1.178788269578603e-05 4.650363367
1704 1.179986100276446e-05 4.653094056
1705 1.181151700698165e-05 4.655824745
1706 1.182280539066445e-05 4.658555434
1707 1.183369133228892e-05 4.661286123
1708 1.184415129918033e-05 4.664016812
1709 1.185416916262877e-05 4.666747501
1710 1.186373680598827e-05 4.66947819
1711 1.187284678961349e-05 4.672208879
1712 1.188146875097253e-05 4.674939568
1713 1.188957750836863e-05 4.677670257
1714 1.189716286063062e-05 4.680400946
1715 1.190422628493977e-05 4.683131635
1716 1.191080147787132e-05 4.685862324
1717 1.191693819571883e-05 4.688593013
1718 1.192269009323857e-05 4.691323702
1719 1.192810698305671e-05 4.694054391
1720 1.193322957216859e-05 4.69678508
1721 1.193811229510836e-05 4.699515769
1722 1.194281301575724e-05 4.702246458
1723 1.194737986470649e-05 4.704977147
1724 1.195185300907867e-05 4.707707836
1725 1.195625419773852e-05 4.710438525
1726 1.196059631899148e-05 4.713169214
1727 1.196488547170959e-05 4.715899903
1728 1.19691292103241e-05 4.718630592
1729 1.197333507799342e-05 4.721361281
1730 1.19775112927593e-05 4.72409197
1731 1.198166634755875e-05 4.726822659
1732 1.198580896146665e-05 4.729553348
1733 1.198994793427238e-05 4.732284037
1734 1.199409214918508e-05 4.735014726
1735 1.199825044201297e-05 4.737745415
1736 1.200243162078497e-05 4.740476104
1737 1.200664394190143e-05 4.743206793
1738 1.201089465088608e-05 4.745937482
1739 1.201518997623337e-05 4.748668171
1740 1.201953594543328e-05 4.75139886
1741 1.202393831368551e-05 4.754129549
1742 1.202840225025077e-05 4.756860238
1743 1.203293216504838e-05 4.759590927
1744 1.203753205973457e-05 4.762321616
1745 1.204220537168955e-05 4.765052305
1746 1.204695441460998e-05 4.767782994
1747 1.205178020279704e-05 4.770513683
1748 1.205668229537922e-05 4.773244372
1749 1.206165898937261e-05 4.775975061
1750 1.206670718098888e-05 4.77870575
1751 1.20718230581809e-05 4.781436439
1752 1.2077004263275e-05 4.784167128
1753 1.208224668524609e-05 4.786897817
1754 1.208754137691357e-05 4.789628506
1755 1.209287771395905e-05 4.792359195
1756 1.209824420466547e-05 4.795089884
1757 1.21036285280431e-05 4.797820573
1758 1.210901750157401e-05 4.800551262
1759 1.211439717859546e-05 4.803281951
1760 1.211975294217917e-05 4.80601264
1761 1.212506957572073e-05 4.808743329
1762 1.213033136459198e-05 4.811474018
1763 1.213552216675515e-05 4.814204707
1764 1.214062544562432e-05 4.816935396
1765 1.214562437951257e-05 4.819666085
1766 1.215050193329377e-05 4.822396774
1767 1.215524102542789e-05 4.825127463
1768 1.215982444861312e-05 4.827858152
