0 0 0
1 3.760710533339562e-75 0.004096034
2 1.723567607292636e-68 0.008192068
3 1.070904294803163e-67 0.012288102
4 2.943491884148395e-66 0.016384136
5 3.553029717298281e-65 0.02048017
6 6.345576409395164e-64 0.024576204
7 6.54829662209444e-63 0.028672238
8 7.711735169682446e-62 0.032768272
9 3.599643534906999e-61 0.036864306
10 5.505262019924031e-60 0.04096034
11 2.568744738101886e-58 0.045056374
12 1.141914020036239e-57 0.049152408
13 7.424824419866151e-57 0.053248442
14 7.12534733799421e-55 0.057344476
15 1.484162554454377e-55 0.06144051
16 1.428924911408738e-54 0.065536544
17 4.291292070987003e-53 0.069632578
18 8.263493530805341e-52 0.073728612
19 1.160334106853681e-50 0.077824646
20 1.845936153062803e-49 0.08192068
21 2.109704730000869e-48 0.08601671399999999
22 1.811090772816991e-47 0.09011274800000001
23 1.314736938923404e-46 0.094208782
24 8.219453658063905e-46 0.098304816
25 4.584287310777917e-45 0.10240085
26 2.356096050393381e-44 0.106496884
27 1.031710106685075e-43 0.110592918
28 3.9753923056891e-43 0.114688952
29 1.515275888464505e-42 0.118784986
30 5.261787561958787e-42 0.12288102
31 1.818634921475075e-41 0.126977054
32 6.326387587523397e-41 0.131073088
33 4.299846897959663e-40 0.135169122
34 8.393275951831009e-40 0.139265156
35 1.714509616939759e-39 0.14336119
36 8.330548305015638e-39 0.147457224
37 1.755447398439771e-38 0.151553258
38 2.295200586877395e-38 0.155649292
39 4.716276420018289e-38 0.159745326
40 2.881025336271006e-37 0.16384136
41 7.819052181699354e-37 0.167937394
42 2.463705286846273e-36 0.172033428
43 4.689370920426257e-36 0.176129462
44 1.27404710797729e-35 0.180225496
45 3.450545986703543e-35 0.18432153
46 9.571275850148494e-35 0.188417564
47 2.869286255514217e-34 0.192513598
48 9.413889885962542e-34 0.196609632
49 3.23317302907526e-33 0.200705666
50 1.169495424174887e-32 0.2048017
51 4.346563845409876e-32 0.208897734
52 1.62583866284959e-31 0.212993768
53 6.041038694464148e-31 0.217089802
54 2.214248933055922e-30 0.221185836
55 7.974520487466739e-30 0.22528187
56 2.817557655272668e-29 0.229377904
57 9.759943469898403e-29 0.233473938
58 3.314115017827196e-28 0.237569972
59 1.103331035008332e-27 0.241666006
60 3.602247531141961e-27 0.24576204
61 1.153731969050471e-26 0.249858074
62 3.626105835287528e-26 0.253954108
63 1.118717409598945e-25 0.258050142
64 3.389082423265683e-25 0.262146176
65 1.008461063004092e-24 0.26624221
66 2.948360933846541e-24 0.2703382440000001
67 8.471724015018253e-24 0.274434278
68 2.393061474737109e-23 0.2785303120000001
69 6.647288483922074e-23 0.282626346
70 1.816177431418063e-22 0.2867223800000001
71 4.882099208032181e-22 0.290818414
72 1.291511609976182e-21 0.2949144480000001
73 3.363099941704998e-21 0.299010482
74 8.622537395612684e-21 0.303106516
75 2.177139688543647e-20 0.30720255
76 5.414938421511882e-20 0.311298584
77 1.326951656106921e-19 0.315394618
78 3.204554610001346e-19 0.319490652
79 7.628274259511638e-19 0.323586686
80 1.790294560898309e-18 0.32768272
81 4.143375835817037e-18 0.331778754
82 9.45815644733331e-18 0.335874788
83 2.129954633197807e-17 0.3399708220000001
84 4.732973129986912e-17 0.344066856
85 1.037969368369381e-16 0.3481628900000001
86 2.247024489706035e-16 0.352258924
87 4.802738162461973e-16 0.3563549580000001
88 1.013706404346786e-15 0.360450992
89 2.113301460832442e-15 0.3645470260000001
90 4.352313737804969e-15 0.36864306
91 8.856697658916395e-15 0.372739094
92 1.781147189229004e-14 0.376835128
93 3.540687606085462e-14 0.380931162
94 6.958532079105138e-14 0.385027196
95 1.352283098954726e-13 0.38912323
96 2.598961528133819e-13 0.393219264
97 4.940082072304358e-13 0.397315298
98 9.285385286961277e-13 0.4014113320000001
99 1.725053149467e-12 0.405507366
100 3.165770850568871e-12 0.4096034000000001
101 5.737259415401106e-12 0.413699434
102 1.02700882780282e-11 0.4177954680000001
103 1.816774846481314e-11 0.421891502
104 3.177670236391184e-11 0.4259875360000001
105 5.497741172419818e-11 0.43008357
106 9.411735178040678e-11 0.4341796040000001
107 1.594689355689808e-10 0.438275638
108 2.674774196034331e-10 0.442371672
109 4.441934672119931e-10 0.446467706
110 7.30450713369376e-10 0.45056374
111 1.189586431145793e-09 0.454659774
112 1.918827503490108e-09 0.458755808
113 3.065891987727624e-09 0.4628518420000001
114 4.8529181493273e-09 0.466947876
115 7.610568283666334e-09 0.4710439100000001
116 1.182609987335888e-08 0.475139944
117 1.821031097666331e-08 0.4792359780000001
118 2.778992742289706e-08 0.483332012
119 4.203355553583064e-08 0.4874280460000001
120 6.302147092549848e-08 0.49152408
121 9.367168529125306e-08 0.4956201140000001
122 1.380376909169501e-07 0.499716148
123 2.016961919553318e-07 0.503812182
124 2.922461843615508e-07 0.507908216
125 4.199438419677251e-07 0.51200425
126 5.985005950161017e-07 0.5161002840000001
127 8.4607426379213e-07 0.520196318
128 1.18648476198529e-06 0.524292352
129 1.65068599152171e-06 0.528388386
130 2.278529619065459e-06 0.5324844200000001
131 3.12084288140896e-06 0.5365804540000001
132 4.241840521425594e-06 0.540676488
133 5.721888836865541e-06 0.544772522
134 7.660627235156058e-06 0.5488685560000001
135 1.018041348408876e-05 0.5529645900000001
136 1.343007219960219e-05 0.557060624
137 1.758888245542152e-05 0.561156658
138 2.287071593306177e-05 0.5652526920000001
139 2.952820603573552e-05 0.5693487260000001
140 3.785679550108694e-05 0.57344476
141 4.819847993251936e-05 0.577540794
142 6.094504369778476e-05 0.5816368280000001
143 7.654054419746188e-05 0.5857328620000001
144 9.548319802568802e-05 0.589828896
145 0.0001183256898601108 0.59392493
146 0.0001456740765408496 0.598020964
147 0.0001781852173776822 0.6021169980000001
148 0.0002165616574695839 0.6062130320000001
149 0.000261544724582767 0.610309066
150 0.0003139052258622 0.6144051
151 0.00037443166565307 0.6185011340000001
152 0.0004439163949051618 0.6225971680000001
153 0.0005231396320456897 0.626693202
154 0.0006128515637909474 0.630789236
155 0.0007137528710507875 0.6348852700000001
156 0.0008264741461494236 0.6389813040000001
157 0.0009515547554334868 0.643077338
158 0.00108942178168233 0.647173372
159 0.001240369722962496 0.6512694060000001
160 0.001404541665413786 0.6553654400000001
161 0.00158191266609998 0.659461474
162 0.001772275936196895 0.663557508
163 0.001975232588870138 0.667653542
164 0.00219018527617174 0.6717495760000001
165 0.002416336280487256 0.6758456100000001
166 0.002652690268135476 0.679941644
167 0.002898061698402185 0.684037678
168 0.003151086336233571 0.6881337120000001
169 0.003410235980969294 0.6922297460000001
170 0.003673835081761453 0.69632578
171 0.003940076883231539 0.700421814
172 0.004207048156597426 0.7045178480000001
173 0.004472764531963482 0.7086138820000001
174 0.004735258229267081 0.712709916
175 0.004992774242908967 0.71680595
176 0.00524373670131508 0.7209019840000001
177 0.005486071150080796 0.7249980180000001
178 0.00571818831566156 0.7290940520000001
179 0.005938918351649672 0.733190086
180 0.00614713925499972 0.73728612
181 0.006341914736775102 0.7413821540000001
182 0.006522109263011063 0.7454781880000001
183 0.00668697894085545 0.749574222
184 0.006836197042891001 0.753670256
185 0.006969397349354829 0.7577662900000001
186 0.007086107627386525 0.7618623240000001
187 0.007186430718259667 0.765958358
188 0.007270729211864981 0.770054392
189 0.007339520864631445 0.7741504260000001
190 0.007393158981715863 0.7782464600000001
191 0.007432119017867676 0.782342494
192 0.007456985522258232 0.786438528
193 0.007468662634812944 0.7905345620000001
194 0.007468333277142103 0.7946305960000001
195 0.007457132004352971 0.7987266300000001
196 0.00743577317571791 0.802822664
197 0.007404814041155878 0.806918698
198 0.007365071108620782 0.8110147320000001
199 0.007317662124514117 0.8151107660000001
200 0.007263732617902971 0.8192068
201 0.007204287941982575 0.823302834
202 0.007140229803784202 0.8273988680000001
203 0.007072188013936984 0.8314949020000001
204 0.007000617567090041 0.835590936
205 0.006925909292914485 0.83968697
206 0.006848554013838533 0.8437830040000001
207 0.006769134537632474 0.8478790380000001
208 0.006688260991915027 0.851975072
209 0.006606699457577297 0.856071106
210 0.006525206159641615 0.8601671400000001
211 0.00644403366963719 0.8642631740000001
212 0.006363060582566421 0.8683592080000001
213 0.006282147762257661 0.872455242
214 0.006201243600648139 0.876551276
215 0.006120477487630799 0.8806473100000001
216 0.006040169751051477 0.8847433440000001
217 0.005960644031436328 0.888839378
218 0.005882127615209018 0.892935412
219 0.005804820537066517 0.8970314460000001
220 0.005728865021467822 0.9011274800000001
221 0.005654343503293067 0.905223514
222 0.005581263767263329 0.909319548
223 0.005509471504834179 0.9134155820000001
224 0.005438670399179226 0.9175116160000001
225 0.005368560380218735 0.9216076500000001
226 0.00529909327893924 0.925703684
227 0.005230378989951449 0.9297997180000001
228 0.005162575716062117 0.9338957520000001
229 0.005095840638100295 0.9379917860000001
230 0.005030376378933358 0.94208782
231 0.004966387347107225 0.946183854
232 0.004903972173845227 0.9502798880000001
233 0.004842975882830423 0.9543759220000001
234 0.004783026194603798 0.958471956
235 0.00472388505297676 0.96256799
236 0.004665465845550994 0.9666640240000001
237 0.004607666940096207 0.9707600580000001
238 0.004550410771885056 0.974856092
239 0.004493763844631909 0.978952126
240 0.004437770195815649 0.9830481600000001
241 0.004382408275163512 0.9871441940000001
242 0.004327883421228983 0.9912402280000001
243 0.004274280982626076 0.995336262
244 0.004221658969088964 0.9994322960000001
245 0.004170207375911026 1.00352833
246 0.004120084558621681 1.007624364
247 0.004071229518545501 1.011720398
248 0.004023486427206573 1.015816432
249 0.003976590517376041 1.019912466
250 0.003930311068397349 1.0240085
251 0.003884338810683659 1.028104534
252 0.00383862392907581 1.032200568
253 0.003793214418436585 1.036296602
254 0.003748240164136376 1.040392636
255 0.003703809555095235 1.04448867
256 0.003659918787567657 1.048584704
257 0.003616571070077173 1.052680738
258 0.003573755155799629 1.056776772
259 0.003531378061802092 1.060872806
260 0.003489583931926959 1.06496884
261 0.003448476876551973 1.069064874
262 0.003408092050394386 1.073160908
263 0.003368595143878105 1.077256942
264 0.003330059933020203 1.081352976
265 0.003292402598104142 1.08544901
266 0.003255403173539042 1.089545044
267 0.003218945739246259 1.093641078
268 0.003182909172364291 1.097737112
269 0.003147228526494101 1.101833146
270 0.003111906222812458 1.10592918
271 0.003076971127502902 1.110025214
272 0.003042546208484531 1.114121248
273 0.003008730345048533 1.118217282
274 0.002975701317330945 1.122313316
275 0.002943450156355348 1.12640935
276 0.002911909356250556 1.130505384
277 0.002880964116834691 1.134601418
278 0.002850474201273005 1.138697452
279 0.002820430980967079 1.142793486
280 0.002790784756291674 1.14688952
281 0.002761426120314941 1.150985554
282 0.002732430406433773 1.155081588
283 0.002703769795043649 1.159177622
284 0.002675400482476147 1.163273656
285 0.002647363204346802 1.16736969
286 0.002619693922288822 1.171465724
287 0.002592292179559699 1.175561758
288 0.002564985896443791 1.179657792
289 0.002537579364782016 1.183753826
290 0.002510088576191851 1.18784986
291 0.002482548963948637 1.191945894
292 0.002455069987650011 1.196041928
293 0.002427849591379069 1.200137962
294 0.002401018832668342 1.204233996
295 0.002374757980987982 1.20833003
296 0.002349231835384106 1.212426064
297 0.002324410510193112 1.216522098
298 0.002300186222201745 1.220618132
299 0.002276643666383189 1.224714166
300 0.002253773801127486 1.2288102
301 0.00223170257970606 1.232906234
302 0.002210510376196729 1.237002268
303 0.002190193219293657 1.241098302
304 0.002170695137359816 1.245194336
305 0.002151849732315605 1.24929037
306 0.002133530041817732 1.253386404
307 0.002115602673348671 1.257482438
308 0.002097954437768811 1.261578472
309 0.002080467221048003 1.265674506
310 0.002063088772387134 1.26977054
311 0.002045791138556624 1.273866574
312 0.002028504852488313 1.277962608
313 0.002011208783543377 1.282058642
314 0.001993938671680657 1.286154676
315 0.00197657165603127 1.29025071
316 0.001959018914302093 1.294346744
317 0.001941146713912435 1.298442778
318 0.001922883035057124 1.302538812
319 0.001904238427639276 1.306634846
320 0.001885210067381592 1.31073088
321 0.001865848169930543 1.314826914
322 0.001846200751511772 1.318922948
323 0.001826343722874384 1.323018982
324 0.00180640599323073 1.327115016
325 0.00178655545237038 1.33121105
326 0.001766941600587154 1.335307084
327 0.001747691210388653 1.339403118
328 0.00172887539435382 1.343499152
329 0.001710551829806411 1.347595186
330 0.001692816572436018 1.35169122
331 0.001675630120842958 1.355787254
332 0.001658933024842582 1.359883288
333 0.001642737678582189 1.363979322
334 0.001627147038325803 1.368075356
335 0.00161218488165823 1.37217139
336 0.001597937742704114 1.376267424
337 0.001584482977097196 1.380363458
338 0.001571820616603943 1.384459492
339 0.001559957179882306 1.388555526
340 0.001548869252145669 1.39265156
341 0.001538444659522832 1.396747594
342 0.001528624203174732 1.400843628
343 0.001519303743494236 1.404939662
344 0.001510376204825378 1.409035696
345 0.00150175850637518 1.41313173
346 0.001493369441298094 1.417227764
347 0.001485106710588585 1.421323798
348 0.001476861692814495 1.425419832
349 0.001468537616671887 1.429515866
350 0.001460097704554842 1.4336119
351 0.001451542299033142 1.437707934
352 0.001442867599688377 1.441803968
353 0.00143398632103041 1.445900002
354 0.00142482467212735 1.449996036
355 0.001415294002145186 1.45409207
356 0.001405361714236437 1.458188104
357 0.001395006817163336 1.462284138
358 0.001384184298130827 1.466380172
359 0.001372923174578145 1.470476206
360 0.001361283932575409 1.47457224
361 0.001349343445209514 1.478668274
362 0.001337176737310236 1.482764308
363 0.001324815160873861 1.486860342
364 0.001312304007883178 1.490956376
365 0.001299720293878221 1.49505241
366 0.001287109834108909 1.499148444
367 0.001274509760928607 1.503244478
368 0.00126194939781962 1.507340512
369 0.001249442569196307 1.511436546
370 0.001236987836804601 1.51553258
371 0.001224630333090541 1.519628614
372 0.001212408438143112 1.523724648
373 0.001200348300861802 1.527820682
374 0.001188476841470539 1.531916716
375 0.001176819754043608 1.53601275
376 0.001165406145132671 1.540108784
377 0.001154255611845836 1.544204818
378 0.001143355056065682 1.548300852
379 0.001132645508874523 1.552396886
380 0.00112206702660361 1.55649292
381 0.001111619891526527 1.560588954
382 0.001101381029914156 1.564684988
383 0.001091452952406523 1.568781022
384 0.001081909535902973 1.572877056
385 0.001072833217948935 1.57697309
386 0.001064283946764789 1.581069124
387 0.001056324921991048 1.585165158
388 0.001048997894602278 1.589261192
389 0.001042302524396406 1.593357226
390 0.00103624442266431 1.59745326
391 0.001030817589845925 1.601549294
392 0.001025982324371927 1.605645328
393 0.001021702865030305 1.609741362
394 0.001017938837982686 1.613837396
395 0.001014611335608182 1.61793343
396 0.001011649995289425 1.622029464
397 0.001008976686111585 1.626125498
398 0.001006479655385793 1.630221532
399 0.001004049188516687 1.634317566
400 0.001001635366839425 1.6384136
401 0.0009991904776561942 1.642509634
402 0.0009966347431279421 1.646605668
403 0.0009939179662178783 1.650701702
404 0.0009910101456916288 1.654797736
405 0.0009878896238286841 1.65889377
406 0.0009845658606939286 1.662989804
407 0.0009810109325592642 1.667085838
408 0.0009771811124923487 1.671181872
409 0.000973030080218999 1.675277906
410 0.0009685158790426847 1.67937394
411 0.0009635938347939043 1.683469974
412 0.0009582203849691848 1.687566008
413 0.0009523827654287419 1.691662042
414 0.0009460878839400532 1.695758076
415 0.0009393700288698932 1.69985411
416 0.000932277378422557 1.703950144
417 0.000924842758783458 1.708046178
418 0.0009171219260887441 1.712142212
419 0.0009091821632534278 1.716238246
420 0.0009011005991877225 1.72033428
421 0.0008929361247359036 1.724430314
422 0.0008847279975511237 1.728526348
423 0.0008765110014368562 1.732622382
424 0.0008683037775363999 1.736718416
425 0.0008601107839865411 1.74081445
426 0.0008519365498220731 1.744910484
427 0.0008437975824289493 1.749006518
428 0.0008357134510128204 1.753102552
429 0.0008277036511865836 1.757198586
430 0.000819784430105417 1.76129462
431 0.0008119705003266673 1.765390654
432 0.000804274969962614 1.769486688
433 0.0007967115981413245 1.773582722
434 0.0007892897369671888 1.777678756
435 0.0007820138731495529 1.78177479
436 0.0007748688298849261 1.785870824
437 0.0007678714515519119 1.789966858
438 0.0007610427461869414 1.794062892
439 0.0007544075817321247 1.798158926
440 0.0007479838705070059 1.80225496
441 0.0007417799584211931 1.806350994
442 0.000735799816033611 1.810447028
443 0.0007300402021023326 1.814543062
444 0.0007244999084907507 1.818639096
445 0.0007191667516534036 1.82273513
446 0.0007140132654816367 1.826831164
447 0.0007089447999571898 1.830927198
448 0.0007039154817228815 1.835023232
449 0.0006989416785736614 1.839119266
450 0.0006940681844957397 1.8432153
451 0.0006893497537276609 1.847311334
452 0.0006848340574505189 1.851407368
453 0.0006805809580255193 1.855503402
454 0.0006766424948913437 1.859599436
455 0.0006730466289490856 1.86369547
456 0.0006698005988772899 1.867791504
457 0.0006669028038046825 1.871887538
458 0.0006643475002606862 1.875983572
459 0.0006621183047616329 1.880079606
460 0.000660178263677216 1.88417564
461 0.0006584700618431431 1.888271674
462 0.0006569373939660882 1.892367708
463 0.0006555248002603566 1.896463742
464 0.0006541716487246589 1.900559776
465 0.0006528070252983332 1.90465581
466 0.0006513616766298213 1.908751844
467 0.0006497940797035717 1.912847878
468 0.0006480758539754091 1.916943912
469 0.0006461865582456351 1.921039946
470 0.0006441050938377929 1.92513598
471 0.000641806817888441 1.929232014
472 0.0006392822264101297 1.933328048
473 0.0006365478450653972 1.937424082
474 0.0006336281277460157 1.941520116
475 0.0006305227545543581 1.94561615
476 0.0006272248589837791 1.949712184
477 0.0006237210341812278 1.953808218
478 0.0006199914868518985 1.957904252
479 0.0006160159897280214 1.962000286
480 0.0006117801736662925 1.96609632
481 0.0006072756710278909 1.970192354
482 0.000602507812491212 1.974288388
483 0.000597488155114035 1.978384422
484 0.0005922345436015109 1.982480456
485 0.0005867746375064099 1.98657649
486 0.0005811433609273502 1.990672524
487 0.0005753800161445981 1.994768558
488 0.0005695241813903121 1.998864592
489 0.0005636127475207269 2.002960626
490 0.0005576780852071596 2.00705666
491 0.0005517437433655609 2.011152694
492 0.0005458304253078733 2.015248728
493 0.0005399661157751384 2.019344762
494 0.0005341838965433252 2.023440796
495 0.0005285108377763326 2.02753683
496 0.0005229676029632791 2.031632864
497 0.0005175697641393622 2.035728898
498 0.0005123258113306226 2.039824932
499 0.000507238263854562 2.043920966
500 0.0005023042010426287 2.048017
501 0.0004975154652803821 2.052113034
502 0.0004928622049445786 2.056209068
503 0.0004883359746967991 2.060305102
504 0.00048392918975119 2.064401136
505 0.0004796356879294617 2.06849717
506 0.000475450924122711 2.072593204
507 0.0004713720343851285 2.076689238
508 0.0004673979647198331 2.080785272
509 0.000463527974532366 2.084881306
510 0.0004597627509065878 2.08897734
511 0.0004560986599974918 2.093073374
512 0.0004525324657710844 2.097169408
513 0.0004490678146579828 2.101265442
514 0.0004457128769208262 2.105361476
515 0.0004424764277310284 2.10945751
516 0.0004393662931828408 2.113553544
517 0.0004363899037961083 2.117649578
518 0.0004335540078132737 2.121745612
519 0.0004308627213579743 2.125841646
520 0.0004283135006140192 2.12993768
521 0.0004258958868453237 2.134033714
522 0.0004235738590111813 2.138129748
523 0.0004213098232216052 2.142225782
524 0.0004190932565329412 2.146321816
525 0.0004169354865641202 2.15041785
526 0.0004148583879267306 2.154513884
527 0.0004128797115076086 2.158609918
528 0.0004110140128198718 2.162705952
529 0.0004092772121930856 2.166801986
530 0.0004076872518880513 2.17089802
531 0.0004062556238561666 2.174994054
532 0.0004049845154006383 2.179090088
533 0.0004038704910081192 2.183186122
534 0.0004029013078690468 2.187282156
535 0.0004020583766128827 2.19137819
536 0.0004013198762450447 2.195474224
537 0.0004006590760081178 2.199570258
538 0.0004000473321065763 2.203666292
539 0.0003994554796398169 2.207762326
540 0.0003988557856770779 2.21185836
541 0.000398223419250055 2.215954394
542 0.0003975367645252989 2.220050428
543 0.0003967776466232827 2.224146462
544 0.0003959307362886197 2.228242496
545 0.0003949865635036006 2.23233853
546 0.0003939394691853609 2.236434564
547 0.0003927886350870409 2.240530598
548 0.0003915368224980496 2.244626632
549 0.0003901885350479606 2.248722666
550 0.0003887488890611585 2.2528187
551 0.0003872237288488125 2.256914734
552 0.0003856207133697614 2.261010768
553 0.0003839487442200651 2.265106802
554 0.0003822153103531571 2.269202836
555 0.000380422360668782 2.27329887
556 0.0003785691716347766 2.277394904
557 0.0003766507898366687 2.281490938
558 0.0003746598837309682 2.285586972
559 0.0003725888452569068 2.289683006
560 0.0003704273007792824 2.29377904
561 0.0003681678895189777 2.297875074
562 0.0003658069508140129 2.301971108
563 0.0003633453171071617 2.306067142
564 0.0003607875980299093 2.310163176
565 0.0003581423541671265 2.31425921
566 0.0003554218833704265 2.318355244
567 0.0003526407410378274 2.322451278
568 0.0003498150307767764 2.326547312
569 0.0003469607552605353 2.330643346
570 0.0003440940637688689 2.33473938
571 0.0003412322153223143 2.338835414
572 0.0003383926740743109 2.342931448
573 0.0003355893021215863 2.347027482
574 0.0003328319262304571 2.351123516
575 0.000330127478135966 2.35521955
576 0.0003274798911907871 2.359315584
577 0.000324889998959567 2.363411618
578 0.0003223567262693636 2.367507652
579 0.0003198781345104906 2.371603686
580 0.0003174515913388272 2.37569972
581 0.0003150740351612829 2.379795754
582 0.0003127420186596828 2.383891788
583 0.0003104520366990318 2.387987822
584 0.0003082008571099758 2.392083856
585 0.0003059847301949125 2.39617989
586 0.0003038001743304085 2.400275924
587 0.0003016411170703153 2.404371958
588 0.0002994984375570248 2.408467992
589 0.0002973729960692879 2.412564026
590 0.0002952696556789413 2.41666006
591 0.0002931927152160053 2.420756094
592 0.0002911464101371773 2.424852128
593 0.0002891348443521352 2.428948162
594 0.0002871609126273791 2.433044196
595 0.0002852260147860155 2.43714023
596 0.0002833304465405181 2.441236264
597 0.0002814739329604453 2.445332298
598 0.0002796561011160833 2.449428332
599 0.0002778766926287851 2.453524366
600 0.0002761356625309805 2.4576204
601 0.0002744332389604486 2.461716434
602 0.0002727698410284751 2.465812468
603 0.0002711460542721178 2.469908502
604 0.000269562605671191 2.474004536
605 0.0002680202356247711 2.47810057
606 0.0002665196581266165 2.482196604
607 0.0002650613266744148 2.486292638
608 0.0002636446896866152 2.490388672
609 0.0002622672271813113 2.494484706
610 0.0002609225673269896 2.49858074
611 0.0002595992977081545 2.502676774
612 0.0002582832015775271 2.506772808
613 0.0002569628884456217 2.510868842
614 0.0002556322300489675 2.514964876
615 0.0002542952354547884 2.51906091
616 0.0002529693151902725 2.523156944
617 0.0002516768087510005 2.527252978
618 0.000250437949227062 2.531349012
619 0.0002492676980018472 2.535445046
620 0.0002481786871387453 2.53954108
621 0.0002471798920845784 2.543637114
622 0.0002462770990981249 2.547733148
623 0.0002454729847460173 2.551829182
624 0.0002447661156902956 2.555925216
625 0.0002441515193260449 2.56002125
626 0.0002436216469931777 2.564117284
627 0.0002431671921726354 2.568213318
628 0.0002427777058101001 2.572309352
629 0.0002424426173913162 2.576405386
630 0.0002421515415920461 2.58050142
631 0.0002418943821666941 2.584597454
632 0.0002416628469999767 2.588693488
633 0.0002414487340796235 2.592789522
634 0.0002412441715113197 2.596885556
635 0.0002410416888466231 2.60098159
636 0.0002408349782169644 2.605077624
637 0.0002406170937657017 2.609173658
638 0.0002403808636003137 2.613269692
639 0.0002401199031269054 2.617365726
640 0.0002398288272783559 2.62146176
641 0.000239503389326258 2.625557794
642 0.0002391404730728588 2.629653828
643 0.0002387379035028279 2.633749862
644 0.0002382944698278603 2.637845896
645 0.0002378097228169306 2.64194193
646 0.0002372838420192629 2.646037964
647 0.0002367175186384447 2.650133998
648 0.0002361119329960258 2.654230032
649 0.000235468552300541 2.658326066
650 0.0002347891060227252 2.6624221
651 0.0002340755958646272 2.666518134
652 0.000233330048827843 2.670614168
653 0.0002325552267134192 2.674710202
654 0.0002317534574843566 2.678806236
655 0.0002309275414336864 2.68290227
656 0.0002300791347789563 2.686998304
657 0.0002292097055691808 2.691094338
658 0.0002283179095727855 2.695190372
659 0.0002274019460259053 2.699286406
660 0.0002264586219068818 2.70338244
661 0.0002254833533536095 2.707478474
662 0.0002244721141949106 2.711574508
663 0.0002234214572181485 2.715670542
664 0.0002223285176212715 2.719766576
665 0.000221191243714002 2.72386261
666 0.0002200086233653521 2.727958644
667 0.0002187808569795097 2.732054678
668 0.0002175096468493478 2.736150712
669 0.0002161983210972856 2.740246746
670 0.0002148517977191515 2.74434278
671 0.0002134763230544224 2.748438814
672 0.0002120790729646273 2.752534848
673 0.0002106680715688034 2.756630882
674 0.0002092514387883724 2.760726916
675 0.0002078365295112754 2.76482295
676 0.0002064300728940496 2.768918984
677 0.0002050380051710651 2.773015018
678 0.0002036653129953379 2.777111052
679 0.0002023158718142752 2.781207086
680 0.0002009924494234318 2.78530312
681 0.0001996969748040809 2.789399154
682 0.0001984303595777589 2.793495188
683 0.0001971924084861584 2.797591222
684 0.0001959827291850441 2.801687256
685 0.0001947993249979355 2.80578329
686 0.0001936381078338861 2.809879324
687 0.0001924975893195026 2.813975358
688 0.0001913771610602564 2.818071392
689 0.0001902761889056121 2.822167426
690 0.0001891938952812705 2.82626346
691 0.0001881288117234985 2.830359494
692 0.0001870791783605054 2.834455528
693 0.0001860450268523386 2.838551562
694 0.0001850262221641462 2.842647596
695 0.0001840221775727555 2.84674363
696 0.0001830319823873625 2.850839664
697 0.0001820545743187591 2.854935698
698 0.0001810888776245804 2.859031732
699 0.0001801338833524855 2.863127766
700 0.0001791886980494695 2.8672238
701 0.0001782525555041114 2.871319834
702 0.0001773248212716254 2.875415868
703 0.0001764049862068315 2.879511902
704 0.0001754926588653074 2.883607936
705 0.0001745875580473493 2.88770397
706 0.0001736894899796987 2.891800004
707 0.0001727983440706435 2.895896038
708 0.0001719140776106485 2.899992072
709 0.0001710366964782395 2.904088106
710 0.0001701662282829244 2.90818414
711 0.0001693028165537667 2.912280174
712 0.000168446515114396 2.916376208
713 0.0001675973286455351 2.920472242
714 0.0001667557769025929 2.924568276
715 0.0001659223946085457 2.92866431
716 0.0001650978294121063 2.932760344
717 0.00016428261501314 2.936856378
718 0.0001634768798221898 2.940952412
719 0.0001626807592692616 2.945048446
720 0.0001618945632441787 2.94914448
721 0.0001611182305092008 2.953240514
722 0.0001603514165186465 2.957336548
723 0.0001595938176517162 2.961432582
724 0.0001588451416424951 2.965528616
725 0.0001581051164375167 2.96962465
726 0.0001573734620114222 2.973720684
727 0.0001566499048335301 2.977816718
728 0.000155934180046082 2.981912752
729 0.0001552259458965381 2.986008786
730 0.0001545248791490508 2.99010482
731 0.000153830349448894 2.994200854
732 0.0001531413984031817 2.998296888
733 0.0001524562792940724 3.002392922
734 0.0001517722640351325 3.006488956
735 0.0001510854517867488 3.01058499
736 0.000150390756223749 3.014681024
737 0.0001496826907124946 3.018777058
738 0.0001489561636065241 3.022873092
739 0.0001482131160859994 3.026969126
740 0.0001474553401209308 3.03106516
741 0.0001466895423969305 3.035161194
742 0.0001459238820250144 3.039257228
743 0.00014516675161192 3.043353262
744 0.000144426103479408 3.047449296
745 0.0001437089044231239 3.05154533
746 0.0001430213909139401 3.055641364
747 0.0001423693458595286 3.059737398
748 0.0001417579516547716 3.063833432
749 0.000141191114223587 3.067929466
750 0.0001406708284231671 3.0720255
751 0.0001401978570897235 3.076121534
752 0.0001397723453476771 3.080217568
753 0.0001393941645265013 3.084313602
754 0.0001390627472042898 3.088409636
755 0.0001387769784288585 3.09250567
756 0.0001385350938241814 3.096601704
757 0.0001383345930169081 3.100697738
758 0.0001381724244077175 3.104793772
759 0.0001380450816040439 3.108889806
760 0.000137948996749024 3.11298584
761 0.0001378807339330464 3.117081874
762 0.0001378370041187659 3.121177908
763 0.0001378146973377772 3.125273942
764 0.0001378109202082181 3.129369976
765 0.0001378229110652829 3.13346601
766 0.0001378479219676516 3.137562044
767 0.0001378831480436214 3.141658078
768 0.000137925655045998 3.145754112
769 0.0001379723214362241 3.149850146
770 0.000138019824650586 3.15394618
771 0.000138064671635306 3.158042214
772 0.0001381032777507228 3.162138248
773 0.0001381320570819 3.166234282
774 0.0001381475413451008 3.170330316
775 0.0001381464982301559 3.17442635
776 0.000138126041232285 3.178522384
777 0.0001380837205206087 3.182618418
778 0.000138017563253157 3.186714452
779 0.0001379261089372933 3.190810486
780 0.0001378083849651238 3.19490652
781 0.0001376638863194412 3.199002554
782 0.0001374925423604945 3.203098588
783 0.0001372946402355125 3.207194622
784 0.0001370705979248853 3.211290656
785 0.0001368211608347036 3.21538669
786 0.0001365471127438395 3.219482724
787 0.0001362493869402184 3.223578758
788 0.000135929333494498 3.227674792
789 0.0001355886405349218 3.231770826
790 0.0001352296165846261 3.23586686
791 0.0001348548827400995 3.239962894
792 0.0001344649540193012 3.244058928
793 0.0001340580824172594 3.248154962
794 0.0001336316151587895 3.252250996
795 0.0001331829631781915 3.25634703
796 0.0001327095880981437 3.260443064
797 0.0001322090302262637 3.264539098
798 0.0001316790222042358 3.268635132
799 0.0001311178167002014 3.272731166
800 0.0001305243828612221 3.2768272
801 0.0001298991728634135 3.280923234
802 0.0001292444281594087 3.285019268
803 0.0001285635165886155 3.289115302
804 0.0001278605800672359 3.293211336
805 0.0001271406466274476 3.29730737
806 0.0001264093264250252 3.301403404
807 0.0001256723701590576 3.305499438
808 0.0001249352575839472 3.309595472
809 0.0001242029333441392 3.313691506
810 0.0001234796937940658 3.31778754
811 0.000122769135839729 3.321883574
812 0.0001220741434073045 3.325979608
813 0.0001213969045486718 3.330075642
814 0.0001207389590962518 3.334171676
815 0.0001201012530743337 3.33826771
816 0.0001194842117498608 3.342363744
817 0.000118887814334977 3.346459778
818 0.0001183116763383788 3.350555812
819 0.0001177551291234888 3.354651846
820 0.0001172173038766936 3.35874788
821 0.000116697165303552 3.362843914
822 0.000116193583896054 3.366939948
823 0.0001157054247769943 3.371035982
824 0.0001152314508850794 3.375132016
825 0.0001147703835560199 3.37922805
826 0.0001143210406079147 3.383324084
827 0.0001138823380557345 3.387420118
828 0.0001134532828049558 3.391516152
829 0.0001130329674251096 3.395612186
830 0.0001126205595464216 3.39970822
831 0.000112215284575534 3.403804254
832 0.0001118164362547984 3.407900288
833 0.0001114233713910955 3.411996322
834 0.0001110354565570488 3.416092356
835 0.0001106520168654582 3.42018839
836 0.0001102725416458975 3.424284424
837 0.0001098965107244272 3.428380458
838 0.0001095233003070739 3.432476492
839 0.0001091524419528497 3.436572526
840 0.0001087834250510876 3.44066856
841 0.0001084155884419484 3.444764594
842 0.0001080482963050808 3.448860628
843 0.0001076809577906085 3.452956662
844 0.0001073130170242934 3.457052696
845 0.0001069439452128382 3.46114873
846 0.0001065732597552286 3.465244764
847 0.0001062005232947501 3.469340798
848 0.0001058252818956912 3.473436832
849 0.0001054471514822187 3.477532866
850 0.0001050658668462129 3.4816289
851 0.0001046812196489064 3.485724934
852 0.0001042930464619945 3.489820968
853 0.0001039012362389862 3.493917002
854 0.000103505735891005 3.498013036
855 0.0001031065529318727 3.50210907
856 0.0001027037552213243 3.506205104
857 0.0001022974682849741 3.510301138
858 0.000101887870924752 3.514397172
859 0.0001014751890876162 3.518493206
860 0.000101059687850519 3.52258924
861 0.000100641663544637 3.526685274
862 0.0001002214346283967 3.530781308
863 9.979933341464642e-05 3.534877342
864 9.937570111449731e-05 3.538973376
865 9.89508776076071e-05 3.54306941
866 9.852520015690263e-05 3.547165444
867 9.809899875469876e-05 3.551261478
868 9.767258528150315e-05 3.555357512
869 9.724626787633431e-05 3.559453546
870 9.682034287860306e-05 3.56354958
871 9.639507700808098e-05 3.567645614
872 9.597076231367675e-05 3.571741648
873 9.554766699298118e-05 3.575837682
874 9.512598775482075e-05 3.579933716
875 9.470580697963967e-05 3.58402975
876 9.428718715523864e-05 3.588125784
877 9.387018234249861e-05 3.592221818
878 9.345483267758963e-05 3.596317852
879 9.304116133929955e-05 3.600413886
880 9.262917592820512e-05 3.60450992
881 9.221886595337905e-05 3.608605954
882 9.181022166412902e-05 3.612701988
883 9.140322242529681e-05 3.616798022
884 9.099783891791255e-05 3.620894056
885 9.059403638802983e-05 3.62499009
886 9.01917824809414e-05 3.629086124
887 8.979105218349694e-05 3.633182158
888 8.93918186038638e-05 3.637278192
889 8.899405966394832e-05 3.641374226
890 8.859775143953991e-05 3.64547026
891 8.820284932659466e-05 3.649566294
892 8.780928151626985e-05 3.653662328
893 8.741692873520072e-05 3.657758362
894 8.702562511861014e-05 3.661854396
895 8.6635134486156e-05 3.66595043
896 8.62451237694753e-05 3.670046464
897 8.585512022902763e-05 3.674142498
898 8.546444270198798e-05 3.678238532
899 8.507215285341847e-05 3.682334566
900 8.467696732944293e-05 3.6864306
901 8.427727362961047e-05 3.690526634
902 8.387091184927409e-05 3.694622668
903 8.345528740715624e-05 3.698718702
904 8.302809010451976e-05 3.702814736
905 8.258796761617246e-05 3.70691077
906 8.213499231400276e-05 3.711006804
907 8.16707381292964e-05 3.715102838
908 8.119792009915471e-05 3.719198872
909 8.071980886320539e-05 3.723294906
910 8.023974075109436e-05 3.72739094
911 7.976084497235189e-05 3.731486974
912 7.928593458195405e-05 3.735583008
913 7.881750008825361e-05 3.739679042
914 7.83577024300741e-05 3.743775076
915 7.790834735069035e-05 3.74787111
916 7.747089173715551e-05 3.751967144
917 7.704646848369375e-05 3.756063178
918 7.663594728363005e-05 3.760159212
919 7.623992120356268e-05 3.764255246
920 7.585870390576987e-05 3.76835128
921 7.549245438362007e-05 3.772447314
922 7.514126257198658e-05 3.776543348
923 7.480538466549606e-05 3.780639382
924 7.448546028976767e-05 3.784735416
925 7.418253200373085e-05 3.78883145
926 7.389781526542352e-05 3.792927484
927 7.363235825674807e-05 3.797023518
928 7.338682126343808e-05 3.801119552
929 7.316137745270279e-05 3.805215586
930 7.2955897341266e-05 3.80931162
931 7.277035034497079e-05 3.813407654
932 7.260500862389644e-05 3.817503688
933 7.246036466652986e-05 3.821599722
934 7.233693124385966e-05 3.825695756
935 7.223505833466104e-05 3.82979179
936 7.215484321008917e-05 3.833887824
937 7.209612425660061e-05 3.837983858
938 7.205853613542231e-05 3.842079892
939 7.204155028179096e-05 3.846175926
940 7.204452180756731e-05 3.85027196
941 7.20667361084698e-05 3.854367994
942 7.210742823004641e-05 3.858464028
943 7.216578760223729e-05 3.862560062
944 7.224094177266052e-05 3.866656096
945 7.233195679128481e-05 3.87075213
946 7.243780555372347e-05 3.874848164
947 7.255734295416534e-05 3.878944198
948 7.268927355810077e-05 3.883040232
949 7.283211335910593e-05 3.887136266
950 7.298418693199361e-05 3.8912323
951 7.314358293831702e-05 3.895328334
952 7.330821631318974e-05 3.899424368
953 7.347588958840226e-05 3.903520402
954 7.364431670854131e-05 3.907616436
955 7.381094518855362e-05 3.91171247
956 7.39733574395695e-05 3.915808504
957 7.412947620010679e-05 3.919904538
958 7.427736982325304e-05 3.924000572
959 7.441526313823967e-05 3.928096606
960 7.454158388054467e-05 3.93219264
961 7.465499698742488e-05 3.936288674
962 7.475443506552386e-05 3.940384708
963 7.483908166753715e-05 3.944480742
964 7.490832485179032e-05 3.948576776
965 7.496176780581299e-05 3.95267281
966 7.499928800541229e-05 3.956768844
967 7.50210001590223e-05 3.960864878
968 7.502687124612284e-05 3.964960912
969 7.501678730191851e-05 3.969056946
970 7.499099478746747e-05 3.97315298
971 7.495024328993891e-05 3.977249014
972 7.489563037761444e-05 3.981345048
973 7.482835925093833e-05 3.985441082
974 7.474975954952252e-05 3.989537116
975 7.466039204025105e-05 3.99363315
976 7.455962773112775e-05 3.997729184
977 7.444605482318946e-05 4.001825218
978 7.431815059713311e-05 4.005921252
979 7.417444957982421e-05 4.010017286
980 7.401359348818481e-05 4.01411332
981 7.383437090025066e-05 4.018209354
982 7.363582363111285e-05 4.022305388
983 7.341734858630912e-05 4.026401422
984 7.317876461335551e-05 4.030497456
985 7.292037491007124e-05 4.03459349
986 7.26430227595327e-05 4.038689524
987 7.23480559061893e-05 4.042785558
988 7.203728034209431e-05 4.046881592
989 7.171286922399207e-05 4.050977626
990 7.137722920901377e-05 4.05507366
991 7.103286785310472e-05 4.059169693999999
992 7.068231485892084e-05 4.063265728
993 7.032798272178789e-05 4.067361762
994 6.997204207616761e-05 4.071457796
995 6.961639494962805e-05 4.07555383
996 6.926266621510281e-05 4.079649864
997 6.891219997547571e-05 4.083745898
998 6.856606596775358e-05 4.087841932
999 6.82250734946464e-05 4.091937966
1000 6.788979355537663e-05 4.096034
1001 6.756058758767502e-05 4.100130034
1002 6.723764055148954e-05 4.104226068
1003 6.69209944241942e-05 4.108322102
1004 6.661057482682987e-05 4.112418136
1005 6.630623060946073e-05 4.11651417
1006 6.600776422643992e-05 4.120610204
1007 6.571493659788765e-05 4.124706238
1008 6.542748437062721e-05 4.128802272
1009 6.514518810965006e-05 4.132898306
1010 6.486787441565395e-05 4.13699434
1011 6.459529745746339e-05 4.141090374
1012 6.432723739598287e-05 4.145186408
1013 6.406352833412867e-05 4.149282442
1014 6.380405400273109e-05 4.153378476
1015 6.354874262837674e-05 4.15747451
1016 6.329756000961327e-05 4.161570544
1017 6.305050105537869e-05 4.165666578
1018 6.280758273005385e-05 4.169762612
1019 6.256883630198106e-05 4.173858646
1020 6.233430065234638e-05 4.17795468
1021 6.210401519617776e-05 4.182050714
1022 6.187801424132651e-05 4.186146748
1023 6.165632405314716e-05 4.190242782
1024 6.143895952061345e-05 4.194338816
1025 6.122592397653208e-05 4.19843485
1026 6.101720630969778e-05 4.202530884
1027 6.081277873103621e-05 4.206626918
1028 6.061260186239219e-05 4.210722952
1029 6.0416624986098e-05 4.214818986
1030 6.022478287456185e-05 4.21891502
1031 6.003698950758385e-05 4.223011054
1032 5.98531593947241e-05 4.227107088
1033 5.967321496333734e-05 4.231203122
1034 5.949707141947843e-05 4.235299156
1035 5.93246370235448e-05 4.23939519
1036 5.915581382258319e-05 4.243491224
1037 5.899049883909461e-05 4.247587258
1038 5.882858793372549e-05 4.251683292
1039 5.866997442310505e-05 4.255779326
1040 5.851454998720536e-05 4.25987536
1041 5.836220380880761e-05 4.263971394
1042 5.821282396866069e-05 4.268067428
1043 5.806629757108189e-05 4.272163462
1044 5.792251101218714e-05 4.276259496
1045 5.778134958185594e-05 4.28035553
1046 5.764269783569561e-05 4.284451564
1047 5.750644109772598e-05 4.288547598
1048 5.737246380182659e-05 4.292643632
1049 5.724064870450716e-05 4.296739666
1050 5.71108759320667e-05 4.3008357
1051 5.698303321745192e-05 4.304931734
1052 5.685700690970606e-05 4.309027768
1053 5.673267845714726e-05 4.313123802
1054 5.660992301086845e-05 4.317219836
1055 5.648865659387769e-05 4.32131587
1056 5.636878178910363e-05 4.325411904
1057 5.625016339138096e-05 4.329507938
1058 5.61326490671793e-05 4.333603972
1059 5.601608946802451e-05 4.337700006
1060 5.59003407214651e-05 4.34179604
1061 5.578526338646461e-05 4.345892074
1062 5.56707214318715e-05 4.349988108
1063 5.555658155694036e-05 4.354084142
1064 5.544271328155215e-05 4.358180176
1065 5.532898889107955e-05 4.36227621
1066 5.521528297351695e-05 4.366372244
1067 5.510147329428796e-05 4.370468278
1068 5.498744233863673e-05 4.374564312
1069 5.487307834939246e-05 4.378660346
1070 5.475827430719369e-05 4.38275638
1071 5.464292640882762e-05 4.386852414
1072 5.452693762329198e-05 4.390948448
1073 5.441022118603984e-05 4.395044482
1074 5.429269984757646e-05 4.399140516
1075 5.417429151143126e-05 4.40323655
1076 5.405491887103707e-05 4.407332584
1077 5.393451131999523e-05 4.411428618
1078 5.381300465611493e-05 4.415524652
1079 5.369033983887338e-05 4.419620686
1080 5.356646170544145e-05 4.42371672
1081 5.344131760961658e-05 4.427812754
1082 5.33148574810974e-05 4.431908788
1083 5.318703277853726e-05 4.436004822
1084 5.305779347036347e-05 4.440100856
1085 5.292708871798835e-05 4.44419689
1086 5.279486677032297e-05 4.448292924
1087 5.266107656498763e-05 4.452388958
1088 5.252566516364187e-05 4.456484992
1089 5.238857789886984e-05 4.460581026
1090 5.224976094340233e-05 4.46467706
1091 5.210916147857157e-05 4.468773094
1092 5.196672804079683e-05 4.472869128
1093 5.182241118002472e-05 4.476965162
1094 5.167616691974878e-05 4.481061196
1095 5.152795366261675e-05 4.48515723
1096 5.137773494198183e-05 4.489253264
1097 5.122548059971946e-05 4.493349298
1098 5.107116793968008e-05 4.497445332
1099 5.091478153206515e-05 4.501541366
1100 5.075631490185716e-05 4.5056374
1101 5.059577043934646e-05 4.509733434
1102 5.043316008632473e-05 4.513829468
1103 5.026850530482678e-05 4.517925502
1104 5.010183795756658e-05 4.522021536
1105 4.993319985019173e-05 4.52611757
1106 4.976264208415284e-05 4.530213604
1107 4.959022411484316e-05 4.534309638
1108 4.941601630996984e-05 4.538405672
1109 4.924009425032043e-05 4.542501706
1110 4.906253996604127e-05 4.54659774
1111 4.888344199606813e-05 4.550693774
1112 4.870289449230939e-05 4.554789808
1113 4.85210016351373e-05 4.558885842
1114 4.833786662650949e-05 4.562981876
1115 4.81535950326921e-05 4.56707791
1116 4.796829551618985e-05 4.571173944
1117 4.778207807524863e-05 4.575269978
1118 4.759505445551815e-05 4.579366012
1119 4.740733891740322e-05 4.583462046
1120 4.721904254121154e-05 4.58755808
1121 4.703027995711516e-05 4.591654114
1122 4.684115923666563e-05 4.595750148
1123 4.665178063163658e-05 4.599846182
1124 4.646224294339298e-05 4.603942216
1125 4.62726426519349e-05 4.60803825
1126 4.608307488785757e-05 4.612134284
1127 4.589363297348195e-05 4.616230318
1128 4.570440797829611e-05 4.620326352
1129 4.551548889237058e-05 4.624422386
1130 4.532696313928021e-05 4.62851842
1131 4.51389179889364e-05 4.632614454
1132 4.49514427034441e-05 4.636710488
1133 4.476463470170297e-05 4.640806522
1134 4.457860252947455e-05 4.644902556
1135 4.439348608047545e-05 4.64899859
1136 4.420942587656396e-05 4.653094624
1137 4.402654169592036e-05 4.657190658
1138 4.384493080888783e-05 4.661286692
1139 4.366465304365711e-05 4.665382726
1140 4.34856935203063e-05 4.66947876
1141 4.330796861977462e-05 4.673574794
1142 4.313129642985956e-05 4.677670828
1143 4.29553824718094e-05 4.681766862
1144 4.27798034554393e-05 4.685862896
1145 4.260397359993998e-05 4.68995893
1146 4.242713021333314e-05 4.694054964
1147 4.224835676778658e-05 4.698150998
1148 4.206665235933083e-05 4.702247032
1149 4.188105390920796e-05 4.706343066
1150 4.169077828478061e-05 4.7104391
1151 4.149532736499037e-05 4.714535134
1152 4.12945298049872e-05 4.718631168
1153 4.108854018362699e-05 4.722727202
1154 4.087778758848651e-05 4.726823236
1155 4.066286357944205e-05 4.73091927
1156 4.044440595381845e-05 4.735015304
1157 4.022311358911308e-05 4.739111338
1158 3.999973394426552e-05 4.743207372
1159 3.977501276635634e-05 4.747303406
1160 3.954966537287389e-05 4.75139944
1161 3.932436596086636e-05 4.755495474
1162 3.909974095361461e-05 4.759591508
1163 3.887637960923008e-05 4.763687542
1164 3.865481748484417e-05 4.767783576
1165 3.843552410240462e-05 4.77187961
1166 3.821890355591082e-05 4.775975644
1167 3.80052968499377e-05 4.780071678
1168 3.779498615958063e-05 4.784167712
1169 3.758819711849334e-05 4.788263746
1170 3.738510369128866e-05 4.79235978
1171 3.71858344633412e-05 4.796455814
1172 3.699047921047435e-05 4.800551848
1173 3.679909343934438e-05 4.804647882
1174 3.661170264475188e-05 4.808743916
1175 3.64283083276283e-05 4.81283995
1176 3.624889388155982e-05 4.816935984
1177 3.607343082529503e-05 4.821032018
1178 3.590188808162182e-05 4.825128052
1179 3.573422348350085e-05 4.829224086
1180 3.557038566286549e-05 4.83332012
1181 3.541030664897318e-05 4.837416154
1182 3.525389018415182e-05 4.841512188
1183 3.510103182858838e-05 4.845608222
1184 3.495165551539376e-05 4.849704256
1185 3.480574998123594e-05 4.85380029
1186 3.466337829983192e-05 4.857896324
1187 3.452467466516292e-05 4.861992358
1188 3.438982768088149e-05 4.866088392
1189 3.42590555995572e-05 4.870184426
1190 3.41325792362057e-05 4.87428046
1191 3.401059691369569e-05 4.878376494
1192 3.389324517520212e-05 4.882472528
1193 3.37805691878809e-05 4.886568562
1194 3.367254326013765e-05 4.890664596
1195 3.35691372547468e-05 4.89476063
1196 3.347035974380398e-05 4.898856664
1197 3.33762720582621e-05 4.902952698
1198 3.328698750217829e-05 4.907048732
1199 3.320266504535438e-05 4.911144766
1200 3.312350130441501e-05 4.9152408
1201 3.304972592644069e-05 4.919336834
1202 3.298157894570023e-05 4.923432868
1203 3.291929815537313e-05 4.927528902
1204 3.28631114383781e-05 4.931624936
1205 3.281323441929815e-05 4.93572097
1206 3.276985525301873e-05 4.939817004
1207 3.273315549971643e-05 4.943913038
1208 3.270328997399745e-05 4.948009072
1209 3.268038434286728e-05 4.952105106
1210 3.266453973663913e-05 4.95620114
1211 3.265583338541444e-05 4.960297174
1212 3.265431230565458e-05 4.964393208
1213 3.265998642695434e-05 4.968489242
1214 3.267282702463197e-05 4.972585276
1215 3.269276634499708e-05 4.97668131
1216 3.271969749097717e-05 4.980777344
1217 3.275346953652753e-05 4.984873378
1218 3.279388035884176e-05 4.988969412
1219 3.284067029979416e-05 4.993065446
1220 3.28935176642071e-05 4.99716148
1221 3.295203392454372e-05 5.001257514
1222 3.301576090326917e-05 5.005353548
1223 3.308417085041742e-05 5.009449582
1224 3.315667081846731e-05 5.013545616
1225 3.323260822019105e-05 5.01764165
1226 3.331128214419536e-05 5.021737684
1227 3.339195465245289e-05 5.025833718
1228 3.347386672595925e-05 5.029929752
1229 3.355625953596829e-05 5.034025786
1230 3.363839594398642e-05 5.03812182
1231 3.371957694448997e-05 5.042217854
1232 3.379915845564024e-05 5.046313888
1233 3.387656591305959e-05 5.050409922
1234 3.395130398550224e-05 5.054505956
1235 3.402296504785784e-05 5.05860199
1236 3.409121911979055e-05 5.062698024
1237 3.415580835315586e-05 5.066794058
1238 3.42165438213384e-05 5.070890092
1239 3.427332536758798e-05 5.074986126
1240 3.432616063005119e-05 5.07908216
1241 3.437510085890559e-05 5.083178194
1242 3.44201184897906e-05 5.087274228
1243 3.446121189156956e-05 5.091370262
1244 3.449833584643053e-05 5.095466296
1245 3.453168345282933e-05 5.09956233
1246 3.456167441599401e-05 5.103658364
1247 3.458870967229733e-05 5.107754398
1248 3.461318379107129e-05 5.111850432
1249 3.463548820967361e-05 5.115946466
1250 3.465605199478539e-05 5.1200425
1251 3.467518359855207e-05 5.124138534
1252 3.46928344770849e-05 5.128234568
1253 3.470884655390595e-05 5.132330602
1254 3.4723027213986e-05 5.136426636
1255 3.47351905195741e-05 5.14052267
1256 3.474514904367152e-05 5.144618704
1257 3.475271823367885e-05 5.148714738
1258 3.475771999433572e-05 5.152810772
1259 3.475998829412552e-05 5.156906806
1260 3.475936704668275e-05 5.16100284
1261 3.475572427263087e-05 5.165098874
1262 3.47489576357272e-05 5.169194908
1263 3.473899712929425e-05 5.173290942
1264 3.472580669591065e-05 5.177386976
1265 3.470938432638787e-05 5.18148301
1266 3.468976043680961e-05 5.185579044
1267 3.466699461959806e-05 5.189675078
1268 3.464117102153729e-05 5.193771112
1269 3.461239247095105e-05 5.197867146
1270 3.458077421589193e-05 5.20196318
1271 3.454643715332658e-05 5.206059214
1272 3.450950165861738e-05 5.210155248
1273 3.447008191223116e-05 5.214251282
1274 3.442828116511699e-05 5.218347316
1275 3.438418795066572e-05 5.22244335
1276 3.433787351406241e-05 5.226539384
1277 3.42893902074178e-05 5.230635418
1278 3.423877146386028e-05 5.234731452
1279 3.418603268084556e-05 5.238827486
1280 3.413117245105114e-05 5.24292352
1281 3.407417454855609e-05 5.247019554
1282 3.401501045278827e-05 5.251115588
1283 3.395364249218053e-05 5.255211622
1284 3.389002684467557e-05 5.259307656
1285 3.382411694855043e-05 5.26340369
1286 3.375586595974718e-05 5.267499724
1287 3.368522961372961e-05 5.271595758
1288 3.361216890621295e-05 5.275691792
1289 3.353665362361729e-05 5.279787826
1290 3.345866462936292e-05 5.28388386
1291 3.337819247298363e-05 5.287979894
1292 3.329523787454423e-05 5.292075928
1293 3.320981838864927e-05 5.296171962
1294 3.312197105991326e-05 5.300267996
1295 3.303176034671464e-05 5.30436403
1296 3.293925637596145e-05 5.308460064
1297 3.28445285058477e-05 5.312556098
1298 3.274765883607255e-05 5.316652132
1299 3.264874765198442e-05 5.320748166
1300 3.254791106400166e-05 5.3248442
1301 3.24452790671083e-05 5.328940234
1302 3.234099211170624e-05 5.333036268
1303 3.223519867721639e-05 5.337132302
1304 3.212805296876906e-05 5.341228336
1305 3.20197138714381e-05 5.34532437
1306 3.19103425451706e-05 5.349420404
1307 3.180010012645068e-05 5.353516438
1308 3.16891468672501e-05 5.357612472
1309 3.157763955107165e-05 5.361708506
1310 3.146572977597993e-05 5.36580454
1311 3.135356319436807e-05 5.369900574
1312 3.124127829827221e-05 5.373996608
1313 3.112900546361671e-05 5.378092642
1314 3.101686617758186e-05 5.382188676
1315 3.090497280163996e-05 5.38628471
1316 3.079343013041265e-05 5.390380744
1317 3.068233540737274e-05 5.394476778
1318 3.057177703488669e-05 5.398572812
1319 3.046183331013059e-05 5.402668846
1320 3.035257302745389e-05 5.40676488
1321 3.024405727306335e-05 5.410860914
1322 3.013635572663361e-05 5.414956948
1323 3.002952469415358e-05 5.419052982
1324 2.992360551562449e-05 5.423149016
1325 2.981862408575954e-05 5.42724505
1326 2.971460212317108e-05 5.431341084
1327 2.961155749617366e-05 5.435437118
1328 2.950950448528989e-05 5.439533152
1329 2.940845382336174e-05 5.443629186
1330 2.930841277570857e-05 5.44772522
1331 2.920938568722458e-05 5.451821254
1332 2.911137394710831e-05 5.455917288
1333 2.901437622102938e-05 5.460013322
1334 2.89183887338153e-05 5.464109356
1335 2.882340535736445e-05 5.46820539
1336 2.872941846431946e-05 5.472301424
1337 2.863641973876104e-05 5.476397458
1338 2.854440007604399e-05 5.480493492
1339 2.845335064249189e-05 5.484589526
1340 2.836326301582662e-05 5.48868556
1341 2.8274129876531e-05 5.492781594
1342 2.818594577892077e-05 5.496877628
1343 2.80987071416104e-05 5.500973662
1344 2.801241278405465e-05 5.505069696
1345 2.792706365897917e-05 5.50916573
1346 2.784266298215894e-05 5.513261764
1347 2.77592162002979e-05 5.517357798
1348 2.767673035077665e-05 5.521453832
1349 2.759521415313001e-05 5.525549866
1350 2.751467731740471e-05 5.5296459
1351 2.743512990672155e-05 5.533741934
1352 2.735658182291271e-05 5.537837968
1353 2.727904283683219e-05 5.541934002
1354 2.720252208678425e-05 5.546030036
1355 2.71270276566865e-05 5.55012607
1356 2.705256636104424e-05 5.554222104
1357 2.697914362137221e-05 5.558318138
1358 2.69067635709146e-05 5.562414172
1359 2.683542847201469e-05 5.566510206
1360 2.676513886272352e-05 5.57060624
1361 2.669589366193399e-05 5.574702274
1362 2.662769028438562e-05 5.578798308
1363 2.656052487898619e-05 5.582894342
1364 2.649439248106575e-05 5.586990376
1365 2.642928682478953e-05 5.59108641
1366 2.636520037518963e-05 5.595182444
1367 2.63021244468328e-05 5.599278478
1368 2.624005022992163e-05 5.603374512
1369 2.617897033350893e-05 5.607470546
1370 2.611887540103318e-05 5.61156658
1371 2.605975382698745e-05 5.615662614
1372 2.600159191488501e-05 5.619758648
1373 2.594437682153861e-05 5.623854682
1374 2.588809693855772e-05 5.627950716
1375 2.58327420698722e-05 5.63204675
1376 2.577830321842561e-05 5.636142784
1377 2.572477220462253e-05 5.640238818
1378 2.567214127965609e-05 5.644334852
1379 2.562040258280904e-05 5.648430886
1380 2.55695477357329e-05 5.65252692
1381 2.551956770906888e-05 5.656622954
1382 2.547045308473215e-05 5.660718988
1383 2.542219435448337e-05 5.664815022
1384 2.537478237561003e-05 5.668911056
1385 2.532820854746301e-05 5.67300709
1386 2.528246493488187e-05 5.677103124
1387 2.523754422265056e-05 5.681199158
1388 2.519343942878793e-05 5.685295192
1389 2.515014478049504e-05 5.689391226
1390 2.510765549171021e-05 5.69348726
1391 2.5065969560239e-05 5.697583294
1392 2.502508664345105e-05 5.701679328
1393 2.498500755359612e-05 5.705775362
1394 2.494573286046867e-05 5.709871396
1395 2.490726332812706e-05 5.71396743
1396 2.486959889461657e-05 5.718063464
1397 2.483273915551438e-05 5.722159498
1398 2.47966834496501e-05 5.726255532
1399 2.476143062922733e-05 5.730351566
1400 2.472697972440082e-05 5.7344476
1401 2.469332947472283e-05 5.738543634
1402 2.466047864781827e-05 5.742639668
1403 2.462842535385151e-05 5.746735702
1404 2.4597167522249e-05 5.750831736
1405 2.456670280629308e-05 5.75492777
1406 2.453702864566766e-05 5.759023804
1407 2.450814206960226e-05 5.763119838
1408 2.448003958939901e-05 5.767215872
1409 2.445271704450435e-05 5.771311906
1410 2.442616956555924e-05 5.77540794
1411 2.440039162115546e-05 5.779503974
1412 2.437537655143069e-05 5.783600008
1413 2.435111671061581e-05 5.787696042
1414 2.432760315710125e-05 5.791792076
1415 2.430482573899169e-05 5.79588811
1416 2.428277276624025e-05 5.799984144
1417 2.426143119110017e-05 5.804080178
1418 2.424078650251347e-05 5.808176212
1419 2.422082227325038e-05 5.812272246
1420 2.420152037364836e-05 5.81636828
1421 2.418286117329093e-05 5.820464314
1422 2.416482270266257e-05 5.824560348
1423 2.414738148577555e-05 5.828656382
1424 2.413051234461122e-05 5.832752416
1425 2.411418901132739e-05 5.83684845
1426 2.409838343037392e-05 5.840944484
1427 2.408306616613437e-05 5.845040518
1428 2.406820592393925e-05 5.849136552
1429 2.405376968302508e-05 5.853232586
1430 2.40397234493692e-05 5.85732862
1431 2.402603241980758e-05 5.861424654
1432 2.40126605984202e-05 5.865520688
1433 2.399957077935615e-05 5.869616722
1434 2.398672466882009e-05 5.873712756
1435 2.397408296298274e-05 5.87780879
1436 2.396160535869042e-05 5.881904824
1437 2.394925070613685e-05 5.886000858
1438 2.393697702792397e-05 5.890096892
1439 2.39247413908864e-05 5.894192926
1440 2.391249974895497e-05 5.89828896
1441 2.39002069244808e-05 5.902384994
1442 2.388781674902889e-05 5.906481028
1443 2.38752820283124e-05 5.910577062
1444 2.386255467614391e-05 5.914673096
1445 2.384958559669314e-05 5.91876913
1446 2.383632464557411e-05 5.922865164
1447 2.382272063488116e-05 5.926961198
1448 2.380872137593681e-05 5.931057232
1449 2.379427388548192e-05 5.935153266
1450 2.377932443459518e-05 5.9392493
1451 2.376381877763275e-05 5.943345334
1452 2.374770233563035e-05 5.947441368
1453 2.373092039314128e-05 5.951537402
1454 2.371341769529077e-05 5.955633436
1455 2.369513891614548e-05 5.95972947
1456 2.367602901680973e-05 5.963825504
1457 2.365603416511621e-05 5.967921538
1458 2.363510148191482e-05 5.972017572
1459 2.361317947342348e-05 5.976113606
1460 2.359021579409877e-05 5.98020964
1461 2.356616067695916e-05 5.984305674
1462 2.354096942646792e-05 5.988401708
1463 2.351460700022907e-05 5.992497742
1464 2.348703168009963e-05 5.996593776
1465 2.345820249957776e-05 6.00068981
1466 2.34280846505794e-05 6.004785844
1467 2.3396634768686e-05 6.008881878
1468 2.336381259709194e-05 6.012977912
1469 2.33295814397337e-05 6.017073946
1470 2.329390806675203e-05 6.02116998
1471 2.325676272669154e-05 6.025266014
1472 2.321811918485989e-05 6.029362048
1473 2.317795484624329e-05 6.033458082
1474 2.313625069959426e-05 6.037554116
1475 2.309299169847027e-05 6.04165015
1476 2.304816711451078e-05 6.045746184
1477 2.300177077860126e-05 6.049842218
1478 2.295380070693614e-05 6.053938252
1479 2.290426053694374e-05 6.058034286
1480 2.285315906973207e-05 6.06213032
1481 2.280050911645677e-05 6.066226354
1482 2.274632343644635e-05 6.070322388
1483 2.269061699146641e-05 6.074418422
1484 2.263340681231012e-05 6.078514456
1485 2.257470962149845e-05 6.08261049
1486 2.251454215533021e-05 6.086706524
1487 2.245291790483294e-05 6.090802558
1488 2.238984969352827e-05 6.094898592
1489 2.232535261599786e-05 6.098994626
1490 2.225944415240263e-05 6.10309066
1491 2.219214312401817e-05 6.107186694
1492 2.212347235362138e-05 6.111282728
1493 2.205345941963735e-05 6.115378762
1494 2.198213670230522e-05 6.119474796
1495 2.190954141215572e-05 6.12357083
1496 2.183571479824072e-05 6.127666864
1497 2.176070255919286e-05 6.131762898
1498 2.168455616280163e-05 6.135858932
1499 2.160732968963768e-05 6.139954966
1500 2.15290759598681e-05 6.144051
1501 2.144985573406322e-05 6.148147034
1502 2.136974365337551e-05 6.152243068
1503 2.128882112760743e-05 6.156339102
1504 2.120717009791303e-05 6.160435136
1505 2.112487285000506e-05 6.16453117
1506 2.104200783189173e-05 6.168627204
1507 2.095864792874799e-05 6.172723238
1508 2.087486615856367e-05 6.176819272
1509 2.079073395422877e-05 6.180915306
1510 2.070631400945117e-05 6.18501134
1511 2.062166410942618e-05 6.189107374
1512 2.053683707277293e-05 6.193203408
1513 2.04518799049015e-05 6.197299442
1514 2.036683708015615e-05 6.201395476
1515 2.028175098702751e-05 6.20549151
1516 2.019666041636566e-05 6.209587544
1517 2.011160079160197e-05 6.213683578
1518 2.002660440520369e-05 6.217779612
1519 1.994170067610706e-05 6.221875646
1520 1.985691669192908e-05 6.22597168
1521 1.977227735147777e-05 6.230067714
1522 1.968780750793875e-05 6.234163748
1523 1.960352999135408e-05 6.238259782
1524 1.951946582897443e-05 6.242355816
1525 1.943563414505466e-05 6.24645185
1526 1.935205563612538e-05 6.250547884
1527 1.926875182320901e-05 6.254643918
1528 1.918574475368397e-05 6.258739952
1529 1.910305650438821e-05 6.262835986
1530 1.902071036310428e-05 6.26693202
1531 1.893873096138816e-05 6.271028054
1532 1.885714446218691e-05 6.275124088
1533 1.877597908804051e-05 6.279220122
1534 1.869526494979126e-05 6.283316156
1535 1.86150315554558e-05 6.28741219
1536 1.853530843395029e-05 6.291508224
1537 1.845612514856539e-05 6.295604258
1538 1.837751075070967e-05 6.299700292
1539 1.829949345774441e-05 6.303796326
1540 1.822209980865318e-05 6.30789236
1541 1.814535413191517e-05 6.311988394
1542 1.806927804541911e-05 6.316084428
1543 1.799388991132878e-05 6.320180462
1544 1.791920428873859e-05 6.324276496
1545 1.784523139744263e-05 6.32837253
1546 1.777197652820501e-05 6.332468564
1547 1.76994393899164e-05 6.336564598
1548 1.762761296505887e-05 6.340660632
1549 1.755648180662068e-05 6.344756666
1550 1.748601914808115e-05 6.3488527
1551 1.741618294812867e-05 6.352948734
1552 1.734691065348614e-05 6.357044768
1553 1.727811301256152e-05 6.361140802
1554 1.720966757099104e-05 6.365236836
1555 1.714141220411322e-05 6.36933287
1556 1.707313909417471e-05 6.373428904
1557 1.700459267701756e-05 6.377524938
1558 1.693547505621145e-05 6.381620972
1559 1.686546283370518e-05 6.385717006
1560 1.679423495274792e-05 6.38981304
1561 1.672150441786709e-05 6.393909074
1562 1.664704468721023e-05 6.398005108
1563 1.657070491935226e-05 6.402101142
1564 1.649241915575023e-05 6.406197176
1565 1.641221973995358e-05 6.41029321
1566 1.633020401303417e-05 6.414389244
1567 1.624649848112195e-05 6.418485278
1568 1.616125054886673e-05 6.422581312
1569 1.607462291300255e-05 6.426677346
1570 1.598678572542773e-05 6.43077338
1571 1.589791142299021e-05 6.434869414
1572 1.580817226948776e-05 6.438965448
1573 1.571773835595284e-05 6.443061482
1574 1.562677577921895e-05 6.447157516
1575 1.553544497325625e-05 6.45125355
1576 1.544389916790019e-05 6.455349584
1577 1.53522833278205e-05 6.459445618
1578 1.52607334471958e-05 6.463541652
1579 1.516937611439943e-05 6.467637686
1580 1.50783290522123e-05 6.47173372
1581 1.498770172588934e-05 6.475829754
1582 1.489759387192146e-05 6.479925788
1583 1.480809488674926e-05 6.484021822
1584 1.471928205872017e-05 6.488117856
1585 1.463122339128226e-05 6.49221389
1586 1.454397845079867e-05 6.496309924
1587 1.445759867873782e-05 6.500405958
1588 1.437212670208738e-05 6.504501992
1589 1.428759815588507e-05 6.508598026
1590 1.42040436227747e-05 6.51269406
1591 1.412148806743229e-05 6.516790094
1592 1.403995091824846e-05 6.520886128
1593 1.395944666963669e-05 6.524982162
1594 1.387998544470714e-05 6.529078196
1595 1.380157317840667e-05 6.53317423
1596 1.37242120014716e-05 6.537270264
1597 1.364790153135161e-05 6.541366298
1598 1.357263856432915e-05 6.545462332
1599 1.349841583343521e-05 6.549558366
1600 1.342522210067084e-05 6.5536544
1601 1.335304442377573e-05 6.557750434
1602 1.32818691373943e-05 6.561846468
1603 1.321168261346104e-05 6.565942502
1604 1.314247083961686e-05 6.570038536
1605 1.307422022581921e-05 6.57413457
1606 1.300691814846181e-05 6.578230604
1607 1.2940553499824e-05 6.582326638
1608 1.287511696929428e-05 6.586422672
1609 1.28106012460835e-05 6.590518706
1610 1.274700137529038e-05 6.59461474
1611 1.268431491167226e-05 6.598710774
1612 1.26225419190305e-05 6.602806808
1613 1.256168504658805e-05 6.606902842
1614 1.250174925129855e-05 6.610998876
1615 1.244274130910492e-05 6.61509491
1616 1.238466852880005e-05 6.619190944
1617 1.232753627947791e-05 6.623286978
1618 1.227134890778089e-05 6.627383012
1619 1.221611259432061e-05 6.631479046
1620 1.216183673518426e-05 6.63557508
1621 1.210853567709482e-05 6.639671114
1622 1.205623021877918e-05 6.643767148
1623 1.200494874432086e-05 6.647863182
1624 1.195472783431532e-05 6.651959216
1625 1.190561181018373e-05 6.65605525
1626 1.185765136594902e-05 6.660151284
1627 1.181090097040135e-05 6.664247318
1628 1.176541506610367e-05 6.668343352
1629 1.172124379410287e-05 6.672439386
1630 1.167842843559051e-05 6.67653542
1631 1.163699719539471e-05 6.680631454
1632 1.159696281069384e-05 6.684727488
1633 1.155832116687309e-05 6.688823522
1634 1.152105125423954e-05 6.692919556
1635 1.148511102412457e-05 6.69701559
1636 1.145043844795483e-05 6.701111624
1637 1.141696422873503e-05 6.705207658
1638 1.138461753768457e-05 6.709303692
1639 1.135332934014421e-05 6.713399726
1640 1.132303472696171e-05 6.71749576
1641 1.1293674758952e-05 6.721591794
1642 1.126519828871763e-05 6.725687828
1643 1.123756253058756e-05 6.729783862
1644 1.121073305428548e-05 6.733879896
1645 1.118468419606212e-05 6.73797593
1646 1.11593989336381e-05 6.742071964
1647 1.113486887602932e-05 6.746167998
1648 1.111109391020551e-05 6.750264032
1649 1.108808174540967e-05 6.754360066
1650 1.106584822999447e-05 6.7584561
1651 1.104441678583674e-05 6.762552134
1652 1.102381321543907e-05 6.766648168
1653 1.100406894119779e-05 6.770744202
1654 1.098522492235184e-05 6.774840236
1655 1.09673288102298e-05 6.77893627
1656 1.09504231741791e-05 6.783032304
1657 1.093454102114845e-05 6.787128338
1658 1.091973561379505e-05 6.791224372
1659 1.09060745619013e-05 6.795320406
1660 1.08936315473077e-05 6.79941644
1661 1.08824787366648e-05 6.803512474
1662 1.087268301760902e-05 6.807608508
1663 1.086430463228371e-05 6.811704542
1664 1.085739789416819e-05 6.815800576
1665 1.085201221287795e-05 6.81989661
1666 1.084819474548419e-05 6.823992644
1667 1.084598785206972e-05 6.828088678
1668 1.084542748139179e-05 6.832184712
1669 1.084654137529447e-05 6.836280746
1670 1.084935161634423e-05 6.84037678
1671 1.085387365931364e-05 6.844472814
1672 1.086011589937088e-05 6.848568848
1673 1.086807885427348e-05 6.852664882
1674 1.08777560624697e-05 6.856760916
1675 1.088913372431536e-05 6.86085695
1676 1.09021904640272e-05 6.864952984
1677 1.091689685467085e-05 6.869049018
1678 1.093321494426398e-05 6.873145052
1679 1.095109813831385e-05 6.877241086
1680 1.097049145735076e-05 6.88133712
1681 1.099133047574035e-05 6.885433154
1682 1.101354151494625e-05 6.889529188
1683 1.103704190204363e-05 6.893625222
1684 1.1061740459035e-05 6.897721256
1685 1.108753864673965e-05 6.90181729
1686 1.111433007335482e-05 6.905913324
1687 1.114200124558555e-05 6.910009358
1688 1.117043382576175e-05 6.914105392
1689 1.119950604357179e-05 6.918201426
1690 1.122909448222712e-05 6.92229746
1691 1.12590757147904e-05 6.926393494
1692 1.128932843085846e-05 6.930489528
1693 1.131973487879311e-05 6.934585562
1694 1.13501825316483e-05 6.938681596
1695 1.138056548748444e-05 6.94277763
1696 1.141078621734047e-05 6.946873664
1697 1.144075741657736e-05 6.950969698
1698 1.147040143149977e-05 6.955065732
1699 1.149964993162001e-05 6.959161766
1700 1.152844450266135e-05 6.9632578
1701 1.155673573800686e-05 6.967353834
1702 1.158448141829783e-05 6.971449868
1703 1.161164775740152e-05 6.975545902
1704 1.16382119950685e-05 6.979641936
1705 1.166416120994127e-05 6.98373797
1706 1.168949304672261e-05 6.987834004
1707 1.171421393191539e-05 6.991930038
1708 1.17383273773984e-05 6.996026072
1709 1.176183697127205e-05 7.000122106
1710 1.178474624405978e-05 7.00421814
1711 1.180704901006404e-05 7.008314174
1712 1.182873366346974e-05 7.012410208
1713 1.184981152536607e-05 7.016506242
1714 1.1870322127517e-05 7.020602276
1715 1.189032447774764e-05 7.02469831
1716 1.190987284398453e-05 7.028794344
1717 1.192901937184778e-05 7.032890378
1718 1.194781299143491e-05 7.036986412
1719 1.196630333934774e-05 7.041082446
1720 1.19845357109533e-05 7.04517848
1721 1.200254965126416e-05 7.049274514
1722 1.202037962093888e-05 7.053370548
1723 1.203805556724725e-05 7.057466582
1724 1.205560335858068e-05 7.061562616
1725 1.207304518451067e-05 7.06565865
1726 1.209039963996501e-05 7.069754684
1727 1.210768228922244e-05 7.073850718
1728 1.212490552024893e-05 7.077946752
1729 1.214207897524404e-05 7.082042786
1730 1.215920999622698e-05 7.08613882
1731 1.217630309043611e-05 7.090234854
1732 1.219335927820855e-05 7.094330888
1733 1.221037638526938e-05 7.098426922
1734 1.222735027297914e-05 7.102522956
1735 1.224427602783997e-05 7.10661899
1736 1.226114673388771e-05 7.110715024
1737 1.227795547248937e-05 7.114811058
1738 1.229469425157703e-05 7.118907092
1739 1.231134925529771e-05 7.123003126
1740 1.232790467082076e-05 7.12709916
1741 1.234434336973977e-05 7.131195194
1742 1.236064701218645e-05 7.135291228
1743 1.237679603962648e-05 7.139387262
1744 1.239276979758877e-05 7.143483296
1745 1.240854658837208e-05 7.14757933
1746 1.242410381572114e-05 7.151675364
1747 1.243941790887448e-05 7.155771398
1748 1.245446449107481e-05 7.159867432
1749 1.246921843593481e-05 7.163963466
1750 1.248365399548387e-05 7.1680595
1751 1.249774489800795e-05 7.172155534
1752 1.251146444105849e-05 7.176251568
1753 1.252478558423977e-05 7.180347602
1754 1.253768098258309e-05 7.184443636
1755 1.255012315191851e-05 7.18853967
1756 1.256208460074606e-05 7.192635704
1757 1.257353796937324e-05 7.196731738
1758 1.258445605932555e-05 7.200827772
1759 1.25948119610146e-05 7.204923806
1760 1.260457911905462e-05 7.20901984
1761 1.261373147335137e-05 7.213115874
1762 1.262224405010243e-05 7.217211908
1763 1.263009256517764e-05 7.221307942
1764 1.263725300925242e-05 7.225403976
1765 1.264370174209938e-05 7.22950001
1766 1.264941839609826e-05 7.233596044
1767 1.265438580702254e-05 7.237692078
1768 1.265858369405576e-05 7.241788112
