0 0 0
1 3.470193522548399e-72 0.000819207
2 3.228805172182769e-69 0.001638414
3 7.696667399067807e-67 0.002457621
4 1.796594294502696e-65 0.003276828
5 9.263826575171323e-64 0.004096035
6 1.627574868432524e-62 0.004915241999999999
7 1.999993026203861e-61 0.005734449
8 2.412647524158649e-60 0.006553656
9 2.856100880731198e-59 0.007372862999999999
10 7.188891003111011e-58 0.008192069999999999
11 7.278835093389302e-57 0.009011277
12 2.818701174117327e-56 0.009830484
13 2.931872426921226e-55 0.010649691
14 1.883911130159656e-53 0.011468898
15 2.143280652841281e-53 0.012288105
16 2.004688554248245e-52 0.013107312
17 1.779611985172075e-51 0.013926519
18 1.892484032968188e-50 0.014745726
19 2.216131015264919e-49 0.015564933
20 1.894451231373841e-48 0.01638414
21 1.257657214271985e-47 0.017203347
22 6.399422296001632e-47 0.018022554
23 2.364144666046399e-46 0.018841761
24 9.566950650361084e-46 0.019660968
25 4.522171898286074e-45 0.020480175
26 7.858425390140319e-44 0.021299382
27 1.148814001437173e-42 0.022118589
28 8.44122523218028e-42 0.022937796
29 4.601238459991968e-41 0.023757003
30 2.107605370629896e-40 0.02457621
31 8.28917144451419e-40 0.025395417
32 3.143837029499073e-39 0.026214624
33 7.648628645181358e-39 0.027033831
34 4.310195336377285e-39 0.027853038
35 9.369694850851601e-39 0.028672245
36 2.98661939480972e-37 0.029491452
37 5.826527998003341e-37 0.030310659
38 7.577166068039166e-39 0.031129866
39 3.089902275069363e-38 0.031949073
40 4.943607290180863e-37 0.03276828
41 1.889133149811346e-35 0.033587487
42 4.216451957248019e-35 0.034406694
43 1.253144241171249e-34 0.035225901
44 4.249713495762496e-34 0.036045108
45 1.581998710531232e-33 0.036864315
46 6.066638492922135e-33 0.037683522
47 2.374427194441941e-32 0.038502729
48 9.270090137134658e-32 0.039321936
49 3.576867185344083e-31 0.040141143
50 1.356018738355015e-30 0.04096035
51 5.039527358613458e-30 0.041779557
52 1.834838058054872e-29 0.042598764
53 6.543161960377334e-29 0.043417971
54 2.285176885204394e-28 0.044237178
55 7.818128544055802e-28 0.045056385
56 2.620984323164184e-27 0.045875592
57 8.612805658896077e-27 0.046694799
58 2.775187257702867e-26 0.047514006
59 8.771086422472024e-26 0.048333213
60 2.720020022284466e-25 0.04915242
61 8.279203646963592e-25 0.049971627
62 2.474224249021003e-24 0.050790834
63 7.261994985295409e-24 0.051610041
64 2.093957564185773e-23 0.052429248
65 5.933350639586466e-23 0.053248455
66 1.65262475962507e-22 0.054067662
67 4.525946837606338e-22 0.054886869
68 1.219050217895772e-21 0.055706076
69 3.230159939129307e-21 0.056525283
70 8.422238762365577e-21 0.05734449
71 2.16142710316095e-20 0.058163697
72 5.460964203567879e-20 0.058982904
73 1.358682383720424e-19 0.059802111
74 3.329581150169046e-19 0.060621318
75 8.038673482075484e-19 0.061440525
76 1.912497501426456e-18 0.062259732
77 4.484722343228713e-18 0.063078939
78 1.036772724526542e-17 0.063898146
79 2.363406617570935e-17 0.06471735300000001
80 5.313644997238261e-17 0.06553655999999999
81 1.178520728227118e-16 0.066355767
82 2.579069767255621e-16 0.067174974
83 5.570063430538988e-16 0.067994181
84 1.187457377019098e-15 0.068813388
85 2.499345611868658e-15 0.06963259500000001
86 5.194870829089676e-15 0.07045180199999999
87 1.066482122700465e-14 0.071271009
88 2.162985973429044e-14 0.072090216
89 4.334774835178599e-14 0.072909423
90 8.585843085983032e-14 0.07372863
91 1.681080202903484e-13 0.07454783700000001
92 3.25421951142508e-13 0.07536704399999999
93 6.22820106591003e-13 0.076186251
94 1.178204190712504e-12 0.077005458
95 2.201728239400634e-12 0.077824665
96 4.061901999251983e-12 0.078643872
97 7.397329350384886e-12 0.07946307900000001
98 1.330361130470147e-11 0.08028228599999999
99 2.364002193853608e-11 0.081101493
100 4.152696315867544e-11 0.0819207
101 7.214182690058872e-11 0.082739907
102 1.239790696735193e-10 0.083559114
103 2.108214219968772e-10 0.08437832099999999
104 3.547839663056638e-10 0.08519752799999999
105 5.909665972748477e-10 0.086016735
106 9.744806221199872e-10 0.086835942
107 1.590929571573665e-09 0.087655149
108 2.571866949150113e-09 0.088474356
109 4.117340773947687e-09 0.08929356299999999
110 6.528389909274594e-09 0.09011276999999999
111 1.025332808186987e-08 0.090931977
112 1.595292387628665e-08 0.091751184
113 2.45911366714434e-08 0.092570391
114 3.755990881475824e-08 0.093389598
115 5.684901386083247e-08 0.09420880499999999
116 8.527436478232796e-08 0.095028012
117 1.267813621332036e-07 0.095847219
118 1.868438140018636e-07 0.096666426
119 2.729807099265901e-07 0.097485633
120 3.954187862976076e-07 0.09830484
121 5.67931599717075e-07 0.09912404699999999
122 8.088885220580962e-07 0.099943254
123 1.142549381528411e-06 0.100762461
124 1.600642263583245e-06 0.101581668
125 2.224262543620931e-06 0.102400875
126 3.066126589151839e-06 0.103220082
127 4.193205641415506e-06 0.104039289
128 5.68974333975293e-06 0.104858496
129 7.660686478536787e-06 0.105677703
130 1.023547079866843e-05 0.10649691
131 1.357207538867251e-05 0.107316117
132 1.7861606255896e-05 0.108135324
133 2.333283336827438e-05 0.108954531
134 3.025702498293341e-05 0.109773738
135 3.895255133074484e-05 0.110592945
136 4.978903594211652e-05 0.111412152
137 6.319095319562284e-05 0.112231359
138 7.964049020106799e-05 0.113050566
139 9.96793140348323e-05 0.113869773
140 0.0001239089109276519 0.11468898
141 0.0001529893630824745 0.115508187
142 0.0001876359325023766 0.116327394
143 0.0002286132694362178 0.117146601
144 0.0002767272992210325 0.117965808
145 0.0003328145050490934 0.118785015
146 0.000397728562215667 0.119604222
147 0.0004723243933882305 0.120423429
148 0.0005574398106793839 0.121242636
149 0.0006538750499502878 0.122061843
150 0.000762370629500629 0.12288105
151 0.0008835840878736462 0.123700257
152 0.001018066254663395 0.124519464
153 0.001166237797354833 0.125338671
154 0.00132836684211071 0.126157878
155 0.001504548496263704 0.126977085
156 0.001694687094165654 0.127796292
157 0.001898481951672534 0.128615499
158 0.002115417341509104 0.129434706
159 0.0023447572445048 0.130253913
160 0.00258554527380198 0.13107312
161 0.002836609714571189 0.131892327
162 0.003096573442295241 0.132711534
163 0.003363868435717246 0.133530741
164 0.00363675387123723 0.134349948
165 0.003913336290384327 0.135169155
166 0.004191594815865144 0.135988362
167 0.004469399769453541 0.136807569
168 0.004744606771796889 0.137626776
169 0.0050152122999254 0.138445983
170 0.005279362167814291 0.13926519
171 0.005535112649183857 0.140084397
172 0.005780509973503525 0.140903604
173 0.006013950309247798 0.141722811
174 0.006234336359210503 0.142542018
175 0.006440590425351196 0.143361225
176 0.006631536833790897 0.144180432
177 0.006806156613239606 0.144999639
178 0.006963923971249093 0.145818846
179 0.007104566867132279 0.146638053
180 0.007227571802606668 0.14745726
181 0.007332884472794986 0.148276467
182 0.007420852090047871 0.149095674
183 0.007492044344264125 0.149914881
184 0.007547013689791684 0.150734088
185 0.007586209139909336 0.151553295
186 0.007610264809330792 0.152372502
187 0.007620045541592479 0.153191709
188 0.007616756325318317 0.154010916
189 0.007601852703839021 0.154830123
190 0.007576283970033242 0.15564933
191 0.007540644209996343 0.156468537
192 0.007495668850945869 0.157287744
193 0.00744249062230835 0.158106951
194 0.007382391324220348 0.158926158
195 0.007316486206873377 0.159745365
196 0.007245832060290011 0.160564572
197 0.007171231603285548 0.161383779
198 0.007093216362141377 0.162202986
199 0.007012186608831225 0.163022193
200 0.006928606925687514 0.1638414
201 0.006843015962093928 0.164660607
202 0.006755984521746872 0.165479814
203 0.006668260405687119 0.166299021
204 0.006580632525588483 0.167118228
205 0.006493697788706031 0.167937435
206 0.006407472395517323 0.168756642
207 0.006321720385855042 0.169575849
208 0.006236349462232756 0.170395056
209 0.006151374874539314 0.171214263
210 0.006067004352963422 0.17203347
211 0.00598352173442794 0.172852677
212 0.005901196521514732 0.173671884
213 0.005820197906300248 0.174491091
214 0.005740724616009708 0.175310298
215 0.00566290772638067 0.176129505
216 0.005586745830928229 0.176948712
217 0.005512156691027575 0.177767919
218 0.005438942310310456 0.178587126
219 0.005366800676674648 0.179406333
220 0.005295406664030827 0.18022554
221 0.005224793336531057 0.181044747
222 0.005155093304802435 0.181863954
223 0.005086436321965693 0.182683161
224 0.005018937919499291 0.183502368
225 0.004952764782995654 0.184321575
226 0.004888048089393433 0.185140782
227 0.004824901813406919 0.185959989
228 0.004763166232696054 0.186779196
229 0.004702491507866658 0.187598403
230 0.004642625529683874 0.18841761
231 0.004583486820803191 0.189236817
232 0.004525022376487862 0.190056024
233 0.004467103357927367 0.190875231
234 0.004409789167125499 0.191694438
235 0.004353124852725563 0.192513645
236 0.004297176424278162 0.193332852
237 0.004242012396392644 0.194152059
238 0.004187740978008812 0.194971266
239 0.00413443053862015 0.195790473
240 0.004082206115349747 0.19660968
241 0.004031252702995525 0.197428887
242 0.003981610994905668 0.198248094
243 0.003933142037638828 0.199067301
244 0.003885672732450913 0.199886508
245 0.003838906165593221 0.200705715
246 0.003792575602024647 0.201524922
247 0.003746523536189092 0.202344129
248 0.00370082828327016 0.203163336
249 0.003655463734599206 0.203982543
250 0.003610622117303219 0.20480175
251 0.003566484468916235 0.205620957
252 0.003522995217038768 0.206440164
253 0.00348019367510637 0.207259371
254 0.003438063453116377 0.208078578
255 0.003396497016662256 0.208897785
256 0.00335568919707769 0.209716992
257 0.003315682491030993 0.210536199
258 0.003276443610856954 0.211355406
259 0.003238115867396157 0.212174613
260 0.003200832548902079 0.21299382
261 0.003164489468520076 0.213813027
262 0.003128818727514737 0.214632234
263 0.003093714763408419 0.215451441
264 0.003058986813183845 0.216270648
265 0.003024525145987036 0.217089855
266 0.002990273695631719 0.217909062
267 0.002956235902868927 0.218728269
268 0.002922560173940325 0.219547476
269 0.002889277438624479 0.220366683
270 0.002856571167789337 0.22118589
271 0.002824587646073147 0.222005097
272 0.002793293242997194 0.222824304
273 0.002762637229873592 0.223643511
274 0.002732592514693081 0.224462718
275 0.00270311213060641 0.225281925
276 0.002674240665433083 0.226101132
277 0.002645876530769048 0.226920339
278 0.002618012279448765 0.227739546
279 0.002590692811732854 0.228558753
280 0.002563862060199062 0.22937796
281 0.002537464090130139 0.230197167
282 0.002511591651662057 0.231016374
283 0.00248628066241397 0.231835581
284 0.002461429679297696 0.232654788
285 0.002436844544877485 0.233473995
286 0.002412332863854885 0.234293202
287 0.002387839627973508 0.235112409
288 0.002363285552391279 0.235931616
289 0.002338699130275272 0.236750823
290 0.002314181384877887 0.23757003
291 0.00228981172338649 0.238389237
292 0.002265703936978226 0.239208444
293 0.002241998151902774 0.240027651
294 0.002218723237754635 0.240846858
295 0.002195754661984492 0.241666065
296 0.002173122007600195 0.242485272
297 0.002150873165899961 0.243304479
298 0.002129117885274562 0.244123686
299 0.002108009989774687 0.244942893
300 0.002087619753523496 0.2457621
301 0.002067989714078891 0.246581307
302 0.002049075233192975 0.247400514
303 0.002030770521389478 0.248219721
304 0.002013024758800597 0.249038928
305 0.00199576494420825 0.249858135
306 0.001978915081159366 0.250677342
307 0.001962405442630861 0.251496549
308 0.001946199699882189 0.252315756
309 0.001930259551730426 0.253134963
310 0.001914526486815022 0.25395417
311 0.001898945864275035 0.254773377
312 0.001883544143374693 0.255592584
313 0.001868309421409715 0.256411791
314 0.00185321374249657 0.257230998
315 0.001838154362025226 0.258050205
316 0.001823010771132749 0.258869412
317 0.00180772134577797 0.259688619
318 0.001792213552931813 0.260507826
319 0.00177645002280616 0.261327033
320 0.001760435286190328 0.26214624
321 0.001744166600729482 0.262965447
322 0.001727676160422113 0.263784654
323 0.001711095278641547 0.264603861
324 0.001694565247255556 0.265423068
325 0.001678186534865352 0.266242275
326 0.001662032422119617 0.267061482
327 0.001646123285154081 0.2678806889999999
328 0.001630532304723963 0.268699896
329 0.001615278138347721 0.269519103
330 0.001600266906300934 0.27033831
331 0.001585471083571699 0.271157517
332 0.001570925165488186 0.271976724
333 0.001556699601077174 0.272795931
334 0.001542810110483764 0.273615138
335 0.001529312536567293 0.274434345
336 0.001516251026323347 0.275253552
337 0.001503648936004302 0.276072759
338 0.001491552076440737 0.276891966
339 0.001479957341886779 0.277711173
340 0.001468833032396079 0.27853038
341 0.001458187303299559 0.279349587
342 0.001447966883649848 0.280168794
343 0.001438139404829914 0.280988001
344 0.001428687882245227 0.281807208
345 0.001419585656173911 0.282626415
346 0.001410778178442402 0.283445622
347 0.001402187901076725 0.284264829
348 0.0013937169984686 0.285084036
349 0.001385318412643206 0.285903243
350 0.001376969121328315 0.28672245
351 0.00136865374161985 0.287541657
352 0.0013603396636384 0.288360864
353 0.001352003848785337 0.289180071
354 0.001343610908572156 0.289999278
355 0.001335133663455682 0.290818485
356 0.001326569063047173 0.2916376919999999
357 0.001317870309184525 0.292456899
358 0.001308971349282464 0.293276106
359 0.001299830323354821 0.294095313
360 0.001290435335869545 0.29491452
361 0.001280784315588537 0.295733727
362 0.001270896889094022 0.296552934
363 0.001260777859861362 0.297372141
364 0.00125044386150455 0.298191348
365 0.00123994629051086 0.299010555
366 0.001229341227691918 0.299829762
367 0.001218670556621765 0.300648969
368 0.001207968375510171 0.301468176
369 0.001197267956687875 0.302287383
370 0.001186566134585064 0.30310659
371 0.001175892351901757 0.303925797
372 0.001165296812662583 0.304745004
373 0.001154789844147125 0.305564211
374 0.001144392287001686 0.306383418
375 0.001134121079052161 0.307202625
376 0.001123995032842457 0.308021832
377 0.001114010043750191 0.308841039
378 0.001104132075945451 0.309660246
379 0.001094320308666661 0.310479453
380 0.001084573138381051 0.3112986599999999
381 0.001074869463608892 0.312117867
382 0.001065252293561854 0.312937074
383 0.001055794356791066 0.313756281
384 0.001046568898254768 0.314575488
385 0.001037614249845201 0.315394695
386 0.001028949490626891 0.316213902
387 0.001020580233644749 0.317033109
388 0.001012500277903607 0.317852316
389 0.001004719950122138 0.318671523
390 0.0009972457251215569 0.31949073
391 0.000990060028399026 0.320309937
392 0.0009831642921015132 0.321129144
393 0.000976566788531127 0.321948351
394 0.0009702622543683793 0.322767558
395 0.0009642295771697424 0.323586765
396 0.000958465540376047 0.324405972
397 0.0009529646209098202 0.325225179
398 0.0009476998312523097 0.326044386
399 0.000942644038449027 0.326863593
400 0.0009377374233637795 0.3276828
401 0.000932960640881148 0.328502007
402 0.0009282935402699441 0.329321214
403 0.0009237118647673315 0.330140421
404 0.0009191996073332298 0.330959628
405 0.0009147383212323067 0.331778835
406 0.0009103100716739747 0.332598042
407 0.0009058969617236651 0.333417249
408 0.0009014727539650902 0.334236456
409 0.0008970080214121889 0.3350556629999999
410 0.0008925058560489545 0.33587487
411 0.0008879804390015773 0.336694077
412 0.0008834114743501267 0.337513284
413 0.0008787667537623806 0.338332491
414 0.0008740009850803486 0.339151698
415 0.0008690670632279199 0.339970905
416 0.0008639221261193241 0.340790112
417 0.0008585292140440286 0.341609319
418 0.0008528733917885847 0.342428526
419 0.0008469230527409062 0.343247733
420 0.0008406902591093133 0.34406694
421 0.0008342156479573213 0.344886147
422 0.0008275506286813676 0.345705354
423 0.0008207508074150426 0.346524561
424 0.0008138654047367891 0.347343768
425 0.0008069306505563456 0.348162975
426 0.0007999817433071831 0.348982182
427 0.0007930391603201647 0.349801389
428 0.0007861128872164265 0.350620596
429 0.0007792049209432971 0.351439803
430 0.0007723302403434769 0.35225901
431 0.0007655019318540089 0.353078217
432 0.0007587361903269576 0.353897424
433 0.0007520490823380834 0.3547166309999999
434 0.0007454547440143605 0.355535838
435 0.0007389641155678515 0.356355045
436 0.0007325892302689673 0.357174252
437 0.000726337969614743 0.357993459
438 0.0007202182102848023 0.3588126659999999
439 0.0007142064831564113 0.359631873
440 0.0007083091909894769 0.36045108
441 0.0007025416132553757 0.361270287
442 0.0006969176631171607 0.362089494
443 0.0006914478905258569 0.362908701
444 0.0006861324981616735 0.363727908
445 0.000680916986995491 0.364547115
446 0.0006757496747862872 0.365366322
447 0.0006706151100675615 0.366185529
448 0.0006655142545624377 0.367004736
449 0.0006604633142754731 0.367823943
450 0.0006554874403940506 0.36864315
451 0.000650613946036551 0.369462357
452 0.0006458633292017272 0.370281564
453 0.0006412448082426407 0.371100771
454 0.0006367612439961112 0.371919978
455 0.0006324093308963611 0.372739185
456 0.0006281888752851194 0.373558392
457 0.000624097576503647 0.3743775989999999
458 0.0006201361106757661 0.375196806
459 0.0006163034030411345 0.376016013
460 0.0006125981794309927 0.37683522
461 0.0006090245855368048 0.377654427
462 0.0006055870755508523 0.3784736339999999
463 0.0006022855148313902 0.379292841
464 0.0005991144686100321 0.380112048
465 0.0005960630764186128 0.380931255
466 0.0005931118683824355 0.381750462
467 0.0005902461297069198 0.3825696689999999
468 0.0005874550012120375 0.383388876
469 0.000584727451990866 0.384208083
470 0.0005820513260853651 0.38502729
471 0.0005794009584613754 0.385846497
472 0.0005767487552950901 0.386665704
473 0.0005740849379080677 0.387484911
474 0.000571406680569629 0.388304118
475 0.0005687114677332063 0.389123325
476 0.000565995819477789 0.389942532
477 0.000563255416667209 0.390761739
478 0.0005604891342760418 0.391580946
479 0.000557702339260436 0.392400153
480 0.0005549037045481594 0.39321936
481 0.0005520979300509242 0.394038567
482 0.0005492756993320645 0.394857774
483 0.0005464222461574277 0.395676981
484 0.0005435224709025719 0.396496188
485 0.0005405622657435175 0.397315395
486 0.0005375291039045897 0.3981346019999999
487 0.0005344117400893318 0.398953809
488 0.0005312008239551767 0.399773016
489 0.000527888425854217 0.400592223
490 0.0005244707915004786 0.40141143
491 0.0005209452916323829 0.4022306369999999
492 0.0005173144797823189 0.403049844
493 0.0005135829615577814 0.403869051
494 0.0005097587442672337 0.404688258
495 0.0005058533688544581 0.405507465
496 0.0005018807414281083 0.4063266719999999
497 0.000497856315537868 0.407145879
498 0.0004937937916827178 0.407965086
499 0.0004897025580862506 0.408784293
500 0.0004855900526390124 0.4096035
501 0.0004814719808257544 0.410422707
502 0.0004773674208315164 0.411241914
503 0.0004732963666986152 0.412061121
504 0.0004692765996869826 0.412880328
505 0.0004653220316397399 0.413699535
506 0.0004614428670441533 0.414518742
507 0.000457646346863195 0.415337949
508 0.0004539375188845126 0.416157156
509 0.0004503196239293044 0.416976363
510 0.0004467953209492081 0.4177955699999999
511 0.0004433645644960825 0.418614777
512 0.0004400258462551091 0.419433984
513 0.0004367770148558672 0.420253191
514 0.0004336157908562691 0.421072398
515 0.0004305397374883781 0.4218916049999999
516 0.0004275462961655175 0.422710812
517 0.0004246327937638455 0.423530019
518 0.0004217963866319136 0.424349226
519 0.0004190347393128738 0.425168433
520 0.0004163454054334846 0.4259876399999999
521 0.0004137260717950897 0.426806847
522 0.0004111708592187194 0.427626054
523 0.0004086719122326916 0.428445261
524 0.0004062248153188502 0.429264468
525 0.0004038236311222377 0.4300836749999999
526 0.0004014561264912875 0.430902882
527 0.0003990996747209645 0.431722089
528 0.0003967415475614818 0.432541296
529 0.0003943830831778614 0.433360503
530 0.0003920312491605141 0.43417971
531 0.0003896962796878559 0.434998917
532 0.0003873905643774512 0.435818124
533 0.000385127013982008 0.436637331
534 0.0003829166690988376 0.437456538
535 0.0003807698706721172 0.438275745
536 0.0003786949290760398 0.439094952
537 0.0003766967557349096 0.439914159
538 0.0003747758815674017 0.440733366
539 0.000372927201678232 0.4415525729999999
540 0.0003711405889928974 0.44237178
541 0.0003694087907689911 0.443190987
542 0.0003677299976110238 0.444010194
543 0.0003661052152857086 0.444829401
544 0.0003645336216240706 0.4456486079999999
545 0.0003630130348027308 0.446467815
546 0.000361541286018477 0.447287022
547 0.0003601143176909653 0.448106229
548 0.0003587268157150626 0.448925436
549 0.0003573729169927118 0.4497446429999999
550 0.0003560466121215656 0.45056385
551 0.0003547422214336734 0.451383057
552 0.0003534546052466971 0.452202264
553 0.0003521790214316759 0.453021471
554 0.0003509115336945169 0.4538406779999999
555 0.0003496481129479033 0.454659885
556 0.0003483847008947514 0.455479092
557 0.000347118085541082 0.456298299
558 0.0003458460076629943 0.457117506
559 0.0003445667630507825 0.457936713
560 0.0003432793082019959 0.45875592
561 0.0003419835117295408 0.459575127
562 0.0003406788328486764 0.460394334
563 0.0003393646267409614 0.4612135409999999
564 0.0003380407254318658 0.462032748
565 0.0003367072262043089 0.462851955
566 0.0003353645114204417 0.463671162
567 0.0003340132116534337 0.464490369
568 0.0003326517549912983 0.4653095759999999
569 0.0003312762812046951 0.466128783
570 0.0003298828950453591 0.46694799
571 0.0003284673641556664 0.467767197
572 0.0003270258972067804 0.468586404
573 0.0003255548418289247 0.4694056109999999
574 0.0003240503918160787 0.470224818
575 0.0003225081034429451 0.471044025
576 0.0003209245220325587 0.471863232
577 0.0003192974890308764 0.472682439
578 0.0003176261419453904 0.4735016459999999
579 0.0003159110061774695 0.474320853
580 0.0003141539597175901 0.47514006
581 0.0003123577694963984 0.475959267
582 0.0003105261900619705 0.476778474
583 0.0003086633612535433 0.4775976809999999
584 0.000306775182434708 0.478416888
585 0.0003048686518708586 0.479236095
586 0.0003029510270079735 0.480055302
587 0.0003010292900900786 0.480874509
588 0.0002991100552379078 0.481693716
589 0.0002971993741216937 0.482512923
590 0.000295302560557346 0.48333213
591 0.0002934245912854149 0.484151337
592 0.0002915693151681981 0.4849705439999999
593 0.0002897394923169215 0.485789751
594 0.0002879371231774309 0.486608958
595 0.0002861637171582128 0.487428165
596 0.0002844202981782644 0.488247372
597 0.0002827074134322609 0.4890665789999999
598 0.0002810251950883813 0.489885786
599 0.0002793734213794262 0.490704993
600 0.0002777514733674577 0.4915242
601 0.0002761585507721688 0.492343407
602 0.0002745936115413418 0.4931626139999999
603 0.0002730551693429742 0.493981821
604 0.0002715413256622599 0.494801028
605 0.0002700474845417472 0.495620235
606 0.0002685714056940593 0.496439442
607 0.0002671157784281415 0.4972586489999999
608 0.0002656833957344299 0.498077856
609 0.0002642762583364177 0.498897063
610 0.0002628955555004296 0.49971627
611 0.0002615418317005294 0.500535477
612 0.0002602151557490427 0.5013546840000001
613 0.000258915211901112 0.502173891
614 0.0002576415782253394 0.502993098
615 0.0002563935399366193 0.5038123050000001
616 0.0002551700841639888 0.504631512
617 0.0002539699080930614 0.505450719
618 0.0002527892907237884 0.506269926
619 0.0002516226834719551 0.507089133
620 0.0002504640571421604 0.5079083400000001
621 0.0002493014357829044 0.508727547
622 0.0002481268551216346 0.509546754
623 0.0002469357505212083 0.510365961
624 0.0002457299972530191 0.511185168
625 0.0002445130678203147 0.5120043750000001
626 0.0002432906968784382 0.512823582
627 0.0002420709624026767 0.513642789
628 0.0002408633103091861 0.514461996
629 0.0002396762575155565 0.515281203
630 0.0002385161046103814 0.5161004100000001
631 0.0002373878380736152 0.516919617
632 0.0002362945125178061 0.517738824
633 0.000235238679115309 0.518558031
634 0.0002342211904312585 0.519377238
635 0.000233241414215969 0.5201964450000001
636 0.000232298281446691 0.521015652
637 0.0002313902978173949 0.521834859
638 0.0002305156870617497 0.522654066
639 0.000229673097852665 0.523473273
640 0.0002288604324626606 0.5242924800000001
641 0.0002280751443993547 0.525111687
642 0.0002273150182133484 0.525930894
643 0.0002265775187292919 0.526750101
644 0.0002258599371971127 0.527569308
645 0.0002251611530938886 0.5283885150000001
646 0.0002244801213752337 0.529207722
647 0.0002238157387497213 0.530026929
648 0.0002231668484772002 0.530846136
649 0.0002225321474638744 0.531665343
650 0.0002219100046429262 0.5324845500000001
651 0.0002212990422540328 0.533303757
652 0.0002206978130220015 0.534122964
653 0.0002201040552091409 0.534942171
654 0.0002195154623262323 0.535761378
655 0.0002189300322655076 0.5365805850000001
656 0.0002183459805086825 0.537399792
657 0.0002177617462441637 0.538218999
658 0.0002171759668700262 0.5390382060000001
659 0.0002165874105710121 0.539857413
660 0.0002159949623635828 0.5406766200000001
661 0.0002153976522483755 0.541495827
662 0.0002147946744695058 0.542315034
663 0.0002141853857039758 0.5431342410000001
664 0.000213569286485686 0.543953448
665 0.0002129460363107907 0.5447726550000001
666 0.0002123154497978425 0.545591862
667 0.0002116774084492224 0.546411069
668 0.0002110319772001068 0.5472302760000001
669 0.0002103793588812639 0.548049483
670 0.0002097197994069113 0.54886869
671 0.0002090538637796861 0.549687897
672 0.0002083822832440924 0.550507104
673 0.0002077051976293346 0.5513263110000001
674 0.0002070228547587039 0.552145518
675 0.0002063346580692667 0.552964725
676 0.0002056387699636258 0.553783932
677 0.0002049349507525854 0.554603139
678 0.0002042224831566839 0.5554223460000001
679 0.0002035006619007684 0.556241553
680 0.0002027688531690623 0.55706076
681 0.0002020255991616364 0.557879967
682 0.0002012689261186604 0.558699174
683 0.000200496687404042 0.5595183810000001
684 0.0001997068722478941 0.560337588
685 0.0001988976315888372 0.561156795
686 0.000198067397374154 0.561976002
687 0.0001972149830906836 0.562795209
688 0.0001963395258323349 0.5636144160000001
689 0.0001954406879099245 0.564433623
690 0.0001945187820661549 0.56525283
691 0.0001935747742713797 0.566072037
692 0.0001926102454130306 0.566891244
693 0.000191627508127855 0.5677104510000001
694 0.0001906293288303414 0.568529658
695 0.0001896184993715594 0.569348865
696 0.0001885982033705161 0.570168072
697 0.0001875718093727668 0.570987279
698 0.0001865427016300389 0.5718064860000001
699 0.0001855142630295612 0.572625693
700 0.0001844896284257693 0.5734449
701 0.000183471351726291 0.574264107
702 0.0001824619310046836 0.575083314
703 0.0001814624231167305 0.5759025210000001
704 0.0001804721980486501 0.576721728
705 0.0001794927065281924 0.577540935
706 0.0001785254628786907 0.578360142
707 0.000177571771993033 0.579179349
708 0.0001766328048037485 0.5799985560000001
709 0.0001757093820047345 0.580817763
710 0.0001748014592815431 0.58163697
711 0.0001739090241758466 0.582456177
712 0.0001730324851765733 0.583275384
713 0.000172171937874412 0.5840945910000001
714 0.000171327226843151 0.584913798
715 0.0001704979709125136 0.585733005
716 0.0001696836539095229 0.5865522120000001
717 0.0001688837094609164 0.587371419
718 0.0001680975802610435 0.588190626
719 0.0001673247517404102 0.589009833
720 0.0001665647642086367 0.58982904
721 0.0001658172141745612 0.5906482470000001
722 0.0001650817615730795 0.591467454
723 0.0001643581063016545 0.592286661
724 0.0001636459578403042 0.593105868
725 0.0001629451026208095 0.593925075
726 0.0001622553434824679 0.5947442820000001
727 0.0001615763078105187 0.595563489
728 0.000160907740551452 0.596382696
729 0.0001602490946911475 0.597201903
730 0.0001595987806287538 0.59802111
731 0.0001589554962504653 0.5988403170000001
732 0.0001583198010064382 0.599659524
733 0.0001576921910057666 0.600478731
734 0.0001570732132155114 0.601297938
735 0.000156463411210055 0.602117145
736 0.0001558632390770119 0.6029363520000001
737 0.0001552729800463474 0.603755559
738 0.0001546927675469902 0.604574766
739 0.0001541225344131289 0.605393973
740 0.0001535619682356461 0.60621318
741 0.0001530105469979644 0.6070323870000001
742 0.0001524675542459652 0.607851594
743 0.0001519315155909467 0.608670801
744 0.0001513997570868278 0.609490008
745 0.0001508689276549614 0.610309215
746 0.0001503347008744369 0.6111284220000001
747 0.0001497919162113758 0.611947629
748 0.0001492353229249073 0.612766836
749 0.0001486622317878886 0.613586043
750 0.0001480729182970751 0.61440525
751 0.0001474683030249597 0.6152244570000001
752 0.000146851078158019 0.616043664
753 0.0001462248721320266 0.616862871
754 0.0001455936562323146 0.617682078
755 0.0001449612198086853 0.618501285
756 0.0001443312450291888 0.6193204920000001
757 0.0001437073643635665 0.620139699
758 0.0001430927966827191 0.620958906
759 0.0001424901460243595 0.621778113
760 0.0001419015546363465 0.62259732
761 0.0001413285074401396 0.6234165270000001
762 0.0001407721023684315 0.624235734
763 0.000140232957214488 0.625054941
764 0.0001397110620934205 0.625874148
765 0.0001392060258389755 0.626693355
766 0.000138717172982475 0.6275125620000001
767 0.0001382436561140104 0.628331769
768 0.0001377845187877707 0.629150976
769 0.0001373388290283516 0.6299701830000001
770 0.0001369056535611944 0.63078939
771 0.0001364840016316263 0.631608597
772 0.0001360733079581223 0.632427804
773 0.000135673251529216 0.633247011
774 0.0001352836016887117 0.6340662180000001
775 0.0001349042201249969 0.634885425
776 0.0001345350049898437 0.635704632
777 0.0001341758370153862 0.636523839
778 0.0001338265844815422 0.637343046
779 0.0001334872346436283 0.6381622530000001
780 0.0001331576444063563 0.63898146
781 0.0001328375526691182 0.639800667
782 0.0001325265782128512 0.640619874
783 0.0001322242752854033 0.641439081
784 0.0001319301465248888 0.6422582880000001
785 0.0001316436474310581 0.643077495
786 0.0001313641928043729 0.643896702
787 0.0001310911165713824 0.644715909
788 0.0001308237041765498 0.645535116
789 0.0001305612296616014 0.6463543230000001
790 0.0001303029411291663 0.64717353
791 0.0001300480844480881 0.647992737
792 0.0001297959093077161 0.648811944
793 0.000129545656804694 0.649631151
794 0.0001292965883343981 0.6504503580000001
795 0.000129047973956437 0.651269565
796 0.0001287990831700379 0.652088772
797 0.0001285492052326159 0.652907979
798 0.0001282976699550188 0.653727186
799 0.0001280438496667259 0.6545463930000001
800 0.0001277871547806473 0.6553656
801 0.0001275270850455214 0.656184807
802 0.0001272632283123198 0.657004014
803 0.0001269951989475539 0.657823221
804 0.0001267225805709919 0.6586424280000001
805 0.0001264451171134131 0.659461635
806 0.0001261624135430676 0.660280842
807 0.0001258734906330902 0.661100049
808 0.000125578197101324 0.661919256
809 0.000125277034372521 0.6627384630000001
810 0.0001249706013265311 0.66355767
811 0.0001246594768909076 0.664376877
812 0.000124344257508858 0.665196084
813 0.0001240256101954968 0.666015291
814 0.0001237039242613446 0.6668344980000001
815 0.0001233793189373884 0.667653705
816 0.0001230516275942646 0.668472912
817 0.0001227200793457987 0.669292119
818 0.0001223838915942449 0.670111326
819 0.0001220411500559941 0.6709305330000001
820 0.0001216896133502228 0.67174974
821 0.0001213282345094873 0.672568947
822 0.0001209559537843769 0.673388154
823 0.000120571794610904 0.674207361
824 0.0001201749950928183 0.675026568
825 0.000119764927521509 0.675845775
826 0.0001193411188364686 0.676664982
827 0.0001189032179064608 0.6774841890000001
828 0.0001184510218448237 0.678303396
829 0.0001179845726312519 0.679122603
830 0.0001175042393761981 0.67994181
831 0.0001170107381744134 0.680761017
832 0.0001165051016154404 0.6815802240000001
833 0.0001159886271789737 0.682399431
834 0.0001154628262678529 0.683218638
835 0.0001149293817084822 0.684037845
836 0.0001143900991067321 0.684857052
837 0.0001138468497115022 0.6856762590000001
838 0.000113301508061619 0.686495466
839 0.0001127558936119241 0.687314673
840 0.0001122117190187683 0.68813388
841 0.0001116705493570522 0.688953087
842 0.0001111337733709027 0.6897722940000001
843 0.0001106025829784529 0.690591501
844 0.0001100779618023738 0.691410708
845 0.0001095606898485827 0.692229915
846 0.000109051353853193 0.693049122
847 0.0001085503535035424 0.6938683290000001
848 0.0001080579137017994 0.694687536
849 0.0001075741230088817 0.695506743
850 0.0001070989509419385 0.69632595
851 0.0001066322607674632 0.697145157
852 0.0001061738239373351 0.6979643640000001
853 0.0001057233450044308 0.698783571
854 0.0001052804853896555 0.699602778
855 0.0001048448647270169 0.700421985
856 0.0001044161041413185 0.701241192
857 0.0001039938485916966 0.7020603990000001
858 0.0001035777745951748 0.702879606
859 0.0001031675897894929 0.703698813
860 0.0001027630374982702 0.70451802
861 0.000102363889991421 0.705337227
862 0.0001019699469451778 0.7061564340000001
863 0.0001015810314793655 0.706975641
864 0.0001011969975420506 0.707794848
865 0.0001008177000277116 0.708614055
866 0.000100443001095955 0.709433262
867 0.0001000727776164127 0.7102524690000001
868 9.970695947798762e-05 0.711071676
869 9.934538535677957e-05 0.711890883
870 9.898787025825484e-05 0.71271009
871 9.863425481861882e-05 0.713529297
872 9.828436640481068e-05 0.7143485040000001
873 9.793775357510268e-05 0.715167711
874 9.759401387907901e-05 0.715986918
875 9.72531689690272e-05 0.716806125
876 9.691532862653061e-05 0.717625332
877 9.658056384088876e-05 0.718444539
878 9.624891584535747e-05 0.719263746
879 9.592039495003241e-05 0.720082953
880 9.55949815182414e-05 0.72090216
881 9.527262899514565e-05 0.721721367
882 9.495326931419682e-05 0.722540574
883 9.463681946127419e-05 0.723359781
884 9.432318728292944e-05 0.724178988
885 9.401227733582555e-05 0.7249981950000001
886 9.370399618279276e-05 0.725817402
887 9.339825704450884e-05 0.726636609
888 9.309498289200009e-05 0.727455816
889 9.279410900694563e-05 0.728275023
890 9.249558499268747e-05 0.7290942300000001
891 9.219937545134844e-05 0.729913437
892 9.190546013493162e-05 0.730732644
893 9.161383343539021e-05 0.731551851
894 9.132450293686348e-05 0.732371058
895 9.103748727741615e-05 0.7331902650000001
896 9.075281455209955e-05 0.734009472
897 9.047051917283927e-05 0.734828679
898 9.019063913841044e-05 0.735647886
899 8.991321207465249e-05 0.736467093
900 8.963827421369767e-05 0.7372863000000001
901 8.93658555962874e-05 0.738105507
902 8.909597753603985e-05 0.738924714
903 8.88286483175649e-05 0.739743921
904 8.856386695100511e-05 0.740563128
905 8.830161264559518e-05 0.7413823350000001
906 8.804185186432723e-05 0.742201542
907 8.77845404640366e-05 0.743020749
908 8.752958479852263e-05 0.743839956
909 8.727677187944534e-05 0.744659163
910 8.702578561378131e-05 0.7454783700000001
911 8.677624532994161e-05 0.746297577
912 8.652749279452542e-05 0.747116784
913 8.627842222439159e-05 0.747935991
914 8.602739114804314e-05 0.748755198
915 8.577199940316898e-05 0.7495744050000001
916 8.55093398276436e-05 0.750393612
917 8.523686072815452e-05 0.751212819
918 8.49528773112038e-05 0.752032026
919 8.465697037398434e-05 0.752851233
920 8.43494670983438e-05 0.7536704400000001
921 8.403140740743871e-05 0.754489647
922 8.370412963161468e-05 0.755308854
923 8.336909641701709e-05 0.756128061
924 8.302773128296836e-05 0.756947268
925 8.268123979772502e-05 0.7577664750000001
926 8.233070125553536e-05 0.758585682
927 8.197730597620263e-05 0.759404889
928 8.162230875977819e-05 0.760224096
929 8.126702800322824e-05 0.761043303
930 8.091288380051515e-05 0.76186251
931 8.056135633813117e-05 0.762681717
932 8.021391847879039e-05 0.763500924
933 7.987193279260137e-05 0.764320131
934 7.953653019524427e-05 0.765139338
935 7.920857279610252e-05 0.765958545
936 7.888867664790041e-05 0.766777752
937 7.857727490225767e-05 0.767596959
938 7.827463429192629e-05 0.768416166
939 7.79808900915164e-05 0.769235373
940 7.769606008997005e-05 0.77005458
941 7.742004458709904e-05 0.770873787
942 7.715265186233075e-05 0.771692994
943 7.689349508143103e-05 0.7725122010000001
944 7.664219386995895e-05 0.773331408
945 7.639835026129465e-05 0.774150615
946 7.616151456981908e-05 0.774969822
947 7.593121571964966e-05 0.775789029
948 7.570699558953101e-05 0.7766082360000001
949 7.548842304766338e-05 0.777427443
950 7.527512357937698e-05 0.77824665
951 7.506674970017462e-05 0.779065857
952 7.486299792958645e-05 0.779885064
953 7.466361891362135e-05 0.7807042710000001
954 7.44684187088925e-05 0.781523478
955 7.427724557373577e-05 0.782342685
956 7.408999293327911e-05 0.783161892
957 7.390659439275776e-05 0.783981099
958 7.372701598251729e-05 0.7848003060000001
959 7.355124982346479e-05 0.785619513
960 7.337930930057135e-05 0.78643872
961 7.321122540046262e-05 0.787257927
962 7.304704474659389e-05 0.788077134
963 7.288682565685168e-05 0.7888963410000001
964 7.273056505277851e-05 0.789715548
965 7.257850666093546e-05 0.790534755
966 7.243066742261961e-05 0.791353962
967 7.228711184400909e-05 0.792173169
968 7.214789676743943e-05 0.7929923760000001
969 7.201308285088962e-05 0.793811583
970 7.188269013374913e-05 0.79463079
971 7.17567068160681e-05 0.795449997
972 7.163509024591899e-05 0.796269204
973 7.151775483415033e-05 0.7970884110000001
974 7.140454879985256e-05 0.797907618
975 7.129529918295738e-05 0.798726825
976 7.118975828921259e-05 0.799546032
977 7.108757036101567e-05 0.800365239
978 7.098823665773657e-05 0.8011844460000001
979 7.089120539605651e-05 0.802003653
980 7.07960077054791e-05 0.80282286
981 7.070229722587733e-05 0.803642067
982 7.060978751132536e-05 0.804461274
983 7.051821835691705e-05 0.805280481
984 7.042735273788221e-05 0.806099688
985 7.033695195194622e-05 0.806918895
986 7.024679417855027e-05 0.807738102
987 7.015665003504846e-05 0.808557309
988 7.006631757966537e-05 0.809376516
989 6.99756067283552e-05 0.810195723
990 6.988433268120802e-05 0.81101493
991 6.979231569176285e-05 0.811834137
992 6.969937571371266e-05 0.812653344
993 6.960532695314064e-05 0.813472551
994 6.950997376439116e-05 0.814291758
995 6.941311305799841e-05 0.815110965
996 6.931454323829902e-05 0.815930172
997 6.921407137655676e-05 0.816749379
998 6.911150852030766e-05 0.817568586
999 6.900666504220815e-05 0.818387793
1000 6.889936509210351e-05 0.819207
1001 6.878947500311583e-05 0.8200262070000001
1002 6.8676880825649e-05 0.820845414
1003 6.856164262261949e-05 0.821664621
1004 6.844384242298098e-05 0.822483828
1005 6.832357375353068e-05 0.823303035
1006 6.820078857060613e-05 0.8241222420000001
1007 6.807549381705107e-05 0.824941449
1008 6.794735321537887e-05 0.825760656
1009 6.781602599937243e-05 0.826579863
1010 6.768102629877784e-05 0.82739907
1011 6.754175940038576e-05 0.8282182770000001
1012 6.739752575864009e-05 0.829037484
1013 6.724765539245157e-05 0.829856691
1014 6.709146774016789e-05 0.830675898
1015 6.692832442245896e-05 0.831495105
1016 6.675763292073699e-05 0.8323143120000001
1017 6.657887617581635e-05 0.833133519
1018 6.639159729417471e-05 0.833952726
1019 6.619545358052111e-05 0.834771933
1020 6.599024037143971e-05 0.83559114
1021 6.577591020788153e-05 0.8364103470000001
1022 6.555258762311979e-05 0.837229554
1023 6.5320569075706e-05 0.838048761
1024 6.50803306555816e-05 0.838867968
1025 6.483249730957425e-05 0.839687175
1026 6.457785218765492e-05 0.8405063820000001
1027 6.431727904733172e-05 0.841325589
1028 6.405172791470887e-05 0.842144796
1029 6.378220540567593e-05 0.842964003
1030 6.350974124636288e-05 0.84378321
1031 6.323535539995884e-05 0.844602417
1032 6.296003456127704e-05 0.845421624
1033 6.268470224464125e-05 0.846240831
1034 6.241021604749217e-05 0.847060038
1035 6.213734844418239e-05 0.847879245
1036 6.186677746183492e-05 0.848698452
1037 6.159907438507329e-05 0.849517659
1038 6.13347271838382e-05 0.850336866
1039 6.107409236915173e-05 0.851156073
1040 6.081742686091657e-05 0.85197528
1041 6.056490961353456e-05 0.852794487
1042 6.031664944017621e-05 0.853613694
1043 6.007269338410282e-05 0.854432901
1044 5.983303508275316e-05 0.855252108
1045 5.959762436873868e-05 0.856071315
1046 5.936637517285748e-05 0.856890522
1047 5.913917263772268e-05 0.857709729
1048 5.891588089887179e-05 0.858528936
1049 5.869635107051053e-05 0.859348143
1050 5.848042431761657e-05 0.86016735
1051 5.826793643967333e-05 0.860986557
1052 5.805872494736228e-05 0.861805764
1053 5.785263500414946e-05 0.862624971
1054 5.764951243531922e-05 0.8634441780000001
1055 5.744921057828124e-05 0.864263385
1056 5.725159641101227e-05 0.865082592
1057 5.705655645487682e-05 0.865901799
1058 5.686399604174247e-05 0.866721006
1059 5.667383895870411e-05 0.8675402130000001
1060 5.648602619012964e-05 0.86835942
1061 5.630051277964604e-05 0.869178627
1062 5.611726644137485e-05 0.869997834
1063 5.593626521643366e-05 0.870817041
1064 5.575749950718613e-05 0.8716362480000001
1065 5.558095776038166e-05 0.872455455
1066 5.540663221075452e-05 0.873274662
1067 5.523450881894654e-05 0.874093869
1068 5.506460208477564e-05 0.874913076
1069 5.489693419157587e-05 0.8757322830000001
1070 5.473152923115328e-05 0.87655149
1071 5.456840456399325e-05 0.877370697
1072 5.440756664447667e-05 0.878189904
1073 5.424901018547418e-05 0.879009111
1074 5.409271829743137e-05 0.8798283180000001
1075 5.393866248367831e-05 0.880647525
1076 5.378680292302305e-05 0.881466732
1077 5.363708945243105e-05 0.882285939
1078 5.348946306773326e-05 0.883105146
1079 5.334385696056252e-05 0.8839243530000001
1080 5.320019794555602e-05 0.88474356
1081 5.305840818187589e-05 0.885562767
1082 5.291840669779227e-05 0.886381974
1083 5.278011101586746e-05 0.887201181
1084 5.264343806620514e-05 0.888020388
1085 5.250830553558193e-05 0.888839595
1086 5.237463285979818e-05 0.889658802
1087 5.224234163252596e-05 0.890478009
1088 5.21113556567137e-05 0.891297216
1089 5.198160290707403e-05 0.892116423
1090 5.185301458316403e-05 0.89293563
1091 5.172552505417538e-05 0.893754837
1092 5.15990717510322e-05 0.894574044
1093 5.147359515070738e-05 0.895393251
1094 5.134903888374007e-05 0.896212458
1095 5.122534958663374e-05 0.897031665
1096 5.110247671338068e-05 0.897850872
1097 5.098037193693737e-05 0.898670079
1098 5.085898875149741e-05 0.899489286
1099 5.073828428004253e-05 0.900308493
1100 5.061821730684009e-05 0.9011277
1101 5.049874898581772e-05 0.901946907
1102 5.037983945363665e-05 0.902766114
1103 5.02614595116666e-05 0.903585321
1104 5.014358008893246e-05 0.904404528
1105 5.002616610532968e-05 0.905223735
1106 4.99091801297439e-05 0.906042942
1107 4.979257482888246e-05 0.906862149
1108 4.96763094074246e-05 0.907681356
1109 4.956034035341252e-05 0.908500563
1110 4.944462763325439e-05 0.90931977
1111 4.932913440269692e-05 0.910138977
1112 4.921382694940653e-05 0.9109581840000001
1113 4.909867397198249e-05 0.911777391
1114 4.898364667500047e-05 0.912596598
1115 4.886871844993437e-05 0.913415805
1116 4.875386577415576e-05 0.914235012
1117 4.863906432746495e-05 0.9150542190000001
1118 4.852429561269612e-05 0.915873426
1119 4.840954205155613e-05 0.916692633
1120 4.829478865983582e-05 0.91751184
1121 4.818002332171488e-05 0.918331047
1122 4.806523658060628e-05 0.9191502540000001
1123 4.795042200038274e-05 0.919969461
1124 4.783557635834118e-05 0.920788668
1125 4.772070011866173e-05 0.921607875
1126 4.76057975709284e-05 0.922427082
1127 4.749087666765486e-05 0.9232462890000001
1128 4.737594956693784e-05 0.924065496
1129 4.726103305167154e-05 0.924884703
1130 4.714614849530383e-05 0.92570391
1131 4.703132183350006e-05 0.926523117
1132 4.691658339215909e-05 0.9273423240000001
1133 4.680196764497526e-05 0.928161531
1134 4.668751241872124e-05 0.928980738
1135 4.657325862615179e-05 0.929799945
1136 4.645924987376535e-05 0.930619152
1137 4.634553154422347e-05 0.931438359
1138 4.62321500416572e-05 0.932257566
1139 4.611915212820917e-05 0.933076773
1140 4.600658447053009e-05 0.93389598
1141 4.589449308581601e-05 0.934715187
1142 4.578292289763976e-05 0.935534394
1143 4.567191701178976e-05 0.936353601
1144 4.556151440476103e-05 0.937172808
1145 4.545175044900338e-05 0.937992015
1146 4.534265798788481e-05 0.938811222
1147 4.523426443932156e-05 0.939630429
1148 4.512659246868099e-05 0.940449636
1149 4.501965539778294e-05 0.941268843
1150 4.491345694790219e-05 0.94208805
1151 4.480799523571592e-05 0.942907257
1152 4.470325452390305e-05 0.943726464
1153 4.459919759962455e-05 0.944545671
1154 4.44957659901253e-05 0.945364878
1155 4.439286233797312e-05 0.946184085
1156 4.429031455240598e-05 0.947003292
1157 4.418789414069402e-05 0.947822499
1158 4.408525766692253e-05 0.948641706
1159 4.398184232835856e-05 0.949460913
1160 4.38768327124014e-05 0.95028012
1161 4.376930641899441e-05 0.951099327
1162 4.365840630509786e-05 0.951918534
1163 4.354345743646123e-05 0.952737741
1164 4.342397691150778e-05 0.953556948
1165 4.329968147947439e-05 0.9543761549999999
1166 4.317054478473284e-05 0.955195362
1167 4.303678718544592e-05 0.956014569
1168 4.289877295967655e-05 0.956833776
1169 4.275693878950679e-05 0.957652983
1170 4.261174478425868e-05 0.9584721900000001
1171 4.246363961390808e-05 0.959291397
1172 4.231302435197871e-05 0.960110604
1173 4.216027621751785e-05 0.960929811
1174 4.20057790239186e-05 0.961749018
1175 4.18499285966128e-05 0.9625682250000001
1176 4.169311949859588e-05 0.963387432
1177 4.153572626937208e-05 0.964206639
1178 4.137809454792132e-05 0.965025846
1179 4.12205483814048e-05 0.965845053
1180 4.10633903355597e-05 0.9666642600000001
1181 4.090689600346597e-05 0.967483467
1182 4.075131182309372e-05 0.968302674
1183 4.059685994298376e-05 0.969121881
1184 4.044374766919745e-05 0.969941088
1185 4.029217940900669e-05 0.9707602950000001
1186 4.014236971500455e-05 0.971579502
1187 3.999455164384887e-05 0.972398709
1188 3.984898552264537e-05 0.973217916
1189 3.970594813047134e-05 0.974037123
1190 3.956572406201939e-05 0.97485633
1191 3.942858452970872e-05 0.975675537
1192 3.9294737339084e-05 0.976494744
1193 3.916433788814745e-05 0.977313951
1194 3.903746853820547e-05 0.978133158
1195 3.891414456718331e-05 0.978952365
1196 3.879432128874431e-05 0.979771572
1197 3.867790171416098e-05 0.980590779
1198 3.856475188493912e-05 0.981409986
1199 3.845472154627823e-05 0.982229193
1200 3.834764178078705e-05 0.9830484
1201 3.82433418333378e-05 0.983867607
1202 3.814165233166315e-05 0.984686814
1203 3.804240468580154e-05 0.985506021
1204 3.794546167497663e-05 0.986325228
1205 3.785067700030075e-05 0.987144435
1206 3.775790571526217e-05 0.987963642
1207 3.766699375431436e-05 0.988782849
1208 3.75777765196917e-05 0.989602056
1209 3.749008373691198e-05 0.990421263
1210 3.740374499338958e-05 0.99124047
1211 3.731859385782339e-05 0.992059677
1212 3.723447070646909e-05 0.992878884
1213 3.715122550640757e-05 0.993698091
1214 3.70687204040982e-05 0.994517298
1215 3.698683185439584e-05 0.995336505
1216 3.690545153780284e-05 0.996155712
1217 3.682448646999271e-05 0.996974919
1218 3.674385887627377e-05 0.9977941259999999
1219 3.666350555798985e-05 0.998613333
1220 3.658337702695521e-05 0.99943254
1221 3.650343664297784e-05 1.000251747
1222 3.642365896612686e-05 1.001070954
1223 3.634402829926062e-05 1.001890161
1224 3.626453761380372e-05 1.002709368
1225 3.618518751357956e-05 1.003528575
1226 3.610598530284755e-05 1.004347782
1227 3.60269442834576e-05 1.005166989
1228 3.594808355149135e-05 1.005986196
1229 3.586942858145896e-05 1.006805403
1230 3.579100447431833e-05 1.00762461
1231 3.57128392547458e-05 1.008443817
1232 3.563496713684629e-05 1.009263024
1233 3.555743024078322e-05 1.010082231
1234 3.54802655245965e-05 1.010901438
1235 3.540351770035389e-05 1.011720645
1236 3.53272256105518e-05 1.012539852
1237 3.525143716135863e-05 1.013359059
1238 3.517620665749962e-05 1.014178266
1239 3.510158305463534e-05 1.014997473
1240 3.502760753174495e-05 1.01581668
1241 3.495432259390736e-05 1.016635887
1242 3.488177565607336e-05 1.017455094
1243 3.481001445709223e-05 1.018274301
1244 3.473909463452525e-05 1.019093508
1245 3.466907645471938e-05 1.019912715
1246 3.460001832523733e-05 1.020731922
1247 3.453197676361289e-05 1.021551129
1248 3.446500580377311e-05 1.022370336
1249 3.439915556952586e-05 1.023189543
1250 3.433447035702895e-05 1.02400875
1251 3.42709884296448e-05 1.024827957
1252 3.420874059968924e-05 1.025647164
1253 3.414774967192108e-05 1.026466371
1254 3.408803010306662e-05 1.027285578
1255 3.402958532185558e-05 1.028104785
1256 3.397241084537734e-05 1.028923992
1257 3.391648962238997e-05 1.029743199
1258 3.386179393851479e-05 1.030562406
1259 3.38082881602052e-05 1.031381613
1260 3.37559274900324e-05 1.03220082
1261 3.370466162311663e-05 1.033020027
1262 3.365442393922385e-05 1.033839234
1263 3.360514398243579e-05 1.034658441
1264 3.355674594247417e-05 1.035477648
1265 3.350913340329418e-05 1.036296855
1266 3.346220380873519e-05 1.037116062
1267 3.341585172889719e-05 1.037935269
1268 3.336997196456982e-05 1.038754476
1269 3.33244608386831e-05 1.039573683
1270 3.32792167653682e-05 1.04039289
1271 3.323414139119796e-05 1.041212097
1272 3.318914028533108e-05 1.042031304
1273 3.31441235792181e-05 1.042850511
1274 3.309900657943102e-05 1.043669718
1275 3.305370989037996e-05 1.044488925
1276 3.30081600268242e-05 1.045308132
1277 3.296229034017216e-05 1.046127339
1278 3.291603964064708e-05 1.046946546
1279 3.28693524127795e-05 1.047765753
1280 3.28221778615599e-05 1.04858496
1281 3.277446940156285e-05 1.049404167
1282 3.272619250253546e-05 1.050223374
1283 3.267731177781656e-05 1.051042581
1284 3.26277902202799e-05 1.051861788
1285 3.257759752964881e-05 1.052680995
1286 3.252671270508063e-05 1.053500202
1287 3.247515709536052e-05 1.054319409
1288 3.242292883141927e-05 1.055138616
1289 3.237004632236738e-05 1.055957823
1290 3.231655884149276e-05 1.05677703
1291 3.226252319057443e-05 1.057596237
1292 3.220798495045952e-05 1.058415444
1293 3.215288188966879e-05 1.059234651
1294 3.209715659315457e-05 1.060053858
1295 3.2040783914451e-05 1.060873065
1296 3.198368029579882e-05 1.061692272
1297 3.192570579509376e-05 1.062511479
1298 3.186668766173685e-05 1.063330686
1299 3.180645519611017e-05 1.064149893
1300 3.174480836777964e-05 1.0649691
1301 3.168155379974665e-05 1.065788307
1302 3.161650163749785e-05 1.066607514
1303 3.154948023396429e-05 1.067426721
1304 3.14803362765194e-05 1.068245928
1305 3.140894015576596e-05 1.069065135
1306 3.133519724280673e-05 1.069884342
1307 3.12590387035004e-05 1.070703549
1308 3.118043064454834e-05 1.071522756
1309 3.109938391481202e-05 1.072341963
1310 3.101595634254216e-05 1.07316117
1311 3.093025277702564e-05 1.073980377
1312 3.084242372468624e-05 1.074799584
1313 3.07526618195449e-05 1.075618791
1314 3.066119671782803e-05 1.076437998
1315 3.056828863203447e-05 1.077257205
1316 3.047422085626641e-05 1.078076412
1317 3.037929168178681e-05 1.078895619
1318 3.028380618765563e-05 1.079714826
1319 3.018806832682903e-05 1.080534033
1320 3.00923736557209e-05 1.08135324
1321 2.999700290174923e-05 1.082172447
1322 2.990221662310709e-05 1.082991654
1323 2.980825098161271e-05 1.083810861
1324 2.971531494419148e-05 1.084630068
1325 2.962358811950917e-05 1.085449275
1326 2.953322021012999e-05 1.086268482
1327 2.94443315177737e-05 1.087087689
1328 2.935701310931114e-05 1.087906896
1329 2.92713293802772e-05 1.088726103
1330 2.918732005814476e-05 1.08954531
1331 2.910500224673105e-05 1.090364517
1332 2.902437353128797e-05 1.091183724
1333 2.89454137943118e-05 1.092002931
1334 2.886808429311653e-05 1.092822138
1335 2.879232927083429e-05 1.093641345
1336 2.871807829252158e-05 1.094460552
1337 2.864525026701197e-05 1.095279759
1338 2.857375609319878e-05 1.096098966
1339 2.850350213374579e-05 1.096918173
1340 2.843439569081442e-05 1.09773738
1341 2.836634291545356e-05 1.098556587
1342 2.829925383023846e-05 1.099375794
1343 2.823304227130384e-05 1.100195001
1344 2.816762786536589e-05 1.101014208
1345 2.810293795365987e-05 1.101833415
1346 2.803890130657413e-05 1.102652622
1347 2.797545355270707e-05 1.103471829
1348 2.791253402462636e-05 1.104291036
1349 2.785008583402961e-05 1.105110243
1350 2.778805619113623e-05 1.10592945
1351 2.772639627729559e-05 1.106748657
1352 2.766506409821974e-05 1.107567864
1353 2.760401786507359e-05 1.108387071
1354 2.754321932329564e-05 1.109206278
1355 2.748263495379163e-05 1.110025485
1356 2.742223339647303e-05 1.110844692
1357 2.736198722119818e-05 1.111663899
1358 2.73018732572097e-05 1.112483106
1359 2.724187211678176e-05 1.113302313
1360 2.718196798691851e-05 1.11412152
1361 2.712214815404225e-05 1.114940727
1362 2.706240248122623e-05 1.115759934
1363 2.700272297060352e-05 1.116579141
1364 2.694310344229013e-05 1.117398348
1365 2.688353912926242e-05 1.118217555
1366 2.682402651550455e-05 1.119036762
1367 2.676456284772037e-05 1.119855969
1368 2.670514614033979e-05 1.120675176
1369 2.66457748224268e-05 1.121494383
1370 2.658644797870758e-05 1.12231359
1371 2.652716461479496e-05 1.123132797
1372 2.646792389008428e-05 1.123952004
1373 2.640872503056572e-05 1.124771211
1374 2.634956726888425e-05 1.125590418
1375 2.629045001897375e-05 1.126409625
1376 2.623137261141793e-05 1.127228832
1377 2.617233435961774e-05 1.128048039
1378 2.611333444287507e-05 1.128867246
1379 2.605437213230855e-05 1.129686453
1380 2.59954469157569e-05 1.13050566
1381 2.593655872728004e-05 1.131324867
1382 2.587770732344868e-05 1.132144074
1383 2.581889243494422e-05 1.132963281
1384 2.576011438199382e-05 1.133782488
1385 2.570137678491766e-05 1.134601695
1386 2.564268221583446e-05 1.135420902
1387 2.558403190115936e-05 1.136240109
1388 2.552542360341083e-05 1.137059316
1389 2.546685937259369e-05 1.137878523
1390 2.540834000095921e-05 1.13869773
1391 2.534986592531573e-05 1.139516937
1392 2.529143738212197e-05 1.140336144
1393 2.523305555149561e-05 1.141155351
1394 2.51747225853804e-05 1.141974558
1395 2.511644144901073e-05 1.142793765
1396 2.505821588763413e-05 1.143612972
1397 2.500005040180175e-05 1.144432179
1398 2.494195016021018e-05 1.145251386
1399 2.488392093502794e-05 1.146070593
1400 2.482596912268138e-05 1.1468898
1401 2.476810171141736e-05 1.147709007
1402 2.471032609279337e-05 1.148528214
1403 2.465264995859472e-05 1.149347421
1404 2.45950814461154e-05 1.150166628
1405 2.453762893582258e-05 1.150985835
1406 2.448030107151751e-05 1.151805042
1407 2.442310678520959e-05 1.152624249
1408 2.436605518104007e-05 1.153443456
1409 2.430915552021772e-05 1.154262663
1410 2.425241715388416e-05 1.15508187
1411 2.419584953498932e-05 1.155901077
1412 2.413946232221015e-05 1.156720284
1413 2.408326526857375e-05 1.157539491
1414 2.402726835129009e-05 1.158358698
1415 2.397148200905719e-05 1.159177905
1416 2.391591698711534e-05 1.159997112
1417 2.38605845310054e-05 1.160816319
1418 2.380549684426538e-05 1.161635526
1419 2.375066747146766e-05 1.162454733
1420 2.369611117563734e-05 1.16327394
1421 2.364184566523766e-05 1.164093147
1422 2.358789177408569e-05 1.164912354
1423 2.353427401162921e-05 1.165731561
1424 2.34810191235905e-05 1.166550768
1425 2.342815657837012e-05 1.167369975
1426 2.337570837533607e-05 1.168189182
1427 2.332368595497183e-05 1.169008389
1428 2.327208880776623e-05 1.169827596
1429 2.322090441493199e-05 1.170646803
1430 2.317011194660982e-05 1.17146601
1431 2.311969511574767e-05 1.172285217
1432 2.306963787469368e-05 1.173104424
1433 2.301994032990199e-05 1.173923631
1434 2.297060813455633e-05 1.174742838
1435 2.292164592889715e-05 1.175562045
1436 2.28730578999852e-05 1.176381252
1437 2.282484777490797e-05 1.177200459
1438 2.277701969623248e-05 1.178019666
1439 2.272957824936067e-05 1.178838873
1440 2.268252715591924e-05 1.17965808
1441 2.263586874452217e-05 1.180477287
1442 2.258960456488572e-05 1.181296494
1443 2.254373505214182e-05 1.182115701
1444 2.249825961481182e-05 1.182934908
1445 2.245317785317315e-05 1.183754115
1446 2.240848852029949e-05 1.184573322
1447 2.23641892440519e-05 1.185392529
1448 2.232027617997632e-05 1.186211736
1449 2.227674521151364e-05 1.187030943
1450 2.223359119355735e-05 1.18785015
1451 2.219080814439116e-05 1.188669357
1452 2.214838962504156e-05 1.189488564
1453 2.210632830379e-05 1.190307771
1454 2.206461792978572e-05 1.191126978
1455 2.20232523509613e-05 1.191946185
1456 2.198222509243953e-05 1.192765392
1457 2.194152931364888e-05 1.193584599
1458 2.190115862163603e-05 1.194403806
1459 2.186110713713033e-05 1.195223013
1460 2.182136904189929e-05 1.19604222
1461 2.178193842725105e-05 1.196861427
1462 2.174280960200712e-05 1.197680634
1463 2.17039762914715e-05 1.198499841
1464 2.166543279730474e-05 1.199319048
1465 2.162717303579023e-05 1.200138255
1466 2.158919140179425e-05 1.200957462
1467 2.15514818373764e-05 1.201776669
1468 2.151403905704507e-05 1.202595876
1469 2.147685800430366e-05 1.203415083
1470 2.143993388088675e-05 1.20423429
1471 2.140326218756697e-05 1.205053497
1472 2.136683863578543e-05 1.205872704
1473 2.133065902661837e-05 1.206691911
1474 2.129471897946647e-05 1.207511118
1475 2.125901461635656e-05 1.208330325
1476 2.12235420048599e-05 1.209149532
1477 2.11882970369805e-05 1.209968739
1478 2.115327556622509e-05 1.210787946
1479 2.111847335364656e-05 1.211607153
1480 2.108388612201148e-05 1.21242636
1481 2.104950956030922e-05 1.213245567
1482 2.101533926083399e-05 1.214064774
1483 2.098137093662006e-05 1.214883981
1484 2.094760055548113e-05 1.215703188
1485 2.091402418741088e-05 1.216522395
1486 2.088063786267838e-05 1.217341602
1487 2.084743754159874e-05 1.218160809
1488 2.081441908047457e-05 1.218980016
1489 2.078157828397866e-05 1.219799223
1490 2.074891106315738e-05 1.22061843
1491 2.07164133916688e-05 1.221437637
1492 2.068408106850906e-05 1.222256844
1493 2.065190987523738e-05 1.223076051
1494 2.061989564598928e-05 1.223895258
1495 2.058803424809197e-05 1.224714465
1496 2.055632160699109e-05 1.225533672
1497 2.052475371188331e-05 1.226352879
1498 2.04933264773222e-05 1.227172086
1499 2.046203578335471e-05 1.227991293
1500 2.043087750495768e-05 1.2288105
1501 2.039984752338177e-05 1.229629707
1502 2.036894165784463e-05 1.230448914
1503 2.033815563101393e-05 1.231268121
1504 2.030748503784243e-05 1.232087328
1505 2.027692532471725e-05 1.232906535
1506 2.024647183757091e-05 1.233725742
1507 2.021611966524382e-05 1.234544949
1508 2.018586369527469e-05 1.235364156
1509 2.015569837456301e-05 1.236183363
1510 2.012561846299918e-05 1.23700257
1511 2.009561892435459e-05 1.237821777
1512 2.006569468872374e-05 1.238640984
1513 2.003583956564996e-05 1.239460191
1514 2.000604659413379e-05 1.240279398
1515 1.997630683719915e-05 1.241098605
1516 1.994661518435578e-05 1.241917812
1517 1.991696980010275e-05 1.242737019
1518 1.988736480863252e-05 1.243556226
1519 1.985779885694938e-05 1.244375433
1520 1.982827189600145e-05 1.24519464
1521 1.979878321386358e-05 1.246013847
1522 1.976933126084189e-05 1.246833054
1523 1.973991365645283e-05 1.247652261
1524 1.971052798133206e-05 1.248471468
1525 1.968117037785697e-05 1.249290675
1526 1.965183702309885e-05 1.250109882
1527 1.962252419056632e-05 1.250929089
1528 1.959322806478309e-05 1.251748296
1529 1.956394555050479e-05 1.252567503
1530 1.953467570023101e-05 1.25338671
1531 1.950542029349303e-05 1.254205917
1532 1.947618504984879e-05 1.255025124
1533 1.944698321379271e-05 1.255844331
1534 1.941783769479486e-05 1.256663538
1535 1.938878050831308e-05 1.257482745
1536 1.935985082395512e-05 1.258301952
1537 1.933108959499621e-05 1.259121159
1538 1.9302534375092e-05 1.259940366
1539 1.927421326900925e-05 1.260759573
1540 1.924613796654304e-05 1.26157878
1541 1.921829597152017e-05 1.262397987
1542 1.91906517518447e-05 1.263217194
1543 1.916314933601144e-05 1.264036401
1544 1.913571837334485e-05 1.264855608
1545 1.910827620662393e-05 1.265674815
1546 1.908073168848826e-05 1.266494022
1547 1.905298772420307e-05 1.267313229
1548 1.902492764512634e-05 1.268132436
1549 1.899645006376686e-05 1.268951643
1550 1.896746304437899e-05 1.26977085
1551 1.893790698070677e-05 1.270590057
1552 1.890774923007891e-05 1.271409264
1553 1.887696660523465e-05 1.272228471
1554 1.88455169413102e-05 1.273047678
1555 1.88133489301911e-05 1.273866885
1556 1.878039168644879e-05 1.274686092
1557 1.874655990529664e-05 1.275505299
1558 1.871175777806172e-05 1.276324506
1559 1.867588565289244e-05 1.277143713
1560 1.863884245872495e-05 1.27796292
1561 1.860053626962329e-05 1.278782127
1562 1.856088595463004e-05 1.279601334
1563 1.851982519731506e-05 1.280420541
1564 1.847731351440696e-05 1.281239748
1565 1.843333168144617e-05 1.282058955
1566 1.838743828749543e-05 1.282878162
1567 1.834063919559669e-05 1.283697369
1568 1.82924758731306e-05 1.284516576
1569 1.824302351938891e-05 1.285335783
1570 1.81923772973917e-05 1.28615499
1571 1.814064301468653e-05 1.286974197
1572 1.808793377088204e-05 1.287793404
1573 1.803436576376065e-05 1.288612611
1574 1.798005634618535e-05 1.289431818
1575 1.79250463759866e-05 1.290251025
1576 1.786966882898701e-05 1.291070232
1577 1.781368658088253e-05 1.291889439
1578 1.775764876692368e-05 1.292708646
1579 1.770110575478921e-05 1.293527853
1580 1.764476308602608e-05 1.29434706
1581 1.758820799593874e-05 1.295166267
1582 1.753167118271634e-05 1.295985474
1583 1.747521674176286e-05 1.296804681
1584 1.741889973074055e-05 1.297623888
1585 1.736276337713971e-05 1.298443095
1586 1.730684845241638e-05 1.299262302
1587 1.725118534115282e-05 1.300081509
1588 1.719580476808802e-05 1.300900716
1589 1.714073013630573e-05 1.301719923
1590 1.708597840297169e-05 1.30253913
1591 1.703156199663066e-05 1.303358337
1592 1.697748763730758e-05 1.304177544
1593 1.692375902203239e-05 1.304996751
1594 1.687037723161064e-05 1.305815958
1595 1.681734089607357e-05 1.306635165
1596 1.676464689531321e-05 1.307454372
1597 1.671229051056871e-05 1.308273579
1598 1.666026587751381e-05 1.309092786
1599 1.66085663254182e-05 1.309911993
1600 1.655718472479327e-05 1.3107312
1601 1.650611375264764e-05 1.311550407
1602 1.645534615813972e-05 1.312369614
1603 1.640487484079011e-05 1.313188821
1604 1.635469284439038e-05 1.314008028
1605 1.630479325718352e-05 1.314827235
1606 1.62551694110494e-05 1.315646442
1607 1.620581372526582e-05 1.316465649
1608 1.615672001164099e-05 1.317284856
1609 1.610762984141418e-05 1.318104063
1610 1.605929152855811e-05 1.31892327
1611 1.601095860762779e-05 1.319742477
1612 1.59628790384812e-05 1.320561684
1613 1.591505906798735e-05 1.321380891
1614 1.586751032045428e-05 1.322200098
1615 1.582024937744936e-05 1.323019305
1616 1.577329889716127e-05 1.323838512
1617 1.572668515604236e-05 1.324657719
1618 1.56804377772191e-05 1.325476926
1619 1.563458803236123e-05 1.326296133
1620 1.558916786342898e-05 1.32711534
1621 1.554420765048204e-05 1.327934547
1622 1.549973429797885e-05 1.328753754
1623 1.545576897470408e-05 1.329572961
1624 1.541232636995455e-05 1.330392168
1625 1.536941629613007e-05 1.331211375
1626 1.532704233853364e-05 1.332030582
1627 1.528520333291097e-05 1.332849789
1628 1.524389362087033e-05 1.333668996
1629 1.520310397244709e-05 1.334488203
1630 1.516282411922057e-05 1.33530741
1631 1.512304162450926e-05 1.336126617
1632 1.508374327028478e-05 1.336945824
1633 1.504491513038901e-05 1.337765031
1634 1.500654252767404e-05 1.338584238
1635 1.49686102573352e-05 1.339403445
1636 1.493110205317284e-05 1.340222652
1637 1.489400081011639e-05 1.341041859
1638 1.485728852205324e-05 1.341861066
1639 1.482094637066875e-05 1.342680273
1640 1.478495485007107e-05 1.34349948
1641 1.474929362227772e-05 1.344318687
1642 1.471394251020233e-05 1.345137894
1643 1.467888123322824e-05 1.345957101
1644 1.464408970956158e-05 1.346776308
1645 1.460954848177433e-05 1.347595515
1646 1.457523853303406e-05 1.348414722
1647 1.454114100393815e-05 1.349233929
1648 1.450723937739353e-05 1.350053136
1649 1.447351890993463e-05 1.350872343
1650 1.443996640328103e-05 1.35169155
1651 1.44065702252671e-05 1.352510757
1652 1.437332008622093e-05 1.353329964
1653 1.434020754903613e-05 1.354149171
1654 1.430722466169269e-05 1.354968378
1655 1.427436561987856e-05 1.355787585
1656 1.424162436073663e-05 1.356606792
1657 1.420899667262179e-05 1.357425999
1658 1.417647793974621e-05 1.358245206
1659 1.414406641838147e-05 1.359064413
1660 1.411175686508852e-05 1.35988362
1661 1.407954226526971e-05 1.360702827
1662 1.40474138760931e-05 1.361522034
1663 1.401536394021212e-05 1.362341241
1664 1.398338464454717e-05 1.363160448
1665 1.395146977132886e-05 1.363979655
1666 1.391961211054706e-05 1.364798862
1667 1.388780462586863e-05 1.365618069
1668 1.38560418247401e-05 1.366437276
1669 1.382431952941332e-05 1.367256483
1670 1.379263637909442e-05 1.36807569
1671 1.376099245572087e-05 1.368894897
1672 1.372938968491757e-05 1.369714104
1673 1.369783533454618e-05 1.370533311
1674 1.366634126034787e-05 1.371352518
1675 1.363492448510734e-05 1.372171725
1676 1.360360569089542e-05 1.372990932
1677 1.357240994387405e-05 1.373810139
1678 1.354136596519959e-05 1.374629346
1679 1.351050564900395e-05 1.375448553
1680 1.347986330031938e-05 1.37626776
1681 1.344947653884679e-05 1.377086967
1682 1.341938228082167e-05 1.377906174
1683 1.338961814935184e-05 1.378725381
1684 1.33602211660039e-05 1.379544588
1685 1.333122833918344e-05 1.380363795
1686 1.330267619164157e-05 1.381183002
1687 1.327459936643443e-05 1.382002209
1688 1.324702981393877e-05 1.382821416
1689 1.321999612561382e-05 1.383640623
1690 1.319352215766395e-05 1.38445983
1691 1.31676261215767e-05 1.385279037
1692 1.314231848410607e-05 1.386098244
1693 1.311760242174366e-05 1.386917451
1694 1.309347288702851e-05 1.387736658
1695 1.30699174002144e-05 1.388555865
1696 1.304691472910575e-05 1.389375072
1697 1.302443709287256e-05 1.390194279
1698 1.300245125174354e-05 1.391013486
1699 1.298091992678435e-05 1.391832693
1700 1.29598039852765e-05 1.3926519
1701 1.293906281236756e-05 1.393471107
1702 1.291865631431605e-05 1.394290314
1703 1.289854627173269e-05 1.395109521
1704 1.2878697284168e-05 1.395928728
1705 1.285907730829829e-05 1.396747935
1706 1.283965792982022e-05 1.397567142
1707 1.282041442267663e-05 1.398386349
1708 1.280132577081443e-05 1.399205556
1709 1.278237463926533e-05 1.400024763
1710 1.276354729330699e-05 1.40084397
1711 1.274483350006037e-05 1.401663177
1712 1.272622638567065e-05 1.402482384
1713 1.270772224766414e-05 1.403301591
1714 1.268932034325965e-05 1.404120798
1715 1.267102263234339e-05 1.404940005
1716 1.265283349477146e-05 1.405759212
1717 1.263475946008343e-05 1.406578419
1718 1.261680892617165e-05 1.407397626
1719 1.259899138300491e-05 1.408216833
1720 1.258131741830034e-05 1.40903604
1721 1.25637983157208e-05 1.409855247
1722 1.254644591729696e-05 1.410674454
1723 1.252927180498717e-05 1.411493661
1724 1.251228709009541e-05 1.412312868
1725 1.249550228911812e-05 1.413132075
1726 1.247892709441452e-05 1.413951282
1727 1.246257071040576e-05 1.414770489
1728 1.244643962189222e-05 1.415589696
1729 1.243053948431919e-05 1.416408903
1730 1.241487404518333e-05 1.41722811
1731 1.239944543466031e-05 1.418047317
1732 1.238425680317559e-05 1.418866524
1733 1.236930626551189e-05 1.419685731
1734 1.235459046471163e-05 1.420504938
1735 1.234010465635191e-05 1.421324145
1736 1.232584519724193e-05 1.422143352
1737 1.23118026620518e-05 1.422962559
1738 1.229796925898358e-05 1.423781766
1739 1.228433628508155e-05 1.424600973
1740 1.227089195067081e-05 1.42542018
1741 1.225762161112877e-05 1.426239387
1742 1.224451218785335e-05 1.427058594
1743 1.223154741558339e-05 1.427877801
1744 1.221870800575687e-05 1.428697008
1745 1.220597196640198e-05 1.429516215
1746 1.219331946593165e-05 1.430335422
1747 1.218073120854141e-05 1.431154629
1748 1.216818615520208e-05 1.431973836
1749 1.215566287951649e-05 1.432793043
1750 1.214314274197662e-05 1.43361225
1751 1.213060567103946e-05 1.434431457
1752 1.211803057485081e-05 1.435250664
1753 1.210539917615716e-05 1.436069871
1754 1.209269087687053e-05 1.436889078
1755 1.207988848876838e-05 1.437708285
1756 1.206698165321187e-05 1.438527492
1757 1.205395259410021e-05 1.439346699
1758 1.204079087343995e-05 1.440165906
1759 1.202748593506221e-05 1.440985113
1760 1.201402360070037e-05 1.44180432
1761 1.200040064471197e-05 1.442623527
1762 1.198660811653466e-05 1.443442734
1763 1.197265064606862e-05 1.444261941
1764 1.195852065329906e-05 1.445081148
1765 1.194420806065241e-05 1.445900355
1766 1.192973495498623e-05 1.446719562
1767 1.191509959472948e-05 1.447538769
1768 1.190030111759209e-05 1.448357976
