0 0 0
1 2.571918578905218e-72 0.001024008
2 1.537464867027567e-69 0.002048016
3 4.790542425731482e-66 0.003072024
4 4.46645096947895e-64 0.004096032
5 5.731884902631678e-64 0.00512004
6 4.701866938392038e-63 0.006144048
7 7.271510927719028e-61 0.007168056000000001
8 6.208129997918879e-60 0.008192064000000001
9 6.477559989858359e-59 0.009216072
10 1.677291781925731e-57 0.01024008
11 1.621820590036468e-56 0.011264088
12 9.267889510763911e-58 0.012288096
13 1.080709609185797e-56 0.013312104
14 1.079120524656274e-55 0.014336112
15 5.06535721818054e-52 0.01536012
16 5.33931277394783e-52 0.016384128
17 5.400048870840959e-51 0.017408136
18 4.703607135401e-50 0.018432144
19 5.274800916293749e-49 0.019456152
20 5.573527232498059e-48 0.02048016
21 1.355754199197853e-46 0.021504168
22 1.687980143413879e-45 0.022528176
23 1.264865924686947e-44 0.023552184
24 6.343774223453301e-44 0.024576192
25 2.631472273867346e-43 0.0256002
26 1.8596771745751e-45 0.026624208
27 4.464370238139871e-42 0.027648216
28 1.45389934595573e-41 0.028672224
29 4.163945796845011e-41 0.029696232
30 6.363883828494992e-41 0.03072024
31 1.150192606727931e-40 0.031744248
32 3.026455808757968e-40 0.032768256
33 1.647181345713994e-40 0.033792264
34 3.085468345687684e-40 0.034816272
35 3.176865346324422e-38 0.03584028
36 5.26421776927259e-38 0.036864288
37 1.491017843503898e-37 0.037888296
38 4.473469483998528e-37 0.038912304
39 2.73800698955733e-37 0.039936312
40 6.260069320053715e-37 0.04096032
41 1.024686414194068e-35 0.041984328
42 2.951220340843801e-35 0.043008336
43 9.579218359570875e-35 0.044032344
44 3.202466430685379e-34 0.045056352
45 1.081162384275448e-33 0.04608036
46 4.476863002273043e-33 0.047104368
47 1.803499583161715e-32 0.048128376
48 7.133461156342066e-32 0.049152384
49 2.774423807690783e-31 0.05017639200000001
50 1.059163368306598e-30 0.05120040000000001
51 3.959035542970997e-30 0.05222440800000001
52 1.449721537608909e-29 0.05324841600000001
53 5.198935095472688e-29 0.05427242400000001
54 1.825927512060392e-28 0.05529643200000001
55 6.281443942408064e-28 0.05632044000000001
56 2.117159635053299e-27 0.05734444800000001
57 6.993380988388708e-27 0.05836845600000001
58 2.264651695579484e-26 0.05939246400000001
59 7.19183124567042e-26 0.06041647200000001
60 2.240505790909448e-25 0.06144048000000001
61 6.849593307187956e-25 0.06246448800000001
62 2.055590262344449e-24 0.06348849600000001
63 6.057582707940286e-24 0.06451250400000001
64 1.753427539862223e-23 0.06553651200000001
65 4.986928986020465e-23 0.06656052000000001
66 1.394001532105935e-22 0.06758452800000002
67 3.83091484334389e-22 0.06860853600000001
68 1.035314131097119e-21 0.06963254400000002
69 2.75226495170871e-21 0.07065655200000001
70 7.198993924826369e-21 0.07168056000000002
71 1.853228373546698e-20 0.07270456800000001
72 4.696463565770545e-20 0.07372857600000002
73 1.171937752995198e-19 0.07475258400000001
74 2.880278059718836e-19 0.07577659200000002
75 6.973692992847794e-19 0.07680060000000001
76 1.663757663154325e-18 0.07782460800000002
77 3.912139323733028e-18 0.07884861600000001
78 9.068424899993692e-18 0.07987262400000002
79 2.072707121857742e-17 0.08089663200000001
80 4.67224872442108e-17 0.08192064000000002
81 1.038934486666037e-16 0.08294464800000001
82 2.279377162299093e-16 0.08396865600000002
83 4.935159432012084e-16 0.08499266400000001
84 1.054712266206893e-15 0.08601667200000002
85 2.225386320111356e-15 0.08704068000000001
86 4.63667261898682e-15 0.08806468800000002
87 9.541759996991898e-15 0.08908869600000001
88 1.939829621334971e-14 0.09011270400000002
89 3.896763367345884e-14 0.09113671200000001
90 7.736441675697329e-14 0.09216072000000002
91 1.518310741245871e-13 0.09318472800000001
92 2.9459544652158e-13 0.09420873600000002
93 5.651238481034005e-13 0.09523274400000001
94 1.071533048320718e-12 0.09625675200000001
95 2.007063954495322e-12 0.09728076000000001
96 3.711257705472088e-12 0.09830476800000001
97 6.773392768138623e-12 0.09932877600000002
98 1.220609871365803e-11 0.100352784
99 2.173092327238806e-11 0.101376792
100 3.824225830401157e-11 0.1024008
101 6.65510984135919e-11 0.103424808
102 1.145639988444113e-10 0.104448816
103 1.951308458691001e-10 0.105472824
104 3.289016717501448e-10 0.106496832
105 5.48698707303604e-10 0.10752084
106 9.061212838663441e-10 0.108544848
107 1.481421775985979e-09 0.109568856
108 2.398085115182631e-09 0.110592864
109 3.844103274250829e-09 0.111616872
110 6.102661808950416e-09 0.11264088
111 9.595881996302313e-09 0.113664888
112 1.494648642448036e-08 0.114688896
113 2.30638061408368e-08 0.115712904
114 3.526231452086102e-08 0.116736912
115 5.342304392603081e-08 0.11776092
116 8.021073568250639e-08 0.118784928
117 1.193626514818316e-07 0.119808936
118 1.760684421889196e-07 0.120832944
119 2.574633667542395e-07 0.121856952
120 3.732613715235958e-07 0.12288096
121 5.365573439610023e-07 0.123904968
122 7.648321886945915e-07 0.124928976
123 1.081194548757528e-06 0.125952984
124 1.515895156971165e-06 0.126976992
125 2.108148965279309e-06 0.128001
126 2.908298699142998e-06 0.129025008
127 3.980353369381611e-06 0.130049016
128 5.404910243002871e-06 0.131073024
129 7.282446119546764e-06 0.132097032
130 9.736994771196384e-06 0.13312104
131 1.292012292800333e-05 0.134145048
132 1.70151868717666e-05 0.135169056
133 2.224190560898857e-05 0.136193064
134 2.886102634223101e-05 0.137217072
135 3.717876394280012e-05 0.13824108
136 4.755118493218613e-05 0.139265088
137 6.038783357406712e-05 0.140289096
138 7.615490010408571e-05 0.141313104
139 9.537692372176094e-05 0.142337112
140 0.0001186373721439643 0.14336112
141 0.000146577369635622 0.144385128
142 0.000179892683471073 0.145409136
143 0.0002193285547033744 0.146433144
144 0.000265672128171516 0.147457152
145 0.0003197423412192316 0.14848116
146 0.0003823772164631215 0.149505168
147 0.0004544186096985325 0.150529176
148 0.0005366945721958083 0.151553184
149 0.0006299996049890876 0.152577192
150 0.0007350732047161408 0.1536012
151 0.0008525772094988349 0.154625208
152 0.0009830725785237057 0.155649216
153 0.001126996320946722 0.156673224
154 0.001284639346721062 0.157697232
155 0.001456126061153368 0.15872124
156 0.00164139652443365 0.159745248
157 0.001840191880228672 0.160769256
158 0.002052043868443416 0.161793264
159 0.002276268903418871 0.162817272
160 0.002511967168315197 0.16384128
161 0.002758026843674934 0.164865288
162 0.003013133015724262 0.165889296
163 0.003275780757932581 0.166913304
164 0.003544291681709793 0.167937312
165 0.003816832634854156 0.16896132
166 0.004091438209971557 0.169985328
167 0.004366037035586641 0.171009336
168 0.004638533308175689 0.172033344
169 0.004906944537862679 0.173057352
170 0.005169479681641762 0.17408136
171 0.005424200164176072 0.175105368
172 0.005669177109039033 0.176129376
173 0.005902651226048757 0.177153384
174 0.006123625814184544 0.178177392
175 0.006330896071009818 0.1792014
176 0.00652338447326949 0.180225408
177 0.006700039298917741 0.181249416
178 0.006860293776480467 0.182273424
179 0.007003890372967915 0.183297432
180 0.007130331362367565 0.18432144
181 0.007239423106478183 0.185345448
182 0.007331449221523055 0.186369456
183 0.007406936493256318 0.187393464
184 0.007466455275618195 0.188417472
185 0.007510425843932357 0.18944148
186 0.007539374421779624 0.190465488
187 0.00755410526169922 0.191489496
188 0.007555733595127861 0.192513504
189 0.007545650379716506 0.193537512
190 0.007524860731956784 0.19456152
191 0.007493971698194453 0.195585528
192 0.007453665334133724 0.196609536
193 0.007404968296753877 0.197633544
194 0.007349121686502005 0.198657552
195 0.007287234446880802 0.19968156
196 0.007220371951385679 0.200705568
197 0.007149388810025791 0.201729576
198 0.007074841292050171 0.202753584
199 0.006997149618083877 0.203777592
200 0.006916728845592627 0.2048016
201 0.006834091325240163 0.205825608
202 0.006749828697378657 0.206849616
203 0.006664601169028168 0.207873624
204 0.006579187385894553 0.208897632
205 0.006494227158482915 0.20992164
206 0.006409815362180954 0.210945648
207 0.006325787778224866 0.211969656
208 0.006242058395942493 0.212993664
209 0.006158579508388214 0.214017672
210 0.006075514853765881 0.21504168
211 0.005993126368319707 0.216065688
212 0.005911734253089705 0.217089696
213 0.005831514501116236 0.218113704
214 0.005752715332318809 0.219137712
215 0.005675413301748078 0.22016172
216 0.005599630006835446 0.221185728
217 0.005525331789845912 0.222209736
218 0.005452346346886075 0.223233744
219 0.00538035097437482 0.224257752
220 0.005309100063429528 0.22528176
221 0.005238566186573545 0.226305768
222 0.005168870907294708 0.227329776
223 0.005100181972595993 0.228353784
224 0.005032611395886828 0.229377792
225 0.004966334635959226 0.2304018
226 0.004901497803549265 0.231425808
227 0.004838227884336701 0.232449816
228 0.004776403745102874 0.233473824
229 0.004715715472346831 0.234497832
230 0.004655895478811274 0.23552184
231 0.004596805641833185 0.236545848
232 0.004538401564728289 0.237569856
233 0.004480582461941345 0.238593864
234 0.004423375607982511 0.239617872
235 0.004366883424266314 0.24064188
236 0.004311135870630554 0.241665888
237 0.004256191485922937 0.242689896
238 0.004202158591162278 0.243713904
239 0.004149120289174761 0.244737912
240 0.00409718130831429 0.24576192
241 0.004046517517573567 0.246785928
242 0.003997180410891721 0.247809936
243 0.003949037467877348 0.248833944
244 0.003901924633556154 0.249857952
245 0.003855543810099414 0.25088196
246 0.003809646464807422 0.251905968
247 0.003764086110451963 0.2529299760000001
248 0.003718878807422566 0.253953984
249 0.003674018641684317 0.254977992
250 0.003629688992769227 0.2560020000000001
251 0.003586065807882147 0.257026008
252 0.003543067754066626 0.258050016
253 0.003500761762005813 0.259074024
254 0.003459089254527661 0.260098032
255 0.003417962756322886 0.2611220400000001
256 0.00337754719214513 0.262146048
257 0.003337903021849116 0.263170056
258 0.003298979059153787 0.2641940640000001
259 0.003260940329998905 0.265218072
260 0.003223913602712584 0.26624208
261 0.003187807147581129 0.2672660880000001
262 0.003152349719810271 0.268290096
263 0.003117433559052317 0.2693141040000001
264 0.003082882329990596 0.270338112
265 0.003048587125828923 0.27136212
266 0.003014520251239504 0.2723861280000001
267 0.002980669315616021 0.273410136
268 0.002947201574324098 0.274434144
269 0.002914153158554755 0.2754581520000001
270 0.002881698068979774 0.27648216
271 0.002849965760406374 0.2775061680000001
272 0.002818921550704694 0.278530176
273 0.002788508717963425 0.279554184
274 0.002758684560163671 0.2805781920000001
275 0.002729399999813927 0.2816022
276 0.002700689811598285 0.282626208
277 0.002672439459594851 0.2836502160000001
278 0.002644644166555651 0.284674224
279 0.002617351338273648 0.2856982320000001
280 0.002590487559974872 0.28672224
281 0.00256401442910446 0.287746248
282 0.002538044897759 0.2887702560000001
283 0.002512586068706035 0.289794264
284 0.0024875229369269 0.290818272
285 0.002462629375911249 0.2918422800000001
286 0.002437751722463173 0.292866288
287 0.002412859271986792 0.2938902960000001
288 0.002387875163152127 0.294914304
289 0.002362855714947397 0.295938312
290 0.002337925902864068 0.2969623200000001
291 0.002313158006522808 0.297986328
292 0.002288714631872902 0.299010336
293 0.002264721103852483 0.3000343440000001
294 0.002241146775906535 0.301058352
295 0.002217929632627414 0.30208236
296 0.002195117021782701 0.3031063680000001
297 0.002172705037395501 0.304130376
298 0.002150859766244045 0.3051543840000001
299 0.002129723384498553 0.306178392
300 0.002109349966457218 0.3072024
301 0.002089749035172363 0.3082264080000001
302 0.002070859755059177 0.309250416
303 0.0020525930617 0.310274424
304 0.002034864222155789 0.3112984320000001
305 0.002017600217063329 0.31232244
306 0.002000714385003367 0.3133464480000001
307 0.001984142019272762 0.314370456
308 0.001967845335129393 0.315394464
309 0.001951771711985471 0.3164184720000001
310 0.00193584423891196 0.31744248
311 0.001920082087246481 0.318466488
312 0.001904475146906689 0.3194904960000001
313 0.00188899227444399 0.320514504
314 0.001873570281271774 0.3215385120000001
315 0.001858081529837613 0.32256252
316 0.001842441844012844 0.323586528
317 0.001826589862182702 0.3246105360000001
318 0.001810465719384545 0.325634544
319 0.00179406355398628 0.326658552
320 0.001777375274680933 0.3276825600000001
321 0.001760442014411644 0.328706568
322 0.0017433375324486 0.3297305760000001
323 0.001726200192563819 0.3307545840000001
324 0.001709166119955871 0.331778592
325 0.001692334636490063 0.3328026000000001
326 0.001675756603098155 0.333826608
327 0.001659474324185805 0.334850616
328 0.001643553724291561 0.3358746240000001
329 0.001627965996767902 0.336898632
330 0.001612647350691949 0.3379226400000001
331 0.001597613414422225 0.3389466480000001
332 0.001582920418151283 0.339970656
333 0.001568609924001541 0.3409946640000001
334 0.001554722131628668 0.342018672
335 0.001541313741245473 0.34304268
336 0.001528389132411619 0.3440666880000001
337 0.001516000093759753 0.345090696
338 0.001504170259949185 0.3461147040000001
339 0.001492857436396213 0.3471387120000001
340 0.001482062762820828 0.34816272
341 0.001471755914253037 0.3491867280000001
342 0.001461878355996572 0.350210736
343 0.001452386288009496 0.351234744
344 0.001443270073221905 0.3522587520000001
345 0.00143447569799336 0.35328276
346 0.001425934289810293 0.354306768
347 0.001417533773563968 0.3553307760000001
348 0.001409211351913841 0.356354784
349 0.00140093166612061 0.3573787920000001
350 0.001392671778148578 0.3584028
351 0.001384410576329582 0.359426808
352 0.001376106628031577 0.3604508160000001
353 0.001367744209380988 0.361474824
354 0.001359264646874503 0.362498832
355 0.001350635211216387 0.3635228400000001
356 0.001341829053149849 0.364546848
357 0.001332782247459077 0.3655708560000001
358 0.001323447665539727 0.3665948640000001
359 0.00131381599788436 0.367618872
360 0.001303893850232898 0.3686428800000001
361 0.001293708607842821 0.369666888
362 0.001283278067259084 0.370690896
363 0.001272627124547905 0.3717149040000001
364 0.001261804008228374 0.372738912
365 0.001250870642530419 0.3737629200000001
366 0.001239869105763809 0.3747869280000001
367 0.001228835451656397 0.375810936
368 0.001217805401070733 0.3768349440000001
369 0.001206783795812351 0.377858952
370 0.001195787327334982 0.37888296
371 0.001184859756743347 0.3799069680000001
372 0.001174036628468148 0.380930976
373 0.001163327995782871 0.3819549840000001
374 0.001152750667704195 0.3829789920000001
375 0.001142324607185136 0.384003
376 0.001132046224451149 0.3850270080000001
377 0.00112187834040886 0.386051016
378 0.00111178988016857 0.387075024
379 0.001101765536718974 0.3880990320000001
380 0.001091817294001767 0.38912304
381 0.001081972805725904 0.3901470480000001
382 0.001072291184025921 0.3911710560000001
383 0.001062862240309566 0.392195064
384 0.001053727000372994 0.3932190720000001
385 0.001044913249485277 0.3942430800000001
386 0.001036433784021585 0.395267088
387 0.001028279348754693 0.3962910960000001
388 0.001020462088339086 0.397315104
389 0.001012988223385271 0.3983391120000001
390 0.00100584301438135 0.3993631200000001
391 0.0009990245597796532 0.400387128
392 0.0009925362156213236 0.4014111360000001
393 0.0009863680435248225 0.4024351440000001
394 0.0009804995423128187 0.403459152
395 0.0009749216003701344 0.4044831600000001
396 0.0009696220137560132 0.405507168
397 0.0009645692324964754 0.406531176
398 0.000959732039835045 0.4075551840000001
399 0.0009550637985487792 0.408579192
400 0.0009505216024464721 0.4096032000000001
401 0.0009460736802641889 0.4106272080000001
402 0.0009416963290764125 0.411651216
403 0.0009373706852404173 0.4126752240000001
404 0.0009330766041005592 0.413699232
405 0.0009287950212692529 0.41472324
406 0.0009245050809798568 0.4157472480000001
407 0.0009201808937780994 0.416771256
408 0.0009157974046153723 0.4177952640000001
409 0.0009113579994571813 0.4188192720000001
410 0.0009068546797917577 0.41984328
411 0.0009022609072892345 0.4208672880000001
412 0.0008975347431909081 0.421891296
413 0.0008926325245889542 0.422915304
414 0.0008874996719086841 0.4239393120000001
415 0.0008821037479143024 0.42496332
416 0.0008764144938828891 0.4259873280000001
417 0.0008704309866041061 0.4270113360000001
418 0.0008641352737804207 0.428035344
419 0.0008575533422640309 0.4290593520000001
420 0.0008507354339335754 0.4300833600000001
421 0.0008437378636899362 0.431107368
422 0.0008366209495111746 0.4321313760000001
423 0.0008294298615668369 0.433155384
424 0.0008222039214402758 0.4341793920000001
425 0.0008149730366160719 0.4352034000000001
426 0.0008077548587642594 0.436227408
427 0.0008005584040214432 0.4372514160000001
428 0.0007933846512633302 0.4382754240000001
429 0.0007862478468744082 0.439299432
430 0.0007791608454370085 0.4403234400000001
431 0.0007721417913618222 0.441347448
432 0.000765208278844232 0.4423714560000001
433 0.0007583753386857428 0.4433954640000001
434 0.000751656136945005 0.444419472
435 0.0007450635865685595 0.4454434800000001
436 0.0007386089541615854 0.4464674880000001
437 0.0007322911279981048 0.447491496
438 0.0007260926972801955 0.4485155040000001
439 0.0007200271561636004 0.449539512
440 0.0007141090929174996 0.4505635200000001
441 0.0007083549227485224 0.4515875280000001
442 0.0007027708727995683 0.452611536
443 0.0006973467985073204 0.4536355440000001
444 0.0006920168176232472 0.4546595520000001
445 0.0006867443510984602 0.45568356
446 0.0006815160246086324 0.4567075680000001
447 0.0006763322161348418 0.457731576
448 0.0006712039348362735 0.458755584
449 0.0006661572063612808 0.4597795920000001
450 0.0006612204021390646 0.4608036
451 0.0006564135021926648 0.4618276080000001
452 0.0006517457665615207 0.4628516160000001
453 0.0006472185119184564 0.463875624
454 0.0006428328806691584 0.4648996320000001
455 0.000638588491657466 0.4659236400000001
456 0.0006344877248371412 0.466947648
457 0.0006305316541190361 0.4679716560000001
458 0.0006267207465085062 0.468995664
459 0.0006230597012078019 0.4700196720000001
460 0.0006195552196015911 0.4710436800000001
461 0.0006162080502011036 0.472067688
462 0.0006130118918481751 0.4730916960000001
463 0.0006099543766157488 0.4741157040000001
464 0.000607016950456661 0.475139712
465 0.0006041827934533944 0.4761637200000001
466 0.00060143893265567 0.477187728
467 0.0005987720216700079 0.4782117360000001
468 0.0005961641159202639 0.4792357440000001
469 0.0005935908332556563 0.480259752
470 0.000591010827293016 0.4812837600000001
471 0.0005884123386064669 0.4823077680000001
472 0.0005857898481538136 0.483331776
473 0.000583137356818113 0.4843557840000001
474 0.0005804494605876393 0.485379792
475 0.0005777196472963437 0.4864038000000001
476 0.0005749464359566435 0.4874278080000001
477 0.000572134613479337 0.488451816
478 0.0005692952663616118 0.4894758240000001
479 0.0005664337808885798 0.4904998320000001
480 0.0005635394779228886 0.49152384
481 0.0005605978766629826 0.4925478480000001
482 0.0005575929976844332 0.4935718560000001
483 0.0005545097215865384 0.4945958640000001
484 0.0005513338182235706 0.4956198720000001
485 0.000548052884167319 0.49664388
486 0.0005446561409907221 0.4976678880000001
487 0.000541136774728533 0.4986918960000001
488 0.0005374899274831391 0.499715904
489 0.0005337125901483878 0.500739912
490 0.0005298093569375631 0.50176392
491 0.0005257876839018354 0.5027879280000001
492 0.0005216582177996372 0.5038119360000001
493 0.0005174355441934311 0.5048359440000001
494 0.0005131366834129478 0.5058599520000001
495 0.0005087794453693064 0.50688396
496 0.0005043782347244396 0.507907968
497 0.0004999444755172828 0.5089319760000001
498 0.0004954884555514675 0.5099559840000001
499 0.0004910310849139449 0.5109799920000001
500 0.0004865959117078143 0.512004
501 0.0004822049233668669 0.513028008
502 0.0004778775771715136 0.5140520160000001
503 0.0004736296461269009 0.5150760240000001
504 0.0004694724114851381 0.5161000320000001
505 0.0004654133281248993 0.51712404
506 0.0004614568512168704 0.518148048
507 0.0004576054367448183 0.519172056
508 0.0004538601142261907 0.5201960640000001
509 0.0004502206652227551 0.5212200720000001
510 0.0004466839321654303 0.5222440800000001
511 0.0004432470297255383 0.523268088
512 0.000439906975893144 0.524292096
513 0.0004366609681366083 0.5253161040000001
514 0.0004335059294247452 0.5263401120000001
515 0.000430438991406065 0.5273641200000001
516 0.0004274570972297568 0.528388128
517 0.0004245582386379078 0.529412136
518 0.0004217398367749302 0.5304361440000001
519 0.0004189997179628536 0.5314601520000001
520 0.0004163298601021835 0.5324841600000001
521 0.0004137223880892587 0.5335081680000001
522 0.0004111745832867575 0.534532176
523 0.0004086835493416541 0.535556184
524 0.0004062321476794653 0.5365801920000001
525 0.000403790070436591 0.5376042000000001
526 0.0004013501936897959 0.5386282080000001
527 0.0003989167576583855 0.539652216
528 0.0003964975812308932 0.540676224
529 0.0003941054388457175 0.5417002320000001
530 0.0003917545348657609 0.5427242400000001
531 0.0003894566949283297 0.5437482480000001
532 0.0003872239780785717 0.544772256
533 0.0003850667128430644 0.545796264
534 0.0003829928041520758 0.5468202720000001
535 0.0003810057122010796 0.5478442800000001
536 0.0003791054973339053 0.5488682880000001
537 0.0003772864899777753 0.5498922960000001
538 0.0003755365061494153 0.550916304
539 0.0003738501869346762 0.551940312
540 0.0003722273609293213 0.5529643200000001
541 0.0003706665151988329 0.5539883280000001
542 0.0003691650394759988 0.5550123360000001
543 0.0003677212973162958 0.556036344
544 0.0003663312682786446 0.557060352
545 0.0003649888389801864 0.5580843600000001
546 0.0003636867180609662 0.5591083680000001
547 0.0003624171754719172 0.5601323760000001
548 0.0003611725538010429 0.5611563840000001
549 0.0003599457351061733 0.562180392
550 0.0003587303962238101 0.5632044
551 0.0003575208821921319 0.5642284080000001
552 0.0003563123888828179 0.5652524160000001
553 0.0003550999977595233 0.5662764240000001
554 0.0003538797558979555 0.567300432
555 0.0003526487571967002 0.56832444
556 0.0003514043555993955 0.5693484480000001
557 0.0003501447919818953 0.5703724560000001
558 0.0003488691833997161 0.5713964640000001
559 0.0003475773146470615 0.572420472
560 0.0003462693449523644 0.57344448
561 0.0003449447865346472 0.5744684880000001
562 0.0003436046292156319 0.5754924960000001
563 0.0003422498659851638 0.5765165040000001
564 0.0003408799065484614 0.5775405120000001
565 0.0003394920222771806 0.57856452
566 0.0003380819992753798 0.579588528
567 0.0003366454272281834 0.5806125360000001
568 0.0003351772058327418 0.5816365440000001
569 0.0003336725048113855 0.5826605520000001
570 0.0003321268860931822 0.58368456
571 0.0003305350237700273 0.584708568
572 0.0003288917219443634 0.5857325760000001
573 0.0003271932940451056 0.5867565840000001
574 0.0003254378922518525 0.5877805920000001
575 0.0003236256059484366 0.5888046
576 0.00032175844862711 0.589828608
577 0.0003198400894892393 0.5908526160000001
578 0.0003178755253940113 0.5918766240000001
579 0.0003158706177389258 0.5929006320000001
580 0.0003138324479578354 0.5939246400000001
581 0.0003117680291150657 0.594948648
582 0.0003096856925907448 0.595972656
583 0.0003075948768630832 0.5969966640000001
584 0.0003055043943175102 0.5980206720000001
585 0.000303422247104917 0.5990446800000001
586 0.0003013555257479379 0.600068688
587 0.0002993103394351493 0.601092696
588 0.0002972916769061439 0.6021167040000001
589 0.0002953036517860929 0.6031407120000001
590 0.0002933496053644366 0.6041647200000001
591 0.0002914311499511708 0.6051887280000001
592 0.0002895490603969339 0.606212736
593 0.00028770362355771 0.6072367440000001
594 0.0002858946901634944 0.6082607520000001
595 0.0002841217470329495 0.6092847600000001
596 0.0002823839685226574 0.6103087680000001
597 0.0002806803106033562 0.611332776
598 0.000279009561948715 0.612356784
599 0.0002773704692914505 0.6133807920000001
600 0.0002757616710921416 0.6144048000000001
601 0.0002741816763437835 0.6154288080000001
602 0.0002726279801634165 0.616452816
603 0.0002710973412314262 0.617476824
604 0.0002695860818227313 0.6185008320000001
605 0.0002680971543916068 0.6195248400000001
606 0.0002666341386090673 0.6205488480000001
607 0.0002651997943356196 0.6215728560000001
608 0.0002637959337694716 0.622596864
609 0.0002624235065172184 0.623620872
610 0.0002610826441311727 0.6246448800000001
611 0.0002597730570799987 0.6256688880000001
612 0.0002584941501540533 0.6266928960000001
613 0.0002572447049564304 0.627716904
614 0.0002560232781232235 0.628740912
615 0.0002548259772607586 0.6297649200000001
616 0.0002536442263688199 0.6307889280000001
617 0.0002524690010471091 0.6318129360000001
618 0.0002512884167877779 0.6328369440000001
619 0.0002500956958346987 0.633860952
620 0.0002488880213845888 0.6348849600000001
621 0.0002476646071199547 0.6359089680000001
622 0.0002464297619897937 0.6369329760000001
623 0.0002451895655301803 0.6379569840000001
624 0.0002439538442263522 0.638980992
625 0.0002427329557370768 0.640005
626 0.0002415364268059779 0.6410290080000001
627 0.0002403713971717629 0.6420530160000001
628 0.0002392438917026044 0.6430770240000001
629 0.0002381576615354638 0.644101032
630 0.0002371140931325886 0.64512504
631 0.0002361143512988849 0.6461490480000001
632 0.0002351580374742496 0.6471730560000001
633 0.0002342437423589136 0.6481970640000001
634 0.0002333696144383547 0.6492210720000001
635 0.0002325335215095206 0.65024508
636 0.0002317333139281818 0.6512690880000001
637 0.0002309670696496926 0.6522930960000001
638 0.0002302324398299902 0.6533171040000001
639 0.0002295264936301606 0.6543411120000001
640 0.0002288460618443672 0.65536512
641 0.0002281879608457589 0.656389128
642 0.0002275500446674729 0.6574131360000001
643 0.0002269306413286017 0.6584371440000001
644 0.0002263280443975974 0.6594611520000001
645 0.0002257404647694709 0.6604851600000001
646 0.000225166012069157 0.661509168
647 0.00022460263917127 0.6625331760000001
648 0.0002240481068790116 0.6635571840000001
649 0.000223500511370017 0.6645811920000001
650 0.0002229578328521577 0.6656052000000001
651 0.0002224171372884918 0.666629208
652 0.0002218756175300588 0.667653216
653 0.0002213310859850105 0.6686772240000001
654 0.0002207816696955025 0.6697012320000001
655 0.0002202257698589788 0.6707252400000001
656 0.0002196620218606562 0.671749248
657 0.0002190892767742652 0.672773256
658 0.0002185066051064752 0.6737972640000001
659 0.000217913271468743 0.6748212720000001
660 0.0002173087107284102 0.6758452800000001
661 0.0002166925681001843 0.6768692880000001
662 0.000216064656063659 0.677893296
663 0.0002154249377470254 0.6789173040000001
664 0.0002147735985056079 0.6799413120000001
665 0.000214111064149889 0.6809653200000001
666 0.0002134380846549374 0.6819893280000001
667 0.0002127553766079105 0.683013336
668 0.0002120639231087292 0.684037344
669 0.000211364311955178 0.6850613520000001
670 0.0002106565622495807 0.6860853600000001
671 0.0002099400426646295 0.6871093680000001
672 0.0002092135355039889 0.688133376
673 0.0002084741814017049 0.689157384
674 0.0002077203295081794 0.6901813920000001
675 0.0002069509607508868 0.6912054000000001
676 0.000206165110586618 0.6922294080000001
677 0.0002053611908160796 0.6932534160000001
678 0.00020453689533153 0.694277424
679 0.0002036900026227568 0.6953014320000001
680 0.0002028186303071279 0.6963254400000001
681 0.000201921297964436 0.6973494480000001
682 0.0002009970987795835 0.6983734560000001
683 0.0002000457596644937 0.699397464
684 0.0001990676060787267 0.700421472
685 0.0001980636454081574 0.7014454800000001
686 0.0001970356511594037 0.7024694880000001
687 0.000195986109564443 0.7034934960000001
688 0.0001949181549042041 0.7045175040000001
689 0.0001938353971266634 0.705541512
690 0.000192741781234206 0.7065655200000001
691 0.0001916417564074911 0.7075895280000001
692 0.0001905392973257855 0.7086135360000001
693 0.0001894381731156159 0.7096375440000001
694 0.0001883419678132286 0.710661552
695 0.0001872539416582002 0.7116855600000001
696 0.0001861769410115729 0.7127095680000001
697 0.0001851134168126824 0.7137335760000001
698 0.0001840652543806547 0.7147575840000001
699 0.0001830337642766443 0.715781592
700 0.0001820198010357293 0.7168056
701 0.0001810229849873139 0.7178296080000001
702 0.0001800417369601576 0.7188536160000001
703 0.0001790758158240965 0.7198776240000001
704 0.0001781257534488752 0.7209016320000001
705 0.0001771919008656679 0.72192564
706 0.0001762746025187601 0.7229496480000001
707 0.0001753740646403512 0.7239736560000001
708 0.0001744896807173357 0.7249976640000001
709 0.0001736209508794045 0.7260216720000001
710 0.0001727681237136013 0.72704568
711 0.0001719313471407699 0.728069688
712 0.0001711105284453298 0.7290936960000001
713 0.000170305343183268 0.7301177040000001
714 0.0001695153117221631 0.7311417120000001
715 0.0001687398840478377 0.7321657200000001
716 0.0001679784971101131 0.733189728
717 0.0001672309169883156 0.7342137360000001
718 0.0001664960241772673 0.7352377440000001
719 0.000165773674981546 0.7362617520000001
720 0.0001650634773619167 0.7372857600000001
721 0.000164365037175795 0.738309768
722 0.0001636779768022726 0.7393337760000001
723 0.0001630020290031157 0.7403577840000001
724 0.0001623368421650811 0.7413817920000001
725 0.0001616818785984548 0.7424058000000001
726 0.0001610367656023353 0.743429808
727 0.0001604005579304648 0.744453816
728 0.0001597712932969331 0.7454778240000001
729 0.0001591488152958108 0.7465018320000001
730 0.0001585338279725029 0.7475258400000001
731 0.000157926990181804 0.7485498480000001
732 0.000157328830745005 0.749573856
733 0.0001567397135500478 0.7505978640000001
734 0.0001561598227321557 0.7516218720000001
735 0.000155589102065408 0.7526458800000001
736 0.000155027059352172 0.7536698880000001
737 0.000154472848137801 0.754693896
738 0.0001539251076881661 0.7557179040000001
739 0.0001533807577050359 0.7567419120000001
740 0.0001528361649500192 0.7577659200000001
741 0.0001522881007579007 0.7587899280000001
742 0.0001517325120058372 0.7598139360000001
743 0.0001511647086989026 0.760837944
744 0.0001505824041233563 0.7618619520000001
745 0.0001499836099631513 0.7628859600000001
746 0.0001493678432440185 0.7639099680000001
747 0.0001487368109215585 0.7649339760000001
748 0.0001480934336932993 0.765957984
749 0.0001474418303071486 0.7669819920000001
750 0.000146786354974511 0.7680060000000001
751 0.0001461311161463413 0.7690300080000001
752 0.0001454797536530264 0.7700540160000001
753 0.0001448358802919756 0.771078024
754 0.0001442027742666925 0.772102032
755 0.000143583129744086 0.7731260400000001
756 0.000142979129950215 0.7741500480000001
757 0.000142392356319686 0.7751740560000001
758 0.0001418239815980954 0.7761980640000001
759 0.0001412749911724654 0.777222072
760 0.0001407456001472678 0.7782460800000001
761 0.0001402356730035368 0.7792700880000001
762 0.0001397448612661798 0.7802940960000001
763 0.0001392724903721315 0.7813181040000001
764 0.000138817680404475 0.782342112
765 0.000138379510259964 0.7833661200000001
766 0.0001379569615377156 0.7843901280000001
767 0.0001375490515824654 0.7854141360000001
768 0.0001371549618166434 0.7864381440000001
769 0.0001367741498027567 0.7874621520000001
770 0.0001364062047898865 0.78848616
771 0.0001360507944551612 0.7895101680000001
772 0.0001357076413404669 0.7905341760000001
773 0.0001353764823011361 0.7915581840000001
774 0.0001350570536644237 0.7925821920000001
775 0.0001347490723613921 0.7936062
776 0.0001344521846370346 0.7946302080000001
777 0.0001341659460462588 0.7956542160000001
778 0.0001338897080418817 0.7966782240000001
779 0.0001336227274120236 0.7977022320000001
780 0.0001333641785402825 0.79872624
781 0.0001331131721013674 0.7997502480000001
782 0.0001328687724297275 0.8007742560000001
783 0.0001326299271799554 0.8017982640000001
784 0.0001323955523968764 0.8028222720000001
785 0.0001321645573157203 0.8038462800000001
786 0.0001319358759587841 0.804870288
787 0.0001317084498081452 0.8058942960000001
788 0.0001314812591326566 0.8069183040000001
789 0.0001312533386162013 0.8079423120000001
790 0.0001310237825923025 0.8089663200000001
791 0.0001307917496247459 0.809990328
792 0.0001305564593972937 0.8110143360000001
793 0.0001303171965356772 0.8120383440000001
794 0.0001300733365474713 0.8130623520000001
795 0.0001298243394152069 0.8140863600000001
796 0.0001295697318099815 0.815110368
797 0.0001293091109439932 0.8161343760000001
798 0.0001290421798856756 0.8171583840000001
799 0.0001287687497285643 0.8181823920000001
800 0.000128488568436638 0.8192064000000001
801 0.000128201549879002 0.8202304080000001
802 0.000127907736754539 0.821254416
803 0.0001276068142768093 0.8222784240000001
804 0.0001272982670078183 0.8233024320000001
805 0.000126982636370753 0.8243264400000001
806 0.0001266607181078138 0.8253504480000001
807 0.0001263328167832433 0.826374456
808 0.0001259994216784073 0.8273984640000001
809 0.0001256604026602524 0.8284224720000001
810 0.0001253152920946588 0.8294464800000001
811 0.000124963737737661 0.8304704880000001
812 0.0001246045690397903 0.8314944960000001
813 0.0001242368157771474 0.832518504
814 0.000123859349289622 0.8335425120000001
815 0.0001234699214714959 0.8345665200000001
816 0.0001230659191962339 0.8355905280000001
817 0.0001226462707309679 0.8366145360000001
818 0.0001222103722936955 0.837638544
819 0.0001217578897111991 0.8386625520000001
820 0.0001212887655506906 0.8396865600000001
821 0.0001208032897128132 0.8407105680000001
822 0.0001203022875600793 0.8417345760000001
823 0.0001197869861934803 0.842758584
824 0.0001192586743192271 0.8437825920000001
825 0.000118718883593304 0.8448066000000001
826 0.0001181694651720188 0.8458306080000001
827 0.0001176124970568073 0.8468546160000001
828 0.0001170501614713554 0.8478786240000001
829 0.0001164846366895345 0.848902632
830 0.0001159180129462127 0.8499266400000001
831 0.0001153522398661543 0.8509506480000001
832 0.0001147890978277298 0.8519746560000001
833 0.000114230175092784 0.8529986640000001
834 0.0001136768511977392 0.854022672
835 0.000113130292850216 0.8550466800000001
836 0.0001125914550961912 0.8560706880000001
837 0.000112061085411393 0.8570946960000001
838 0.0001115397358966515 0.8581187040000001
839 0.0001110277792921319 0.8591427120000001
840 0.0001105254268627315 0.8601667200000001
841 0.0001100327472279638 0.8611907280000001
842 0.0001095496860547352 0.8622147360000001
843 0.0001090760871436587 0.8632387440000001
844 0.0001086117087791914 0.8642627520000001
845 0.0001081562441700514 0.86528676
846 0.0001077093370622549 0.8663107680000001
847 0.0001072705934439959 0.8673347760000001
848 0.000106839599322979 0.8683587840000001
849 0.0001064159292261979 0.8693827920000001
850 0.0001059991551701606 0.8704068
851 0.000105588868568402 0.8714308080000001
852 0.0001051847050386265 0.8724548160000001
853 0.0001047863431574654 0.8734788240000001
854 0.000104393500050578 0.8745028320000001
855 0.0001040059259740701 0.8755268400000001
856 0.0001036234002946713 0.876550848
857 0.0001032457243348409 0.8775748560000001
858 0.0001028727185816932 0.8785988640000001
859 0.0001025042256640654 0.8796228720000001
860 0.0001021401006708102 0.8806468800000001
861 0.0001017801963809501 0.881670888
862 0.0001014243545817054 0.8826948960000001
863 0.000101072464020513 0.8837189040000001
864 0.0001007244241526211 0.8847429120000001
865 0.0001003800420954062 0.8857669200000001
866 0.0001000391145009237 0.8867909280000001
867 9.97015188703506e-05 0.8878149360000001
868 9.936702298435228e-05 0.8888389440000001
869 9.903517694369473e-05 0.8898629520000001
870 9.870557678373987e-05 0.8908869600000001
871 9.837819334512084e-05 0.8919109680000001
872 9.805308933608357e-05 0.892934976
873 9.773029151376479e-05 0.8939589840000001
874 9.740979943307627e-05 0.8949829920000001
875 9.709158840664627e-05 0.8960070000000001
876 9.677561011578929e-05 0.8970310080000001
877 9.646179643948147e-05 0.898055016
878 9.6150064710815e-05 0.8990790240000001
879 9.584032376490907e-05 0.9001030320000001
880 9.5532431108709e-05 0.9011270400000001
881 9.522639539936699e-05 0.9021510480000001
882 9.492208058339454e-05 0.9031750560000001
883 9.461941400189345e-05 0.9041990640000001
884 9.431833770464951e-05 0.9052230720000001
885 9.401881038085891e-05 0.9062470800000001
886 9.372080801936937e-05 0.9072710880000001
887 9.342432368640634e-05 0.9082950960000001
888 9.312936689412407e-05 0.909319104
889 9.283596093296871e-05 0.9103431120000001
890 9.254414104011661e-05 0.9113671200000001
891 9.22539511091973e-05 0.9123911280000001
892 9.196544009246894e-05 0.9134151360000001
893 9.167865780330414e-05 0.914439144
894 9.139365077461186e-05 0.9154631520000001
895 9.111045994772829e-05 0.9164871600000001
896 9.082911718479851e-05 0.9175111680000001
897 9.054964328113428e-05 0.9185351760000001
898 9.027203484159882e-05 0.9195591840000001
899 8.999626833985227e-05 0.9205831920000001
900 8.972229244709456e-05 0.9216072000000001
901 8.945001615952885e-05 0.9226312080000001
902 8.917930569718583e-05 0.9236552160000001
903 8.890997259699339e-05 0.9246792240000001
904 8.864164489206842e-05 0.925703232
905 8.837378626997246e-05 0.9267272400000001
906 8.810568444673045e-05 0.9277512480000001
907 8.783619219955954e-05 0.9287752560000001
908 8.756375356799356e-05 0.9297992640000001
909 8.728642799927936e-05 0.9308232720000001
910 8.700196405594597e-05 0.9318472800000001
911 8.670817537029439e-05 0.9328712880000001
912 8.640342766929621e-05 0.9338952960000001
913 8.608689759736372e-05 0.9349193040000001
914 8.575865494553379e-05 0.9359433120000001
915 8.541938326413765e-05 0.93696732
916 8.507030867711449e-05 0.9379913280000001
917 8.471301481418388e-05 0.9390153360000001
918 8.434917964850557e-05 0.9400393440000001
919 8.398042401367463e-05 0.9410633520000001
920 8.360820459909217e-05 0.94208736
921 8.323362364650481e-05 0.9431113680000001
922 8.285791257877842e-05 0.9441353760000001
923 8.248232749716971e-05 0.9451593840000001
924 8.210813062009233e-05 0.9461833920000001
925 8.173662218973413e-05 0.9472074000000001
926 8.13691196723105e-05 0.9482314080000001
927 8.100693979105971e-05 0.9492554160000001
928 8.065134846399591e-05 0.9502794240000001
929 8.030343364821207e-05 0.9513034320000001
930 7.996407884078456e-05 0.9523274400000001
931 7.963394093150085e-05 0.953351448
932 7.93134586586715e-05 0.9543754560000001
933 7.900288003437907e-05 0.9553994640000001
934 7.870232221587659e-05 0.9564234720000001
935 7.841179998214345e-05 0.9574474800000001
936 7.813123391896021e-05 0.9584714880000001
937 7.786039820850099e-05 0.9594954960000001
938 7.759903135090343e-05 0.9605195040000001
939 7.734681267989225e-05 0.9615435120000001
940 7.710335670380592e-05 0.9625675200000001
941 7.686823945147819e-05 0.9635915280000001
942 7.664099250625636e-05 0.9646155360000001
943 7.642114809906153e-05 0.9656395440000001
944 7.620823845865626e-05 0.9666635520000001
945 7.600184530739043e-05 0.9676875600000001
946 7.580157951405715e-05 0.9687115680000001
947 7.56070927993051e-05 0.969735576
948 7.541811892192714e-05 0.9707595840000001
949 7.523442009764717e-05 0.9717835920000001
950 7.505581898579218e-05 0.9728076000000001
951 7.48821907764781e-05 0.9738316080000001
952 7.471345306216853e-05 0.9748556160000001
953 7.454955602758161e-05 0.9758796240000001
954 7.439047450924671e-05 0.9769036320000001
955 7.423620377533208e-05 0.9779276400000001
956 7.408675104969796e-05 0.9789516480000001
957 7.394213301200995e-05 0.9799756560000001
958 7.380240575219933e-05 0.980999664
959 7.366758409041694e-05 0.9820236720000001
960 7.353768135580352e-05 0.9830476800000001
961 7.34127142552242e-05 0.9840716880000001
962 7.329268628949508e-05 0.9850956960000001
963 7.317758483649788e-05 0.9861197040000002
964 7.306735963809557e-05 0.9871437120000001
965 7.296192951185705e-05 0.9881677200000001
966 7.286117494688011e-05 0.9891917280000001
967 7.276492859042281e-05 0.9902157360000001
968 7.267298200897225e-05 0.9912397440000001
969 7.258507849280206e-05 0.9922637520000001
970 7.250090407980515e-05 0.9932877600000001
971 7.24200871192601e-05 0.9943117680000001
972 7.234219549677154e-05 0.9953357760000001
973 7.226670413079114e-05 0.9963597840000001
974 7.219295445819381e-05 0.997383792
975 7.212021303799963e-05 0.9984078000000001
976 7.204782344534186e-05 0.9994318080000001
977 7.19752813241553e-05 1.000455816
978 7.190220573585318e-05 1.001479824
979 7.182827142840199e-05 1.002503832
980 7.1753188773956e-05 1.00352784
981 7.167668599115962e-05 1.004551848
982 7.159854640853024e-05 1.005575856
983 7.151854261032691e-05 1.006599864
984 7.143648170052745e-05 1.007623872
985 7.135219435810143e-05 1.00864788
986 7.126551969987217e-05 1.009671888
987 7.117633423574417e-05 1.010695896
988 7.108452386049974e-05 1.011719904
989 7.09899826083418e-05 1.012743912
990 7.089255761375037e-05 1.01376792
991 7.079212083996542e-05 1.014791928
992 7.068857201163345e-05 1.015815936
993 7.058183129746364e-05 1.016839944
994 7.047180183223061e-05 1.017863952
995 7.035855139251045e-05 1.01888796
996 7.024217481726808e-05 1.019911968
997 7.012268964578199e-05 1.020935976
998 6.999993847397544e-05 1.021959984
999 6.987386998636063e-05 1.022983992
1000 6.974416962163626e-05 1.024008
1001 6.961044845313473e-05 1.025032008
1002 6.947221609805742e-05 1.026056016
1003 6.932889185250435e-05 1.027080024
1004 6.917980770806808e-05 1.028104032
1005 6.902435281965578e-05 1.02912804
1006 6.886182219887047e-05 1.030152048
1007 6.869150248478357e-05 1.031176056
1008 6.851275877480308e-05 1.032200064
1009 6.832506300742525e-05 1.033224072
1010 6.812801683023279e-05 1.03424808
1011 6.79213618750088e-05 1.035272088
1012 6.770498001841138e-05 1.036296096
1013 6.74789269885809e-05 1.037320104
1014 6.724344644015095e-05 1.038344112
1015 6.699896769157312e-05 1.03936812
1016 6.6746094666488e-05 1.040392128
1017 6.64855861929157e-05 1.041416136
1018 6.621832793200789e-05 1.042440144
1019 6.59453012582046e-05 1.043464152
1020 6.566756870256003e-05 1.04448816
1021 6.538621741901286e-05 1.045512168
1022 6.510234232634494e-05 1.046536176
1023 6.481698963015118e-05 1.047560184
1024 6.453115629535255e-05 1.048584192
1025 6.424577507555299e-05 1.0496082
1026 6.396169546464623e-05 1.050632208
1027 6.367967140456389e-05 1.051656216
1028 6.340036279003332e-05 1.052680224
1029 6.312432923536845e-05 1.053704232
1030 6.285203634567917e-05 1.05472824
1031 6.258385615415138e-05 1.055752248
1032 6.232008238860779e-05 1.056776256
1033 6.206091420915917e-05 1.057800264
1034 6.1806471095531e-05 1.058824272
1035 6.155678067745019e-05 1.05984828
1036 6.131182156122947e-05 1.060872288
1037 6.107153177677263e-05 1.061896296
1038 6.08358159724558e-05 1.062920304
1039 6.060455263164829e-05 1.063944312
1040 6.037760001812239e-05 1.06496832
1041 6.015480382140064e-05 1.065992328
1042 5.993599989684725e-05 1.067016336
1043 5.97210188226197e-05 1.068040344
1044 5.950969160546897e-05 1.069064352
1045 5.930185511284674e-05 1.07008836
1046 5.909734535101019e-05 1.071112368
1047 5.88960065727345e-05 1.072136376
1048 5.869768984403228e-05 1.073160384
1049 5.850225623063078e-05 1.074184392
1050 5.830957586214764e-05 1.0752084
1051 5.811953701559632e-05 1.076232408
1052 5.793204506309146e-05 1.077256416
1053 5.774702048428994e-05 1.078280424
1054 5.756439779626878e-05 1.079304432
1055 5.738412317318437e-05 1.08032844
1056 5.720615158506812e-05 1.081352448
1057 5.703044382338381e-05 1.082376456
1058 5.685696353326477e-05 1.083400464
1059 5.668567864404175e-05 1.084424472
1060 5.651655584853889e-05 1.08544848
1061 5.634955845883024e-05 1.086472488
1062 5.618462647893758e-05 1.087496496
1063 5.602173432019573e-05 1.088520504
1064 5.586083346191406e-05 1.089544512
1065 5.570190620404013e-05 1.09056852
1066 5.554492928911369e-05 1.091592528
1067 5.538987179450264e-05 1.092616536
1068 5.52366954580668e-05 1.093640544
1069 5.508535543377407e-05 1.094664552
1070 5.493580131157189e-05 1.09568856
1071 5.478797835617402e-05 1.096712568
1072 5.464182765220788e-05 1.097736576
1073 5.449728820009895e-05 1.098760584
1074 5.435429749260331e-05 1.099784592
1075 5.421279194620133e-05 1.1008086
1076 5.407270798912079e-05 1.101832608
1077 5.393398235841104e-05 1.102856616
1078 5.379655224704637e-05 1.103880624
1079 5.36603563617467e-05 1.104904632
1080 5.352533476066682e-05 1.10592864
1081 5.339142930363175e-05 1.106952648
1082 5.325858403738586e-05 1.107976656
1083 5.312674501098125e-05 1.109000664
1084 5.299585979499503e-05 1.110024672
1085 5.286587736249006e-05 1.11104868
1086 5.273674851445087e-05 1.112072688
1087 5.260842556380079e-05 1.113096696
1088 5.248086261312194e-05 1.114120704
1089 5.235401533466422e-05 1.115144712
1090 5.222784124988442e-05 1.11616872
1091 5.210229949995358e-05 1.117192728
1092 5.197735067420505e-05 1.118216736
1093 5.185295786520957e-05 1.119240744
1094 5.172908459973709e-05 1.120264752
1095 5.160569725172117e-05 1.12128876
1096 5.148276332603992e-05 1.122312768
1097 5.136025593686637e-05 1.123336776
1098 5.12381468989229e-05 1.124360784
1099 5.111641770450312e-05 1.125384792
1100 5.099503583031589e-05 1.1264088
1101 5.087398118710194e-05 1.127432808
1102 5.075322640118192e-05 1.128456816
1103 5.063273162389905e-05 1.129480824
1104 5.051246204353156e-05 1.130504832
1105 5.039238777232336e-05 1.13152884
1106 5.027248292106035e-05 1.132552848
1107 5.01527252962802e-05 1.133576856
1108 5.003309591009536e-05 1.134600864
1109 4.991357893545941e-05 1.135624872
1110 4.979416140105895e-05 1.13664888
1111 4.967483329826887e-05 1.137672888
1112 4.955558716600191e-05 1.138696896
1113 4.94364180851232e-05 1.139720904
1114 4.931732376392823e-05 1.140744912
1115 4.919830445212019e-05 1.14176892
1116 4.907936294373965e-05 1.142792928
1117 4.896050464912741e-05 1.143816936
1118 4.884173748352667e-05 1.144840944
1119 4.872307250671405e-05 1.145864952
1120 4.860452337964871e-05 1.14688896
1121 4.848610614218065e-05 1.147912968
1122 4.836784026450499e-05 1.148936976
1123 4.824974802103605e-05 1.149960984
1124 4.813185486453789e-05 1.150984992
1125 4.801418929742342e-05 1.152009
1126 4.789678247020618e-05 1.153033008
1127 4.777966796480824e-05 1.154057016
1128 4.766288146465355e-05 1.155081024
1129 4.75464601659434e-05 1.156105032
1130 4.743044266159276e-05 1.15712904
1131 4.731486794964196e-05 1.158153048
1132 4.719977409918694e-05 1.159177056
1133 4.708519883450936e-05 1.160201064
1134 4.697117849069318e-05 1.161225072
1135 4.68577464778318e-05 1.16224908
1136 4.674493433237382e-05 1.163273088
1137 4.663277028243514e-05 1.164297096
1138 4.652127783502925e-05 1.165321104
1139 4.641047608998332e-05 1.166345112
1140 4.630037722310621e-05 1.16736912
1141 4.619098832901785e-05 1.168393128
1142 4.608230898745397e-05 1.169417136
1143 4.597432577118123e-05 1.170441144
1144 4.58670149495531e-05 1.171465152
1145 4.576034748391179e-05 1.17248916
1146 4.565426447054337e-05 1.173513168
1147 4.554866737975121e-05 1.174537176
1148 4.544342453753163e-05 1.175561184
1149 4.533834020615112e-05 1.176585192
1150 4.523309491718374e-05 1.1776092
1151 4.512721667273953e-05 1.178633208
1152 4.502007595303443e-05 1.179657216
1153 4.491088346029683e-05 1.180681224
1154 4.479876828450702e-05 1.181705232
1155 4.468289751307309e-05 1.18272924
1156 4.456257986888468e-05 1.183753248
1157 4.4437333950119e-05 1.184777256
1158 4.43069785177035e-05 1.185801264
1159 4.417161836018027e-05 1.186825272
1160 4.403156068296091e-05 1.18784928
1161 4.38872116014e-05 1.188873288
1162 4.373902253502922e-05 1.189897296
1163 4.358747251032975e-05 1.190921304
1164 4.343304338511725e-05 1.191945312
1165 4.327621170868557e-05 1.19296932
1166 4.311743932324675e-05 1.193993328
1167 4.295714476187079e-05 1.195017336
1168 4.279571233959349e-05 1.196041344
1169 4.2633548464329e-05 1.197065352
1170 4.247103614647239e-05 1.19808936
1171 4.230852788073565e-05 1.199113368
1172 4.214634788637423e-05 1.200137376
1173 4.198479202302131e-05 1.201161384
1174 4.182412605920667e-05 1.202185392
1175 4.166458324612053e-05 1.2032094
1176 4.150636496005844e-05 1.204233408
1177 4.13496462184188e-05 1.205257416
1178 4.119458406950701e-05 1.206281424
1179 4.104132697154286e-05 1.207305432
1180 4.089002605215984e-05 1.20832944
1181 4.074084772177473e-05 1.209353448
1182 4.0593980074365e-05 1.210377456
1183 4.044963025521134e-05 1.211401464
1184 4.030801151405016e-05 1.212425472
1185 4.016932995459407e-05 1.21344948
1186 4.003375583900501e-05 1.214473488
1187 3.990141232663063e-05 1.215497496
1188 3.977236976938204e-05 1.216521504
1189 3.964663556234577e-05 1.217545512
1190 3.952416960560667e-05 1.21856952
1191 3.94048752922074e-05 1.219593528
1192 3.928861226471691e-05 1.220617536
1193 3.917522178967595e-05 1.221641544
1194 3.90645352778697e-05 1.222665552
1195 3.895637154718996e-05 1.22368956
1196 3.885055323133444e-05 1.224713568
1197 3.874690080008695e-05 1.225737576
1198 3.864522986765738e-05 1.226761584
1199 3.854535924961858e-05 1.227785592
1200 3.844714995197489e-05 1.2288096
1201 3.835047587895241e-05 1.229833608
1202 3.825520669246649e-05 1.230857616
1203 3.816120163114807e-05 1.231881624
1204 3.806831643207845e-05 1.232905632
1205 3.797640795852327e-05 1.23392964
1206 3.788533741882683e-05 1.234953648
1207 3.779497363222627e-05 1.235977656
1208 3.770519637383992e-05 1.237001664
1209 3.761589834015744e-05 1.238025672
1210 3.752698651678851e-05 1.23904968
1211 3.743838311451661e-05 1.240073688
1212 3.735002629620865e-05 1.241097696
1213 3.726187028818187e-05 1.242121704
1214 3.717388437789614e-05 1.243145712
1215 3.708605204316585e-05 1.24416972
1216 3.699837077506921e-05 1.245193728
1217 3.691085010736544e-05 1.246217736
1218 3.682351068914429e-05 1.247241744
1219 3.673638236418719e-05 1.248265752
1220 3.664950432698728e-05 1.24928976
1221 3.65629267924125e-05 1.250313768
1222 3.647670181780416e-05 1.251337776
1223 3.639089094432373e-05 1.252361784
1224 3.630555763432026e-05 1.253385792
1225 3.622077429735028e-05 1.2544098
1226 3.613661167650937e-05 1.255433808
1227 3.605314004110365e-05 1.256457816
1228 3.597043427330717e-05 1.257481824
1229 3.588857762700197e-05 1.258505832
1230 3.580764641553603e-05 1.25952984
1231 3.572772111840307e-05 1.260553848
1232 3.564889044891334e-05 1.261577856
1233 3.557124293528442e-05 1.262601864
1234 3.549485239860574e-05 1.263625872
1235 3.541979185902653e-05 1.26464988
1236 3.534613580275291e-05 1.265673888
1237 3.527395427047548e-05 1.266697896
1238 3.520331860632202e-05 1.267721904
1239 3.513429332588987e-05 1.268745912
1240 3.506693824626657e-05 1.26976992
1241 3.500130511125985e-05 1.270793928
1242 3.493743569167185e-05 1.271817936
1243 3.487536070012265e-05 1.272841944
1244 3.481509857992128e-05 1.273865952
1245 3.475665443592466e-05 1.27488996
1246 3.470001855653698e-05 1.275913968
1247 3.46451662789251e-05 1.276937976
1248 3.459205722346647e-05 1.277961984
1249 3.454063674849333e-05 1.278985992
1250 3.449083617294334e-05 1.28001
1251 3.444256996633879e-05 1.281034008
1252 3.439573718755992e-05 1.282058016
1253 3.435022946928958e-05 1.283082024
1254 3.430593246456826e-05 1.284106032
1255 3.426271863218291e-05 1.28513004
1256 3.422044496468689e-05 1.286154048
1257 3.417896876942075e-05 1.287178056
1258 3.413814992164699e-05 1.288202064
1259 3.409784002597114e-05 1.289226072
1260 3.405788298606587e-05 1.29025008
1261 3.401811914918862e-05 1.291274088
1262 3.397839609220775e-05 1.292298096
1263 3.393857025810281e-05 1.293322104
1264 3.389850679104589e-05 1.294346112
1265 3.385808093608278e-05 1.29537012
1266 3.381717863558829e-05 1.296394128
1267 3.377569810855628e-05 1.297418136
1268 3.373355109934609e-05 1.298442144
1269 3.369065188171158e-05 1.299466152
1270 3.364693038578057e-05 1.30049016
1271 3.360231892581532e-05 1.301514168
1272 3.355675542806917e-05 1.302538176
1273 3.351021845585741e-05 1.303562184
1274 3.346267181403326e-05 1.304586192
1275 3.341411642522346e-05 1.3056102
1276 3.336456709393216e-05 1.306634208
1277 3.331404868790704e-05 1.307658216
1278 3.326263495588151e-05 1.308682224
1279 3.321034533960332e-05 1.309706232
1280 3.315719566430669e-05 1.31073024
1281 3.310317333165903e-05 1.311754248
1282 3.304816326282904e-05 1.312778256
1283 3.299205240753849e-05 1.313802264
1284 3.293473659043714e-05 1.314826272
1285 3.287603600175892e-05 1.31585028
1286 3.281570541891301e-05 1.316874288
1287 3.275349709590152e-05 1.317898296
1288 3.268916905272675e-05 1.318922304
1289 3.262250790172496e-05 1.319946312
1290 3.255331821766597e-05 1.32097032
1291 3.248139297375217e-05 1.321994328
1292 3.240656433339529e-05 1.323018336
1293 3.232871776029026e-05 1.324042344
1294 3.224779834285401e-05 1.325066352
1295 3.216381695874516e-05 1.32609036
1296 3.20768478351461e-05 1.327114368
1297 3.198703211716599e-05 1.328138376
1298 3.189457581263854e-05 1.329162384
1299 3.179973116759123e-05 1.330186392
1300 3.170279084757777e-05 1.3312104
1301 3.16040837027525e-05 1.332234408
1302 3.15039663329609e-05 1.333258416
1303 3.140281169486744e-05 1.334282424
1304 3.130099805066785e-05 1.335306432
1305 3.119889933763618e-05 1.33633044
1306 3.109687594067009e-05 1.337354448
1307 3.099526740576411e-05 1.338378456
1308 3.089438636475092e-05 1.339402464
1309 3.079451416285876e-05 1.340426472
1310 3.06958976893835e-05 1.34145048
1311 3.059874850265232e-05 1.342474488
1312 3.050324204033107e-05 1.343498496
1313 3.040951772848212e-05 1.344522504
1314 3.031767874411992e-05 1.345546512
1315 3.022779340642542e-05 1.34657052
1316 3.013989639804423e-05 1.347594528
1317 3.005399112814677e-05 1.348618536
1318 2.997005324690239e-05 1.349642544
1319 2.988803499762411e-05 1.350666552
1320 2.980787043011507e-05 1.35169056
1321 2.972947971969686e-05 1.352714568
1322 2.965277071412006e-05 1.353738576
1323 2.957764439599823e-05 1.354762584
1324 2.950399703104556e-05 1.355786592
1325 2.943172703515898e-05 1.3568106
1326 2.936073304898155e-05 1.357834608
1327 2.929091500266466e-05 1.358858616
1328 2.922217528951655e-05 1.359882624
1329 2.915441767088847e-05 1.360906632
1330 2.908755140604386e-05 1.36193064
1331 2.902149039256827e-05 1.362954648
1332 2.895615333694094e-05 1.363978656
1333 2.88914622875186e-05 1.365002664
1334 2.882734718337861e-05 1.366026672
1335 2.876374191823506e-05 1.36705068
1336 2.870058556619308e-05 1.368074688
1337 2.863782236982933e-05 1.369098696
1338 2.857540073352994e-05 1.370122704
1339 2.851327526561059e-05 1.371146712
1340 2.845140843202881e-05 1.37217072
1341 2.838976692711854e-05 1.373194728
1342 2.832832351866618e-05 1.374218736
1343 2.826704954585548e-05 1.375242744
1344 2.820592033971538e-05 1.376266752
1345 2.814491466495286e-05 1.37729076
1346 2.808401147353952e-05 1.378314768
1347 2.802319178577197e-05 1.379338776
1348 2.796243964369587e-05 1.380362784
1349 2.790174216477558e-05 1.381386792
1350 2.78410890551917e-05 1.3824108
1351 2.77804721089288e-05 1.383434808
1352 2.771988475597026e-05 1.384458816
1353 2.765932193848741e-05 1.385482824
1354 2.759877979742541e-05 1.386506832
1355 2.753825564680525e-05 1.38753084
1356 2.747774765102088e-05 1.388554848
1357 2.741725470656881e-05 1.389578856
1358 2.735677650580005e-05 1.390602864
1359 2.729631333301536e-05 1.391626872
1360 2.723586564829515e-05 1.39265088
1361 2.717543447498985e-05 1.393674888
1362 2.71150211740113e-05 1.394698896
1363 2.705462771100837e-05 1.395722904
1364 2.699425650705761e-05 1.396746912
1365 2.69339103569554e-05 1.39777092
1366 2.687359237626423e-05 1.398794928
1367 2.681330593081481e-05 1.399818936
1368 2.675305512755586e-05 1.400842944
1369 2.669284455586506e-05 1.401866952
1370 2.663267986244171e-05 1.40289096
1371 2.657256707467495e-05 1.403914968
1372 2.651251219791303e-05 1.404938976
1373 2.645252241661866e-05 1.405962984
1374 2.639260493259744e-05 1.406986992
1375 2.633276866591932e-05 1.408011
1376 2.627302432183001e-05 1.409035008
1377 2.62133807310317e-05 1.410059016
1378 2.615384717772308e-05 1.411083024
1379 2.609443582248425e-05 1.412107032
1380 2.603515600537943e-05 1.41313104
1381 2.59760212536165e-05 1.414155048
1382 2.59170413196621e-05 1.415179056
1383 2.585822751937712e-05 1.416203064
1384 2.579958670797451e-05 1.417227072
1385 2.574112657033326e-05 1.41825108
1386 2.568285558312643e-05 1.419275088
1387 2.562478272495918e-05 1.420299096
1388 2.556691735061068e-05 1.421323104
1389 2.55092693536968e-05 1.422347112
1390 2.545184865065299e-05 1.42337112
1391 2.539466505023228e-05 1.424395128
1392 2.533772837973348e-05 1.425419136
1393 2.528104870326104e-05 1.426443144
1394 2.522463595665207e-05 1.427467152
1395 2.516850063967487e-05 1.42849116
1396 2.51126525594295e-05 1.429515168
1397 2.505710196488968e-05 1.430539176
1398 2.500185978742349e-05 1.431563184
1399 2.49469379200306e-05 1.432587192
1400 2.489234943890136e-05 1.4336112
1401 2.483810963179216e-05 1.434635208
1402 2.478423610422934e-05 1.435659216
1403 2.473074745393707e-05 1.436683224
1404 2.467766432976499e-05 1.437707232
1405 2.462500860980718e-05 1.43873124
1406 2.457279899257054e-05 1.439755248
1407 2.452104507675689e-05 1.440779256
1408 2.446974171061861e-05 1.441803264
1409 2.441887891011845e-05 1.442827272
1410 2.436843480589543e-05 1.44385128
1411 2.43183657067162e-05 1.444875288
1412 2.426865397098416e-05 1.445899296
1413 2.421928475437166e-05 1.446923304
1414 2.417025156863329e-05 1.447947312
1415 2.412154578136075e-05 1.44897132
1416 2.407316288842875e-05 1.449995328
1417 2.4025104297703e-05 1.451019336
1418 2.397737512093972e-05 1.452043344
1419 2.392998098790756e-05 1.453067352
1420 2.388292759394726e-05 1.45409136
1421 2.383621801451147e-05 1.455115368
1422 2.378985893524441e-05 1.456139376
1423 2.374385534761654e-05 1.457163384
1424 2.369821158536633e-05 1.458187392
1425 2.365293106569589e-05 1.4592114
1426 2.360801619996247e-05 1.460235408
1427 2.356346843606959e-05 1.461259416
1428 2.351928763709346e-05 1.462283424
1429 2.347547301456254e-05 1.463307432
1430 2.343202361059159e-05 1.46433144
1431 2.338893790209721e-05 1.465355448
1432 2.334621443114851e-05 1.466379456
1433 2.330385091718133e-05 1.467403464
1434 2.32618441074717e-05 1.468427472
1435 2.322019051652675e-05 1.46945148
1436 2.317888600685392e-05 1.470475488
1437 2.313792645252503e-05 1.471499496
1438 2.30973080921172e-05 1.472523504
1439 2.305702681545463e-05 1.473547512
1440 2.301707800660388e-05 1.47457152
1441 2.297745664781456e-05 1.475595528
1442 2.293815766541889e-05 1.476619536
1443 2.289917545356028e-05 1.477643544
1444 2.286050455101306e-05 1.478667552
1445 2.282213938097542e-05 1.47969156
1446 2.278407420053604e-05 1.480715568
1447 2.274630321396101e-05 1.481739576
1448 2.270882060654678e-05 1.482763584
1449 2.267162048068442e-05 1.483787592
1450 2.263469681818381e-05 1.4848116
1451 2.259804347957922e-05 1.485835608
1452 2.256165413742944e-05 1.486859616
1453 2.252552261192663e-05 1.487883624
1454 2.248964276395935e-05 1.488907632
1455 2.245400836316434e-05 1.48993164
1456 2.241861309020942e-05 1.490955648
1457 2.238345074920662e-05 1.491979656
1458 2.234851517624514e-05 1.493003664
1459 2.231380029469177e-05 1.494027672
1460 2.227930004435217e-05 1.49505168
1461 2.224500841758291e-05 1.496075688
1462 2.221091942476104e-05 1.497099696
1463 2.21770271814853e-05 1.498123704
1464 2.214332583561902e-05 1.499147712
1465 2.21098095451393e-05 1.50017172
1466 2.207647251980834e-05 1.501195728
1467 2.20433092047766e-05 1.502219736
1468 2.201031406570144e-05 1.503243744
1469 2.197748162164205e-05 1.504267752
1470 2.194480637648529e-05 1.50529176
1471 2.191228291551829e-05 1.506315768
1472 2.187990593116046e-05 1.507339776
1473 2.184767019372565e-05 1.508363784
1474 2.181557050853207e-05 1.509387792
1475 2.178360173545483e-05 1.5104118
1476 2.175175894552798e-05 1.511435808
1477 2.172003722552931e-05 1.512459816
1478 2.168843161840755e-05 1.513483824
1479 2.165693723394133e-05 1.514507832
1480 2.162554933562477e-05 1.51553184
1481 2.159426321530976e-05 1.516555848
1482 2.156307428168409e-05 1.517579856
1483 2.153197771751247e-05 1.518603864
1484 2.150096877637494e-05 1.519627872
1485 2.147004276724767e-05 1.52065188
1486 2.143919481382888e-05 1.521675888
1487 2.140842008631627e-05 1.522699896
1488 2.13777137042398e-05 1.523723904
1489 2.134707086650559e-05 1.524747912
1490 2.131648674369831e-05 1.52577192
1491 2.128595640649019e-05 1.526795928
1492 2.125547477325241e-05 1.527819936
1493 2.122503657330248e-05 1.528843944
1494 2.119463681955538e-05 1.529867952
1495 2.116427006900632e-05 1.53089196
1496 2.113393080997893e-05 1.531915968
1497 2.110361343384939e-05 1.532939976
1498 2.107331204230187e-05 1.533963984
1499 2.104302068478844e-05 1.534987992
1500 2.101273325852022e-05 1.536012
1501 2.09824434751476e-05 1.537036008
1502 2.095214507314226e-05 1.538060016
1503 2.092183155379205e-05 1.539084024
1504 2.08914959010052e-05 1.540108032
1505 2.08611314387669e-05 1.54113204
1506 2.083073252696821e-05 1.542156048
1507 2.080029195970649e-05 1.543180056
1508 2.076980436189054e-05 1.544204064
1509 2.073926230538217e-05 1.545228072
1510 2.070866860054452e-05 1.54625208
1511 2.067803036764094e-05 1.547276088
1512 2.064736137376287e-05 1.548300096
1513 2.061668403575628e-05 1.549324104
1514 2.05860266087128e-05 1.550348112
1515 2.055542776872153e-05 1.55137212
1516 2.052493723360424e-05 1.552396128
1517 2.049460792085424e-05 1.553420136
1518 2.046448483853808e-05 1.554444144
1519 2.043459614014357e-05 1.555468152
1520 2.040494882509728e-05 1.55649216
1521 2.037552669687067e-05 1.557516168
1522 2.034629567151002e-05 1.558540176
1523 2.031720291959274e-05 1.559564184
1524 2.02881752388625e-05 1.560588192
1525 2.025913148842589e-05 1.5616122
1526 2.022998740692446e-05 1.562636208
1527 2.020063091065032e-05 1.563660216
1528 2.017096896068369e-05 1.564684224
1529 2.014094023117557e-05 1.565708232
1530 2.011051325400952e-05 1.56673224
1531 2.00796599936194e-05 1.567756248
1532 2.004836481751633e-05 1.568780256
1533 2.001661277067372e-05 1.569804264
1534 1.99843896577392e-05 1.570828272
1535 1.995166765583801e-05 1.57185228
1536 1.991840641400353e-05 1.572876288
1537 1.988455576687368e-05 1.573900296
1538 1.985004420110303e-05 1.574924304
1539 1.981478692918035e-05 1.575948312
1540 1.977868648212373e-05 1.57697232
1541 1.974163641049251e-05 1.577996328
1542 1.97035267986086e-05 1.579020336
1543 1.966424475633293e-05 1.580044344
1544 1.962368121871348e-05 1.581068352
1545 1.958173726321554e-05 1.58209236
1546 1.953832360919964e-05 1.583116368
1547 1.949336756281462e-05 1.584140376
1548 1.944681716773261e-05 1.585164384
1549 1.939864068787586e-05 1.586188392
1550 1.934883139234413e-05 1.5872124
1551 1.929740639445107e-05 1.588236408
1552 1.924440882125437e-05 1.589260416
1553 1.918990438351905e-05 1.590284424
1554 1.913397520465931e-05 1.591308432
1555 1.907672070601075e-05 1.59233244
1556 1.901825258997643e-05 1.593356448
1557 1.89586905456898e-05 1.594380456
1558 1.889815775102549e-05 1.595404464
1559 1.883677779438317e-05 1.596428472
1560 1.877467279317142e-05 1.59745248
1561 1.871196170735111e-05 1.598476488
1562 1.864875839281525e-05 1.599500496
1563 1.858517139028441e-05 1.600524504
1564 1.852130329882349e-05 1.601548512
1565 1.845725057471734e-05 1.60257252
1566 1.839310248366251e-05 1.603596528
1567 1.832894105533383e-05 1.604620536
1568 1.8264839726866e-05 1.605644544
1569 1.820086343995386e-05 1.606668552
1570 1.813706927473466e-05 1.60769256
1571 1.807350736749781e-05 1.608716568
1572 1.801022286006726e-05 1.609740576
1573 1.794725421924142e-05 1.610764584
1574 1.788463113490506e-05 1.611788592
1575 1.782237642143441e-05 1.6128126
1576 1.776050712154617e-05 1.613836608
1577 1.769903977006104e-05 1.614860616
1578 1.763798760152045e-05 1.615884624
1579 1.757735469569936e-05 1.616908632
1580 1.751713930209617e-05 1.61793264
1581 1.745733645443392e-05 1.618956648
1582 1.739793846959666e-05 1.619980656
1583 1.733893546658641e-05 1.621004664
1584 1.728031552396114e-05 1.622028672
1585 1.722206564098205e-05 1.62305268
1586 1.716417178663198e-05 1.624076688
1587 1.710661948668727e-05 1.625100696
1588 1.704939405378627e-05 1.626124704
1589 1.699248098966989e-05 1.627148712
1590 1.693586619330371e-05 1.62817272
1591 1.687953635427551e-05 1.629196728
1592 1.682347907353191e-05 1.630220736
1593 1.676768307870847e-05 1.631244744
1594 1.671213833092918e-05 1.632268752
1595 1.665683610009362e-05 1.63329276
1596 1.660176890482156e-05 1.634316768
1597 1.654693040150866e-05 1.635340776
1598 1.649231534662009e-05 1.636364784
1599 1.643791938778275e-05 1.637388792
1600 1.638373887993986e-05 1.6384128
1601 1.632977134181852e-05 1.639436808
1602 1.627601612002695e-05 1.640460816
1603 1.62224752435784e-05 1.641484824
1604 1.616915433236262e-05 1.642508832
1605 1.611606353285606e-05 1.64353284
1606 1.606321821406725e-05 1.644556848
1607 1.601063952561548e-05 1.645580856
1608 1.595835399493902e-05 1.646604864
1609 1.590639342594986e-05 1.647628872
1610 1.585479386403926e-05 1.64865288
1611 1.580359333796979e-05 1.649676888
1612 1.575283051783695e-05 1.650700896
1613 1.570254309878098e-05 1.651724904
1614 1.565276617439734e-05 1.652748912
1615 1.560353008083929e-05 1.65377292
1616 1.555485751048492e-05 1.654796928
1617 1.550676505910341e-05 1.655820936
1618 1.545926382178187e-05 1.656844944
1619 1.541235948242374e-05 1.657868952
1620 1.536605260393748e-05 1.65889296
1621 1.532033987200199e-05 1.659916968
1622 1.527521539174135e-05 1.660940976
1623 1.523067076309634e-05 1.661964984
1624 1.518669555351331e-05 1.662988992
1625 1.514327799148159e-05 1.664013
1626 1.510040477317297e-05 1.665037008
1627 1.50580613042381e-05 1.666061016
1628 1.501623139883491e-05 1.667085024
1629 1.497489763918931e-05 1.668109032
1630 1.49340415434064e-05 1.66913304
1631 1.489364299069939e-05 1.670157048
1632 1.485368093387163e-05 1.671181056
1633 1.481413426149762e-05 1.672205064
1634 1.477497980141438e-05 1.673229072
1635 1.473619313379637e-05 1.67425308
1636 1.469775245329277e-05 1.675277088
1637 1.465963584894306e-05 1.676301096
1638 1.462181647372156e-05 1.677325104
1639 1.458426812266534e-05 1.678349112
1640 1.454696523023576e-05 1.67937312
1641 1.450988304757449e-05 1.680397128
1642 1.447299904445856e-05 1.681421136
1643 1.443629114695893e-05 1.682445144
1644 1.439973925833601e-05 1.683469152
1645 1.436332487294503e-05 1.68449316
1646 1.432703125786124e-05 1.685517168
1647 1.429084526955422e-05 1.686541176
1648 1.425475816461878e-05 1.687565184
1649 1.421876586481584e-05 1.688589192
1650 1.418287060337354e-05 1.6896132
1651 1.414707818421339e-05 1.690637208
1652 1.411139932787007e-05 1.691661216
1653 1.407585069297315e-05 1.692685224
1654 1.404045628886061e-05 1.693709232
1655 1.400524493238034e-05 1.69473324
1656 1.397024900342778e-05 1.695757248
1657 1.393578717271581e-05 1.696781256
1658 1.39013638176757e-05 1.697805264
1659 1.386693515051883e-05 1.698829272
1660 1.383354172419215e-05 1.69985328
1661 1.380023877005691e-05 1.700877288
1662 1.376739626212651e-05 1.701901296
1663 1.373505819011683e-05 1.702925304
1664 1.370326684552318e-05 1.703949312
1665 1.367206199361764e-05 1.70497332
1666 1.364148085370142e-05 1.705997328
1667 1.361155089920078e-05 1.707021336
1668 1.35822937741667e-05 1.708045344
1669 1.35537227856765e-05 1.709069352
1670 1.352583760264843e-05 1.71009336
1671 1.349862837380804e-05 1.711117368
1672 1.347207377525817e-05 1.712141376
1673 1.344614294073064e-05 1.713165384
1674 1.342079572407305e-05 1.714189392
1675 1.339598671195638e-05 1.7152134
1676 1.337166365225362e-05 1.716237408
1677 1.334777267706904e-05 1.717261416
1678 1.332426002817825e-05 1.718285424
1679 1.330107422606562e-05 1.719309432
1680 1.327816603971817e-05 1.72033344
1681 1.325548995475204e-05 1.721357448
1682 1.323300529500724e-05 1.722381456
1683 1.321067681211781e-05 1.723405464
1684 1.318847349479079e-05 1.724429472
1685 1.316636881378625e-05 1.72545348
1686 1.314434184448376e-05 1.726477488
1687 1.312237673275054e-05 1.727501496
1688 1.310046281672704e-05 1.728525504
1689 1.307859444838009e-05 1.729549512
1690 1.305676963136107e-05 1.73057352
1691 1.303499109363457e-05 1.731597528
1692 1.301326561457514e-05 1.732621536
1693 1.299160377567358e-05 1.733645544
1694 1.29700194876148e-05 1.734669552
1695 1.294852918087237e-05 1.73569356
1696 1.292715179607516e-05 1.736717568
1697 1.290590810576767e-05 1.737741576
1698 1.288482074845764e-05 1.738765584
1699 1.286391286372603e-05 1.739789592
1700 1.284320655817531e-05 1.7408136
1701 1.282272555249806e-05 1.741837608
1702 1.280249173617398e-05 1.742861616
1703 1.278252866795211e-05 1.743885624
1704 1.276285649270595e-05 1.744909632
1705 1.274349376100607e-05 1.74593364
1706 1.272445714537793e-05 1.746957648
1707 1.270576144908645e-05 1.747981656
1708 1.268742059550673e-05 1.749005664
1709 1.266944232289482e-05 1.750029672
1710 1.265183348468783e-05 1.75105368
1711 1.263460043585807e-05 1.752077688
1712 1.261774574730123e-05 1.753101696
1713 1.260126880340288e-05 1.754125704
1714 1.258516416317397e-05 1.755149712
1715 1.256942174418247e-05 1.75617372
1716 1.255402534016528e-05 1.757197728
1717 1.253895848650097e-05 1.758221736
1718 1.25242010046597e-05 1.759245744
1719 1.250972965882581e-05 1.760269752
1720 1.249552170917973e-05 1.76129376
1721 1.248155158038075e-05 1.762317768
1722 1.246779266912152e-05 1.763341776
1723 1.245421711981845e-05 1.764365784
1724 1.244079792062237e-05 1.765389792
1725 1.242750415535029e-05 1.7664138
1726 1.241430670977901e-05 1.767437808
1727 1.240117837593814e-05 1.768461816
1728 1.238809334766445e-05 1.769485824
1729 1.237502514776517e-05 1.770509832
1730 1.236194304816949e-05 1.77153384
1731 1.234881503738859e-05 1.772557848
1732 1.233562828251358e-05 1.773581856
1733 1.232236651435669e-05 1.774605864
1734 1.230900953756522e-05 1.775629872
1735 1.229553437416362e-05 1.77665388
1736 1.228192769393777e-05 1.777677888
1737 1.226817201451013e-05 1.778701896
1738 1.225425523811177e-05 1.779725904
1739 1.224017109544465e-05 1.780749912
1740 1.222594101884803e-05 1.78177392
1741 1.221153843598345e-05 1.782797928
1742 1.21969528923307e-05 1.783821936
1743 1.218218825952991e-05 1.784845944
1744 1.216725111856499e-05 1.785869952
1745 1.215213351724283e-05 1.78689396
1746 1.213683075701282e-05 1.787917968
1747 1.212134457537345e-05 1.788941976
1748 1.210566702288078e-05 1.789965984
1749 1.208977206946641e-05 1.790989992
1750 1.207367153196128e-05 1.792014
1751 1.205734265185331e-05 1.793038008
1752 1.204078015750009e-05 1.794062016
1753 1.202395829220305e-05 1.795086024
1754 1.20068584079239e-05 1.796110032
1755 1.198945935775778e-05 1.79713404
1756 1.197175159876237e-05 1.798158048
1757 1.19537268227328e-05 1.799182056
1758 1.193536839548631e-05 1.800206064
1759 1.19166685869119e-05 1.801230072
1760 1.189762948652594e-05 1.80225408
1761 1.187825480284425e-05 1.803278088
1762 1.185854969335405e-05 1.804302096
1763 1.183852853077299e-05 1.805326104
1764 1.181820615827254e-05 1.806350112
1765 1.179760131742312e-05 1.80737412
1766 1.177673861392249e-05 1.808398128
1767 1.175564666524095e-05 1.809422136
1768 1.173435839634776e-05 1.810446144
