0 0 0
1 3.133970311485022e-72 0.00091023
2 2.0615293787337e-69 0.00182046
3 5.728292852846286e-66 0.00273069
4 5.652485074247482e-64 0.00364092
5 6.528221131824011e-64 0.00455115
6 6.654500008823152e-63 0.00546138
7 8.349589254093817e-61 0.00637161
8 7.301795763821043e-60 0.00728184
9 7.614079348743043e-59 0.008192070000000001
10 2.000102616442584e-57 0.009102300000000001
11 1.897064880675938e-56 0.01001253
12 1.067323532817484e-57 0.01092276
13 1.318020662679283e-56 0.01183299
14 1.546149447576172e-55 0.01274322
15 6.031442466029797e-52 0.01365345
16 6.369778072804957e-52 0.01456368
17 6.478992557539653e-51 0.01547391
18 5.488493335166443e-50 0.01638414
19 5.95236938959598e-49 0.01729437
20 6.189606393930984e-48 0.0182046
21 1.476406095289646e-46 0.01911483
22 1.898131776142553e-45 0.02002506
23 1.465436647763442e-44 0.02093529
24 7.533083812987549e-44 0.02184552
25 3.162246475617658e-43 0.02275575
26 2.271341277598684e-45 0.02366598
27 5.192349798001925e-42 0.02457621
28 1.707402261246163e-41 0.02548644
29 5.037285643560669e-41 0.02639667
30 8.06885121806248e-41 0.0273069
31 1.458126676937296e-40 0.02821713
32 3.850317949014358e-40 0.02912736
33 2.184398539562033e-40 0.03003759
34 4.683769571039016e-40 0.03094782
35 3.878443655017869e-38 0.03185805
36 6.77286379203882e-38 0.03276828
37 1.907734897764114e-37 0.03367851
38 5.731022210929879e-37 0.03458874
39 3.414767564888449e-37 0.03549897
40 8.198845753858546e-37 0.0364092
41 1.235768592633895e-35 0.03731943
42 3.691928196127313e-35 0.03822966
43 1.245715257063111e-34 0.03913989
44 4.324353872840013e-34 0.04005012
45 1.671240306212779e-33 0.04096035
46 6.305221763740274e-33 0.04187058
47 2.531657642597278e-32 0.04278081
48 9.99082257857285e-32 0.04369104
49 3.87296631789244e-31 0.04460127
50 1.471664566009971e-30 0.0455115
51 5.478891962026102e-30 0.04642173
52 1.997394567877073e-29 0.04733196
53 7.130665678972697e-29 0.04824219
54 2.493056817938996e-28 0.04915242
55 8.537972923213602e-28 0.05006265
56 2.864944473918647e-27 0.05097288
57 9.422064758666235e-27 0.05188311
58 3.037994401689756e-26 0.05279334
59 9.606905397102776e-26 0.05370357
60 2.980440859328153e-25 0.0546138
61 9.074465886283403e-25 0.05552403
62 2.712348915587126e-24 0.05643426
63 7.961431698697072e-24 0.05734449
64 2.295576401722579e-23 0.05825472
65 6.503957269534579e-23 0.05916495
66 1.811239710289669e-22 0.06007518
67 4.959182926080451e-22 0.06098541
68 1.335366944714831e-21 0.06189564
69 3.537240509687716e-21 0.06280587
70 9.219686413190667e-21 0.0637161
71 2.365192437433007e-20 0.06462633
72 5.973432670614251e-20 0.06553656000000001
73 1.485574290056751e-19 0.06644679000000001
74 3.638992759859011e-19 0.06735702
75 8.781853546527274e-19 0.06826725
76 2.088374463888838e-18 0.06917748
77 4.894919593731093e-18 0.07008771
78 1.131079329213011e-17 0.07099794
79 2.577183692748028e-17 0.07190817000000001
80 5.791559982535537e-17 0.07281840000000001
81 1.283912301490777e-16 0.07372863
82 2.808381046645638e-16 0.07463886
83 6.062455178767134e-16 0.07554909
84 1.291825216314653e-15 0.07645932
85 2.717770003705775e-15 0.07736955
86 5.646337085689632e-15 0.07827978000000001
87 1.158665681470545e-14 0.07919001000000001
88 2.348981290839596e-14 0.08010024
89 4.705699595767392e-14 0.08101047
90 9.317163563575253e-14 0.0819207
91 1.823651712382177e-13 0.08283093
92 3.529027982432626e-13 0.08374116000000001
93 6.75163847393302e-13 0.08465139000000001
94 1.276619503662574e-12 0.08556162
95 2.384128273140347e-12 0.08647185
96 4.39496382551159e-12 0.08738208
97 7.997043969065624e-12 0.08829231
98 1.436974920607601e-11 0.08920254
99 2.55129094713645e-11 0.09011277000000001
100 4.477992416471326e-11 0.09102300000000001
101 7.772956216187416e-11 0.09193323
102 1.334735047954942e-10 0.09284346
103 2.267810573884262e-10 0.09375369
104 3.813253933956384e-10 0.09466392
105 6.346411125819833e-10 0.09557415
106 1.045594202942415e-09 0.09648438000000001
107 1.705508364707367e-09 0.09739461000000001
108 2.754552326964766e-09 0.09830484
109 4.405585993489293e-09 0.09921507
110 6.978447438478354e-09 0.1001253
111 1.094869816474583e-08 0.10103553
112 1.701612465732986e-08 0.10194576
113 2.619991619403575e-08 0.10285599
114 3.996960915014717e-08 0.10376622
115 6.042277862792102e-08 0.10467645
116 9.052363238782006e-08 0.10558668
117 1.344191388674974e-07 0.10649691
118 1.978532037718497e-07 0.10740714
119 2.887032439226473e-07 0.10831737
120 4.176658065353711e-07 0.1092276
121 5.99123823134923e-07 0.11013783
122 8.522288387212417e-07 0.11104806
123 1.202232469350801e-06 0.11195829
124 1.682104726518008e-06 0.11286852
125 2.334476584273423e-06 0.11377875
126 3.213929987225919e-06 0.11468898
127 4.389663373858684e-06 0.11559921
128 5.948572743451851e-06 0.11650944
129 7.998702429492871e-06 0.11741967
130 1.067306721883998e-05 0.1183299
131 1.413376450158067e-05 0.11924013
132 1.857637730824762e-05 0.12015036
133 2.423471751534265e-05 0.12106059
134 3.138532089336771e-05 0.12197082
135 4.035210195569548e-05 0.12288105
136 5.151045378722269e-05 0.12379128
137 6.529093476093414e-05 0.12470151
138 8.218190024311789e-05 0.12561174
139 0.0001027310707521463 0.12652197
140 0.0001275453961708028 0.1274322
141 0.0001572893537305454 0.12834243
142 0.0001926812637477919 0.12925266
143 0.0002344873175911985 0.13016289
144 0.0002835131198457532 0.13107312
145 0.000340592631552849 0.13198335
146 0.0004065744915121768 0.13289358
147 0.0004823057966301865 0.13380381
148 0.0005686135431485121 0.13471404
149 0.0006662840432233938 0.13562427
150 0.0007760407580002678 0.1365345
151 0.0008985211108636131 0.13744473
152 0.001034252951522571 0.13835496
153 0.001183631416557223 0.13926519
154 0.001346896994230054 0.14017542
155 0.001524115634432879 0.14108565
156 0.001715161688487152 0.14199588
157 0.001919704459983341 0.14290611
158 0.002137199034215326 0.14381634
159 0.002366881957168936 0.14472657
160 0.002607771982123295 0.1456368
161 0.002858676050521283 0.14654703
162 0.003118199763747253 0.14745726
163 0.003384761845188005 0.14836749
164 0.003656612324869224 0.14927772
165 0.003931851317346963 0.15018795
166 0.00420845451906506 0.15109818
167 0.00448431347827829 0.15200841
168 0.004757319272379532 0.15291864
169 0.005025521515873049 0.15382887
170 0.005287185740723133 0.1547391
171 0.005540203826547024 0.15564933
172 0.005782709112684211 0.15655956
173 0.006013239731291551 0.15746979
174 0.006230677799781299 0.15838002
175 0.00643391435649395 0.15929025
176 0.006621765490879305 0.16020048
177 0.006793371740618412 0.16111071
178 0.006948298662217386 0.16202094
179 0.007086247557128398 0.16293117
180 0.007206740933932613 0.1638414
181 0.007309785925858455 0.16475163
182 0.007395756280842969 0.16566186
183 0.007465252455033172 0.16657209
184 0.007518769271246168 0.16748232
185 0.007556777529662258 0.16839255
186 0.007579895405169253 0.16930278
187 0.007589033890875129 0.17021301
188 0.00758544451165849 0.17112324
189 0.007570462281011549 0.17203347
190 0.007544942723556079 0.1729437
191 0.007509487604889778 0.17385393
192 0.007464884650207285 0.17476416
193 0.007412270932834917 0.17567439
194 0.007352883495418805 0.17658462
195 0.007287844895962933 0.17749485
196 0.007218162292224985 0.17840508
197 0.007144570878650246 0.17931531
198 0.007067573728800118 0.18022554
199 0.006987566782925776 0.18113577
200 0.00690505568564081 0.182046
201 0.006820539126418309 0.18295623
202 0.006734638449313642 0.18386646
203 0.006648056867481399 0.18477669
204 0.006561621440167888 0.18568692
205 0.006475752125307096 0.18659715
206 0.006390437617804548 0.18750738
207 0.006305496633358054 0.18841761
208 0.006220789259485409 0.18932784
209 0.006136444015735318 0.19023807
210 0.00605267705128975 0.1911483
211 0.005969719410188958 0.19205853
212 0.005887853993232089 0.19296876
213 0.005807246136947685 0.19387899
214 0.005728139198125692 0.19478922
215 0.005650623633074519 0.19569945
216 0.005574656334258057 0.19660968
217 0.005500157193156809 0.19751991
218 0.005426867322980425 0.19843014
219 0.005354496999588836 0.19934037
220 0.005282873992122549 0.2002506
221 0.005212070577234425 0.20116083
222 0.005142203308040751 0.20207106
223 0.005073350681968698 0.20298129
224 0.005005705653443864 0.20389152
225 0.004939400104366846 0.20480175
226 0.004874648142600359 0.20571198
227 0.004811497752697513 0.20662221
228 0.004749767962984262 0.20753244
229 0.004689025300203435 0.20844267
230 0.004629076086537801 0.2093529
231 0.004569898545194336 0.21026313
232 0.004511392912933725 0.21117336
233 0.004453526582534333 0.21208359
234 0.004396352979602806 0.21299382
235 0.004339927201160593 0.21390405
236 0.004284213415224242 0.21481428
237 0.00422938641861807 0.21572451
238 0.004175516303921983 0.21663474
239 0.004122640829823233 0.21754497
240 0.004070923846125015 0.2184552
241 0.004020555147972743 0.21936543
242 0.003971492576856118 0.22027566
243 0.003923603621806588 0.22118589
244 0.0038766809243742 0.22209612
245 0.003830449852211346 0.22300635
246 0.003784609303674074 0.22391658
247 0.003739091842332727 0.22482681
248 0.003693959070550562 0.22573704
249 0.003649238334467715 0.22664727
250 0.00360509781084895 0.2275575
251 0.003561691040241763 0.22846773
252 0.003518930349150128 0.22937796
253 0.003476875885556299 0.23028819
254 0.003435412086669502 0.23119842
255 0.00339452904351575 0.23210865
256 0.003354390123844665 0.23301888
257 0.003315033211538306 0.23392911
258 0.003276415298198255 0.23483934
259 0.003238722659915244 0.23574957
260 0.003202031859039954 0.2366598
261 0.003166207758374495 0.23757003
262 0.003130996967447954 0.23848026
263 0.003096302521017771 0.23939049
264 0.003061930302977545 0.24030072
265 0.003027796801753923 0.24121095
266 0.002993879971693144 0.24212118
267 0.002960200992995161 0.24303141
268 0.002926902631169757 0.24394164
269 0.002894048529214314 0.24485187
270 0.002861809999106815 0.2457621
271 0.002830284513355691 0.24667233
272 0.002799436857324608 0.24758256
273 0.002769222453289488 0.24849279
274 0.002739579276431599 0.24940302
275 0.002710496925730549 0.25031325
276 0.002681989693288347 0.25122348
277 0.002653937380937403 0.25213371
278 0.002626367150876963 0.25304394
279 0.002599305451355381 0.25395417
280 0.002572671543054013 0.2548644
281 0.002546447097717907 0.25577463
282 0.002520749072258277 0.25668486
283 0.002495559592393197 0.25759509
284 0.002470752073443152 0.25850532
285 0.002446097154754864 0.2594155500000001
286 0.002421461636792844 0.26032578
287 0.002396807576972314 0.26123601
288 0.002372067346492758 0.26214624
289 0.002347297925336513 0.26305647
290 0.002322616390865766 0.2639667
291 0.002298095654870771 0.26487693
292 0.002273895503189502 0.26578716
293 0.0022501273448102 0.26669739
294 0.00222675005172682 0.26760762
295 0.002203709196312488 0.26851785
296 0.002181058253442109 0.26942808
297 0.002158798872422919 0.27033831
298 0.002137100211595309 0.27124854
299 0.00211609701713676 0.27215877
300 0.002095845473821586 0.273069
301 0.00207635233098215 0.27397923
302 0.002057557530639294 0.27488946
303 0.00203938166339359 0.27579969
304 0.002021743931892772 0.27670992
305 0.002004576981356075 0.27762015
306 0.001987796806073553 0.27853038
307 0.001971340664025683 0.27944061
308 0.001955170757849423 0.28035084
309 0.001939235487981045 0.28126107
310 0.001923459179304483 0.2821713
311 0.001907859970354923 0.28308153
312 0.001892425065453689 0.28399176
313 0.001877128398442195 0.28490199
314 0.001861910810416167 0.28581222
315 0.001846648247444722 0.28672245
316 0.00183125401483309 0.28763268
317 0.001815664122022269 0.28854291
318 0.001799817215290245 0.2894531400000001
319 0.001783701345216345 0.29036337
320 0.001767306395562522 0.2912736
321 0.001750665898347516 0.29218383
322 0.001733844568295552 0.29309406
323 0.001716974929091264 0.29400429
324 0.001700191532918264 0.29491452
325 0.001683590265659306 0.29582475
326 0.001667223885121045 0.29673498
327 0.001651130981126968 0.29764521
328 0.00163537755747849 0.29855544
329 0.001619936108993634 0.29946567
330 0.001604746058274562 0.3003759
331 0.001589819431599532 0.30128613
332 0.001575208654790577 0.3021963600000001
333 0.001560958786380917 0.30310659
334 0.001547103601880448 0.30401682
335 0.001533699540462439 0.30492705
336 0.001520752798848579 0.30583728
337 0.001508312075688374 0.30674751
338 0.001496407837009503 0.30765774
339 0.001485006454576452 0.30856797
340 0.001474105243594833 0.3094782
341 0.001463686622455056 0.31038843
342 0.00145369643098144 0.31129866
343 0.00144408933801274 0.31220889
344 0.001434861874293621 0.31311912
345 0.001425970915662188 0.31402935
346 0.001417351579997891 0.3149395800000001
347 0.001408897769646288 0.31584981
348 0.001400542254895728 0.31676004
349 0.001392246366151849 0.31767027
350 0.001383985403657524 0.3185805
351 0.001375738201116025 0.31949073
352 0.001367466126825258 0.32040096
353 0.001359155229627422 0.32131119
354 0.001350753728043868 0.32222142
355 0.001342221903971549 0.32313165
356 0.001333542530408356 0.32404188
357 0.001324653721431503 0.32495211
358 0.00131550374701335 0.32586234
359 0.001306072783371833 0.32677257
360 0.001296361913748518 0.3276828000000001
361 0.001286388476170983 0.32859303
362 0.001276169982318088 0.32950326
363 0.001265726062700578 0.33041349
364 0.001255093052652308 0.33132372
365 0.001244331126507789 0.3322339500000001
366 0.001233485968581165 0.33314418
367 0.001222594982711923 0.33405441
368 0.001211694341042485 0.33496464
369 0.001200796854134348 0.33587487
370 0.001189911733610561 0.3367851
371 0.001179078115478082 0.33769533
372 0.001168339786731884 0.33860556
373 0.00115770609360405 0.33951579
374 0.001147194074199065 0.3404260200000001
375 0.001136820296281696 0.34133625
376 0.001126590760276686 0.34224648
377 0.001116470447682431 0.34315671
378 0.001106427062706205 0.34406694
379 0.001096440326530671 0.3449771700000001
380 0.001086531995424773 0.3458874
381 0.001076710206070947 0.34679763
382 0.001067026993756558 0.34770786
383 0.00105756451983919 0.34861809
384 0.001048376143440412 0.34952832
385 0.001039486912787084 0.35043855
386 0.001030914565279646 0.35134878
387 0.001022649927253352 0.35225901
388 0.001014699907441729 0.3531692400000001
389 0.00100707352853513 0.35407947
390 0.0009997609577685395 0.3549897
391 0.000992755097651221 0.35589993
392 0.0009860612314148778 0.35681016
393 0.0009796758283895507 0.3577203900000001
394 0.0009735804449394044 0.35863062
395 0.0009677667074151981 0.35954085
396 0.0009622270931285667 0.36045108
397 0.0009569402923001639 0.36136131
398 0.0009518753352109024 0.36227154
399 0.000947003235961878 0.36318177
400 0.0009422715266888586 0.364092
401 0.0009376519177039973 0.36500223
402 0.0009331181171672587 0.3659124600000001
403 0.000928654080583145 0.36682269
404 0.0009242437478132279 0.36773292
405 0.0009198686843379215 0.36864315
406 0.0009155081643765448 0.36955338
407 0.0009111444789214865 0.3704636100000001
408 0.0009067367447770246 0.37137384
409 0.0009022874593286848 0.37228407
410 0.0008978004802189892 0.3731943
411 0.0008932553884482953 0.37410453
412 0.0008886225140845238 0.3750147600000001
413 0.0008838576378741328 0.37592499
414 0.0008789124211464502 0.37683522
415 0.0008737439623698574 0.37774545
416 0.0008683185369348659 0.3786556800000001
417 0.0008626153579178835 0.37956591
418 0.0008566252649251588 0.38047614
419 0.000850338634508278 0.38138637
420 0.0008437964142146534 0.3822966
421 0.0008370487302148318 0.3832068300000001
422 0.0008301516498573319 0.38411706
423 0.0008231573613354023 0.38502729
424 0.0008161054968142034 0.38593752
425 0.0008090328211759669 0.38684775
426 0.0008019620053901297 0.3877579800000001
427 0.0007949088942018125 0.38866821
428 0.0007878750126913023 0.38957844
429 0.0007808690945428349 0.39048867
430 0.0007739035646854184 0.3913989
431 0.0007669923714112808 0.39230913
432 0.0007601536097683911 0.39321936
433 0.0007534035869035046 0.39412959
434 0.000746755646434119 0.39503982
435 0.000740222907739427 0.3959500500000001
436 0.0007338158453708075 0.39686028
437 0.0007275449897378621 0.39777051
438 0.0007213969538076435 0.39868074
439 0.0007153646481665659 0.39959097
440 0.0007094639345876132 0.4005012000000001
441 0.0007037098625603313 0.40141143
442 0.0006981127253725619 0.40232166
443 0.000692678692305206 0.40323189
444 0.0006873596969024233 0.40414212
445 0.0006821105743088791 0.40505235
446 0.0006769102377365114 0.40596258
447 0.0006717563015755195 0.40687281
448 0.0006666536689648097 0.40778304
449 0.0006616227441843671 0.4086932700000001
450 0.0006566887076456401 0.4096035
451 0.0006518747090128361 0.41051373
452 0.0006471921081032093 0.41142396
453 0.0006426423131016022 0.41233419
454 0.0006382242338652568 0.4132444200000001
455 0.0006339356930818328 0.41415465
456 0.0006297768725383535 0.41506488
457 0.0006257498834109932 0.41597511
458 0.0006218552183338197 0.41688534
459 0.0006180943523321522 0.41779557
460 0.0006144731118024379 0.4187058
461 0.0006109971206207553 0.41961603
462 0.0006076670341683053 0.42052626
463 0.0006044770527654572 0.4214364900000001
464 0.0006014155363039632 0.42234672
465 0.0005984653817647436 0.42325695
466 0.0005956114095761085 0.42416718
467 0.0005928427774998072 0.42507741
468 0.0005901482685204948 0.4259876400000001
469 0.0005875123471154039 0.42689787
470 0.0005849137305546818 0.4278081
471 0.0005823130075720195 0.42871833
472 0.0005796993713787735 0.42962856
473 0.0005770682856080157 0.4305387900000001
474 0.0005744150303308149 0.43144902
475 0.0005717348096321655 0.43235925
476 0.0005690229513027722 0.43326948
477 0.0005662778117725563 0.4341797100000001
478 0.0005635045911590986 0.43508994
479 0.0005607134608044502 0.43600017
480 0.000557909741360257 0.4369104
481 0.0005550828835149215 0.43782063
482 0.0005522188498939682 0.4387308600000001
483 0.0005493026124183361 0.43964109
484 0.000546320005582704 0.44055132
485 0.0005432578185060651 0.44146155
486 0.0005401038598654616 0.44237178
487 0.000536847806381062 0.4432820100000001
488 0.0005334823132525034 0.44419224
489 0.0005300022932083357 0.44510247
490 0.0005264030659208078 0.4460127
491 0.0005226862836073434 0.4469229300000001
492 0.0005188580891371473 0.44783316
493 0.000514926234443018 0.44874339
494 0.000510902470219436 0.44965362
495 0.0005068012826595604 0.45056385
496 0.0005026386334653939 0.4514740800000001
497 0.0004984291129118811 0.45238431
498 0.0004941835827629014 0.45329454
499 0.0004899107604422482 0.45420477
500 0.0004856255042511647 0.455115
501 0.0004813500512520129 0.4560252300000001
502 0.0004771061261532183 0.45693546
503 0.0004729131321518848 0.45784569
504 0.000468786851363776 0.45875592
505 0.0004647392955868491 0.4596661500000001
506 0.0004607788217024784 0.46057638
507 0.0004569111413453471 0.46148661
508 0.000453139590707276 0.46239684
509 0.0004494662876050814 0.46330707
510 0.0004458926039575398 0.4642173000000001
511 0.0004424165874876578 0.46512753
512 0.0004390358510282881 0.46603776
513 0.0004357480047112293 0.46694799
514 0.0004325504783013918 0.46785822
515 0.0004294407269202795 0.4687684500000001
516 0.0004264160064485878 0.46967868
517 0.0004234735251268875 0.47058891
518 0.0004206106196177436 0.47149914
519 0.0004178254782618983 0.4724093700000001
520 0.0004151151716250904 0.4733196000000001
521 0.0004124768400046325 0.47422983
522 0.0004099001787857392 0.47514006
523 0.0004073795512897972 0.47605029
524 0.000404911790393671 0.4769605200000001
525 0.0004024818088956398 0.47787075
526 0.0004000623246854344 0.47878098
527 0.0003976450542262268 0.47969121
528 0.0003952333616678714 0.48060144
529 0.0003928343915828094 0.4815116700000001
530 0.0003904597073964931 0.4824219
531 0.0003881222757426095 0.48333213
532 0.0003858332393837637 0.48424236
533 0.0003836035371350822 0.4851525900000001
534 0.0003814437233570788 0.4860628200000001
535 0.0003793611369000882 0.48697305
536 0.0003773605739165917 0.48788328
537 0.0003754421052968513 0.48879351
538 0.0003736025702648798 0.4897037400000001
539 0.000371834408620443 0.49061397
540 0.0003701264851713017 0.4915242
541 0.000368474787698805 0.49243443
542 0.0003668803058242501 0.49334466
543 0.0003653412648335756 0.4942548900000001
544 0.0003638570483446713 0.49516512
545 0.0003624257606832174 0.49607535
546 0.0003610431832860572 0.49698558
547 0.0003597035552747063 0.49789581
548 0.0003584003113573216 0.4988060400000001
549 0.0003571266684592485 0.49971627
550 0.0003558760013739791 0.5006265
551 0.0003546421916506105 0.50153673
552 0.0003534198820370408 0.50244696
553 0.0003522042555306418 0.50335719
554 0.0003509910702688247 0.50426742
555 0.0003497761357963759 0.50517765
556 0.0003485563216784589 0.50608788
557 0.0003473287258566218 0.5069981100000001
558 0.0003460910121970539 0.5079083400000001
559 0.0003448417356406847 0.5088185700000001
560 0.0003435801684140653 0.5097288
561 0.0003423061098257422 0.51063903
562 0.0003410197050631818 0.51154926
563 0.0003397207825980527 0.51245949
564 0.0003384100292539379 0.51336972
565 0.0003370879208143945 0.51427995
566 0.0003357528919013599 0.5151901800000001
567 0.0003344017999180884 0.5161004100000001
568 0.0003330305652118558 0.5170106400000001
569 0.000331634732113663 0.5179208700000001
570 0.0003302092833279902 0.5188311
571 0.0003287498325158711 0.51974133
572 0.0003272520783200321 0.52065156
573 0.0003257108984811904 0.52156179
574 0.0003241215199266926 0.52247202
575 0.0003224805492518298 0.52338225
576 0.0003207862664015287 0.5242924800000001
577 0.0003190386799687086 0.5252027100000001
578 0.0003172395372333803 0.5261129400000001
579 0.0003153921051017174 0.52702317
580 0.0003135008103236857 0.5279334
581 0.0003115709217950078 0.52884363
582 0.0003096087319136719 0.52975386
583 0.0003076206169387262 0.53066409
584 0.0003056146165431188 0.53157432
585 0.0003035993230451532 0.5324845500000001
586 0.000301582843158416 0.5333947800000001
587 0.0002995726363476892 0.5343050100000001
588 0.0002975754042465847 0.5352152400000001
589 0.000295597007660041 0.53612547
590 0.0002936423039358563 0.5370357
591 0.0002917154750347229 0.53794593
592 0.0002898198396675952 0.53885616
593 0.0002879570880005084 0.53976639
594 0.0002861282422856818 0.5406766200000001
595 0.0002843338407001455 0.5415868500000001
596 0.0002825739856781795 0.5424970800000001
597 0.0002808484006638937 0.5434073100000001
598 0.0002791564851170433 0.54431754
599 0.0002774973991522002 0.54522777
600 0.0002758700862224226 0.546138
601 0.0002742734633697756 0.54704823
602 0.0002727062652981349 0.54795846
603 0.0002711670333480487 0.54886869
604 0.0002696536137824006 0.5497789200000001
605 0.0002681627589344988 0.5506891500000001
606 0.0002666909956017194 0.5515993800000001
607 0.0002652409150962101 0.55250961
608 0.0002638158359382996 0.55341984
609 0.0002624182612856543 0.55433007
610 0.0002610498412459861 0.5552403
611 0.0002597113822773308 0.55615053
612 0.0002584029578537391 0.55706076
613 0.0002571243706763881 0.5579709900000001
614 0.0002558748137623905 0.5588812200000001
615 0.0002546531376622787 0.5597914500000001
616 0.0002534574396489207 0.5607016800000001
617 0.0002522817098760394 0.56161191
618 0.0002511175634948121 0.56252214
619 0.0002499559927089379 0.56343237
620 0.0002487857416651254 0.5643426
621 0.0002476033405551687 0.56525283
622 0.0002464060979998372 0.5661630600000001
623 0.0002451951882654681 0.5670732900000001
624 0.000243975430801983 0.5679835200000001
625 0.0002427536560275754 0.5688937500000001
626 0.000241539159044301 0.56980398
627 0.0002403418388576902 0.57071421
628 0.0002391696448964633 0.57162444
629 0.0002380287862712685 0.57253467
630 0.0002369242388940326 0.5734449
631 0.0002358588880348617 0.57435513
632 0.0002348332754463286 0.5752653600000001
633 0.0002338477590441486 0.5761755900000001
634 0.000232901656765664 0.5770858200000001
635 0.0002319936709553932 0.5779960500000001
636 0.0002311222754004985 0.57890628
637 0.0002302856874250831 0.57981651
638 0.0002294819931085188 0.58072674
639 0.000228709495385512 0.58163697
640 0.0002279665897108254 0.5825472
641 0.0002272506517525825 0.5834574300000001
642 0.0002265586465626239 0.5843676600000001
643 0.0002258877619969989 0.5852778900000001
644 0.0002252362556869745 0.5861881200000001
645 0.0002246027217235351 0.58709835
646 0.0002239856974601418 0.58800858
647 0.0002233836464162353 0.58891881
648 0.00022279491073337 0.58982904
649 0.0002222176501560806 0.59073927
650 0.0002216497953203861 0.5916495000000001
651 0.0002210896031234355 0.5925597300000001
652 0.0002205353446125991 0.5934699600000001
653 0.0002199841449275371 0.5943801900000001
654 0.000219433527981654 0.59529042
655 0.0002188813954569065 0.59620065
656 0.0002183259543472547 0.59711088
657 0.0002177656682706803 0.59802111
658 0.000217199206232092 0.59893134
659 0.0002166254463093143 0.59984157
660 0.0002160434538179908 0.6007518000000001
661 0.0002154524889876912 0.6016620300000001
662 0.0002148519808224201 0.6025722600000001
663 0.00021424152683936 0.6034824900000001
664 0.0002136208925642772 0.60439272
665 0.000212989961540752 0.60530295
666 0.000212348846660215 0.60621318
667 0.0002116978232716926 0.60712341
668 0.0002110376386932535 0.60803364
669 0.0002103688213458545 0.6089438700000001
670 0.0002096922691437001 0.6098541000000001
671 0.0002090085968370421 0.6107643300000001
672 0.0002083178980267689 0.6116745600000001
673 0.000207619777152606 0.61258479
674 0.0002069131629138348 0.61349502
675 0.0002061951953287482 0.61440525
676 0.0002054643583109568 0.61531548
677 0.0002047198148239031 0.61622571
678 0.0002039607783505434 0.61713594
679 0.0002031860253552508 0.6180461700000001
680 0.0002023936371154035 0.6189564000000001
681 0.0002015814074324324 0.6198666300000001
682 0.000200747380383677 0.6207768600000001
683 0.000199889919270057 0.62168709
684 0.0001990078028483048 0.62259732
685 0.0001981003636629696 0.62350755
686 0.0001971674952368187 0.62441778
687 0.0001962096447406793 0.62532801
688 0.0001952279477268417 0.6262382400000001
689 0.0001942242275423003 0.6271484700000001
690 0.0001932009586796055 0.6280587000000001
691 0.000192161160851479 0.6289689300000001
692 0.0001911082142923859 0.62987916
693 0.000190046068803363 0.63078939
694 0.000188978541278099 0.63169962
695 0.0001879091674238299 0.63260985
696 0.0001868414420327977 0.63352008
697 0.0001857786526822347 0.6344303100000001
698 0.0001847237447340166 0.6353405400000001
699 0.000183679370057765 0.6362507700000001
700 0.0001826477697400298 0.6371610000000001
701 0.0001816305817729044 0.63807123
702 0.0001806290288580083 0.63898146
703 0.0001796433826454476 0.63989169
704 0.0001786724628438741 0.64080192
705 0.0001777156491064573 0.64171215
706 0.0001767736204049816 0.64262238
707 0.0001758468791480128 0.6435326100000001
708 0.0001749358723243137 0.6444428400000001
709 0.0001740410017017162 0.6453530700000001
710 0.0001731620746172912 0.6462633000000001
711 0.0001722984882057381 0.64717353
712 0.0001714503968985034 0.64808376
713 0.0001706180043482726 0.64899399
714 0.0001698013155506119 0.64990422
715 0.0001690001099125494 0.65081445
716 0.0001682139897887032 0.6517246800000001
717 0.000167442776214803 0.6526349100000001
718 0.0001666853155052901 0.6535451400000001
719 0.0001659414249940189 0.6544553700000001
720 0.000165210627778797 0.6553656
721 0.0001644924935659414 0.65627583
722 0.0001637866583349047 0.65718606
723 0.0001630927636630558 0.65809629
724 0.0001624104482225793 0.65900652
725 0.0001617394746893633 0.6599167500000001
726 0.0001610795607983455 0.6608269800000001
727 0.000160430191598011 0.6617372100000001
728 0.0001597910546881839 0.6626474400000001
729 0.0001591614575344537 0.6635576700000001
730 0.000158539322606353 0.6644679
731 0.0001579240562267469 0.66537813
732 0.0001573162246385558 0.66628836
733 0.0001567163791684849 0.66719859
734 0.0001561250470825102 0.66810882
735 0.0001555426674639976 0.6690190500000001
736 0.0001549695245608121 0.6699292800000001
737 0.0001544056692660837 0.6708395100000001
738 0.0001538507426727278 0.6717497400000001
739 0.0001533040193676268 0.67265997
740 0.0001527640265824023 0.6735702
741 0.0001522278850910221 0.67448043
742 0.000151692187130639 0.67539066
743 0.0001511537373333128 0.67630089
744 0.0001506088530539171 0.6772111200000001
745 0.0001500531021389791 0.6781213500000001
746 0.0001494841934101792 0.6790315800000001
747 0.0001489000294724642 0.6799418100000001
748 0.0001483002234930398 0.68085204
749 0.0001476862072689355 0.68176227
750 0.0001470605128686095 0.6826725
751 0.0001464268795340878 0.68358273
752 0.0001457892985202375 0.68449296
753 0.0001451516040455062 0.6854031900000001
754 0.0001445172372551241 0.6863134200000001
755 0.0001438895527728267 0.6872236500000001
756 0.0001432716107027473 0.6881338800000001
757 0.0001426659265061362 0.6890441100000001
758 0.0001420743767521025 0.68995434
759 0.0001414983930103025 0.69086457
760 0.0001409389763878538 0.6917748
761 0.0001403967499879969 0.69268503
762 0.000139872157649551 0.69359526
763 0.0001393650326344548 0.6945054900000001
764 0.0001388749726048393 0.6954157200000001
765 0.0001384013329273254 0.6963259500000001
766 0.0001379433207767427 0.6972361800000001
767 0.0001375001334975253 0.69814641
768 0.0001370709474996645 0.69905664
769 0.000136654902103477 0.69996687
770 0.0001362512383541218 0.7008771
771 0.0001358595039742782 0.70178733
772 0.0001354793962761518 0.7026975600000001
773 0.0001351106874090435 0.7036077900000001
774 0.0001347531940669357 0.7045180200000001
775 0.0001344067547296994 0.7054282500000001
776 0.0001340711943797952 0.7063384800000001
777 0.0001337463307073423 0.70724871
778 0.0001334319127928822 0.70815894
779 0.0001331276543001924 0.70906917
780 0.0001328330960040465 0.7099794
781 0.0001325476648060698 0.7108896300000001
782 0.0001322707155544112 0.7117998600000001
783 0.0001320015056806283 0.7127100900000001
784 0.0001317392240766305 0.7136203200000001
785 0.0001314830483401134 0.7145305500000001
786 0.0001312320615860634 0.71544078
787 0.000130985293016096 0.71635101
788 0.0001307417902475829 0.71726124
789 0.000130500619031222 0.71817147
790 0.00013026086745748 0.7190817
791 0.0001300216398769931 0.7199919300000001
792 0.0001297820945661999 0.7209021600000001
793 0.0001295414421149111 0.7218123900000001
794 0.0001292989358584153 0.7227226200000001
795 0.0001290539014236338 0.72363285
796 0.0001288057312976664 0.72454308
797 0.0001285538781841244 0.72545331
798 0.0001282978579927788 0.72636354
799 0.0001280372408981388 0.72727377
800 0.000127771663810389 0.7281840000000001
801 0.0001275008666285203 0.7290942300000001
802 0.0001272246427429959 0.7300044600000001
803 0.0001269427333230026 0.7309146900000001
804 0.0001266550643863913 0.7318249200000001
805 0.0001263615826492969 0.73273515
806 0.0001260618080046311 0.73364538
807 0.0001257553426669587 0.73455561
808 0.0001254428403329308 0.73546584
809 0.0001251250980232552 0.73637607
810 0.0001248023423362202 0.7372863000000001
811 0.0001244750131468374 0.7381965300000001
812 0.0001241430296382899 0.7391067600000001
813 0.000123805871858751 0.7400169900000001
814 0.0001234631948047138 0.74092722
815 0.0001231139557054721 0.74183745
816 0.0001227571552594424 0.74274768
817 0.0001223918213614968 0.74365791
818 0.0001220159989594403 0.74456814
819 0.000121627136366684 0.7454783700000001
820 0.0001212240476328248 0.7463886000000001
821 0.0001208060607391253 0.7472988300000001
822 0.0001203727255457214 0.7482090600000001
823 0.0001199238759567104 0.7491192900000001
824 0.0001194596366994478 0.75002952
825 0.0001189805408617458 0.75093975
826 0.0001184875133473574 0.75184998
827 0.000117981599529819 0.75276021
828 0.000117464018238005 0.7536704400000001
829 0.0001169362966473301 0.7545806700000001
830 0.0001164002054775535 0.7554909000000001
831 0.0001158576541453678 0.7564011300000001
832 0.0001153105944277372 0.7573113600000001
833 0.0001147609465424691 0.75822159
834 0.0001142105483593698 0.75913182
835 0.0001136611207643144 0.76004205
836 0.0001131142414627689 0.76095228
837 0.0001125713264159453 0.76186251
838 0.0001120336164629173 0.7627727400000001
839 0.0001115021695797318 0.7636829700000001
840 0.0001109778570046275 0.7645932000000001
841 0.0001104613682728877 0.7655034300000001
842 0.0001099532190203253 0.76641366
843 0.0001094537637550271 0.76732389
844 0.000108963212060541 0.76823412
845 0.0001084816436839163 0.76914435
846 0.0001080090263495086 0.77005458
847 0.0001075452338006662 0.7709648100000001
848 0.0001070900596970616 0.7718750400000001
849 0.0001066432351528614 0.7727852700000001
850 0.0001062044483954985 0.7736955000000001
851 0.0001057733523247524 0.7746057300000001
852 0.0001053495751834266 0.77551596
853 0.0001049327376728684 0.77642619
854 0.000104522463338929 0.77733642
855 0.0001041183985842122 0.77824665
856 0.0001037202242251166 0.7791568800000001
857 0.0001033276562385148 0.7800671100000001
858 0.0001029404437701626 0.7809773400000001
859 0.0001025583662208409 0.7818875700000001
860 0.0001021812287282051 0.7827978000000001
861 0.0001018088574221834 0.78370803
862 0.0001014410967392746 0.78461826
863 0.0001010778109533112 0.78552849
864 0.0001007188721821988 0.78643872
865 0.000100364146884375 0.78734895
866 0.0001000134998220749 0.7882591800000001
867 9.966684175759443e-05 0.7891694100000001
868 9.932406395059996e-05 0.7900796400000001
869 9.898495762053814e-05 0.7909898700000001
870 9.864933490660425e-05 0.7919001
871 9.831708006853371e-05 0.79281033
872 9.798779487709177e-05 0.79372056
873 9.766101479620471e-05 0.79463079
874 9.733659929754535e-05 0.79554102
875 9.701462904666132e-05 0.7964512500000001
876 9.669517792519421e-05 0.7973614800000001
877 9.637828502237409e-05 0.7982717100000001
878 9.606396124217028e-05 0.7991819400000001
879 9.575218813728615e-05 0.8000921700000001
880 9.544292020993687e-05 0.8010024
881 9.513602550032316e-05 0.80191263
882 9.483155333743048e-05 0.80282286
883 9.452934020575087e-05 0.80373309
884 9.422928727971115e-05 0.8046433200000001
885 9.393129742313288e-05 0.8055535500000001
886 9.363527969266953e-05 0.8064637800000001
887 9.334115298846853e-05 0.8073740100000001
888 9.304884872920997e-05 0.8082842400000001
889 9.275831265338835e-05 0.80919447
890 9.246950606908902e-05 0.8101047
891 9.218240609209422e-05 0.81101493
892 9.189700399309912e-05 0.81192516
893 9.161330469507229e-05 0.81283539
894 9.133132413139095e-05 0.8137456200000001
895 9.105108631101257e-05 0.8146558500000001
896 9.077262127418351e-05 0.8155660800000001
897 9.049596201914203e-05 0.8164763100000001
898 9.022113830561439e-05 0.8173865400000001
899 8.994817368891349e-05 0.81829677
900 8.96770867695587e-05 0.819207
901 8.940788154086141e-05 0.82011723
902 8.914053120635523e-05 0.82102746
903 8.887497829074391e-05 0.8219376900000001
904 8.861117203226903e-05 0.8228479200000001
905 8.83489575027663e-05 0.8237581500000001
906 8.808807672041705e-05 0.8246683800000001
907 8.78282270414611e-05 0.8255786100000001
908 8.756895531003296e-05 0.82648884
909 8.730947279831402e-05 0.82739907
910 8.704852452575174e-05 0.8283093
911 8.678453779247341e-05 0.82921953
912 8.651567676149958e-05 0.83012976
913 8.62399370913413e-05 0.8310399900000001
914 8.595535157458959e-05 0.8319502200000001
915 8.5660470208542e-05 0.8328604500000001
916 8.535471029487745e-05 0.8337706800000001
917 8.503819263427892e-05 0.83468091
918 8.471156271329806e-05 0.83559114
919 8.437586787373062e-05 0.83650137
920 8.403248652372303e-05 0.8374116
921 8.368289517069566e-05 0.83832183
922 8.332852119060215e-05 0.8392320600000001
923 8.297065205581959e-05 0.8401422900000001
924 8.261030716775302e-05 0.8410525200000001
925 8.224867069932994e-05 0.8419627500000001
926 8.188694575838245e-05 0.8428729800000001
927 8.152635480077096e-05 0.84378321
928 8.116818755022799e-05 0.84469344
929 8.081375584751657e-05 0.84560367
930 8.046429286185051e-05 0.8465139
931 8.012091761314629e-05 0.8474241300000001
932 7.978459298036135e-05 0.8483343600000001
933 7.945608979603579e-05 0.8492445900000001
934 7.913596395068526e-05 0.8501548200000001
935 7.882459236557605e-05 0.8510650500000001
936 7.852220430256964e-05 0.85197528
937 7.822890588496381e-05 0.85288551
938 7.794471049170345e-05 0.85379574
939 7.76695444549144e-05 0.85470597
940 7.74032283104099e-05 0.8556162
941 7.71454790654446e-05 0.8565264300000001
942 7.689596146320524e-05 0.8574366600000001
943 7.665430715231607e-05 0.8583468900000001
944 7.64201324940986e-05 0.8592571200000001
945 7.61930204613991e-05 0.8601673500000001
946 7.597254940407052e-05 0.86107758
947 7.575830228654828e-05 0.86198781
948 7.55499169968663e-05 0.86289804
949 7.534707012421848e-05 0.86380827
950 7.514947667905138e-05 0.8647185000000001
951 7.495688375964574e-05 0.8656287300000001
952 7.47691145298496e-05 0.8665389600000001
953 7.458601153114656e-05 0.8674491900000001
954 7.440746412250922e-05 0.8683594200000001
955 7.423340182219804e-05 0.86926965
956 7.406378492977976e-05 0.87017988
957 7.389859654417531e-05 0.87109011
958 7.373783568906552e-05 0.87200034
959 7.358151214537713e-05 0.8729105700000001
960 7.342964462948692e-05 0.8738208000000001
961 7.328225441613525e-05 0.8747310300000001
962 7.313936525764769e-05 0.8756412600000001
963 7.300102031157186e-05 0.8765514900000001
964 7.286723128187368e-05 0.87746172
965 7.273799789925314e-05 0.87837195
966 7.26133132996048e-05 0.87928218
967 7.249315430582923e-05 0.88019241
968 7.237747354418482e-05 0.88110264
969 7.226619248031306e-05 0.8820128700000001
970 7.215919718894696e-05 0.8829231000000001
971 7.205634195575522e-05 0.8838333300000001
972 7.19574393208895e-05 0.8847435600000001
973 7.186225968274579e-05 0.8856537900000001
974 7.177052225635042e-05 0.88656402
975 7.168189793419524e-05 0.88747425
976 7.159600492058054e-05 0.88838448
977 7.151235946611959e-05 0.88929471
978 7.143033907594126e-05 0.8902049400000001
979 7.134927120713808e-05 0.8911151700000001
980 7.126859666426336e-05 0.8920254000000001
981 7.11878872816232e-05 0.8929356300000001
982 7.110682195986969e-05 0.8938458600000001
983 7.102511066341865e-05 0.89475609
984 7.09424874445839e-05 0.89566632
985 7.085870643484593e-05 0.89657655
986 7.077358644143516e-05 0.89748678
987 7.068693579511645e-05 0.8983970100000001
988 7.059859021203191e-05 0.8993072400000001
989 7.05084020757814e-05 0.9002174700000001
990 7.041623600940019e-05 0.9011277000000001
991 7.032198790300389e-05 0.9020379300000001
992 7.022555672861159e-05 0.9029481600000001
993 7.012685285790141e-05 0.90385839
994 7.002575281881765e-05 0.90476862
995 6.992213159281934e-05 0.90567885
996 6.98159016166317e-05 0.90658908
997 6.970697126833675e-05 0.9074993100000001
998 6.959527182666189e-05 0.9084095400000001
999 6.948078209928188e-05 0.9093197700000001
1000 6.936361123155684e-05 0.9102300000000001
1001 6.924375751585405e-05 0.9111402300000001
1002 6.912112944186806e-05 0.91205046
1003 6.899558874426054e-05 0.91296069
1004 6.886698743320634e-05 0.91387092
1005 6.873494998175432e-05 0.91478115
1006 6.859912252532711e-05 0.9156913800000001
1007 6.845896546072862e-05 0.9166016100000001
1008 6.831395441527501e-05 0.9175118400000001
1009 6.816350382160898e-05 0.9184220700000001
1010 6.800703677772961e-05 0.9193323000000001
1011 6.78439065105773e-05 0.92024253
1012 6.767349786055928e-05 0.92115276
1013 6.749526952591175e-05 0.92206299
1014 6.730877915447224e-05 0.92297322
1015 6.711370075756931e-05 0.9238834500000001
1016 6.690981595749527e-05 0.9247936800000001
1017 6.669703909180967e-05 0.9257039100000001
1018 6.647543671858831e-05 0.9266141400000001
1019 6.624523752654555e-05 0.9275243700000001
1020 6.600683040864138e-05 0.9284346000000001
1021 6.576075644239981e-05 0.92934483
1022 6.550769182629869e-05 0.93025506
1023 6.524842544502565e-05 0.93116529
1024 6.49838317837741e-05 0.93207552
1025 6.471485901255437e-05 0.9329857500000001
1026 6.444248335786102e-05 0.9338959800000001
1027 6.416768969063301e-05 0.9348062100000001
1028 6.389143003419368e-05 0.9357164400000001
1029 6.361461351698074e-05 0.9366266700000001
1030 6.333809727705274e-05 0.9375369
1031 6.306267072981223e-05 0.93844713
1032 6.278904009984544e-05 0.93935736
1033 6.251783367751045e-05 0.94026759
1034 6.224958789544398e-05 0.9411778200000001
1035 6.198475973724568e-05 0.9420880500000001
1036 6.172371871613032e-05 0.9429982800000001
1037 6.146677112876688e-05 0.9439085100000001
1038 6.121412532449889e-05 0.9448187400000001
1039 6.096593335044134e-05 0.9457289700000001
1040 6.072224853919451e-05 0.9466392
1041 6.048307667991145e-05 0.94754943
1042 6.024838345072162e-05 0.94845966
1043 6.001810098908999e-05 0.94936989
1044 5.979213380054502e-05 0.9502801200000001
1045 5.957036539645798e-05 0.9511903500000001
1046 5.935266387782559e-05 0.9521005800000001
1047 5.91388857712087e-05 0.9530108100000001
1048 5.892888046723832e-05 0.9539210400000001
1049 5.872249295117465e-05 0.95483127
1050 5.851956978565532e-05 0.9557415
1051 5.831996073005293e-05 0.95665173
1052 5.812351487958323e-05 0.95756196
1053 5.793008472385086e-05 0.9584721900000001
1054 5.773953523404401e-05 0.9593824200000001
1055 5.755173255386399e-05 0.9602926500000001
1056 5.736655741912186e-05 0.9612028800000001
1057 5.7183904352432e-05 0.9621131100000001
1058 5.700368018201887e-05 0.96302334
1059 5.682580290098322e-05 0.96393357
1060 5.66502003349105e-05 0.9648438
1061 5.647680729427523e-05 0.96575403
1062 5.630556199905907e-05 0.9666642600000001
1063 5.613640812166251e-05 0.9675744900000001
1064 5.596929358733152e-05 0.9684847200000001
1065 5.580416348115663e-05 0.9693949500000001
1066 5.564095826636983e-05 0.9703051800000001
1067 5.547961057199136e-05 0.9712154100000001
1068 5.532008411702374e-05 0.97212564
1069 5.516232958530912e-05 0.97303587
1070 5.500632853295234e-05 0.9739461
1071 5.485205778399312e-05 0.97485633
1072 5.46994891490367e-05 0.9757665600000001
1073 5.454858994228305e-05 0.9766767900000001
1074 5.43993233438269e-05 0.9775870200000001
1075 5.425164896921708e-05 0.9784972500000001
1076 5.410552301554073e-05 0.9794074800000001
1077 5.396089887058446e-05 0.98031771
1078 5.381772837357711e-05 0.98122794
1079 5.367596203668181e-05 0.98213817
1080 5.353554925868536e-05 0.9830484
1081 5.339643860991464e-05 0.9839586300000001
1082 5.325857830900894e-05 0.9848688600000001
1083 5.312191653801328e-05 0.9857790900000001
1084 5.298640172066712e-05 0.9866893200000001
1085 5.285198351555997e-05 0.9875995500000001
1086 5.271861238044067e-05 0.9885097800000001
1087 5.25862394099295e-05 0.98942001
1088 5.245481686094739e-05 0.99033024
1089 5.232429895387922e-05 0.99124047
1090 5.219464079274808e-05 0.9921507000000001
1091 5.206579850607733e-05 0.9930609300000001
1092 5.193772929919752e-05 0.9939711600000001
1093 5.181039157028185e-05 0.9948813900000001
1094 5.168374502262636e-05 0.9957916200000001
1095 5.15577506796682e-05 0.9967018500000001
1096 5.143237111492323e-05 0.99761208
1097 5.130757027859224e-05 0.99852231
1098 5.118331381712176e-05 0.99943254
1099 5.105957784445021e-05 1.00034277
1100 5.093631293196218e-05 1.001253
1101 5.081349981686052e-05 1.00216323
1102 5.069111032109002e-05 1.00307346
1103 5.056912485725538e-05 1.00398369
1104 5.044751651868409e-05 1.00489392
1105 5.032627079703363e-05 1.00580415
1106 5.020536789999641e-05 1.00671438
1107 5.008478989140123e-05 1.00762461
1108 4.996450796974059e-05 1.00853484
1109 4.984449098795387e-05 1.00944507
1110 4.972471271137032e-05 1.0103553
1111 4.960515180056822e-05 1.01126553
1112 4.948579103067851e-05 1.01217576
1113 4.936661676703724e-05 1.01308599
1114 4.924761869051922e-05 1.01399622
1115 4.912878960005537e-05 1.01490645
1116 4.901012521113157e-05 1.01581668
1117 4.889162407051789e-05 1.01672691
1118 4.877328740922097e-05 1.01763714
1119 4.865511896278723e-05 1.01854737
1120 4.853712492011403e-05 1.0194576
1121 4.841931382316209e-05 1.02036783
1122 4.830169643668399e-05 1.02127806
1123 4.818428563374385e-05 1.02218829
1124 4.80670965229156e-05 1.02309852
1125 4.795014643791222e-05 1.02400875
1126 4.78334549625793e-05 1.02491898
1127 4.771704321057057e-05 1.02582921
1128 4.760093465158913e-05 1.02673944
1129 4.748515480743277e-05 1.02764967
1130 4.736973143944868e-05 1.0285599
1131 4.725469436577975e-05 1.02947013
1132 4.714007532904259e-05 1.03038036
1133 4.702590767786119e-05 1.03129059
1134 4.69122260156828e-05 1.03220082
1135 4.679906560090716e-05 1.03311105
1136 4.668646171016371e-05 1.03402128
1137 4.65744495427412e-05 1.03493151
1138 4.646306331341036e-05 1.03584174
1139 4.635233572343855e-05 1.03675197
1140 4.624229735645339e-05 1.0376622
1141 4.613297711325933e-05 1.03857243
1142 4.60244000229222e-05 1.03948266
1143 4.591658649662115e-05 1.04039289
1144 4.580955285700906e-05 1.04130312
1145 4.57033059139815e-05 1.04221335
1146 4.559784824773422e-05 1.04312358
1147 4.54931703726886e-05 1.04403381
1148 4.53892524246387e-05 1.04494404
1149 4.528606170938874e-05 1.04585427
1150 4.518354882279409e-05 1.0467645
1151 4.508160978915675e-05 1.04767473
1152 4.498010604622138e-05 1.04858496
1153 4.487888734345463e-05 1.04949519
1154 4.477764828571952e-05 1.05040542
1155 4.467591624335438e-05 1.05131565
1156 4.457307560071606e-05 1.05222588
1157 4.446834625374603e-05 1.05313611
1158 4.436093409046277e-05 1.05404634
1159 4.425009359307603e-05 1.05495657
1160 4.413521626939013e-05 1.0558668
1161 4.401589741681784e-05 1.05677703
1162 4.389199361206432e-05 1.05768726
1163 4.376362180621999e-05 1.05859749
1164 4.363105788569889e-05 1.05950772
1165 4.349461888750925e-05 1.06041795
1166 4.335467419725737e-05 1.06132818
1167 4.321162953544725e-05 1.06223841
1168 4.306589898300047e-05 1.06314864
1169 4.291788674929119e-05 1.06405887
1170 4.27679826744356e-05 1.0649691
1171 4.261655484246643e-05 1.06587933
1172 4.246392606641147e-05 1.06678956
1173 4.231043544143147e-05 1.06769979
1174 4.215641914380567e-05 1.06861002
1175 4.200218852877239e-05 1.06952025
1176 4.184803269044083e-05 1.07043048
1177 4.169421775485503e-05 1.07134071
1178 4.154098432866515e-05 1.07225094
1179 4.138854869685038e-05 1.07316117
1180 4.123710720978271e-05 1.0740714
1181 4.108684315344843e-05 1.07498163
1182 4.093793524084846e-05 1.07589186
1183 4.079056614199139e-05 1.07680209
1184 4.06449350534031e-05 1.07771232
1185 4.050125974954516e-05 1.07862255
1186 4.035977570454356e-05 1.07953278
1187 4.022072068540559e-05 1.08044301
1188 4.008432130857159e-05 1.08135324
1189 3.995077580513509e-05 1.08226347
1190 3.982023887286389e-05 1.0831737
1191 3.969280765412983e-05 1.08408393
1192 3.956851553942453e-05 1.08499416
1193 3.944734971469534e-05 1.08590439
1194 3.932924841583714e-05 1.08681462
1195 3.921411350026251e-05 1.08772485
1196 3.910183009314567e-05 1.08863508
1197 3.899226286031999e-05 1.08954531
1198 3.888525683363396e-05 1.09045554
1199 3.878064270219371e-05 1.09136577
1200 3.867823882161616e-05 1.092276
1201 3.857786571000597e-05 1.09318623
1202 3.847934167240139e-05 1.09409646
1203 3.838248096108822e-05 1.09500669
1204 3.828711242172206e-05 1.09591692
1205 3.819309071613359e-05 1.09682715
1206 3.810029421232549e-05 1.09773738
1207 3.800860295008571e-05 1.09864761
1208 3.791789539390178e-05 1.09955784
1209 3.782805099402427e-05 1.10046807
1210 3.773895315775263e-05 1.1013783
1211 3.765049029281864e-05 1.10228853
1212 3.756255810347808e-05 1.10319876
1213 3.747506112587945e-05 1.10410899
1214 3.738791441046989e-05 1.10501922
1215 3.730104421396846e-05 1.10592945
1216 3.721438855729342e-05 1.10683968
1217 3.712789795883661e-05 1.10774991
1218 3.704153554871293e-05 1.10866014
1219 3.695527690088689e-05 1.10957037
1220 3.686910974218516e-05 1.1104806
1221 3.678303310122198e-05 1.11139083
1222 3.669705646853286e-05 1.11230106
1223 3.661119917027156e-05 1.11321129
1224 3.652548909716582e-05 1.11412152
1225 3.643996202672018e-05 1.11503175
1226 3.635466010305305e-05 1.11594198
1227 3.626963146037637e-05 1.11685221
1228 3.618493365479309e-05 1.11776244
1229 3.610062499665459e-05 1.11867267
1230 3.601676756218123e-05 1.1195829
1231 3.593342952107577e-05 1.12049313
1232 3.58506815185743e-05 1.12140336
1233 3.576859520993922e-05 1.12231359
1234 3.568724144632903e-05 1.12322382
1235 3.560669495008101e-05 1.12413405
1236 3.552702754126428e-05 1.12504428
1237 3.54483073687349e-05 1.12595451
1238 3.537061035612033e-05 1.12686474
1239 3.529401664681313e-05 1.12777497
1240 3.521859733262456e-05 1.1286852
1241 3.514441640647275e-05 1.12959543
1242 3.507153482889603e-05 1.13050566
1243 3.500001011596083e-05 1.13141589
1244 3.492990072994232e-05 1.13232612
1245 3.48612603973418e-05 1.13323635
1246 3.479413718090464e-05 1.13414658
1247 3.472857158025117e-05 1.13505681
1248 3.466459512727686e-05 1.13596704
1249 3.460222940282779e-05 1.13687727
1250 3.454148495457993e-05 1.1377875
1251 3.448236068020362e-05 1.13869773
1252 3.442484311321895e-05 1.13960796
1253 3.436890595354562e-05 1.14051819
1254 3.431450987972595e-05 1.14142842
1255 3.42616023306492e-05 1.14233865
1256 3.42101194369773e-05 1.14324888
1257 3.415998631750485e-05 1.14415911
1258 3.411111480010825e-05 1.14506934
1259 3.406340636618672e-05 1.14597957
1260 3.401675808722321e-05 1.1468898
1261 3.39710618221098e-05 1.14780003
1262 3.392620227446287e-05 1.14871026
1263 3.388205227294183e-05 1.14962049
1264 3.383848752042941e-05 1.15053072
1265 3.379538610295736e-05 1.15144095
1266 3.37526245871548e-05 1.15235118
1267 3.371006679050526e-05 1.15326141
1268 3.366757984084799e-05 1.15417164
1269 3.362503809050223e-05 1.15508187
1270 3.358232351129365e-05 1.1559921
1271 3.353932663487153e-05 1.15690233
1272 3.349594695550205e-05 1.15781256
1273 3.345209445988743e-05 1.15872279
1274 3.340769171177654e-05 1.15963302
1275 3.336266191288213e-05 1.16054325
1276 3.331693914978426e-05 1.16145348
1277 3.32704645424264e-05 1.16236371
1278 3.322318143263198e-05 1.16327394
1279 3.317506658391664e-05 1.16418417
1280 3.312608873035852e-05 1.1650944
1281 3.30762266974249e-05 1.16600463
1282 3.302550546708382e-05 1.16691486
1283 3.297393690296628e-05 1.16782509
1284 3.292158414058073e-05 1.16873532
1285 3.286846725416522e-05 1.16964555
1286 3.281458067116471e-05 1.17055578
1287 3.275992198065654e-05 1.17146601
1288 3.270441014284819e-05 1.17237624
1289 3.264793833533734e-05 1.17328647
1290 3.259039001579547e-05 1.1741967
1291 3.253160029334557e-05 1.17510693
1292 3.247135944946755e-05 1.17601716
1293 3.240942361994191e-05 1.17692739
1294 3.234556098882074e-05 1.17783762
1295 3.227953549172574e-05 1.17874785
1296 3.221115883813211e-05 1.17965808
1297 3.214022795527591e-05 1.18056831
1298 3.206654922250524e-05 1.18147854
1299 3.198997447371743e-05 1.18238877
1300 3.191040720987422e-05 1.183299
1301 3.182780919136892e-05 1.18420923
1302 3.174220209129312e-05 1.18511946
1303 3.165366852742919e-05 1.18602969
1304 3.156235805126319e-05 1.18693992
1305 3.146847119279868e-05 1.18785015
1306 3.137225166238138e-05 1.18876038
1307 3.127398273980872e-05 1.18967061
1308 3.117398231673675e-05 1.19058084
1309 3.107259326385022e-05 1.19149107
1310 3.097017289791951e-05 1.1924013
1311 3.086708322460148e-05 1.19331153
1312 3.076368231870733e-05 1.19422176
1313 3.066031604032927e-05 1.19513199
1314 3.055731234132394e-05 1.19604222
1315 3.045497586019588e-05 1.19695245
1316 3.035358258104687e-05 1.19786268
1317 3.025337677331424e-05 1.19877291
1318 3.015456751133755e-05 1.19968314
1319 3.00573267381092e-05 1.20059337
1320 2.996178871817526e-05 1.2015036
1321 2.986805114845597e-05 1.20241383
1322 2.977617758131867e-05 1.20332406
1323 2.968620200763966e-05 1.20423429
1324 2.959813104395506e-05 1.20514452
1325 2.951194927149463e-05 1.20605475
1326 2.942762115855915e-05 1.20696498
1327 2.934509358766309e-05 1.20787521
1328 2.92643034835734e-05 1.20878544
1329 2.918517993952956e-05 1.20969567
1330 2.91076464700945e-05 1.2106059
1331 2.903161967973228e-05 1.21151613
1332 2.89570135916592e-05 1.21242636
1333 2.888373785131322e-05 1.21333659
1334 2.881170240816506e-05 1.21424682
1335 2.874081955085893e-05 1.21515705
1336 2.867100217682549e-05 1.21606728
1337 2.860216663277542e-05 1.21697751
1338 2.85342320901958e-05 1.21788774
1339 2.846712181253156e-05 1.21879797
1340 2.840076138399097e-05 1.2197082
1341 2.833508287120976e-05 1.22061843
1342 2.827002129977361e-05 1.22152866
1343 2.820551624660943e-05 1.22243889
1344 2.814151240735738e-05 1.22334912
1345 2.807795918563606e-05 1.22425935
1346 2.801481232840497e-05 1.22516958
1347 2.795203399415618e-05 1.22607981
1348 2.788958939177474e-05 1.22699004
1349 2.782744832912291e-05 1.22790027
1350 2.776558173589046e-05 1.2288105
1351 2.770396197930812e-05 1.22972073
1352 2.764256567364371e-05 1.23063096
1353 2.758137001426973e-05 1.23154119
1354 2.752035404086083e-05 1.23245142
1355 2.745949924643161e-05 1.23336165
1356 2.739878999925805e-05 1.23427188
1357 2.733821317300383e-05 1.23518211
1358 2.727775800248714e-05 1.23609234
1359 2.721741541870864e-05 1.23700257
1360 2.715717825930595e-05 1.2379128
1361 2.709704057376745e-05 1.23882303
1362 2.7036997709223e-05 1.23973326
1363 2.697704595356227e-05 1.24064349
1364 2.691718247381632e-05 1.24155372
1365 2.685740512181119e-05 1.24246395
1366 2.679771222854516e-05 1.24337418
1367 2.673810255913738e-05 1.24428441
1368 2.667857531819708e-05 1.24519464
1369 2.661913002303351e-05 1.24610487
1370 2.65597666362131e-05 1.2470151
1371 2.650048541139061e-05 1.24792533
1372 2.644128701030239e-05 1.24883556
1373 2.638217248297119e-05 1.24974579
1374 2.632314331096178e-05 1.25065602
1375 2.626420138913558e-05 1.25156625
1376 2.620534904320511e-05 1.25247648
1377 2.614658927719223e-05 1.25338671
1378 2.608792586772475e-05 1.25429694
1379 2.602936293898947e-05 1.25520717
1380 2.59709048840175e-05 1.2561174
1381 2.591255663650347e-05 1.25702763
1382 2.585432359798132e-05 1.25793786
1383 2.579621325559406e-05 1.25884809
1384 2.573823316103267e-05 1.25975832
1385 2.568038992919075e-05 1.26066855
1386 2.562269089493132e-05 1.26157878
1387 2.556514492327801e-05 1.26248901
1388 2.550776042030303e-05 1.26339924
1389 2.545054818936701e-05 1.26430947
1390 2.539351581681151e-05 1.2652197
1391 2.533667122288225e-05 1.26612993
1392 2.528001954778618e-05 1.26704016
1393 2.52235664556706e-05 1.26795039
1394 2.516731825931295e-05 1.26886062
1395 2.511128231402737e-05 1.26977085
1396 2.50554662877294e-05 1.27068108
1397 2.499987826777208e-05 1.27159131
1398 2.494452697049497e-05 1.27250154
1399 2.488942176033598e-05 1.27341177
1400 2.483457253438783e-05 1.274322
1401 2.47799898112663e-05 1.27523223
1402 2.472568525867909e-05 1.27614246
1403 2.467167263796423e-05 1.27705269
1404 2.461796776441871e-05 1.27796292
1405 2.456458859211692e-05 1.27887315
1406 2.451155522713656e-05 1.27978338
1407 2.445889030664096e-05 1.28069361
1408 2.440661679014522e-05 1.28160384
1409 2.435475877544737e-05 1.28251407
1410 2.430333352277697e-05 1.2834243
1411 2.425235066032528e-05 1.28433453
1412 2.420180716644572e-05 1.28524476
1413 2.415168451898358e-05 1.28615499
1414 2.41019611514209e-05 1.28706522
1415 2.405259084143044e-05 1.28797545
1416 2.400354061267087e-05 1.28888568
1417 2.395479318333983e-05 1.28979591
1418 2.390634008048729e-05 1.29070614
1419 2.385817323170173e-05 1.29161637
1420 2.38102913529073e-05 1.2925266
1421 2.376269385028031e-05 1.29343683
1422 2.371538535452363e-05 1.29434706
1423 2.366837278696437e-05 1.29525729
1424 2.362166139805242e-05 1.29616752
1425 2.357525583382025e-05 1.29707775
1426 2.352915988079271e-05 1.29798798
1427 2.348337761029888e-05 1.29889821
1428 2.343791157624887e-05 1.29980844
1429 2.339276436670728e-05 1.30071867
1430 2.33479376875766e-05 1.3016289
1431 2.330343331222457e-05 1.30253913
1432 2.325925219482012e-05 1.30344936
1433 2.321539427685205e-05 1.30435959
1434 2.317185943758371e-05 1.30526982
1435 2.312864740801213e-05 1.30618005
1436 2.308575758299045e-05 1.30709028
1437 2.304318877395679e-05 1.30800051
1438 2.300093956776031e-05 1.30891074
1439 2.295900841592532e-05 1.30982097
1440 2.291739361561044e-05 1.3107312
1441 2.287609345786378e-05 1.31164143
1442 2.283510670865595e-05 1.31255166
1443 2.279443171395247e-05 1.31346189
1444 2.275406648954882e-05 1.31437212
1445 2.27140089755611e-05 1.31528235
1446 2.267425683051778e-05 1.31619258
1447 2.26348072629749e-05 1.31710281
1448 2.2595657269258e-05 1.31801304
1449 2.255680376671389e-05 1.31892327
1450 2.251824327451873e-05 1.3198335
1451 2.247997205886873e-05 1.32074373
1452 2.244198610109891e-05 1.32165396
1453 2.240428110089444e-05 1.32256419
1454 2.236685252008463e-05 1.32347442
1455 2.232969563592044e-05 1.32438465
1456 2.229280562178982e-05 1.32529488
1457 2.225617754626223e-05 1.32620511
1458 2.22198062839279e-05 1.32711534
1459 2.218368657249112e-05 1.32802557
1460 2.214781321327597e-05 1.3289358
1461 2.211218103623159e-05 1.32984603
1462 2.207678479532808e-05 1.33075626
1463 2.204161914046116e-05 1.33166649
1464 2.200667866101795e-05 1.33257672
1465 2.197195789989529e-05 1.33348695
1466 2.193745152624493e-05 1.33439718
1467 2.190315424230437e-05 1.33530741
1468 2.186906068145467e-05 1.33621764
1469 2.183516551187877e-05 1.33712787
1470 2.18014634512053e-05 1.3380381
1471 2.176794919252813e-05 1.33894833
1472 2.173461746194678e-05 1.33985856
1473 2.170146301317728e-05 1.34076879
1474 2.166848078709727e-05 1.34167902
1475 2.163566581074242e-05 1.34258925
1476 2.160301308528844e-05 1.34349948
1477 2.157051768704398e-05 1.34440971
1478 2.153817479879983e-05 1.34531994
1479 2.150597967239175e-05 1.34623017
1480 2.147392764573267e-05 1.3471404
1481 2.14420140547735e-05 1.34805063
1482 2.141023427398796e-05 1.34896086
1483 2.137858370112905e-05 1.34987109
1484 2.134705780451792e-05 1.35078132
1485 2.131565219996791e-05 1.35169155
1486 2.12843625789064e-05 1.35260178
1487 2.125318456926262e-05 1.35351201
1488 2.122211387042424e-05 1.35442224
1489 2.119114635475906e-05 1.35533247
1490 2.116027775618427e-05 1.3562427
1491 2.112950375548957e-05 1.35715293
1492 2.109882005772089e-05 1.35806316
1493 2.106822238265639e-05 1.35897339
1494 2.103770649109729e-05 1.35988362
1495 2.100726819611004e-05 1.36079385
1496 2.097690343202962e-05 1.36170408
1497 2.094660821343183e-05 1.36261431
1498 2.091637832796447e-05 1.36352454
1499 2.088620946121436e-05 1.36443477
1500 2.085609725389795e-05 1.365345
1501 2.08260373331435e-05 1.36625523
1502 2.079602530271559e-05 1.36716546
1503 2.076605662835603e-05 1.36807569
1504 2.073612668681119e-05 1.36898592
1505 2.070623084907513e-05 1.36989615
1506 2.067636425581063e-05 1.37080638
1507 2.064652265516165e-05 1.37171661
1508 2.061670147645646e-05 1.37262684
1509 2.058689568350608e-05 1.37353707
1510 2.055710016434604e-05 1.3744473
1511 2.052731083229167e-05 1.37535753
1512 2.049752243381603e-05 1.37626776
1513 2.046773431738693e-05 1.37717799
1514 2.043794559605007e-05 1.37808822
1515 2.040815967784492e-05 1.37899845
1516 2.037838289634641e-05 1.37990868
1517 2.034863110640727e-05 1.38081891
1518 2.031893447521626e-05 1.38172914
1519 2.028933377639976e-05 1.38263937
1520 2.025987799289046e-05 1.3835496
1521 2.023062105376648e-05 1.38445983
1522 2.020161729378724e-05 1.38537006
1523 2.017291028574541e-05 1.38628029
1524 2.014452360516453e-05 1.38719052
1525 2.011645624419356e-05 1.38810075
1526 2.00886855800722e-05 1.38901098
1527 2.006117114753894e-05 1.38992121
1528 2.003385683934298e-05 1.39083144
1529 2.000666963249688e-05 1.39174167
1530 1.997952715969864e-05 1.3926519
1531 1.995234759012361e-05 1.39356213
1532 1.99250326497476e-05 1.39447236
1533 1.98974835273138e-05 1.39538259
1534 1.98696465557504e-05 1.39629282
1535 1.984149682866558e-05 1.39720305
1536 1.981301743456685e-05 1.39811328
1537 1.978420055402046e-05 1.39902351
1538 1.975503928588411e-05 1.39993374
1539 1.972553369140831e-05 1.40084397
1540 1.969566708780062e-05 1.4017542
1541 1.966539887315865e-05 1.40266443
1542 1.963468167968878e-05 1.40357466
1543 1.960345315653037e-05 1.40448489
1544 1.957163556019606e-05 1.40539512
1545 1.953913880438471e-05 1.40630535
1546 1.95058553304793e-05 1.40721558
1547 1.947166847096426e-05 1.40812581
1548 1.943645736201603e-05 1.40903604
1549 1.940010021607873e-05 1.40994627
1550 1.936247631605088e-05 1.4108565
1551 1.932347537384008e-05 1.41176673
1552 1.928300479231928e-05 1.41267696
1553 1.924098694343088e-05 1.41358719
1554 1.919736585732902e-05 1.41449742
1555 1.915211418522508e-05 1.41540765
1556 1.910522538473581e-05 1.41631788
1557 1.905672022286416e-05 1.41722811
1558 1.900664673984512e-05 1.41813834
1559 1.895507420948207e-05 1.41904857
1560 1.89020872219722e-05 1.4199588
1561 1.884778519593381e-05 1.42086903
1562 1.879227823604667e-05 1.42177926
1563 1.873568300476228e-05 1.42268949
1564 1.86781187438209e-05 1.42359972
1565 1.861970304524305e-05 1.42450995
1566 1.856055180807748e-05 1.42542018
1567 1.850077768845381e-05 1.42633041
1568 1.844048954123649e-05 1.42724064
1569 1.837979230380663e-05 1.42815087
1570 1.831878525348543e-05 1.4290611
1571 1.825756191997828e-05 1.42997133
1572 1.819620937854902e-05 1.43088156
1573 1.81348076491447e-05 1.43179179
1574 1.807342968853528e-05 1.43270202
1575 1.80121420937193e-05 1.43361225
1576 1.795100437197918e-05 1.43452248
1577 1.789006855147968e-05 1.43543271
1578 1.782938001931396e-05 1.43634294
1579 1.776897710034284e-05 1.43725317
1580 1.770889197123398e-05 1.4381634
1581 1.764915031180184e-05 1.43907363
1582 1.758977056415058e-05 1.43998386
1583 1.753076723360724e-05 1.44089409
1584 1.74721525734322e-05 1.44180432
1585 1.741393460791954e-05 1.44271455
1586 1.73561167116369e-05 1.44362478
1587 1.729870159599764e-05 1.44453501
1588 1.724168700244086e-05 1.44544524
1589 1.718506514385589e-05 1.44635547
1590 1.712882577058947e-05 1.4472657
1591 1.707295733071606e-05 1.44817593
1592 1.70174472179148e-05 1.44908616
1593 1.696228231177173e-05 1.44999639
1594 1.690744934538838e-05 1.45090662
1595 1.685293513784279e-05 1.45181685
1596 1.679872696215279e-05 1.45272708
1597 1.674481268202326e-05 1.45363731
1598 1.66911809897004e-05 1.45454754
1599 1.66378215030213e-05 1.45545777
1600 1.658472470169986e-05 1.456368
1601 1.653188204406046e-05 1.45727823
1602 1.647928587357343e-05 1.45818846
1603 1.642692937342484e-05 1.45909869
1604 1.637480728000468e-05 1.46000892
1605 1.632291646397312e-05 1.46091915
1606 1.627125674081549e-05 1.46182938
1607 1.621983160141472e-05 1.46273961
1608 1.616864889303787e-05 1.46364984
1609 1.611772165348999e-05 1.46456007
1610 1.606706845850678e-05 1.4654703
1611 1.601671345739712e-05 1.46638053
1612 1.596668594533268e-05 1.46729076
1613 1.591701814256098e-05 1.46820099
1614 1.586774391475298e-05 1.46911122
1615 1.5818897260329e-05 1.47002145
1616 1.577051132046849e-05 1.47093168
1617 1.572261676606478e-05 1.47184191
1618 1.567523835488135e-05 1.47275214
1619 1.562839317472199e-05 1.47366237
1620 1.558209198286755e-05 1.4745726
1621 1.5536340410514e-05 1.47548283
1622 1.549113936363078e-05 1.47639306
1623 1.544648557436765e-05 1.47730329
1624 1.54023727462015e-05 1.47821352
1625 1.535879311981284e-05 1.47912375
1626 1.531573746438707e-05 1.48003398
1627 1.527319446093254e-05 1.48094421
1628 1.523115145402125e-05 1.48185444
1629 1.518959440077176e-05 1.48276467
1630 1.514850840202257e-05 1.4836749
1631 1.510787771125211e-05 1.48458513
1632 1.506768578744583e-05 1.48549536
1633 1.502791533792676e-05 1.48640559
1634 1.498881882621048e-05 1.48731582
1635 1.494983129103562e-05 1.48822605
1636 1.491120504381586e-05 1.48913628
1637 1.487291976050068e-05 1.49004651
1638 1.483495688889009e-05 1.49095674
1639 1.47972967411109e-05 1.49186697
1640 1.475991740114014e-05 1.4927772
1641 1.472262382665657e-05 1.49368743
1642 1.468592025067516e-05 1.49459766
1643 1.464927032486238e-05 1.49550789
1644 1.461268258472097e-05 1.49641812
1645 1.457654325176926e-05 1.49732835
1646 1.454043023779854e-05 1.49823858
1647 1.450435138294665e-05 1.49914881
1648 1.446860751257696e-05 1.50005904
1649 1.443286979713404e-05 1.50096927
1650 1.439714095042047e-05 1.5018795
1651 1.436167050364665e-05 1.50278973
1652 1.432618590143353e-05 1.50369996
1653 1.429077051496418e-05 1.50461019
1654 1.425542134733468e-05 1.50552042
1655 1.422014123047328e-05 1.50643065
1656 1.418493580469111e-05 1.50734088
1657 1.41498155179128e-05 1.50825111
1658 1.411479670454485e-05 1.50916134
1659 1.407990018865171e-05 1.51007157
1660 1.404515256081703e-05 1.5109818
1661 1.401058409623443e-05 1.51189203
1662 1.397622760956118e-05 1.51280226
1663 1.394211835138574e-05 1.51371249
1664 1.390829816347613e-05 1.51462272
1665 1.387480879627405e-05 1.51553295
1666 1.384169123490124e-05 1.51644318
1667 1.380899097719486e-05 1.51735341
1668 1.377675207590866e-05 1.51826364
1669 1.374501599463052e-05 1.51917387
1670 1.371382278265896e-05 1.5200841
1671 1.368321010136136e-05 1.52099433
1672 1.365321004646859e-05 1.52190456
1673 1.362384909385444e-05 1.52281479
1674 1.359514722950675e-05 1.52372502
1675 1.356711494525378e-05 1.52463525
1676 1.353975167863298e-05 1.52554548
1677 1.351304736918857e-05 1.52645571
1678 1.348698264923123e-05 1.52736594
1679 1.346152832422089e-05 1.52827617
1680 1.343664775647776e-05 1.5291864
1681 1.341229625168093e-05 1.53009663
1682 1.338842567014123e-05 1.53100686
1683 1.336498585254432e-05 1.53191709
1684 1.334192453196155e-05 1.53282732
1685 1.331919086846133e-05 1.53373755
1686 1.329673638479713e-05 1.53464778
1687 1.327451599835294e-05 1.53555801
1688 1.325248886536815e-05 1.53646824
1689 1.323061845747959e-05 1.53737847
1690 1.320887296665902e-05 1.5382887
1691 1.318722550127206e-05 1.53919893
1692 1.316565276912637e-05 1.54010916
1693 1.31441359543551e-05 1.54101939
1694 1.312266157939898e-05 1.54192962
1695 1.310121974026426e-05 1.54283985
1696 1.307980474582656e-05 1.54375008
1697 1.305841446944642e-05 1.54466031
1698 1.303705126031452e-05 1.54557054
1699 1.301572098620789e-05 1.54648077
1700 1.299443245318341e-05 1.547391
1701 1.297319686826174e-05 1.54830123
1702 1.295202807096868e-05 1.54921146
1703 1.293094220061067e-05 1.55012169
1704 1.290995695801281e-05 1.55103192
1705 1.288909133439503e-05 1.55194215
1706 1.286836515105901e-05 1.55285238
1707 1.284779754425077e-05 1.55376261
1708 1.28274088678357e-05 1.55467284
1709 1.280721826465809e-05 1.55558307
1710 1.278724449351316e-05 1.5564933
1711 1.27675069659057e-05 1.55740353
1712 1.274802192579137e-05 1.55831376
1713 1.272880678443014e-05 1.55922399
1714 1.270987383589664e-05 1.56013422
1715 1.269123254212465e-05 1.56104445
1716 1.267289611675408e-05 1.56195468
1717 1.265487043460372e-05 1.56286491
1718 1.26371608771887e-05 1.56377514
1719 1.261977112821768e-05 1.56468537
1720 1.260270236721157e-05 1.5655956
1721 1.258595291608708e-05 1.56650583
1722 1.256951902108815e-05 1.56741606
1723 1.255339223336281e-05 1.56832629
1724 1.253756104737385e-05 1.56923652
1725 1.252200872790214e-05 1.57014675
1726 1.25067189114121e-05 1.57105698
1727 1.24916738803024e-05 1.57196721
1728 1.247685362556773e-05 1.57287744
1729 1.246223231596064e-05 1.57378767
1730 1.244778832433168e-05 1.5746979
1731 1.243349844751956e-05 1.57560813
1732 1.241933916695807e-05 1.57651836
1733 1.240528561435939e-05 1.57742859
1734 1.23913108299714e-05 1.57833882
1735 1.237739042844822e-05 1.57924905
1736 1.236350211235585e-05 1.58015928
1737 1.234962546510793e-05 1.58106951
1738 1.233573718604369e-05 1.58197974
1739 1.23218117424805e-05 1.58288997
1740 1.230782505207884e-05 1.5838002
1741 1.22937663258353e-05 1.58471043
1742 1.227961818143876e-05 1.58562066
1743 1.226536270856897e-05 1.58653089
1744 1.225098576055051e-05 1.58744112
1745 1.223647506654926e-05 1.58835135
1746 1.222181623537456e-05 1.58926158
1747 1.220699941724279e-05 1.59017181
1748 1.219203611032981e-05 1.59108204
1749 1.217692359658309e-05 1.59199227
1750 1.216164146662585e-05 1.5929025
1751 1.214619832504721e-05 1.59381273
1752 1.213060093817235e-05 1.59472296
1753 1.211483184632581e-05 1.59563319
1754 1.209887996864563e-05 1.59654342
1755 1.208274463113311e-05 1.59745365
1756 1.206642293935638e-05 1.59836388
1757 1.20498988733994e-05 1.59927411
1758 1.203314237260389e-05 1.60018434
1759 1.201614833481396e-05 1.60109457
1760 1.19989074628199e-05 1.6020048
1761 1.198138800298926e-05 1.60291503
1762 1.196357651433596e-05 1.60382526
1763 1.194544441678527e-05 1.60473549
1764 1.192698166178681e-05 1.60564572
1765 1.19081741609565e-05 1.60655595
1766 1.188900586230105e-05 1.60746618
1767 1.186946475362568e-05 1.60837641
1768 1.184955074098441e-05 1.60928664
