0 0 0
1 1.957348502956466e-72 0.001170295
2 1.167473325516448e-69 0.00234059
3 3.742142094749842e-66 0.003510885
4 3.70933033105117e-64 0.00468118
5 4.817488575564609e-64 0.005851475
6 3.335847883003278e-63 0.00702177
7 5.481001778933454e-61 0.008192065
8 4.856773555573813e-60 0.00936236
9 5.046350608444213e-59 0.010532655
10 1.287898468766674e-57 0.01170295
11 1.279242396395608e-56 0.012873245
12 7.383465279489352e-58 0.01404354
13 6.971782008187993e-57 0.015213835
14 7.269635304511039e-56 0.01638413
15 3.90989120017692e-52 0.017554425
16 4.061617077034074e-52 0.01872472
17 4.084995625490498e-51 0.019895015
18 3.614750729047258e-50 0.02106531
19 4.305731596768787e-49 0.022235605
20 4.650321025541268e-48 0.0234059
21 1.152172061104995e-46 0.024576195
22 1.39006812913906e-45 0.02574649
23 1.011794848383465e-44 0.026916785
24 4.967866388764722e-44 0.02808708
25 2.023393730520526e-43 0.029257375
26 1.452430681044472e-45 0.03042767
27 3.558276024374643e-42 0.031597965
28 1.151480583950551e-41 0.03276826
29 3.207545285888811e-41 0.033938555
30 4.690634620420367e-41 0.03510885
31 8.390924102448459e-41 0.036279145
32 2.173853054111688e-40 0.03744944
33 1.108123719637626e-40 0.038619735
34 1.20392649277813e-40 0.03979003
35 2.392084528441178e-38 0.04096032500000001
36 3.704698816627817e-38 0.04213062
37 1.060087547502568e-37 0.043300915
38 3.186803334476025e-37 0.04447121
39 2.0946247092777e-37 0.045641505
40 4.428890546111209e-37 0.0468118
41 7.896137316936888e-36 0.047982095
42 2.207789751800224e-35 0.04915239
43 6.909246605772977e-35 0.05032268500000001
44 2.194499857588264e-34 0.05149298
45 6.719605984129992e-34 0.052663275
46 2.809198599565803e-33 0.05383357
47 1.141913336121241e-32 0.055003865
48 4.531198717836631e-32 0.05617416
49 1.76896514063479e-31 0.057344455
50 6.789234453301328e-31 0.05851475
51 2.551307365446065e-30 0.05968504500000001
52 9.395057422414822e-30 0.06085534
53 3.38895812567631e-29 0.062025635
54 1.19727570297904e-28 0.06319593
55 4.143134559085794e-28 0.064366225
56 1.404614686242988e-27 0.06553652
57 4.666551667944747e-27 0.066706815
58 1.519778522464542e-26 0.06787711
59 4.853436503950045e-26 0.06904740500000001
60 1.520365001465984e-25 0.07021770000000001
61 4.673253425359176e-25 0.071387995
62 1.409955415271837e-24 0.07255829
63 4.176811488256367e-24 0.073728585
64 1.215271940993162e-23 0.07489888
65 3.473949268603096e-23 0.076069175
66 9.759415591788194e-23 0.07723947
67 2.695256480625957e-22 0.07840976500000001
68 7.319386686894703e-22 0.07958006000000001
69 1.955090215051102e-21 0.08075035500000001
70 5.137982284335129e-21 0.08192065
71 1.328817518174737e-20 0.083090945
72 3.382949306737851e-20 0.08426124
73 8.479904415196343e-20 0.085431535
74 2.093426654890319e-19 0.08660183
75 5.090951142213299e-19 0.08777212500000001
76 1.219876230268405e-18 0.08894242000000001
77 2.880759405288677e-18 0.090112715
78 6.706099978895744e-18 0.09128301
79 1.539219170650416e-17 0.092453305
80 3.484112068873369e-17 0.0936236
81 7.779250296644065e-17 0.094793895
82 1.71367809608159e-16 0.09596419
83 3.725270455765126e-16 0.09713448500000001
84 7.993079104812328e-16 0.09830478000000001
85 1.693123201804604e-15 0.09947507500000001
86 3.541371929518274e-15 0.10064537
87 7.315662276563896e-15 0.101815665
88 1.492883323008794e-14 0.10298596
89 3.010090261503671e-14 0.104156255
90 5.99798863826754e-14 0.10532655
91 1.181383675514269e-13 0.106496845
92 2.300420118389889e-13 0.10766714
93 4.428771605566196e-13 0.108837435
94 8.428587274531397e-13 0.11000773
95 1.584967951600345e-12 0.111178025
96 2.942932199680043e-12 0.11234832
97 5.393381700779437e-12 0.113518615
98 9.757781841076212e-12 0.11468891
99 1.743742622481029e-11 0.115859205
100 3.079639504570192e-11 0.1170295
101 5.377849398463378e-11 0.118199795
102 9.288811147231867e-11 0.11937009
103 1.587345544537006e-10 0.120540385
104 2.684294139010075e-10 0.12171068
105 4.492686441967195e-10 0.122880975
106 7.443212988252272e-10 0.12405127
107 1.220809380773387e-09 0.125221565
108 1.982528285399657e-09 0.12639186
109 3.188037771133406e-09 0.127562155
110 5.077020261397203e-09 0.12873245
111 8.008015904402075e-09 0.129902745
112 1.251180351494357e-08 0.13107304
113 1.936623604571701e-08 0.132243335
114 2.969972804431648e-08 0.13341363
115 4.51327274160518e-08 0.134583925
116 6.796891534440942e-08 0.13575422
117 1.01450547285778e-07 0.136924515
118 1.50095636435199e-07 0.13809481
119 2.201378784973613e-07 0.139265105
120 3.200937848446786e-07 0.1404354
121 4.614849641249802e-07 0.141605695
122 6.597464040403717e-07 0.14277599
123 9.353552198521428e-07 0.143946285
124 1.315214625396736e-06 0.14511658
125 1.834325505321368e-06 0.146286875
126 2.537792179693677e-06 0.14745717
127 3.48317844097895e-06 0.148627465
128 4.743227475000944e-06 0.14979776
129 6.408978152447494e-06 0.150968055
130 8.593234793905103e-06 0.15213835
131 1.143436950397648e-05 0.153308645
132 1.510047479761766e-05 0.15447894
133 1.979367304114241e-05 0.155649235
134 2.575464198027842e-05 0.15681953
135 3.326724668421321e-05 0.157989825
136 4.266286219803761e-05 0.15916012
137 5.432439898312145e-05 0.160330415
138 6.868947361752472e-05 0.16150071
139 8.62530299559629e-05 0.162671005
140 0.0001075681770886741 0.1638413
141 0.0001332459524278326 0.165011595
142 0.000163952963034955 0.16618189
143 0.0002004072062710647 0.167352185
144 0.0002433716514362005 0.16852248
145 0.000293645366037015 0.169692775
146 0.0003520520883440238 0.17086307
147 0.0004194262523614884 0.172033365
148 0.0004965965735974412 0.17320366
149 0.0005843674231552275 0.174373955
150 0.0006834983327427551 0.17554425
151 0.0007946820875448853 0.176714545
152 0.0009185219709080165 0.17788484
153 0.0010555088318649 0.179055135
154 0.001205998720393891 0.18022543
155 0.001370191869266351 0.181395725
156 0.001548113836025546 0.18256602
157 0.001739599590968169 0.183736315
158 0.001944281220641267 0.18490661
159 0.002161579999497823 0.186076905
160 0.00239070320967111 0.1872472
161 0.002630645985105702 0.188417495
162 0.002880198264214986 0.18958779
163 0.003137955763851995 0.190758085
164 0.003402334897303475 0.19192838
165 0.003671590311355159 0.193098675
166 0.003943832597164758 0.19426897
167 0.004217058587039402 0.195439265
168 0.004489190416164397 0.19660956
169 0.004758169791233035 0.197779855
170 0.00502218050199281 0.19895015
171 0.005279474841187356 0.200120445
172 0.005527920795468505 0.20129074
173 0.005765735933879566 0.202461035
174 0.005991671007033973 0.20363133
175 0.006204580358668463 0.204801625
176 0.00640341800992013 0.20597192
177 0.006587010598156961 0.207142215
178 0.006754602703065553 0.20831251
179 0.006905835475078581 0.209482805
180 0.007040337705952924 0.2106531
181 0.007157681430434504 0.211823395
182 0.00725795581196816 0.21299369
183 0.007341580243885222 0.214163985
184 0.007409124554212814 0.21533428
185 0.007461018190784791 0.216504575
186 0.007497748445887127 0.21767487
187 0.007519967853428268 0.218845165
188 0.00752861212611131 0.22001546
189 0.007524945602389255 0.221185755
190 0.007510204495734314 0.22235605
191 0.007485160771055069 0.223526345
192 0.007450405234354779 0.22469664
193 0.007406751439690607 0.225866935
194 0.007355370346804889 0.22703723
195 0.007297441652179745 0.228207525
196 0.007234058045511033 0.22937782
197 0.00716617665189972 0.230548115
198 0.007094463015597976 0.23171841
199 0.007019379953166202 0.232888705
200 0.006941319691682666 0.234059
201 0.006860777334705148 0.235229295
202 0.006778310811642398 0.23639959
203 0.006694505698438446 0.237569885
204 0.006610111923621522 0.23874018
205 0.006525919417201631 0.239910475
206 0.00644223717250425 0.24108077
207 0.006359000502610871 0.242251065
208 0.00627603969900702 0.24342136
209 0.006193241430363959 0.244591655
210 0.006110724441646259 0.24576195
211 0.006028780098369126 0.246932245
212 0.005947648594273667 0.24810254
213 0.005867594965405412 0.249272835
214 0.005788800276538075 0.25044313
215 0.00571143238293049 0.251613425
216 0.005635606630892208 0.25278372
217 0.005561282500712798 0.253954015
218 0.00548832754863765 0.25512431
219 0.005416436901940627 0.256294605
220 0.005345293685482982 0.2574649
221 0.0052748093802339 0.258635195
222 0.005205146562883444 0.25980549
223 0.005136423404609502 0.260975785
224 0.005068720936337596 0.26214608
225 0.005002219185265962 0.263316375
226 0.004937060926694413 0.26448667
227 0.004873429047856966 0.265656965
228 0.004811318633428695 0.26682726
229 0.004750521883266918 0.267997555
230 0.004690636758794667 0.26916785
231 0.004631450908098412 0.270338145
232 0.004572964473895856 0.27150844
233 0.00451505753283067 0.272678735
234 0.004457723256950674 0.27384903
235 0.004401075456459114 0.275019325
236 0.004345167553183664 0.27618962
237 0.004289969044859793 0.277359915
238 0.004235642762634578 0.27853021
239 0.004182304971473969 0.279700505
240 0.00412998866836022 0.2808708
241 0.00407887790290135 0.282041095
242 0.004029113342770898 0.28321139
243 0.003980580513978004 0.284381685
244 0.003933141018263506 0.28555198
245 0.003886512969737751 0.286722275
246 0.003840461221021386 0.28789257
247 0.003794748577121409 0.289062865
248 0.003749346165773867 0.29023316
249 0.003704290382794986 0.291403455
250 0.003659707847774512 0.29257375
251 0.0036157777448743 0.293744045
252 0.003572487886086794 0.29491434
253 0.00352985215807971 0.296084635
254 0.003487872752661021 0.29725493
255 0.003446412845635812 0.298425225
256 0.003405613820500607 0.29959552
257 0.003365574031126886 0.300765815
258 0.003326274244057822 0.30193611
259 0.003287820754435442 0.303106405
260 0.003250368970276266 0.3042767
261 0.003213876467506127 0.305446995
262 0.003178079788761481 0.30661729
263 0.003142856733772705 0.307787585
264 0.003108045977683573 0.30895788
265 0.003073515154725828 0.310128175
266 0.0030392216132312 0.31129847
267 0.003005138780883871 0.312468765
268 0.00297143536315106 0.31363906
269 0.002938139194506569 0.314809355
270 0.002905415554756512 0.31597965
271 0.00287341410732699 0.317149945
272 0.00284210424956568 0.31832024
273 0.002811430945479509 0.319490535
274 0.002781366069006198 0.32066083
275 0.002751825420506498 0.321831125
276 0.002722849916445342 0.32300142
277 0.00269434319762989 0.324171715
278 0.002666264584657139 0.32534201
279 0.002638678334171459 0.326512305
280 0.002611518388663315 0.3276826
281 0.002584736914707659 0.328852895
282 0.002558437649041086 0.33002319
283 0.002532647570344593 0.331193485
284 0.002507261157258839 0.33236378
285 0.002482059551897941 0.333534075
286 0.002456873622851095 0.33470437
287 0.002431670367506229 0.335874665
288 0.002406375053475914 0.33704496
289 0.002381042600654538 0.338215255
290 0.002355802230400937 0.33938555
291 0.002330730134297812 0.340555845
292 0.002305993324740989 0.34172614
293 0.00228172487424997 0.342896435
294 0.002257904009120002 0.34406673
295 0.002234464830116595 0.345237025
296 0.002211442725840981 0.34640732
297 0.002188838517191677 0.347577615
298 0.002166815488841786 0.34874791
299 0.00214552174011451 0.349918205
300 0.00212500644607754 0.3510885
301 0.002105278081724102 0.352258795
302 0.002086271647210126 0.35342909
303 0.00206789041312403 0.354599385
304 0.002050044671392727 0.35576968
305 0.00203265625807461 0.356939975
306 0.002015635106113594 0.35811027
307 0.001998913486332422 0.359280565
308 0.001982455641444879 0.36045086
309 0.001966205005206422 0.361621155
310 0.001950085189418275 0.36279145
311 0.001934119770012846 0.363961745
312 0.0019182983529138 0.36513204
313 0.001902586119141557 0.366302335
314 0.00188691022094399 0.36747263
315 0.001871138713579334 0.368642925
316 0.001855194491488723 0.36981322
317 0.001839016956060552 0.370983515
318 0.001822547749147275 0.37215381
319 0.001805791427482354 0.373324105
320 0.001788740775010246 0.3744944
321 0.001771445607922734 0.375664695
322 0.001753996461800872 0.37683499
323 0.001736539628020554 0.378005285
324 0.001719210131033775 0.37917558
325 0.001702108924116474 0.380345875
326 0.001685282954508268 0.38151617
327 0.001668783601489307 0.382686465
328 0.001652668605908407 0.38385676
329 0.001636906939539284 0.385027055
330 0.00162143522210332 0.38619735
331 0.001606274368922008 0.387367645
332 0.001591484744354539 0.38853794
333 0.001577100610388151 0.389708235
334 0.001563178307335753 0.39087853
335 0.001549769633216482 0.392048825
336 0.001536878169280373 0.39321912
337 0.001524559065096176 0.394389415
338 0.001512821927584886 0.39555971
339 0.001501618074661799 0.396730005
340 0.001490951347677429 0.3979003
341 0.001480772123258619 0.399070595
342 0.001471022116777567 0.40024089
343 0.001461661048832569 0.401411185
344 0.001452666916722276 0.40258148
345 0.001443974095805001 0.403751775
346 0.001435503336328219 0.40492207
347 0.001427142299093395 0.406092365
348 0.001418835349389266 0.40726266
349 0.0014105517536367 0.408432955
350 0.001402272215957367 0.40960325
351 0.001393967739066334 0.410773545
352 0.001385604200738129 0.41194384
353 0.001377148769593853 0.413114135
354 0.001368545796048961 0.41428443
355 0.001359772259446602 0.415454725
356 0.001350782351115468 0.41662502
357 0.001341514359612494 0.417795315
358 0.001331933791075873 0.41896561
359 0.001322042662839346 0.420135905
360 0.00131185585164834 0.4213062
361 0.001301407001912455 0.422476495
362 0.001290713418859612 0.42364679
363 0.001279811395102322 0.424817085
364 0.001268762586780809 0.42598738
365 0.001257622503279647 0.427157675
366 0.001246432297819691 0.42832797
367 0.001235226833662824 0.429498265
368 0.001224032565967456 0.43066856
369 0.001212853595183131 0.431838855
370 0.001201718957724527 0.43300915
371 0.00119067767278131 0.434179445
372 0.001179746683871635 0.43534974
373 0.001168943613712958 0.436520035
374 0.00115828606585411 0.43769033
375 0.001147796062843406 0.438860625
376 0.001137456975018289 0.44003092
377 0.001127231475120278 0.441201215
378 0.001117083724818656 0.44237151
379 0.001107013261512642 0.443541805
380 0.001097017879512337 0.4447121
381 0.001087153048702168 0.445882395
382 0.001077491065475377 0.44705269
383 0.001068118219870249 0.448222985
384 0.001059063327524588 0.44939328
385 0.001050356738391812 0.450563575
386 0.001042003479798159 0.45173387
387 0.001034001199306754 0.452904165
388 0.001026363444019819 0.45407446
389 0.00101909044896947 0.455244755
390 0.001012165453423547 0.45641505
391 0.001005591530759527 0.457585345
392 0.0009993677598779196 0.45875564
393 0.000993473477199705 0.459925935
394 0.0009878898723558285 0.46109623
395 0.0009826048675552195 0.462266525
396 0.0009775963116296729 0.46343682
397 0.0009728234196249118 0.464607115
398 0.000968247024748496 0.46577741
399 0.0009638104634107093 0.466947705
400 0.0009594803768148362 0.468118
401 0.0009552250344144717 0.469288295
402 0.0009510180481408234 0.47045859
403 0.0009468378032153819 0.471628885
404 0.0009426629165215373 0.47279918
405 0.0009384713651653302 0.473969475
406 0.0009342443015746086 0.47513977
407 0.0009299440932260867 0.476310065
408 0.0009255705338910441 0.47748036
409 0.0009211202503477552 0.478650655
410 0.0009165681079612594 0.47982095
411 0.0009118779475777343 0.480991245
412 0.0009070043744518726 0.48216154
413 0.000901889652853266 0.483331835
414 0.0008964978296603526 0.48450213
415 0.0008907954731929593 0.485672425
416 0.0008847775716713422 0.48684272
417 0.0008784382814121715 0.488013015
418 0.0008717843643998505 0.48918331
419 0.0008648684056785794 0.490353605
420 0.0008577475938168416 0.4915239
421 0.0008504867351897763 0.492694195
422 0.0008431370651519834 0.49386449
423 0.0008357408658217789 0.495034785
424 0.0008283322205943954 0.49620508
425 0.0008209318134653888 0.497375375
426 0.0008135519111948007 0.49854567
427 0.000806192379774097 0.499715965
428 0.0007988672724614853 0.50088626
429 0.000791589440930788 0.502056555
430 0.0007843777564017795 0.50322685
431 0.0007772503202359091 0.504397145
432 0.0007702234531076552 0.50556744
433 0.0007633109593821061 0.506737735
434 0.000756527278575498 0.50790803
435 0.0007498837085564336 0.5090783249999999
436 0.0007433856043564419 0.51024862
437 0.0007370138192799705 0.511418915
438 0.0007307789512760027 0.51258921
439 0.0007246971414871837 0.513759505
440 0.0007187857100351282 0.5149298
441 0.0007130558730142868 0.516100095
442 0.0007075086717685367 0.51727039
443 0.0007020958769900459 0.518440685
444 0.000696756390118211 0.5196109799999999
445 0.0006914637902639438 0.520781275
446 0.0006862075565057583 0.52195157
447 0.0006809961745265721 0.523121865
448 0.0006758506953841687 0.52429216
449 0.0006708022370468985 0.525462455
450 0.000665877817587609 0.52663275
451 0.0006610956190080011 0.527803045
452 0.0006564626294322294 0.52897334
453 0.0006519847146431396 0.5301436349999999
454 0.000647662578625413 0.53131393
455 0.0006434996094821497 0.532484225
456 0.000639496735368997 0.53365452
457 0.000635654385859465 0.534824815
458 0.0006319773181141547 0.53599511
459 0.0006284719000368121 0.537165405
460 0.0006251378134704669 0.5383357
461 0.0006219669710184924 0.539505995
462 0.000618944219399025 0.5406762899999999
463 0.0006160490065472028 0.541846585
464 0.0006132634083790194 0.54301688
465 0.0006105729594312951 0.544187175
466 0.0006079598018958379 0.54535747
467 0.0006054035325346688 0.546527765
468 0.0006028688949886699 0.54769806
469 0.0006003179990158898 0.548868355
470 0.0005977412047825168 0.55003865
471 0.0005951312329613544 0.551208945
472 0.0005924807568867277 0.55237924
473 0.0005897829295299349 0.553549535
474 0.0005870292876920721 0.55471983
475 0.0005842201868079863 0.555890125
476 0.0005813612214457527 0.55706042
477 0.0005784648863795558 0.558230715
478 0.000575534121568777 0.55940101
479 0.0005725563478235235 0.560571305
480 0.0005695160784168655 0.5617416
481 0.0005663963542495877 0.5629118949999999
482 0.0005631815182608714 0.56408219
483 0.000559856166413454 0.565252485
484 0.0005564080999352034 0.56642278
485 0.0005528269994006846 0.567593075
486 0.0005491070709235526 0.56876337
487 0.0005452440093380852 0.569933665
488 0.0005412391192398858 0.57110396
489 0.0005371000421765748 0.572274255
490 0.0005328368898955335 0.5734445499999999
491 0.0005284646741251215 0.574614845
492 0.0005240016680767011 0.57578514
493 0.0005194680329149802 0.576955435
494 0.0005148815966176106 0.57812573
495 0.0005102566468512213 0.579296025
496 0.0005056038977320167 0.58046632
497 0.0005009425566489887 0.581636615
498 0.0004962989017190652 0.58280691
499 0.0004916966172542843 0.5839772049999999
500 0.0004871575695353819 0.5851475
501 0.0004827005960713251 0.586317795
502 0.0004783396533149741 0.58748809
503 0.0004740839131109514 0.588658385
504 0.0004699387080576745 0.58982868
505 0.0004659065700133671 0.590998975
506 0.000461988473412152 0.59216927
507 0.0004581842303325964 0.593339565
508 0.0004544902928947329 0.5945098599999999
509 0.0004509030837134269 0.595680155
510 0.000447419229851095 0.59685045
511 0.0004440354757509367 0.598020745
512 0.0004407484342710601 0.59919104
513 0.0004375550023400185 0.600361335
514 0.000434451978127155 0.60153163
515 0.0004314374171023081 0.602701925
516 0.0004285087024877546 0.60387222
517 0.0004256639114350643 0.6050425149999999
518 0.0004228955282109338 0.60621281
519 0.0004201947846477937 0.607383105
520 0.0004175612010146456 0.6085534
521 0.0004149926645928222 0.609723695
522 0.000412485478436774 0.61089399
523 0.0004100148178930281 0.612064285
524 0.0004075513817687457 0.61323458
525 0.0004050914834278464 0.614404875
526 0.0004026401056840346 0.6155751699999999
527 0.0004002066570372166 0.616745465
528 0.0003978056842348625 0.61791576
529 0.0003954529524461396 0.619086055
530 0.0003931611064436773 0.62025635
531 0.0003909422418175704 0.621426645
532 0.0003888064612454271 0.62259694
533 0.000386761172541832 0.623767235
534 0.000384808110074741 0.62493753
535 0.0003829427935261154 0.626107825
536 0.0003811547798144403 0.6272781200000001
537 0.000379440355401799 0.628448415
538 0.000377799276023945 0.62961871
539 0.0003762288607058121 0.630789005
540 0.0003747246991985486 0.6319593
541 0.0003732842330627025 0.633129595
542 0.0003719026700700632 0.63429989
543 0.0003705728649206135 0.635470185
544 0.0003692862903245117 0.63664048
545 0.0003680339216942117 0.6378107750000001
546 0.0003668068738227081 0.63898107
547 0.0003655969638774946 0.640151365
548 0.0003643968145348967 0.64132166
549 0.0003631998702933436 0.642491955
550 0.0003620007296435489 0.64366225
551 0.0003607935065009351 0.644832545
552 0.0003595734243462877 0.64600284
553 0.0003583377372261379 0.647173135
554 0.0003570837467123017 0.6483434299999999
555 0.0003558095906994946 0.649513725
556 0.0003545145981700901 0.65068402
557 0.0003531988272696709 0.651854315
558 0.0003518619360734877 0.65302461
559 0.0003505034394827099 0.654194905
560 0.0003491247900042007 0.6553652
561 0.0003477275069530338 0.656535495
562 0.0003463116323116366 0.65770579
563 0.0003448745944110691 0.6588760849999999
564 0.0003434121699326433 0.66004638
565 0.0003419197936331901 0.661216675
566 0.000340392016314388 0.66238697
567 0.000338823950998867 0.663557265
568 0.0003372108774544717 0.66472756
569 0.0003355465838340177 0.665897855
570 0.0003338258479064014 0.66706815
571 0.0003320451767042952 0.668238445
572 0.0003302031351456482 0.6694087399999999
573 0.0003283004787117503 0.670579035
574 0.0003263399150048098 0.67174933
575 0.0003243262304559769 0.672919625
576 0.0003222651563574488 0.67408992
577 0.0003201636909144388 0.675260215
578 0.0003180299111652948 0.67643051
579 0.0003158716976472393 0.677600805
580 0.0003136986810644414 0.6787711
581 0.0003115211024561421 0.6799413949999999
582 0.0003093483315920234 0.68111169
583 0.0003071886788635406 0.682281985
584 0.0003050493420783364 0.68345228
585 0.0003029363232951557 0.684622575
586 0.0003008543366123638 0.68579287
587 0.0002988072880693692 0.686963165
588 0.0002967978940316899 0.68813346
589 0.0002948271672977949 0.689303755
590 0.000292895447484843 0.69047405
591 0.000291002593190773 0.691644345
592 0.0002891480499323769 0.69281464
593 0.0002873309222936976 0.693984935
594 0.0002855500607565248 0.69515523
595 0.0002838041520977108 0.696325525
596 0.0002820917465237427 0.69749582
597 0.0002804114906077678 0.698666115
598 0.0002787618331569992 0.69983641
599 0.0002771405209644608 0.701006705
600 0.0002755446621744651 0.7021770000000001
601 0.0002739700554745898 0.703347295
602 0.0002724162750441435 0.70451759
603 0.0002708874046869714 0.705687885
604 0.0002693869578720636 0.70685818
605 0.0002679175152662228 0.708028475
606 0.0002664806252224998 0.70919877
607 0.0002650769915265588 0.710369065
608 0.0002637065846062945 0.71153936
609 0.0002623689207353712 0.7127096549999999
610 0.0002610633624557955 0.71387995
611 0.0002597887586612859 0.715050245
612 0.0002585436149390371 0.71622054
613 0.0002573250068228979 0.717390835
614 0.00025612451800612 0.71856113
615 0.0002549323390879968 0.719731425
616 0.0002537365853291981 0.72090172
617 0.0002525285243432716 0.722072015
618 0.0002513044179163209 0.7232423099999999
619 0.0002500629877600076 0.724412605
620 0.0002488081581316842 0.7255829
621 0.000247546571440299 0.726753195
622 0.0002462891101737909 0.72792349
623 0.0002450471029560384 0.729093785
624 0.0002438305392262692 0.73026408
625 0.0002426473600237091 0.731434375
626 0.000241504379726395 0.73260467
627 0.0002404053995110943 0.7337749649999999
628 0.0002393533201936884 0.73494526
629 0.0002383497521873827 0.736115555
630 0.0002373942783458842 0.73728585
631 0.0002364852845375902 0.738456145
632 0.0002356204725159963 0.73962644
633 0.0002347972149782333 0.740796735
634 0.0002340129745826902 0.74196703
635 0.0002332653357981208 0.743137325
636 0.0002325505867614764 0.7443076199999999
637 0.0002318654773478706 0.745477915
638 0.0002312064838655625 0.74664821
639 0.0002305702887888254 0.747818505
640 0.0002299545968214787 0.7489888
641 0.0002293574293970644 0.750159095
642 0.0002287767566636674 0.75132939
643 0.0002282104625591862 0.752499685
644 0.0002276563716430531 0.75366998
645 0.0002271120938606313 0.7548402749999999
646 0.0002265753275647406 0.75601057
647 0.0002260440409874501 0.757180865
648 0.0002255154983697738 0.75835116
649 0.0002249866240862996 0.759521455
650 0.0002244545971514038 0.76069175
651 0.0002239170530394129 0.761862045
652 0.0002233721574069318 0.76303234
653 0.0002228183369298751 0.764202635
654 0.0002222542732763095 0.76537293
655 0.0002216788893920707 0.7665432250000001
656 0.0002210913136591188 0.76771352
657 0.000220490874566468 0.768883815
658 0.0002198771262744771 0.77005411
659 0.0002192498483154643 0.771224405
660 0.0002186089506261023 0.7723947
661 0.0002179545575130726 0.773564995
662 0.000217286940807224 0.77473529
663 0.0002166069451365219 0.775905585
664 0.0002159152613742317 0.7770758800000001
665 0.0002152130448364541 0.778246175
666 0.000214501161125539 0.77941647
667 0.0002137800241670933 0.780586765
668 0.0002130491610473422 0.78175706
669 0.0002123076612792192 0.782927355
670 0.0002115534725334706 0.78409765
671 0.0002107839939626972 0.785267945
672 0.0002099978415013995 0.78643824
673 0.0002091939474126635 0.7876085350000001
674 0.000208370638419363 0.78877883
675 0.0002075255766873137 0.789949125
676 0.0002066563096539848 0.79111942
677 0.0002057607737344695 0.792289715
678 0.0002048373534890306 0.79346001
679 0.0002038850690005017 0.794630305
680 0.0002029036437757092 0.7958006
681 0.0002018934672510538 0.796970895
682 0.0002008556898885202 0.7981411899999999
683 0.0001997923054308198 0.799311485
684 0.0001987060845246893 0.80048178
685 0.0001976005031865866 0.801652075
686 0.0001964795727622865 0.80282237
687 0.0001953476191739444 0.803992665
688 0.0001942094703847586 0.80516296
689 0.0001930696158238283 0.806333255
690 0.0001919321234161548 0.80750355
691 0.0001908008350324727 0.8086738449999999
692 0.0001896792133694689 0.80984414
693 0.000188570227530486 0.811014435
694 0.0001874763841629435 0.81218473
695 0.0001863996110742403 0.813355025
696 0.0001853411545025778 0.81452532
697 0.0001843017224295842 0.815695615
698 0.0001832810618625521 0.81686591
699 0.0001822775702139275 0.818036205
700 0.0001812903701171271 0.8192064999999999
701 0.000180319929188534 0.820376795
702 0.0001793665158725157 0.82154709
703 0.0001784303813364815 0.822717385
704 0.0001775117071054291 0.82388768
705 0.0001766098816760603 0.825057975
706 0.00017572410158897 0.82622827
707 0.0001748546187242552 0.827398565
708 0.0001740015980490632 0.82856886
709 0.0001731649421813242 0.829739155
710 0.0001723442974732894 0.83090945
711 0.0001715391350095897 0.832079745
712 0.0001707488482618202 0.83325004
713 0.0001699728139324548 0.834420335
714 0.0001692104340933244 0.83559063
715 0.0001684611508545957 0.836760925
716 0.0001677244543109699 0.83793122
717 0.0001670001766180491 0.839101515
718 0.0001662873099909264 0.84027181
719 0.0001655857105512406 0.8414421050000001
720 0.0001648950511984766 0.8426124
721 0.000164214997651515 0.843782695
722 0.000163545039247766 0.84495299
723 0.0001628846783682183 0.846123285
724 0.000162233308445348 0.84729358
725 0.0001615892120725761 0.848463875
726 0.0001609516412009071 0.84963417
727 0.0001603213657006219 0.850804465
728 0.0001596991327854503 0.8519747600000001
729 0.0001590855124187111 0.853145055
730 0.0001584808574706884 0.85431535
731 0.0001578853327734102 0.855485645
732 0.0001572989216362408 0.85665594
733 0.0001567212837873005 0.857826235
734 0.0001561517659200884 0.85899653
735 0.0001555895766526199 0.860166825
736 0.0001550326601259873 0.86133712
737 0.0001544776894058094 0.8625074149999999
738 0.0001539209498635903 0.86367771
739 0.0001533587265331947 0.864848005
740 0.0001527862987562655 0.8660183
741 0.0001521992609901002 0.867188595
742 0.0001515954240345305 0.86835889
743 0.0001509729270400702 0.869529185
744 0.0001503322886564374 0.87069948
745 0.0001496760594598186 0.871869775
746 0.0001490080578266393 0.8730400699999999
747 0.0001483329801170333 0.874210365
748 0.0001476555366702652 0.87538066
749 0.000146979908485548 0.876550955
750 0.0001463101001539577 0.87772125
751 0.0001456499844998812 0.878891545
752 0.0001450029321435149 0.88006184
753 0.0001443718431153518 0.881232135
754 0.0001437589767247014 0.88240243
755 0.0001431661616623571 0.8835727249999999
756 0.0001425947621787296 0.88474302
757 0.0001420453648653382 0.885913315
758 0.0001415181336821773 0.88708361
759 0.0001410129061933743 0.888253905
760 0.0001405292040019363 0.8894242
761 0.0001400661416119836 0.890594495
762 0.0001396226621118196 0.89176479
763 0.0001391975889293777 0.892935085
764 0.0001387897176455844 0.8941053799999999
765 0.0001383979337901561 0.895275675
766 0.0001380214433706368 0.89644597
767 0.0001376596240466773 0.897616265
768 0.0001373119564348505 0.89878656
769 0.0001369780032746234 0.899956855
770 0.000136657379931986 0.90112715
771 0.0001363496991466082 0.902297445
772 0.0001360545624148691 0.90346774
773 0.0001357715637063567 0.904638035
774 0.0001355000698858013 0.9058083300000001
775 0.0001352393148691883 0.906978625
776 0.0001349884364823855 0.90814892
777 0.0001347464849250081 0.909319215
778 0.000134512481778403 0.91048951
779 0.0001342852673211758 0.911659805
780 0.0001340636337590313 0.9128301
781 0.0001338463464359693 0.914000395
782 0.0001336321733549839 0.91517069
783 0.0001334198860266696 0.9163409850000001
784 0.0001332082831117979 0.91751128
785 0.0001329962161232217 0.918681575
786 0.0001327825950471528 0.91985187
787 0.0001325663927983885 0.921022165
788 0.0001323466506057944 0.92219246
789 0.0001321224836920083 0.923362755
790 0.0001318930919777616 0.92453305
791 0.0001316577737121414 0.925703345
792 0.000131415930318106 0.9268736400000001
793 0.0001311670470278126 0.928043935
794 0.000130910705203277 0.92921423
795 0.0001306466420393791 0.930384525
796 0.0001303746493311559 0.93155482
797 0.0001300944760203789 0.932725115
798 0.0001298061394475892 0.93389541
799 0.0001295096304445797 0.935065705
800 0.000129204540145215 0.936236
801 0.0001288906810824545 0.9374062950000001
802 0.0001285690180920626 0.93857659
803 0.0001282400847958399 0.939746885
804 0.0001279043957558694 0.94091718
805 0.0001275621986584883 0.942087475
806 0.0001272131359541568 0.94325777
807 0.0001268570189748344 0.944428065
808 0.000126492880985893 0.94559836
809 0.0001261195862142111 0.946768655
810 0.0001257360758752767 0.9479389499999999
811 0.0001253403183060708 0.949109245
812 0.0001249293502308065 0.95027954
813 0.0001245016663118569 0.951449835
814 0.0001240565645011714 0.95262013
815 0.0001235936459211886 0.953790425
816 0.0001231128123389393 0.95496072
817 0.0001226143094119637 0.956131015
818 0.0001220989745641342 0.95730131
819 0.0001215681577066668 0.9584716049999999
820 0.0001210233400373065 0.9596419
821 0.0001204662091813411 0.960812195
822 0.0001198988108145136 0.96198249
823 0.0001193234687717392 0.963152785
824 0.0001187426324954807 0.96432308
825 0.0001181587440663564 0.965493375
826 0.0001175741360226673 0.96666367
827 0.0001169909666566572 0.967833965
828 0.0001164111818843602 0.96900426
829 0.000115836493292173 0.970174555
830 0.0001152683644834656 0.97134485
831 0.0001147080090832608 0.972515145
832 0.000114156395066897 0.97368544
833 0.0001136142563442983 0.974855735
834 0.0001130821101360969 0.97602603
835 0.000112560278359575 0.977196325
836 0.0001120489096889712 0.97836662
837 0.0001115480009726067 0.979536915
838 0.0001110574241543516 0.9807072100000001
839 0.0001105769452597084 0.981877505
840 0.0001101062466890606 0.9830478
841 0.0001096449469912932 0.984218095
842 0.0001091926178124819 0.98538839
843 0.0001087487992243402 0.986558685
844 0.0001083130189932159 0.98772898
845 0.0001078847926793019 0.988899275
846 0.0001074636377880756 0.99006957
847 0.0001070491118668475 0.9912398650000001
848 0.0001066408207422062 0.99241016
849 0.000106238412722094 0.993580455
850 0.0001058415799984465 0.99475075
851 0.0001054500558601696 0.995921045
852 0.0001050636013007318 0.99709134
853 0.0001046819984290637 0.998261635
854 0.0001043050542269991 0.99943193
855 0.0001039325960376497 1.000602225
856 0.0001035644560086675 1.00177252
857 0.0001032004573500548 1.002942815
858 0.0001028404449686071 1.00411311
859 0.0001024843093947562 1.005283405
860 0.0001021318755774089 1.0064537
861 0.0001017829360407109 1.007623995
862 0.0001014373463691639 1.00879429
863 0.0001010949110913756 1.009964585
864 0.0001007553467342312 1.01113488
865 0.0001004182392832156 1.012305175
866 0.0001000831896477527 1.01347547
867 9.975014347908214e-05 1.014645765
868 9.941913022651476e-05 1.01581606
869 9.909014345935895e-05 1.016986355
870 9.876315395201179e-05 1.01815665
871 9.843811248334171e-05 1.019326945
872 9.811495298570213e-05 1.02049724
873 9.779359570234448e-05 1.021667535
874 9.747395274366953e-05 1.02283783
875 9.715593375630058e-05 1.024008125
876 9.683945171097396e-05 1.02517842
877 9.65244281433744e-05 1.026348715
878 9.621079749834083e-05 1.02751901
879 9.589851050081704e-05 1.028689305
880 9.55874894393659e-05 1.0298596
881 9.52778135856857e-05 1.031029895
882 9.49694465724549e-05 1.03220019
883 9.466241580664212e-05 1.033370485
884 9.435676299252419e-05 1.03454078
885 9.405254284883621e-05 1.035711075
886 9.374981915522987e-05 1.03688137
887 9.344866123808483e-05 1.038051665
888 9.314913963152284e-05 1.03922196
889 9.285132168595677e-05 1.040392255
890 9.255526836954209e-05 1.04156255
891 9.226103186769777e-05 1.042732845
892 9.196865212288474e-05 1.04390314
893 9.167814476176708e-05 1.045073435
894 9.138950978810275e-05 1.04624373
895 9.110274076851032e-05 1.047414025
896 9.081778725874311e-05 1.04858432
897 9.053456749835465e-05 1.049754615
898 9.025300871421719e-05 1.05092491
899 8.997294504383217e-05 1.052095205
900 8.969404053454871e-05 1.0532655
901 8.941586518555065e-05 1.054435795
902 8.913783221234406e-05 1.05560609
903 8.885921289495653e-05 1.056776385
904 8.857883624046143e-05 1.05794668
905 8.829510922678797e-05 1.059116975
906 8.800579836130393e-05 1.06028727
907 8.770834161481461e-05 1.061457565
908 8.74003728328386e-05 1.06262786
909 8.708010719964945e-05 1.063798155
910 8.674682136456199e-05 1.06496845
911 8.640074101896375e-05 1.066138745
912 8.60429225333375e-05 1.06730904
913 8.567501208799371e-05 1.068479335
914 8.529890529929643e-05 1.06964963
915 8.491649616315387e-05 1.070819925
916 8.452957853090508e-05 1.07199022
917 8.413954132623327e-05 1.073160515
918 8.374771660918327e-05 1.07433081
919 8.335550417066927e-05 1.075501105
920 8.296423968914848e-05 1.0766714
921 8.257522851046809e-05 1.077841695
922 8.218976236300298e-05 1.07901199
923 8.180919618662787e-05 1.080182285
924 8.143492254199838e-05 1.08135258
925 8.10682981264145e-05 1.082522875
926 8.071050762388113e-05 1.08369317
927 8.036248043938936e-05 1.084863465
928 8.002490941809709e-05 1.08603376
929 7.969823335059276e-05 1.087204055
930 7.938267572911625e-05 1.08837435
931 7.907829608239092e-05 1.089544645
932 7.878503625364199e-05 1.09071494
933 7.850270359762075e-05 1.091885235
934 7.82310584313124e-05 1.09305553
935 7.796981471212011e-05 1.094225825
936 7.771864414643589e-05 1.09539612
937 7.747712069957218e-05 1.096566415
938 7.72447539420431e-05 1.09773671
939 7.702101256700396e-05 1.098907005
940 7.680538781012546e-05 1.1000773
941 7.6597358125164e-05 1.101247595
942 7.639642613386119e-05 1.10241789
943 7.620217752593919e-05 1.103588185
944 7.601422842878149e-05 1.10475848
945 7.583226797006461e-05 1.105928775
946 7.565605251228519e-05 1.10709907
947 7.548540185719551e-05 1.108269365
948 7.532018666687102e-05 1.10943966
949 7.51603204148036e-05 1.110609955
950 7.500575247644603e-05 1.11178025
951 7.485646046890705e-05 1.112950545
952 7.471246928241729e-05 1.11412084
953 7.457380208806748e-05 1.115291135
954 7.444047446470609e-05 1.11646143
955 7.43125248544499e-05 1.117631725
956 7.418998662944255e-05 1.11880202
957 7.4072900924352e-05 1.119972315
958 7.396126822252864e-05 1.12114261
959 7.385507670739502e-05 1.122312905
960 7.375427349583809e-05 1.1234832
961 7.365874888695677e-05 1.124653495
962 7.356834778603441e-05 1.12582379
963 7.348286424377943e-05 1.126994085
964 7.340203587365091e-05 1.12816438
965 7.332553521442982e-05 1.129334675
966 7.325296548959357e-05 1.13050497
967 7.318385931252871e-05 1.131675265
968 7.311766230201871e-05 1.13284556
969 7.305369693831536e-05 1.134015855
970 7.299117829019972e-05 1.13518615
971 7.292932323899021e-05 1.136356445
972 7.286747863443115e-05 1.13752674
973 7.280513959297775e-05 1.138697035
974 7.274190745748444e-05 1.13986733
975 7.267744025237809e-05 1.141037625
976 7.261141068979015e-05 1.14220792
977 7.254353181609339e-05 1.143378215
978 7.247351599916184e-05 1.14454851
979 7.240111256014832e-05 1.145718805
980 7.232610700452828e-05 1.1468891
981 7.224830579818178e-05 1.148059395
982 7.216753181815205e-05 1.14922969
983 7.208363736613815e-05 1.150399985
984 7.199648542786261e-05 1.15157028
985 7.190591897473428e-05 1.152740575
986 7.181175726840508e-05 1.15391087
987 7.171385996410829e-05 1.155081165
988 7.161215878714769e-05 1.15625146
989 7.150655407656745e-05 1.157421755
990 7.139702350229932e-05 1.15859205
991 7.128375849871351e-05 1.159762345
992 7.116685917191e-05 1.16093264
993 7.104618169284011e-05 1.162102935
994 7.092167228523289e-05 1.16327323
995 7.079309325186094e-05 1.164443525
996 7.065999193167962e-05 1.16561382
997 7.052182786720967e-05 1.166784115
998 7.03779492764031e-05 1.16795441
999 7.022758067723251e-05 1.169124705
1000 7.007002342704269e-05 1.170295
1001 6.990446855313709e-05 1.171465295
1002 6.973012711672727e-05 1.17263559
1003 6.954630760277645e-05 1.173805885
1004 6.935244736156462e-05 1.17497618
1005 6.914814548330185e-05 1.176146475
1006 6.893316615009604e-05 1.17731677
1007 6.870744709676505e-05 1.178487065
1008 6.847114145671903e-05 1.17965736
1009 6.822462462153298e-05 1.180827655
1010 6.796848387586933e-05 1.18199795
1011 6.770349910194945e-05 1.183168245
1012 6.743061204724841e-05 1.18433854
1013 6.71508934969928e-05 1.185508835
1014 6.686551772046176e-05 1.18667913
1015 6.657570415944586e-05 1.187849425
1016 6.628268539852727e-05 1.18901972
1017 6.598765199830893e-05 1.190190015
1018 6.569174384749287e-05 1.19136031
1019 6.539602903978254e-05 1.192530605
1020 6.510147895486004e-05 1.1937009
1021 6.480895830880932e-05 1.194871195
1022 6.451921956351941e-05 1.19604149
1023 6.423290061511617e-05 1.197211785
1024 6.395052535787711e-05 1.19838208
1025 6.367251461010402e-05 1.199552375
1026 6.339918720292687e-05 1.20072267
1027 6.31307600324527e-05 1.201892965
1028 6.286734911742458e-05 1.20306326
1029 6.260897650565663e-05 1.204233555
1030 6.235560818983219e-05 1.20540385
1031 6.210716396040017e-05 1.206574145
1032 6.186352703773466e-05 1.20774444
1033 6.162455223329744e-05 1.208914735
1034 6.139007325379694e-05 1.21008503
1035 6.115991126088878e-05 1.211255325
1036 6.09338785309052e-05 1.21242562
1037 6.071178416656984e-05 1.213595915
1038 6.049343872339564e-05 1.21476621
1039 6.027866193457377e-05 1.215936505
1040 6.006727377954238e-05 1.2171068
1041 5.985910730114374e-05 1.218277095
1042 5.965400395981934e-05 1.21944739
1043 5.945181690232301e-05 1.220617685
1044 5.925241310979967e-05 1.22178798
1045 5.905568283721646e-05 1.222958275
1046 5.886153776031555e-05 1.22412857
1047 5.866990868936263e-05 1.225298865
1048 5.848074382588693e-05 1.22646916
1049 5.829400568391806e-05 1.227639455
1050 5.810966859772059e-05 1.22880975
1051 5.792771569327392e-05 1.229980045
1052 5.77481338369965e-05 1.23115034
1053 5.757091444139852e-05 1.232320635
1054 5.739604883218293e-05 1.23349093
1055 5.722352238646609e-05 1.234661225
1056 5.705330776439127e-05 1.23583152
1057 5.688537948995321e-05 1.237001815
1058 5.671971232947633e-05 1.23817211
1059 5.655628263220665e-05 1.239342405
1060 5.639507395013456e-05 1.2405127
1061 5.623605840927358e-05 1.241682995
1062 5.607919680031616e-05 1.24285329
1063 5.592443962831946e-05 1.244023585
1064 5.577172886754805e-05 1.24519388
1065 5.562099937339105e-05 1.246364175
1066 5.547217978990514e-05 1.24753447
1067 5.532519501649403e-05 1.248704765
1068 5.517996737728367e-05 1.24987506
1069 5.503641781034414e-05 1.251045355
1070 5.48944669791076e-05 1.25221565
1071 5.475403596404046e-05 1.253385945
1072 5.461504816862196e-05 1.25455624
1073 5.447742790563112e-05 1.255726535
1074 5.434110290956585e-05 1.25689683
1075 5.420600406514297e-05 1.258067125
1076 5.407206526164127e-05 1.25923742
1077 5.393922264135774e-05 1.260407715
1078 5.380741498400522e-05 1.26157801
1079 5.367658355716967e-05 1.262748305
1080 5.354667207700514e-05 1.2639186
1081 5.341762676893515e-05 1.265088895
1082 5.328939607813772e-05 1.26625919
1083 5.316193076231356e-05 1.267429485
1084 5.303518367803467e-05 1.26859978
1085 5.29091095033626e-05 1.269770075
1086 5.278366576007147e-05 1.27094037
1087 5.265881078444537e-05 1.272110665
1088 5.253450553420409e-05 1.27328096
1089 5.241071205711346e-05 1.274451255
1090 5.228739591703197e-05 1.27562155
1091 5.216452708667801e-05 1.276791845
1092 5.204206809559345e-05 1.27796214
1093 5.191999824491319e-05 1.279132435
1094 5.179828208514842e-05 1.28030273
1095 5.167689406268521e-05 1.281473025
1096 5.155578626732744e-05 1.28264332
1097 5.14349137591937e-05 1.283813615
1098 5.131423627267845e-05 1.28498391
1099 5.1193721936322e-05 1.286154205
1100 5.107332867295e-05 1.2873245
1101 5.095303191047625e-05 1.288494795
1102 5.083280516480738e-05 1.28966509
1103 5.071262456888119e-05 1.290835385
1104 5.059246900203685e-05 1.29200568
1105 5.047231980055748e-05 1.293175975
1106 5.035216100793009e-05 1.29434627
1107 5.023197951569706e-05 1.295516565
1108 5.011176442576919e-05 1.29668686
1109 4.999150746816336e-05 1.297857155
1110 4.987120333685068e-05 1.29902745
1111 4.975085039141103e-05 1.300197745
1112 4.963045048440122e-05 1.30136804
1113 4.951000864081349e-05 1.302538335
1114 4.938953340748586e-05 1.30370863
1115 4.926903767581449e-05 1.304878925
1116 4.914853791951194e-05 1.30604922
1117 4.902805524492661e-05 1.307219515
1118 4.890761476227566e-05 1.30838981
1119 4.878724546016531e-05 1.309560105
1120 4.866698001101734e-05 1.3107304
1121 4.854685415210557e-05 1.311900695
1122 4.84269057235271e-05 1.31307099
1123 4.83071746164421e-05 1.314241285
1124 4.818770128311234e-05 1.31541158
1125 4.806852654981869e-05 1.316581875
1126 4.794969082048841e-05 1.31775217
1127 4.783123355034617e-05 1.318922465
1128 4.771319284560835e-05 1.32009276
1129 4.759560387608998e-05 1.321263055
1130 4.747849915386011e-05 1.32243335
1131 4.736190816786823e-05 1.323603645
1132 4.724585671113453e-05 1.32477394
1133 4.713036618690064e-05 1.325944235
1134 4.701545419901897e-05 1.32711453
1135 4.690113168087947e-05 1.328284825
1136 4.678740292657359e-05 1.32945512
1137 4.667426813052593e-05 1.330625415
1138 4.656171676085935e-05 1.33179571
1139 4.644972977347616e-05 1.332966005
1140 4.633828346988335e-05 1.3341363
1141 4.622732244035723e-05 1.335306595
1142 4.611676112934635e-05 1.33647689
1143 4.600649498605904e-05 1.337647185
1144 4.589635287913404e-05 1.33881748
1145 4.578606277169974e-05 1.339987775
1146 4.567524345281501e-05 1.34115807
1147 4.556338254818e-05 1.342328365
1148 4.544974689324161e-05 1.34349866
1149 4.533344510731073e-05 1.344668955
1150 4.521354482765486e-05 1.34583925
1151 4.508915762541467e-05 1.347009545
1152 4.495957359384587e-05 1.34817984
1153 4.482438821465565e-05 1.349350135
1154 4.468351813797764e-05 1.35052043
1155 4.453717313172282e-05 1.351690725
1156 4.438577890775887e-05 1.35286102
1157 4.42298535181596e-05 1.354031315
1158 4.406994575830721e-05 1.35520161
1159 4.390662206951495e-05 1.356371905
1160 4.374045213675295e-05 1.3575422
1161 4.357198592739512e-05 1.358712495
1162 4.340173293203276e-05 1.35988279
1163 4.323018758355025e-05 1.361053085
1164 4.30578464522516e-05 1.36222338
1165 4.288517167560657e-05 1.363393675
1166 4.271258528997168e-05 1.36456397
1167 4.254046928263781e-05 1.365734265
1168 4.236916649069141e-05 1.36690456
1169 4.21989820991202e-05 1.368074855
1170 4.203018479041924e-05 1.36924515
1171 4.186300655067542e-05 1.370415445
1172 4.169764082903395e-05 1.37158574
1173 4.153424291420269e-05 1.372756035
1174 4.137293782915576e-05 1.37392633
1175 4.121383020568607e-05 1.375096625
1176 4.105702233437143e-05 1.37626692
1177 4.09026231585864e-05 1.377437215
1178 4.075077166907728e-05 1.37860751
1179 4.060161707762997e-05 1.379777805
1180 4.045533240270857e-05 1.3809481
1181 4.031209801594335e-05 1.382118395
1182 4.017209013032454e-05 1.38328869
1183 4.003545938771543e-05 1.384458985
1184 3.990228616165143e-05 1.38562928
1185 3.977257900684769e-05 1.386799575
1186 3.964628564255426e-05 1.38796987
1187 3.952329820146739e-05 1.389140165
1188 3.94034613386178e-05 1.39031046
1189 3.928658958710305e-05 1.391480755
1190 3.917250347972773e-05 1.39265105
1191 3.906101371403512e-05 1.393821345
1192 3.895193605837415e-05 1.39499164
1193 3.884509109378978e-05 1.396161935
1194 3.874035235436036e-05 1.39733223
1195 3.863759142044809e-05 1.398502525
1196 3.853666699821454e-05 1.39967282
1197 3.843742751793452e-05 1.400843115
1198 3.8339717167368e-05 1.40201341
1199 3.824337132273343e-05 1.403183705
1200 3.814822422558951e-05 1.404354
1201 3.805411494618529e-05 1.405524295
1202 3.796089240950847e-05 1.40669459
1203 3.786841923081555e-05 1.407864885
1204 3.777657445071363e-05 1.40903518
1205 3.768525451230956e-05 1.410205475
1206 3.759437426610091e-05 1.41137577
1207 3.750386745627599e-05 1.412546065
1208 3.741368580760483e-05 1.41371636
1209 3.732379826785617e-05 1.414886655
1210 3.723419031902106e-05 1.41605695
1211 3.714486136744678e-05 1.417227245
1212 3.705582314613107e-05 1.41839754
1213 3.696709961428967e-05 1.419567835
1214 3.687873122624689e-05 1.42073813
1215 3.679076762518894e-05 1.421908425
1216 3.670325743830927e-05 1.42307872
1217 3.661625737518968e-05 1.424249015
1218 3.652982663815176e-05 1.42541931
1219 3.64440349592189e-05 1.426589605
1220 3.635895437184649e-05 1.4277599
1221 3.627466377738063e-05 1.428930195
1222 3.619124125932549e-05 1.43010049
1223 3.610876978598964e-05 1.431270785
1224 3.60273490603669e-05 1.43244108
1225 3.594707052387158e-05 1.433611375
1226 3.586801704428723e-05 1.43478167
1227 3.579027511073717e-05 1.435951965
1228 3.571393241718242e-05 1.43712226
1229 3.563908035809044e-05 1.438292555
1230 3.556580881506071e-05 1.43946285
1231 3.549420289226506e-05 1.440633145
1232 3.542434508647473e-05 1.44180344
1233 3.535631391001235e-05 1.442973735
1234 3.529017941311151e-05 1.44414403
1235 3.522600159869773e-05 1.445314325
1236 3.516382891911038e-05 1.44648462
1237 3.510369641463256e-05 1.447654915
1238 3.504562367517252e-05 1.44882521
1239 3.498961385775444e-05 1.449995505
1240 3.493565296316113e-05 1.4511658
1241 3.488371005003756e-05 1.452336095
1242 3.483373631531668e-05 1.45350639
1243 3.478566112167737e-05 1.454676685
1244 3.473939511923152e-05 1.45584698
1245 3.46948371611632e-05 1.457017275
1246 3.465187494233542e-05 1.45818757
1247 3.461037377209245e-05 1.459357865
1248 3.457018246429604e-05 1.46052816
1249 3.453114467463916e-05 1.461698455
1250 3.449310103551324e-05 1.46286875
1251 3.445587444472777e-05 1.464039045
1252 3.441928113710078e-05 1.46520934
1253 3.438313283380257e-05 1.466379635
1254 3.434724279301561e-05 1.46754993
1255 3.4311430815762e-05 1.468720225
1256 3.427552627012765e-05 1.46989052
1257 3.423937011764714e-05 1.471060815
1258 3.420281355351569e-05 1.47223111
1259 3.416571917962392e-05 1.473401405
1260 3.412796326112237e-05 1.4745717
1261 3.40894330953754e-05 1.475741995
1262 3.405003499274453e-05 1.47691229
1263 3.400969029809181e-05 1.478082585
1264 3.396831640153756e-05 1.47925288
1265 3.392583319137951e-05 1.480423175
1266 3.388220113862386e-05 1.48159347
1267 3.383740379440994e-05 1.482763765
1268 3.379142466558581e-05 1.48393406
1269 3.374427180586831e-05 1.485104355
1270 3.36959623937599e-05 1.48627465
1271 3.364657031506312e-05 1.487444945
1272 3.359618571861417e-05 1.48861524
1273 3.354480817346522e-05 1.489785535
1274 3.349245523248967e-05 1.49095583
1275 3.343904168607168e-05 1.492126125
1276 3.338444837173367e-05 1.49329642
1277 3.332859079111489e-05 1.494466715
1278 3.327129338965295e-05 1.49563701
1279 3.321232501791866e-05 1.496807305
1280 3.315143376935086e-05 1.4979776
1281 3.308838241810317e-05 1.499147895
1282 3.302296091994582e-05 1.50031819
1283 3.295495744911083e-05 1.501488485
1284 3.288417432712054e-05 1.50265878
1285 3.281045503220108e-05 1.503829075
1286 3.273369939451636e-05 1.50499937
1287 3.265387161902868e-05 1.506169665
1288 3.257100447609564e-05 1.50733996
1289 3.248519606565338e-05 1.508510255
1290 3.239662144493429e-05 1.50968055
1291 3.23055078728024e-05 1.510850845
1292 3.221213446062438e-05 1.51202114
1293 3.211682165413966e-05 1.513191435
1294 3.201992314315737e-05 1.51436173
1295 3.192181703647331e-05 1.515532025
1296 3.182289374551722e-05 1.51670232
1297 3.172354414125623e-05 1.517872615
1298 3.162414923987849e-05 1.51904291
1299 3.152507093227327e-05 1.520213205
1300 3.14266443750949e-05 1.5213835
1301 3.132917187577048e-05 1.522553795
1302 3.123291917725289e-05 1.52372409
1303 3.113811311502651e-05 1.524894385
1304 3.104494033407475e-05 1.52606468
1305 3.0953547846457e-05 1.527234975
1306 3.086404426694173e-05 1.52840527
1307 3.077650253283587e-05 1.529575565
1308 3.069096234809034e-05 1.53074586
1309 3.060743351053743e-05 1.531916155
1310 3.052589852623836e-05 1.53308645
1311 3.044631522572503e-05 1.534256745
1312 3.036861931469752e-05 1.53542704
1313 3.029272724589602e-05 1.536597335
1314 3.021853978069229e-05 1.53776763
1315 3.014594718756357e-05 1.538937925
1316 3.007483352192278e-05 1.54010822
1317 3.000507711981974e-05 1.541278515
1318 2.993655769523964e-05 1.54244881
1319 2.986915499429564e-05 1.543619105
1320 2.980275476150682e-05 1.5447894
1321 2.973724982787432e-05 1.545959695
1322 2.967253909413437e-05 1.54712999
1323 2.960852676729231e-05 1.548300285
1324 2.954512377878502e-05 1.54947058
1325 2.948224585818982e-05 1.550640875
1326 2.941981687141558e-05 1.55181117
1327 2.935776630452758e-05 1.552981465
1328 2.929603089270643e-05 1.55415176
1329 2.923455522752771e-05 1.555322055
1330 2.917328654946071e-05 1.55649235
1331 2.911217849802436e-05 1.557662645
1332 2.905119317047527e-05 1.55883294
1333 2.899029796490998e-05 1.560003235
1334 2.892946600069946e-05 1.56117353
1335 2.886866909977565e-05 1.562343825
1336 2.880788624178615e-05 1.56351412
1337 2.874709712346119e-05 1.564684415
1338 2.868628338033277e-05 1.56585471
1339 2.862542829933003e-05 1.567025005
1340 2.856451862370607e-05 1.5681953
1341 2.850354451382114e-05 1.569365595
1342 2.844249878996038e-05 1.57053589
1343 2.838137646204238e-05 1.571706185
1344 2.832017451760932e-05 1.57287648
1345 2.825889130780959e-05 1.574046775
1346 2.819752655841917e-05 1.57521707
1347 2.813608116883215e-05 1.576387365
1348 2.807455670200727e-05 1.57755766
1349 2.801295543565513e-05 1.578727955
1350 2.795128014621559e-05 1.57989825
1351 2.788953390455816e-05 1.581068545
1352 2.782772002589625e-05 1.58223884
1353 2.776584206858126e-05 1.583409135
1354 2.770390410727674e-05 1.58457943
1355 2.764191067063252e-05 1.585749725
1356 2.757986672359819e-05 1.58692002
1357 2.751777729861514e-05 1.588090315
1358 2.745564818263439e-05 1.58926061
1359 2.739348565606797e-05 1.590430905
1360 2.73312969909e-05 1.5916012
1361 2.726909009558003e-05 1.592771495
1362 2.720687357527579e-05 1.59394179
1363 2.714465644439482e-05 1.595112085
1364 2.708244893739236e-05 1.59628238
1365 2.702026130252069e-05 1.597452675
1366 2.695810586966126e-05 1.59862297
1367 2.689599554213561e-05 1.599793265
1368 2.683394189608249e-05 1.60096356
1369 2.677195779959079e-05 1.602133855
1370 2.671005914529923e-05 1.60330415
1371 2.664825742462489e-05 1.604474445
1372 2.658656793891503e-05 1.60564474
1373 2.652500523539083e-05 1.606815035
1374 2.646358276582849e-05 1.60798533
1375 2.640231109999764e-05 1.609155625
1376 2.634120092482331e-05 1.61032592
1377 2.628026350696113e-05 1.611496215
1378 2.621951105320109e-05 1.61266651
1379 2.615895597694086e-05 1.613836805
1380 2.609861049032251e-05 1.6150071
1381 2.603848686381984e-05 1.616177395
1382 2.597859691168764e-05 1.61734769
1383 2.591895213500425e-05 1.618517985
1384 2.58595637269362e-05 1.61968828
1385 2.580044249744314e-05 1.620858575
1386 2.574159868996522e-05 1.62202887
1387 2.568304213182489e-05 1.623199165
1388 2.562478222905806e-05 1.62436946
1389 2.55668277252313e-05 1.625539755
1390 2.550918699321399e-05 1.62671005
1391 2.545186852993555e-05 1.627880345
1392 2.539488110000675e-05 1.62905064
1393 2.533823353300449e-05 1.630220935
1394 2.528193546547439e-05 1.63139123
1395 2.522599811531644e-05 1.632561525
1396 2.517043373852405e-05 1.63373182
1397 2.511525710455406e-05 1.634902115
1398 2.506048662353035e-05 1.63607241
1399 2.500613924432811e-05 1.637242705
1400 2.495223287979054e-05 1.638413
1401 2.489878770010688e-05 1.639583295
1402 2.484581725326073e-05 1.64075359
1403 2.47933242532619e-05 1.641923885
1404 2.474130346935209e-05 1.64309418
1405 2.468974121702846e-05 1.644264475
1406 2.463860803901587e-05 1.64543477
1407 2.458789058570252e-05 1.646605065
1408 2.453757723519031e-05 1.64777536
1409 2.448766567226297e-05 1.648945655
1410 2.443814953100235e-05 1.65011595
1411 2.438902149974388e-05 1.651286245
1412 2.434028504675391e-05 1.65245654
1413 2.4291943968045e-05 1.653626835
1414 2.424400261474537e-05 1.65479713
1415 2.419646739943232e-05 1.655967425
1416 2.414933984311866e-05 1.65713772
1417 2.410262560547488e-05 1.658308015
1418 2.405632857582331e-05 1.65947831
1419 2.401045236861451e-05 1.660648605
1420 2.396499858954552e-05 1.6618189
1421 2.391996791574106e-05 1.662989195
1422 2.387535925797928e-05 1.66415949
1423 2.383117115241623e-05 1.665329785
1424 2.378740093029014e-05 1.66650008
1425 2.374404488157691e-05 1.667670375
1426 2.370109870251918e-05 1.66884067
1427 2.365855771912571e-05 1.670010965
1428 2.361641616790835e-05 1.67118126
1429 2.357466842689821e-05 1.672351555
1430 2.353330805016261e-05 1.67352185
1431 2.34923284896267e-05 1.674692145
1432 2.345172300153855e-05 1.67586244
1433 2.341148469514466e-05 1.677032735
1434 2.337160544941067e-05 1.67820303
1435 2.333207717734259e-05 1.679373325
1436 2.329289228916098e-05 1.68054362
1437 2.325404294931412e-05 1.681713915
1438 2.321552114922568e-05 1.68288421
1439 2.317731868587143e-05 1.684054505
1440 2.313942746834124e-05 1.6852248
1441 2.310183936447409e-05 1.686395095
1442 2.30645465638515e-05 1.68756539
1443 2.302754171279663e-05 1.688735685
1444 2.299081757117841e-05 1.68990598
1445 2.295436692815789e-05 1.691076275
1446 2.291818258756742e-05 1.69224657
1447 2.288225739058615e-05 1.693416865
1448 2.284658427012431e-05 1.69458716
1449 2.28111563465858e-05 1.695757455
1450 2.277596678794204e-05 1.69692775
1451 2.274100890467803e-05 1.698098045
1452 2.270627593699334e-05 1.69926834
1453 2.26717612112032e-05 1.700438635
1454 2.263745808593433e-05 1.70160893
1455 2.260335998149981e-05 1.702779225
1456 2.256946037726449e-05 1.70394952
1457 2.253575285160813e-05 1.705119815
1458 2.25022309695619e-05 1.70629011
1459 2.24688886115811e-05 1.707460405
1460 2.243571969159545e-05 1.7086307
1461 2.240271821084625e-05 1.709800995
1462 2.236987827378886e-05 1.71097129
1463 2.233719409584862e-05 1.712141585
1464 2.230465988406e-05 1.71331188
1465 2.227226999159872e-05 1.714482175
1466 2.224001896196172e-05 1.71565247
1467 2.220790125764738e-05 1.716822765
1468 2.217591107138097e-05 1.71799306
1469 2.214404266392773e-05 1.719163355
1470 2.211229036680269e-05 1.72033365
1471 2.208064846365483e-05 1.721503945
1472 2.204911149087717e-05 1.72267424
1473 2.2017674015396e-05 1.723844535
1474 2.19863304018792e-05 1.72501483
1475 2.195507495348256e-05 1.726185125
1476 2.192390211349757e-05 1.72735542
1477 2.189280626364466e-05 1.728525715
1478 2.186178188947497e-05 1.72969601
1479 2.183082322549615e-05 1.730866305
1480 2.179992458834323e-05 1.7320366
1481 2.176908005863003e-05 1.733206895
1482 2.173828369094135e-05 1.73437719
1483 2.170752970629716e-05 1.735547485
1484 2.167681192688013e-05 1.73671778
1485 2.164612423242891e-05 1.737888075
1486 2.161546008484222e-05 1.73905837
1487 2.15848128163207e-05 1.740228665
1488 2.155417574424438e-05 1.74139896
1489 2.152354194457108e-05 1.742569255
1490 2.149290443873712e-05 1.74373955
1491 2.146225613384103e-05 1.744909845
1492 2.143158977414944e-05 1.74608014
1493 2.140089760591913e-05 1.747250435
1494 2.137017109230024e-05 1.74842073
1495 2.133940138666251e-05 1.749591025
1496 2.130857903477893e-05 1.75076132
1497 2.127769609013272e-05 1.751931615
1498 2.124674188176966e-05 1.75310191
1499 2.12157078852065e-05 1.754272205
1500 2.118458243916471e-05 1.7554425
1501 2.115335689838503e-05 1.756612795
1502 2.112202864201553e-05 1.75778309
1503 2.109059510659869e-05 1.758953385
1504 2.105905259286698e-05 1.76012368
1505 2.10273995982841e-05 1.761293975
1506 2.099563712793789e-05 1.76246427
1507 2.096376791959444e-05 1.763634565
1508 2.093180717432671e-05 1.76480486
1509 2.089977963735962e-05 1.765975155
1510 2.086771893724635e-05 1.76714545
1511 2.083567076325547e-05 1.768315745
1512 2.080368472932577e-05 1.76948604
1513 2.077180090432235e-05 1.770656335
1514 2.074003512560136e-05 1.77182663
1515 2.070838632982215e-05 1.772996925
1516 2.067683422463662e-05 1.77416722
1517 2.064533364777299e-05 1.775337515
1518 2.061381669800073e-05 1.77650781
1519 2.058220484914271e-05 1.777678105
1520 2.055040955234353e-05 1.7788484
1521 2.051831406311027e-05 1.780018695
1522 2.048580605823297e-05 1.78118899
1523 2.045280993651499e-05 1.782359285
1524 2.041928303047452e-05 1.78352958
1525 2.038518512478304e-05 1.784699875
1526 2.035050269379373e-05 1.78587017
1527 2.031522446564091e-05 1.787040465
1528 2.027933156425294e-05 1.78821076
1529 2.024278983014176e-05 1.789381055
1530 2.020556504080006e-05 1.79055135
1531 2.016761255202492e-05 1.791721645
1532 2.012887351400949e-05 1.79289194
1533 2.008927996273354e-05 1.794062235
1534 2.004875305277317e-05 1.79523253
1535 2.00072117421129e-05 1.796402825
1536 1.99645715880144e-05 1.79757312
1537 1.992075001938057e-05 1.798743415
1538 1.987566833185241e-05 1.79991371
1539 1.982925934127433e-05 1.801084005
1540 1.978146705828021e-05 1.8022543
1541 1.973224619889848e-05 1.803424595
1542 1.968156679954486e-05 1.80459489
1543 1.962941650585835e-05 1.805765185
1544 1.957580196124861e-05 1.80693548
1545 1.952074639602154e-05 1.808105775
1546 1.94642956838205e-05 1.80927607
1547 1.940650983418645e-05 1.810446365
1548 1.934746446495122e-05 1.81161666
1549 1.928725008762271e-05 1.812786955
1550 1.922596741961501e-05 1.81395725
1551 1.916372359442149e-05 1.815127545
1552 1.910062903567172e-05 1.81629784
1553 1.903679508671791e-05 1.817468135
1554 1.897233204911097e-05 1.81863843
1555 1.890734562584177e-05 1.819808725
1556 1.884193765860615e-05 1.82097902
1557 1.877620387380826e-05 1.822149315
1558 1.871023330992904e-05 1.82331961
1559 1.864410798368927e-05 1.824489905
1560 1.8577903243801e-05 1.8256602
1561 1.85116891473717e-05 1.826830495
1562 1.844552904847554e-05 1.82800079
1563 1.837947853574572e-05 1.829171085
1564 1.831358544687624e-05 1.83034138
1565 1.824789046159908e-05 1.831511675
1566 1.818242509356956e-05 1.83268197
1567 1.811721919160137e-05 1.833852265
1568 1.805229252052246e-05 1.83502256
1569 1.798766114105996e-05 1.836192855
1570 1.792333811565245e-05 1.83736315
1571 1.785933313993611e-05 1.838533445
1572 1.779565276687647e-05 1.83970374
1573 1.773230079562808e-05 1.840874035
1574 1.766927873303929e-05 1.84204433
1575 1.760658616522244e-05 1.843214625
1576 1.754422091917769e-05 1.84438492
1577 1.748217913576204e-05 1.845555215
1578 1.742045568457864e-05 1.84672551
1579 1.735904449044416e-05 1.847895805
1580 1.729793876373388e-05 1.8490661
1581 1.723713118914e-05 1.850236395
1582 1.717661418037763e-05 1.85140669
1583 1.711638007476336e-05 1.852576985
1584 1.705642131927701e-05 1.85374728
1585 1.69967305908776e-05 1.854917575
1586 1.693730093168134e-05 1.85608787
1587 1.687812583435324e-05 1.857258165
1588 1.681919936144575e-05 1.85842846
1589 1.676051627274009e-05 1.859598755
1590 1.670207213341812e-05 1.86076905
1591 1.664386336395996e-05 1.861939345
1592 1.658588731139973e-05 1.86310964
1593 1.652814219679186e-05 1.864279935
1594 1.647062716262665e-05 1.86545023
1595 1.641334224070502e-05 1.866620525
1596 1.6356288030287e-05 1.86779082
1597 1.629946571271212e-05 1.868961115
1598 1.624287760250569e-05 1.87013141
1599 1.61865277009086e-05 1.871301705
1600 1.613042301043076e-05 1.872472
1601 1.607457419156783e-05 1.873642295
1602 1.601899690177172e-05 1.87481259
1603 1.596371234845215e-05 1.875982885
1604 1.590874703134974e-05 1.87715318
1605 1.585413293560701e-05 1.878323475
1606 1.579990712502373e-05 1.87949377
1607 1.574611095494542e-05 1.880664065
1608 1.569278852003019e-05 1.88183436
1609 1.563998416424685e-05 1.883004655
1610 1.558774031979524e-05 1.88417495
1611 1.553609573636221e-05 1.885345245
1612 1.548508321849329e-05 1.88651554
1613 1.543472758932005e-05 1.887685835
1614 1.538504618495094e-05 1.88885613
1615 1.533604929903943e-05 1.890026425
1616 1.528774082794389e-05 1.89119672
1617 1.524011896360164e-05 1.892367015
1618 1.519317812880684e-05 1.89353731
1619 1.514690943398726e-05 1.894707605
1620 1.510130134474427e-05 1.8958779
1621 1.505634042631881e-05 1.897048195
1622 1.50120114708871e-05 1.89821849
1623 1.496829704596391e-05 1.899388785
1624 1.492517817143926e-05 1.90055908
1625 1.488263512460793e-05 1.901729375
1626 1.484064597544914e-05 1.90289967
1627 1.479918816621105e-05 1.904069965
1628 1.475823956072671e-05 1.90524026
1629 1.471777436916235e-05 1.906410555
1630 1.467776613616269e-05 1.90758085
1631 1.463818960202801e-05 1.908751145
1632 1.459901716128578e-05 1.90992144
1633 1.456021919259472e-05 1.911091735
1634 1.452176303788975e-05 1.91226203
1635 1.44836155501208e-05 1.913432325
1636 1.444574589307363e-05 1.91460262
1637 1.440812757606443e-05 1.915772915
1638 1.43707351970992e-05 1.91694321
1639 1.433354496141607e-05 1.918113505
1640 1.429653405926597e-05 1.9192838
1641 1.425968137196858e-05 1.920454095
1642 1.422297092359007e-05 1.92162439
1643 1.418639439141509e-05 1.922794685
1644 1.414994862799395e-05 1.92396498
1645 1.411363710531792e-05 1.925135275
1646 1.407746882259562e-05 1.92630557
1647 1.404145851280198e-05 1.927475865
1648 1.400562740533318e-05 1.92864616
1649 1.397000231620721e-05 1.929816455
1650 1.393461465013172e-05 1.93098675
1651 1.389950023961188e-05 1.932157045
1652 1.38646988248744e-05 1.93332734
1653 1.383025358034695e-05 1.934497635
1654 1.379621048112424e-05 1.93566793
1655 1.376261754429751e-05 1.936838225
1656 1.372952306287746e-05 1.93800852
1657 1.369697358075567e-05 1.939178815
1658 1.366501377060697e-05 1.94034911
1659 1.363368361291178e-05 1.941519405
1660 1.360301785800695e-05 1.9426897
1661 1.35730415969216e-05 1.943859995
1662 1.354376940126597e-05 1.94503029
1663 1.351520445884313e-05 1.946200585
1664 1.34873378936123e-05 1.94737088
1665 1.346042370637078e-05 1.948541175
1666 1.343385081467671e-05 1.94971147
1667 1.340787889393969e-05 1.950881765
1668 1.338246259838554e-05 1.95205206
1669 1.3357550908774e-05 1.953222355
1670 1.33330895907903e-05 1.95439265
1671 1.330902374434769e-05 1.955562945
1672 1.328530015889824e-05 1.95673324
1673 1.326186921502664e-05 1.957903535
1674 1.323868526568368e-05 1.95907383
1675 1.321570756172195e-05 1.960244125
1676 1.319290069471345e-05 1.96141442
1677 1.31702349366789e-05 1.962584715
1678 1.31476715415721e-05 1.96375501
1679 1.312523842316762e-05 1.964925305
1680 1.310287368810701e-05 1.9660956
1681 1.30805872672291e-05 1.967265895
1682 1.305837694310657e-05 1.96843619
1683 1.303624589310354e-05 1.969606485
1684 1.30142009772357e-05 1.97077678
1685 1.299225387507482e-05 1.971947075
1686 1.297042019236414e-05 1.97311737
1687 1.294871813280519e-05 1.974287665
1688 1.292716955881285e-05 1.97545796
1689 1.290579844229322e-05 1.976628255
1690 1.288463032735036e-05 1.97779855
1691 1.286369070288407e-05 1.978968845
1692 1.284300402147932e-05 1.98013914
1693 1.282259958931417e-05 1.981309435
1694 1.280250267909071e-05 1.98247973
1695 1.278273910646166e-05 1.983650025
1696 1.276332954400193e-05 1.98482032
1697 1.274429725806285e-05 1.985990615
1698 1.272566140823495e-05 1.98716091
1699 1.270743927406181e-05 1.988331205
1700 1.268963959409071e-05 1.9895015
1701 1.267227512118332e-05 1.990671795
1702 1.26553558853712e-05 1.99184209
1703 1.263888813767059e-05 1.993012385
1704 1.262287168810726e-05 1.99418268
1705 1.260730145409796e-05 1.995352975
1706 1.259216632626761e-05 1.99652327
1707 1.257745023011389e-05 1.997693565
1708 1.256313204616837e-05 1.99886386
1709 1.254919272219501e-05 2.000034155
1710 1.253560731761061e-05 2.00120445
1711 1.252234885071755e-05 2.002374745
1712 1.250938703950631e-05 2.00354504
1713 1.249669148406695e-05 2.004715335
1714 1.248423037491128e-05 2.00588563
1715 1.247197039051734e-05 2.007055925
1716 1.245987774384742e-05 2.00822622
1717 1.244791465919748e-05 2.009396515
1718 1.243605294084455e-05 2.01056681
1719 1.242426048872287e-05 2.011737105
1720 1.241249702060517e-05 2.0129074
1721 1.240072944035841e-05 2.014077695
1722 1.238892819672281e-05 2.01524799
1723 1.237707486275534e-05 2.016418285
1724 1.236514654849397e-05 2.01758858
1725 1.23531205698539e-05 2.018758875
1726 1.234097523146486e-05 2.01992917
1727 1.232868711299805e-05 2.021099465
1728 1.231623991373031e-05 2.02226976
1729 1.230362153275237e-05 2.023440055
1730 1.229082123222713e-05 2.02461035
1731 1.227783933196174e-05 2.025780645
1732 1.226467239328708e-05 2.02695094
1733 1.225131002608758e-05 2.028121235
1734 1.223774890443944e-05 2.02929153
1735 1.22239917061831e-05 2.030461825
1736 1.221003767553795e-05 2.03163212
1737 1.219588596108206e-05 2.032802415
1738 1.218154348732512e-05 2.03397271
1739 1.216701081447754e-05 2.035143005
1740 1.215228014602789e-05 2.0363133
1741 1.213733706464962e-05 2.037483595
1742 1.212218532201564e-05 2.03865389
1743 1.210681531235581e-05 2.039824185
1744 1.209121998447586e-05 2.04099448
1745 1.207537600638342e-05 2.042164775
1746 1.2059262003572e-05 2.04333507
1747 1.204287285756907e-05 2.044505365
1748 1.202619878981636e-05 2.04567566
1749 1.200921785751003e-05 2.046845955
1750 1.199192970222994e-05 2.04801625
1751 1.197433240294993e-05 2.049186545
1752 1.195642614931748e-05 2.05035684
1753 1.193821835885178e-05 2.051527135
1754 1.191972439751788e-05 2.05269743
1755 1.190095764374554e-05 2.053867725
1756 1.188193359510191e-05 2.05503802
1757 1.186267459986758e-05 2.056208315
1758 1.184320717887566e-05 2.05737861
1759 1.182356213500967e-05 2.058548905
1760 1.180377344470643e-05 2.0597192
1761 1.178387630640481e-05 2.060889495
1762 1.176390934665754e-05 2.06205979
1763 1.174391111470289e-05 2.063230085
1764 1.172391894821314e-05 2.06440038
1765 1.170397209627349e-05 2.065570675
1766 1.168410937782681e-05 2.06674097
1767 1.166436745313765e-05 2.067911265
1768 1.164478217575922e-05 2.06908156
