0 0 0
1 8.245211137720131e-74 0.000744733
2 3.816923727969899e-67 0.001489466
3 2.98434594685145e-66 0.002234199
4 7.680167755760271e-65 0.002978932
5 1.271042903375002e-63 0.003723665
6 2.050692986174545e-62 0.004468398
7 2.022725749499276e-61 0.005213131
8 2.278965366761834e-60 0.005957864
9 3.06463760492853e-59 0.006702597
10 4.409476066841518e-58 0.00744733
11 1.092945077422276e-56 0.008192062999999999
12 6.20314856772723e-56 0.008936796
13 4.429092632618873e-55 0.009681529000000001
14 1.737978344288673e-53 0.010426262
15 1.447811348970318e-53 0.011170995
16 1.551038699043253e-52 0.011915728
17 2.254198991518492e-51 0.012660461
18 3.187592918310524e-50 0.013405194
19 3.866472008779609e-49 0.014149927
20 4.94559416341493e-48 0.01489466
21 4.746321857974972e-47 0.015639393
22 3.707815777792747e-46 0.016384126
23 2.4437092544102e-45 0.017128859
24 1.408741455604993e-44 0.017873592
25 7.713354821113307e-44 0.018618325
26 3.820356652448087e-43 0.019363058
27 1.641789494677502e-42 0.020107791
28 1.076842233809867e-41 0.020852524
29 2.138922164803392e-41 0.021597257
30 6.852807016487257e-41 0.02234199
31 2.339963172971654e-40 0.023086723
32 6.43684206925882e-40 0.023831456
33 4.990646522063086e-39 0.024576189
34 7.684991110215508e-39 0.025320922
35 7.145443986067762e-39 0.026065655
36 1.184577057793987e-37 0.026810388
37 2.271048414143261e-37 0.027555121
38 6.634407403252741e-37 0.028299854
39 5.150109560930431e-37 0.029044587
40 1.283880086471717e-36 0.02978932
41 3.704827171576672e-36 0.030534053
42 3.384783813270406e-35 0.031278786
43 1.15281894751302e-34 0.032023519
44 4.297513718314198e-34 0.032768252
45 1.646593276088622e-33 0.033512985
46 6.493997864607652e-33 0.034257718
47 2.553486816877993e-32 0.035002451
48 1.006238885616498e-31 0.035747184
49 3.894367574189881e-31 0.036491917
50 1.477041222622122e-30 0.03723665
51 5.483220214739587e-30 0.037981383
52 1.992575399554376e-29 0.038726116
53 7.087146080515654e-29 0.039470849
54 2.467951931520247e-28 0.040215582
55 8.417200826066837e-28 0.040960315
56 2.812718988174507e-27 0.041705048
57 9.212445468586026e-27 0.042449781
58 2.958521508434746e-26 0.043194514
59 9.319235712388491e-26 0.043939247
60 2.880331314887504e-25 0.04468398
61 8.737899177522413e-25 0.045428713
62 2.602648205352381e-24 0.046173446
63 7.613860974772084e-24 0.046918179
64 2.188309015005206e-23 0.047662912
65 6.180961538881784e-23 0.048407645
66 1.716220339435547e-22 0.049152378
67 4.685783912111382e-22 0.049897111
68 1.258354796664717e-21 0.050641844
69 3.324696537161824e-21 0.051386577
70 8.64455171561331e-21 0.05213131
71 2.212510580669722e-20 0.052876043
72 5.575567597074201e-20 0.053620776
73 1.383754867097543e-19 0.054365509
74 3.382971137271941e-19 0.055110242
75 8.149051550899838e-19 0.055854975
76 1.934572056852195e-18 0.056599708
77 4.52718149110583e-18 0.057344441
78 1.044552907077818e-17 0.058089174
79 2.376755576593784e-17 0.058833907
80 5.334343774378721e-17 0.05957864
81 1.181161489206041e-16 0.060323373
82 2.580820294419722e-16 0.061068106
83 5.565627654295021e-16 0.061812839
84 1.184856389368086e-15 0.06255757200000001
85 2.490575045382757e-15 0.063302305
86 5.17015196412033e-15 0.064047038
87 1.060143670796362e-14 0.064791771
88 2.147695487110092e-14 0.065536504
89 4.29948986879272e-14 0.06628123699999999
90 8.507210571317147e-14 0.06702597
91 1.664059034791381e-13 0.067770703
92 3.218321460472718e-13 0.068515436
93 6.154380716939645e-13 0.069260169
94 1.163423724450139e-12 0.07000490199999999
95 2.172966395593243e-12 0.07074963500000001
96 4.007416263656378e-12 0.071494368
97 7.296378571161398e-12 0.072239101
98 1.311996335402601e-11 0.072983834
99 2.331122032304698e-11 0.07372856699999999
100 4.09468495195651e-11 0.07447330000000001
101 7.113256037653751e-11 0.075218033
102 1.222466233611809e-10 0.075962766
103 2.078860563102487e-10 0.076707499
104 3.49872366331466e-10 0.077452232
105 5.82846161694087e-10 0.07819696500000001
106 9.612023960676949e-10 0.078941698
107 1.569439653862191e-09 0.079686431
108 2.537424342384533e-09 0.080431164
109 4.06263292288361e-09 0.081175897
110 6.442234527179304e-09 0.08192062999999999
111 1.011879190773602e-08 0.08266536300000001
112 1.574458326866374e-08 0.083410096
113 2.427130788299002e-08 0.084154829
114 3.707354220270749e-08 0.084899562
115 5.611660884548595e-08 0.085644295
116 8.418225508219056e-08 0.08638902800000001
117 1.251685274284385e-07 0.087133761
118 1.844835228782185e-07 0.087878494
119 2.69556944040115e-07 0.088623227
120 3.90497243538688e-07 0.08936796
121 5.609221613780567e-07 0.09011269299999999
122 7.990009987172038e-07 0.09085742600000001
123 1.128739738268837e-06 0.091602159
124 1.581548158499057e-06 0.092346892
125 2.198125664797268e-06 0.093091625
126 3.030698278369752e-06 0.09383635799999999
127 4.145633480642863e-06 0.09458109100000001
128 5.626450164320497e-06 0.095325824
129 7.577228569290595e-06 0.096070557
130 1.012645210622913e-05 0.09681529
131 1.3431160446136e-05 0.097560023
132 1.768139116207121e-05 0.09830475600000001
133 2.310481042013329e-05 0.099049489
134 2.997136496386248e-05 0.099794222
135 3.859785120817716e-05 0.100538955
136 4.935216630766257e-05 0.101283688
137 6.26569957518049e-05 0.102028421
138 7.899272207847648e-05 0.102773154
139 9.889962027351421e-05 0.103517887
140 0.000122978119232722 0.10426262
141 0.0001518877294836724 0.105007353
142 0.0001863434696814115 0.105752086
143 0.000227110245415631 0.106496819
144 0.0002749948621152652 0.107241552
145 0.0003308354369986738 0.107986285
146 0.0003954881476346343 0.108731018
147 0.0004698113692661481 0.109475751
148 0.0005546473823564815 0.110220484
149 0.0006508019517684515 0.110965217
150 0.0007590222074511064 0.11170995
151 0.0008799733668301148 0.112454683
152 0.001014214960140487 0.113199416
153 0.00116217730843658 0.113944149
154 0.001324139023947299 0.114688882
155 0.001500206346552665 0.115433615
156 0.001690295159053301 0.116178348
157 0.001894116435355455 0.116923081
158 0.002111165869098639 0.117667814
159 0.002340718272725551 0.118412547
160 0.002581827219556068 0.11915728
161 0.002833329901432259 0.119902013
162 0.003093857326096322 0.120646746
163 0.003361848710247378 0.121391479
164 0.003635569527524171 0.122136212
165 0.003913130854488362 0.122880945
166 0.004192512373384075 0.123625678
167 0.004471591499363983 0.124370411
168 0.004748200887169355 0.125115144
169 0.005020281354572787 0.125859877
170 0.005286021340690473 0.12660461
171 0.005543474544981156 0.127349343
172 0.005790631546273595 0.128094076
173 0.006025804603440838 0.128838809
174 0.006247906212937322 0.129583542
175 0.006455818506830364 0.130328275
176 0.006648436958300183 0.131073008
177 0.006824728503595686 0.131817741
178 0.006984179041307222 0.132562474
179 0.007126518534797728 0.133307207
180 0.007251208851536783 0.13405194
181 0.007358107356595705 0.134796673
182 0.007447577953127229 0.135541406
183 0.007520146835278089 0.136286139
184 0.007576349075422413 0.137030872
185 0.007616650089825037 0.137775605
186 0.007641649068785825 0.138520338
187 0.007652218878963719 0.139265071
188 0.00764957515453721 0.140009804
189 0.007635123874767238 0.140754537
190 0.007609806950260954 0.14149927
191 0.007574254769286785 0.142244003
192 0.007529264545858902 0.142988736
193 0.007475918424387966 0.143733469
194 0.007415530804036731 0.144478202
195 0.007349184651686482 0.145222935
196 0.007277912553823922 0.145967668
197 0.007202540111186384 0.146712401
198 0.007123645531476553 0.147457134
199 0.007041662814731195 0.148201867
200 0.006957080622595748 0.1489466
201 0.006870391817542505 0.149691333
202 0.006782158627065307 0.150436066
203 0.006693093860706145 0.151180799
204 0.006604047286454016 0.151925532
205 0.006515630245412805 0.152670265
206 0.006427884590698054 0.153414998
207 0.006340578490483305 0.154159731
208 0.006253633811494957 0.154904464
209 0.006167101919211296 0.155649197
210 0.006081176344418635 0.15639393
211 0.005996127041953419 0.157138663
212 0.005912230408208125 0.157883396
213 0.005829650828770526 0.158628129
214 0.005748602023196361 0.159372862
215 0.00566919777714082 0.160117595
216 0.005591488022574602 0.160862328
217 0.005515408689961945 0.161607061
218 0.005440781599235043 0.162351794
219 0.005367297014914934 0.163096527
220 0.005294675781429988 0.16384126
221 0.005222893940348356 0.164585993
222 0.005152069399348608 0.165330726
223 0.005082332850557987 0.166075459
224 0.005013825682087165 0.166820192
225 0.004946705331713132 0.167564925
226 0.004881115860465162 0.168309658
227 0.004817179578290384 0.169054391
228 0.004754784136643484 0.169799124
229 0.00469357135331848 0.170543857
230 0.004633273502318639 0.17128859
231 0.004573769274762672 0.172033323
232 0.00451500283813515 0.172778056
233 0.004456888161570329 0.173522789
234 0.004399445215461951 0.174267522
235 0.004342743439717018 0.175012255
236 0.004286827254032936 0.175756988
237 0.004231774951933563 0.176501721
238 0.004177634660856889 0.177246454
239 0.004124515214269439 0.177991187
240 0.004072511273943441 0.17873592
241 0.00402176376446091 0.179480653
242 0.003972350054862195 0.180225386
243 0.003924118207499002 0.180970119
244 0.003876903617205906 0.181714852
245 0.003830428422394179 0.182459585
246 0.003784435011005966 0.183204318
247 0.00373878696962597 0.183949051
248 0.003693482818581955 0.184693784
249 0.0036485413481467 0.185438517
250 0.003604140663249673 0.18618325
251 0.003560450657455673 0.186927983
252 0.003517414300532434 0.187672716
253 0.003475065418781301 0.188417449
254 0.003433376214550952 0.189162182
255 0.003392283291087396 0.189906915
256 0.003351903339327704 0.190651648
257 0.003312314105967426 0.191396381
258 0.003273479859723249 0.192141114
259 0.003235538158501861 0.192885847
260 0.003198591023414517 0.19363058
261 0.003162555745202125 0.194375313
262 0.0031272006012382 0.195120046
263 0.003092376008177839 0.195864779
264 0.003057939679473078 0.196609512
265 0.003023772405919956 0.197354245
266 0.002989825360546536 0.198098978
267 0.002956102882571096 0.198843711
268 0.002922712105624642 0.199588444
269 0.002889705724257285 0.200333177
270 0.002857287851075646 0.20107791
271 0.002825560272309585 0.201822643
272 0.00279450229599113 0.202567376
273 0.002764072887763434 0.203312109
274 0.002734213542233725 0.204056842
275 0.002704909699626714 0.204801575
276 0.002676183986303687 0.205546308
277 0.002647979160308422 0.206291041
278 0.002620234268027769 0.207035774
279 0.00259301102602289 0.207780507
280 0.002566276501533249 0.20852524
281 0.002539983707388676 0.209269973
282 0.002514188520019466 0.210014706
283 0.00248892858672728 0.210759439
284 0.002464110215127432 0.211504172
285 0.002439553132438297 0.212248905
286 0.002415089275239117 0.212993638
287 0.002390652897230014 0.213738371
288 0.002366176469372023 0.214483104
289 0.002341680727082661 0.215227837
290 0.002317245888938457 0.21597257
291 0.00229293618505111 0.216717303
292 0.002268870239570427 0.217462036
293 0.002245173038698586 0.218206769
294 0.002221821898695435 0.218951502
295 0.00219873874371209 0.219696235
296 0.002175996757523794 0.220440968
297 0.002153586062729852 0.221185701
298 0.002131626329997445 0.221930434
299 0.002110268624383372 0.222675167
300 0.002089588112827115 0.2234199
301 0.002069626835478323 0.224164633
302 0.0020503584432069 0.224909366
303 0.002031683499749536 0.225654099
304 0.002013552109938229 0.226398832
305 0.001995889929679405 0.227143565
306 0.001978647748355436 0.227888298
307 0.001961760816523258 0.228633031
308 0.001945177363224131 0.229377764
309 0.001928875813579758 0.230122497
310 0.001912801756772925 0.23086723
311 0.001896912510206255 0.231611963
312 0.001881241869648723 0.232356696
313 0.001865751476642091 0.233101429
314 0.0018504061822969 0.233846162
315 0.001835127171357842 0.234590895
316 0.001819799332700693 0.235335628
317 0.0018043590349586 0.236080361
318 0.001788739700656324 0.236825094
319 0.001772902074918774 0.237569827
320 0.00175684372745229 0.23831456
321 0.001740565685691247 0.239059293
322 0.001724087475564304 0.239804026
323 0.001707504933063682 0.240548759
324 0.001690945720083354 0.241293492
325 0.001674516290708036 0.242038225
326 0.001658288734654543 0.242782958
327 0.001642293486624897 0.243527691
328 0.001626569413067244 0.244272424
329 0.001611130313433353 0.245017157
330 0.001595911560339888 0.24576189
331 0.001580892596528769 0.246506623
332 0.001566104867830905 0.247251356
333 0.001551628273640209 0.247996089
334 0.001537475667761265 0.248740822
335 0.001523693821618363 0.249485555
336 0.001510329678003751 0.250230288
337 0.001497409847925871 0.250975021
338 0.001484967374276309 0.251719754
339 0.001473021522068588 0.252464487
340 0.001461543259424053 0.25320922
341 0.001450531927007043 0.253953953
342 0.001439950904216471 0.254698686
343 0.001429760886223316 0.255443419
344 0.001419944558120658 0.256188152
345 0.001410496897425465 0.256932885
346 0.001401366086710697 0.257677618
347 0.00139248966872351 0.258422351
348 0.001383784127863379 0.259167084
349 0.001375188502296118 0.259911817
350 0.001366672834206332 0.26065655
351 0.001358210477525377 0.261401283
352 0.001349787072980718 0.262146016
353 0.0013413684743429 0.262890749
354 0.001332945451942224 0.263635482
355 0.001324456384849535 0.264380215
356 0.0013158853188642 0.265124948
357 0.001307215072454249 0.265869681
358 0.001298384850829076 0.266614414
359 0.001289344582998722 0.267359147
360 0.001280071859825264 0.26810388
361 0.001270567107937517 0.268848613
362 0.001260839079036594 0.269593346
363 0.001250905579679241 0.270338079
364 0.001240774052804315 0.271082812
365 0.001230472730568399 0.271827545
366 0.001220051125991935 0.272572278
367 0.001209551353491979 0.273317011
368 0.001199008257360451 0.274061744
369 0.001188454243921729 0.274806477
370 0.001177893908422475 0.27555121
371 0.001167340081759038 0.276295943
372 0.001156830040431057 0.277040676
373 0.001146403619568302 0.277785409
374 0.001136070868651115 0.278530142
375 0.001125850160132862 0.279274875
376 0.001115760724070954 0.280019608
377 0.001105815901700872 0.280764341
378 0.001095991562046028 0.281509074
379 0.001086245888330419 0.282253807
380 0.00107656494162646 0.28299854
381 0.00106696486293046 0.283743273
382 0.001057439630883095 0.284488006
383 0.001048044104783357 0.285232739
384 0.00103885070863078 0.285977472
385 0.00102991282966452 0.286722205
386 0.001021250345871763 0.287466938
387 0.001012872287341701 0.288211671
388 0.001004773343498307 0.288956404
389 0.0009969501732838286 0.289701137
390 0.0009894106841464394 0.29044587
391 0.0009821525588114342 0.291190603
392 0.0009751654538065754 0.291935336
393 0.0009684557230246246 0.292680069
394 0.0009620250688656231 0.293424802
395 0.0009558689059852844 0.294169535
396 0.0009499718723117414 0.294914268
397 0.0009443322448897013 0.295659001
398 0.000938940853633117 0.296403734
399 0.0009337710661142061 0.297148467
400 0.0009287955750189896 0.2978932
401 0.0009239603612590898 0.298637933
402 0.0009192516329616057 0.299382666
403 0.0009146500073020637 0.300127399
404 0.0009101368183391084 0.300872132
405 0.0009056985454989258 0.301616865
406 0.0009013177338623735 0.302361598
407 0.0008969762474147787 0.303106331
408 0.0008926581231839824 0.303851064
409 0.0008883305604137892 0.304595797
410 0.0008839699135381356 0.30534053
411 0.0008795849241503241 0.306085263
412 0.0008751833931694691 0.306829996
413 0.0008707428938995861 0.307574729
414 0.0008662287611937257 0.308319462
415 0.0008615971043339982 0.309064195
416 0.0008568067788950574 0.309808928
417 0.0008518197571043408 0.310553661
418 0.0008466058304669858 0.311298394
419 0.0008411465124009531 0.312043127
420 0.0008354176019493199 0.31278786
421 0.0008294292494450523 0.313532593
422 0.0008232199902759457 0.314277326
423 0.0008168363875460472 0.315022059
424 0.0008103253655648684 0.315766792
425 0.000803730398366043 0.316511525
426 0.0007970836464091845 0.317256258
427 0.0007904141232635769 0.318000991
428 0.0007837408696937471 0.318745724
429 0.000777072503059901 0.319490457
430 0.0007704126882263416 0.32023519
431 0.0007637774639476929 0.320979923
432 0.0007571807478053577 0.321724656
433 0.0007506391962848278 0.322469389
434 0.000744169299835861 0.323214122
435 0.0007377852021108503 0.323958855
436 0.000731498326819241 0.324703588
437 0.0007253200212992422 0.325448321
438 0.0007192592598563052 0.326193054
439 0.0007133208771696368 0.326937787
440 0.0007074889850958871 0.32768252
441 0.000701764656707201 0.328427253
442 0.0006961627000306201 0.329171986
443 0.0006906973709266838 0.329916719
444 0.0006853791095978671 0.330661452
445 0.0006802079058181851 0.331406185
446 0.0006751336572478855 0.332150918
447 0.0006701092840951019 0.332895651
448 0.0006651335014831432 0.333640384
449 0.0006602080946095376 0.334385117
450 0.0006553435300957667 0.33512985
451 0.0006505584732945188 0.335874583
452 0.0006458730928972855 0.336619316
453 0.0006413016670068334 0.337364049
454 0.0006368459079524416 0.338108782
455 0.0006325062204754802 0.338853515
456 0.0006282782460610814 0.339598248
457 0.0006241639716899198 0.340342981
458 0.0006201633579511128 0.341087714
459 0.0006162781440795388 0.341832447
460 0.0006125119658749574 0.34257718
461 0.0006088629378386282 0.343321913
462 0.0006053352355467646 0.344066646
463 0.0006019338429394867 0.344811379
464 0.0005986597916782394 0.345556112
465 0.0005955103150609606 0.346300845
466 0.0005924761911911759 0.347045578
467 0.0005895434799461848 0.347790311
468 0.0005866977170943521 0.348535044
469 0.000583929431570635 0.349279777
470 0.0005812291265833339 0.35002451
471 0.0005785857659434695 0.350769243
472 0.0005759768828523644 0.351513976
473 0.0005733764405731701 0.352258709
474 0.0005707705668724887 0.353003442
475 0.0005681557394526215 0.353748175
476 0.0005655289048601116 0.354492908
477 0.0005628868659394591 0.355237641
478 0.0005602254788958493 0.355982374
479 0.0005575414089250408 0.356727107
480 0.0005548352299080953 0.35747184
481 0.0005521163121194467 0.358216573
482 0.0005493904673856787 0.358961306
483 0.0005466484386270925 0.359706039
484 0.0005438777516892481 0.360450772
485 0.0005410668908823601 0.361195505
486 0.0005382057348850432 0.361940238
487 0.0005352823663540724 0.362684971
488 0.0005322850963754526 0.363429704
489 0.0005292042494506682 0.364174437
490 0.0005260314800565328 0.36491917
491 0.00052276141215742 0.365663903
492 0.0005193900923855545 0.366408636
493 0.0005159167089830171 0.367153369
494 0.0005123423925668389 0.367898102
495 0.0005086717613399217 0.368642835
496 0.000504912997249462 0.369387568
497 0.0005010772309472865 0.370132301
498 0.0004971774737106342 0.370877034
499 0.000493226701127926 0.371621767
500 0.0004892336760986537 0.3723665
501 0.0004852057831532787 0.373111233
502 0.0004811570540048914 0.373855966
503 0.0004771074704704284 0.374600699
504 0.0004730779831465097 0.375345432
505 0.0004690875448057802 0.376090165
506 0.000465151493399426 0.376834898
507 0.0004612815532043212 0.377579631
508 0.000457486586618743 0.378324364
509 0.0004537730122781621 0.379069097
510 0.0004501450808274207 0.37981383
511 0.0004466064821143415 0.380558563
512 0.0004431581044046494 0.381303296
513 0.0004397991535616222 0.382048029
514 0.000436528280018813 0.382792762
515 0.0004333438652264602 0.383537495
516 0.0004302439674116105 0.384282228
517 0.0004272263836483269 0.385026961
518 0.0004242887592393986 0.385771694
519 0.000421428397402358 0.386516427
520 0.0004186430469226624 0.38726116
521 0.0004159305087707734 0.388005893
522 0.0004132884583677923 0.388750626
523 0.0004107118829120591 0.389495359
524 0.0004081925612929262 0.390240092
525 0.0004057268106429557 0.390984825
526 0.0004033104388013997 0.391729558
527 0.0004009334154146926 0.392474291
528 0.0003985725036327858 0.393219024
529 0.000396215627369902 0.393963757
530 0.0003938644582358921 0.39470849
531 0.0003915248786419753 0.395453223
532 0.0003892060052552701 0.396197956
533 0.0003869182370138898 0.396942689
534 0.0003846710601933519 0.397687422
535 0.0003824736858278276 0.398432155
536 0.0003803345809708626 0.399176888
537 0.0003782607159673753 0.399921621
538 0.0003762562069728881 0.400666354
539 0.0003743216767120657 0.401411087
540 0.0003724532707641065 0.40215582
541 0.000370641847877105 0.402900553
542 0.0003688810676255999 0.403645286
543 0.0003671709815412959 0.404390019
544 0.0003655138522829336 0.405134752
545 0.0003639097155385974 0.405879485
546 0.0003623570640672821 0.406624218
547 0.00036085457440451 0.407368951
548 0.0003593989202885949 0.408113684
549 0.000357985260003992 0.408858417
550 0.0003566079024076593 0.40960315
551 0.0003552609350221921 0.410347883
552 0.000353938609335085 0.411092616
553 0.0003526355886661991 0.411837349
554 0.0003513471007053577 0.412582082
555 0.0003500686648108823 0.413326815
556 0.0003487961212836303 0.414071548
557 0.0003475250036339356 0.414816281
558 0.0003462518966476992 0.415561014
559 0.0003449741568704244 0.416305747
560 0.0003436899568383975 0.41705048
561 0.000342398216300512 0.417795213
562 0.0003410984723262359 0.418539946
563 0.000339790291854798 0.419284679
564 0.0003384727004864415 0.420029412
565 0.000337145478200176 0.420774145
566 0.000335808883499641 0.421518878
567 0.0003344644010165512 0.422263611
568 0.0003331113084689838 0.423008344
569 0.0003317474561923147 0.423753077
570 0.0003303703171579104 0.42449781
571 0.0003289773123447652 0.425242543
572 0.0003275644109108516 0.425987276
573 0.0003261274420539698 0.426732009
574 0.0003246629604234574 0.427476742
575 0.0003231674597025651 0.428221475
576 0.0003216363878678734 0.428966208
577 0.0003200660416283147 0.429710941
578 0.0003184540569235479 0.430455674
579 0.0003167993336882758 0.431200407
580 0.0003151020817674018 0.43194514
581 0.0003133639682484542 0.432689873
582 0.0003115872599776595 0.433434606
583 0.0003097753334304129 0.434179339
584 0.0003079319286322217 0.434924072
585 0.0003060625052442899 0.435668805
586 0.0003041740040235023 0.436413538
587 0.0003022734008737656 0.437158271
588 0.0003003674757721156 0.437903004
589 0.0002984626538399376 0.438647737
590 0.000296564913133478 0.43939247
591 0.0002946796584615095 0.440137203
592 0.0002928116015346374 0.440881936
593 0.0002909649589634391 0.441626669
594 0.0002891424443649592 0.442371402
595 0.000287346212005748 0.443116135
596 0.000285577930969929 0.443860868
597 0.0002838387681460646 0.444605601
598 0.0002821294299948966 0.445350334
599 0.0002804501734544714 0.446095067
600 0.0002788008940666113 0.4468398
601 0.0002771811323970473 0.447584533
602 0.000275590133503841 0.448329266
603 0.0002740270030976586 0.449073999
604 0.0002724903422025573 0.449818732
605 0.0002709780941002772 0.450563465
606 0.0002694875318603793 0.451308198
607 0.0002680139510753385 0.452052931
608 0.0002665602441019797 0.452797664
609 0.0002651292071255515 0.453542397
610 0.0002637228917622383 0.45428713
611 0.0002623425802631514 0.455031863
612 0.000260988892828637 0.455776596
613 0.0002596619177541773 0.456521329
614 0.0002583614496297213 0.457266062
615 0.0002570870497949115 0.458010795
616 0.0002558379352186882 0.458755528
617 0.0002546133288911459 0.459500261
618 0.0002534115296629307 0.460244994
619 0.0002522294194261482 0.460989727
620 0.0002510627374934772 0.46173446
621 0.0002499008461221097 0.462479193
622 0.0002487344834813801 0.463223926
623 0.0002475581421092557 0.463968659
624 0.000246368731747803 0.464713392
625 0.0002451641610767295 0.465458125
626 0.0002439478214585282 0.466202858
627 0.0002427252214600764 0.466947591
628 0.0002415029444132077 0.467692324
629 0.0002402902466405277 0.468437057
630 0.0002390962559590696 0.46918179
631 0.000237927408213582 0.469926523
632 0.0002367890238307024 0.470671256
633 0.0002356842523797824 0.471415989
634 0.000234616137809567 0.472160722
635 0.0002335861312160636 0.472905455
636 0.0002325939771735964 0.473650188
637 0.0002316387901999065 0.474394921
638 0.0002307192897935739 0.475139654
639 0.0002298336847118353 0.475884387
640 0.0002289801340905131 0.47662912
641 0.0002281571112328558 0.477373853
642 0.0002273619410064894 0.478118586
643 0.0002265922930815159 0.478863319
644 0.0002258454444340705 0.479608052
645 0.0002251182221808517 0.480352785
646 0.0002244094971128195 0.481097518
647 0.0002237183032934389 0.481842251
648 0.0002230436445610994 0.482586984
649 0.0002223844793911842 0.483331717
650 0.0002217395627982352 0.48407645
651 0.0002211073836595521 0.484821183
652 0.0002204862368873787 0.485565916
653 0.0002198750705159192 0.486310649
654 0.0002192719399600988 0.487055382
655 0.0002186743942512259 0.487800115
656 0.000218080317154861 0.488544848
657 0.0002174878814807844 0.489289581
658 0.0002168954612856699 0.490034314
659 0.0002163016053982667 0.490779047
660 0.0002157050562793692 0.49152378
661 0.0002151047528000645 0.492268513
662 0.0002144998092524847 0.493013246
663 0.0002138894931136579 0.493757979
664 0.000213273239300641 0.494502712
665 0.0002126506244074931 0.495247445
666 0.0002120213662614097 0.495992178
667 0.0002113853001309876 0.496736911
668 0.0002107423942175314 0.497481644
669 0.0002100927589810744 0.498226377
670 0.0002094365828384175 0.49897111
671 0.0002087741755843154 0.499715843
672 0.000208106014223914 0.500460576
673 0.0002074327191106223 0.501205309
674 0.0002067547181983446 0.501950042
675 0.0002060726443414546 0.502694775
676 0.0002053851918444112 0.503439508
677 0.0002046903963409616 0.504184241
678 0.0002039878016627298 0.504928974
679 0.0002032772804118146 0.505673707
680 0.0002025585669857766 0.50641844
681 0.0002018311350268517 0.507163173
682 0.0002010941070569717 0.507907906
683 0.0002003458963720092 0.508652639
684 0.0001995846146011678 0.509397372
685 0.0001988084805160013 0.510142105
686 0.0001980158400889823 0.510886838
687 0.0001972052107993879 0.511631571
688 0.000196375408081109 0.512376304
689 0.0001955255345211223 0.513121037
690 0.0001946550354135741 0.51386577
691 0.0001937638533361175 0.514610503
692 0.0001928524937242944 0.515355236
693 0.0001919219874756747 0.516099969
694 0.0001909739689799801 0.516844702
695 0.000190010598453832 0.517589435
696 0.0001890341770012324 0.518334168
697 0.0001880472350102697 0.519078901
698 0.000187052588597386 0.519823634
699 0.0001860531937264532 0.520568367
700 0.0001850520330881722 0.5213131
701 0.0001840520228534084 0.522057833
702 0.0001830558260158044 0.522802566
703 0.0001820657900600962 0.523547299
704 0.0001810836721169919 0.524292032
705 0.0001801102711879466 0.525036765
706 0.0001791457489998245 0.5257814980000001
707 0.0001781909780628075 0.5265262310000001
708 0.0001772474121562086 0.5272709640000001
709 0.0001763163124272735 0.5280156970000001
710 0.000175398716531111 0.5287604300000001
711 0.0001744953386718316 0.5295051630000001
712 0.0001736063509292009 0.5302498960000001
713 0.0001727318428052503 0.5309946290000001
714 0.000171872179325088 0.531739362
715 0.0001710274452894368 0.532484095
716 0.0001701974835346066 0.533228828
717 0.0001693819388408685 0.533973561
718 0.0001685803382135453 0.534718294
719 0.0001677921657592849 0.535463027
720 0.000167016917838937 0.53620776
721 0.0001662541321006996 0.536952493
722 0.0001655033981278833 0.537697226
723 0.0001647643654348252 0.538441959
724 0.0001640367369183411 0.539186692
725 0.0001633202456755812 0.539931425
726 0.0001626146659449221 0.540676158
727 0.0001619198206864742 0.541420891
728 0.0001612354862186243 0.542165624
729 0.0001605614110335725 0.542910357
730 0.000159897280880581 0.54365509
731 0.0001592421504861514 0.544399823
732 0.0001585947955589973 0.545144556
733 0.000157954737796634 0.545889289
734 0.0001573222154665948 0.546634022
735 0.0001566976369335954 0.547378755
736 0.0001560814964140049 0.548123488
737 0.000155474316358754 0.548868221
738 0.0001548765546405707 0.549612954
739 0.0001542887788342163 0.550357687
740 0.000153710443180117 0.55110242
741 0.0001531418176220126 0.551847153
742 0.0001525824945689931 0.552591886
743 0.0001520318353038177 0.553336619
744 0.0001514889348029841 0.554081352
745 0.0001509519322702137 0.554826085
746 0.0001504181571817109 0.555570818
747 0.0001498841738044143 0.556315551
748 0.0001493456292856436 0.5570602840000001
749 0.0001487980009491553 0.5578050170000001
750 0.000148238520360952 0.5585497500000001
751 0.0001476651933295066 0.5592944830000001
752 0.0001470775397865916 0.5600392160000001
753 0.000146476914810991 0.5607839490000001
754 0.0001458656631607723 0.5615286820000001
755 0.0001452473722280906 0.5622734150000001
756 0.0001446259710838681 0.5630181480000001
757 0.0001440049085601875 0.563762881
758 0.0001433874588833643 0.564507614
759 0.0001427768965090132 0.565252347
760 0.0001421761549339051 0.56599708
761 0.0001415876075036923 0.566741813
762 0.0001410130322131923 0.567486546
763 0.0001404535744736857 0.568231279
764 0.0001399099282933627 0.568976012
765 0.0001393823683308029 0.569720745
766 0.0001388706838775146 0.570465478
767 0.0001383743113964699 0.571210211
768 0.0001378925194496068 0.571954944
769 0.0001374244802887501 0.572699677
770 0.000136969316369107 0.57344441
771 0.0001365261957374424 0.574189143
772 0.0001360943222823604 0.574933876
773 0.0001356728323959046 0.575678609
774 0.0001352612485752715 0.576423342
775 0.0001348593295978603 0.577168075
776 0.0001344669073995948 0.577912808
777 0.000134083863322166 0.578657541
778 0.0001337101241331021 0.579402274
779 0.0001333455923355796 0.580147007
780 0.0001329901525847519 0.58089174
781 0.0001326436874873122 0.581636473
782 0.0001323061325921242 0.582381206
783 0.0001319772136392656 0.583125939
784 0.0001316565522920593 0.583870672
785 0.0001313437227402254 0.584615405
786 0.000131038267498189 0.585360138
787 0.0001307396855902532 0.586104871
788 0.0001304474257944202 0.586849604
789 0.0001301609063867549 0.587594337
790 0.0001298795232589258 0.58833907
791 0.0001296026475470699 0.5890838030000001
792 0.0001293296356810729 0.5898285360000001
793 0.0001290598552131647 0.5905732690000001
794 0.0001287926702613168 0.5913180020000001
795 0.0001285274718769031 0.5920627350000001
796 0.0001282636479763643 0.5928074680000001
797 0.0001280005691122733 0.5935522010000001
798 0.0001277376076360564 0.5942969340000001
799 0.0001274741499598453 0.5950416670000001
800 0.0001272096135350918 0.5957864
801 0.0001269434561875844 0.596531133
802 0.0001266751761645777 0.597275866
803 0.0001264043192422575 0.598020599
804 0.000126130518417523 0.598765332
805 0.0001258534557427302 0.599510065
806 0.0001255728051882823 0.600254798
807 0.0001252882749138396 0.600999531
808 0.0001249996177016351 0.601744264
809 0.0001247063149672558 0.602488997
810 0.0001244077334109078 0.60323373
811 0.0001241041413184031 0.603978463
812 0.0001237961289196595 0.604723196
813 0.000123484125350863 0.605467929
814 0.0001231687018034699 0.606212662
815 0.0001228502772560776 0.606957395
816 0.0001225292212765957 0.607702128
817 0.000122205865466385 0.608446861
818 0.0001218800820242664 0.609191594
819 0.000121551570280023 0.609936327
820 0.0001212196911823914 0.61068106
821 0.0001208835259358155 0.611425793
822 0.0001205413192439472 0.612170526
823 0.0001201913679851355 0.612915259
824 0.000119832606619602 0.613659992
825 0.0001194641515207541 0.614404725
826 0.0001190852345729573 0.615149458
827 0.0001186952315567276 0.615894191
828 0.0001182936638918218 0.616638924
829 0.0001178800909092942 0.617383657
830 0.0001174541827308645 0.61812839
831 0.0001170156876374837 0.618873123
832 0.0001165645798209305 0.619617856
833 0.0001161010776424713 0.6203625890000001
834 0.0001156256344953906 0.6211073220000001
835 0.0001151389610596627 0.6218520550000001
836 0.0001146420154853786 0.6225967880000001
837 0.0001141359590064402 0.6233415210000001
838 0.0001136221285136017 0.6240862540000001
839 0.0001131020034169026 0.6248309870000001
840 0.0001125771622347716 0.6255757200000001
841 0.0001120492316242739 0.6263204530000001
842 0.0001115198349237918 0.6270651860000001
843 0.0001109905428011123 0.627809919
844 0.0001104628315363078 0.628554652
845 0.0001099380498802457 0.629299385
846 0.0001094173954306448 0.630044118
847 0.0001089018997956783 0.630788851
848 0.0001083924121291528 0.631533584
849 0.0001078896105667302 0.632278317
850 0.0001073940041722286 0.63302305
851 0.0001069059536802575 0.633767783
852 0.0001064256707435758 0.634512516
853 0.0001059532328294671 0.635257249
854 0.0001054886092117429 0.636001982
855 0.0001050316748302732 0.636746715
856 0.0001045822282881697 0.637491448
857 0.0001041400129648674 0.638236181
858 0.000103704730324743 0.638980914
859 0.0001032760583634376 0.639725647
860 0.0001028536778468393 0.64047038
861 0.0001024372924408218 0.641215113
862 0.0001020266325774714 0.641959846
863 0.0001016214565248217 0.642704579
864 0.0001012215481558552 0.643449312
865 0.0001008267174245872 0.644194045
866 0.0001004367986839586 0.644938778
867 0.0001000516508243781 0.645683511
868 9.967113665746926e-05 0.646428244
869 9.92951292407318e-05 0.647172977
870 9.892352498334318e-05 0.64791771
871 9.85562451905458e-05 0.648662443
872 9.819314059832312e-05 0.649407176
873 9.783404446323644e-05 0.650151909
874 9.747883286714853e-05 0.650896642
875 9.712727516862734e-05 0.651641375
876 9.677897340160963e-05 0.6523861080000001
877 9.64336620252293e-05 0.6531308410000001
878 9.609137560903601e-05 0.6538755740000001
879 9.575221257740907e-05 0.6546203070000001
880 9.541623659785758e-05 0.6553650400000001
881 9.508348217197891e-05 0.6561097730000001
882 9.475395441501165e-05 0.6568545060000001
883 9.442763052692587e-05 0.6575992390000001
884 9.410446391551033e-05 0.6583439720000001
885 9.378438965652856e-05 0.6590887050000001
886 9.346733017000447e-05 0.659833438
887 9.315320124737046e-05 0.660578171
888 9.284191633233689e-05 0.661322904
889 9.25333912623782e-05 0.662067637
890 9.222754813338324e-05 0.66281237
891 9.192431802071371e-05 0.663557103
892 9.162364295929095e-05 0.664301836
893 9.132547799156379e-05 0.665046569
894 9.102979145129008e-05 0.665791302
895 9.073656518806957e-05 0.666536035
896 9.044579474260719e-05 0.667280768
897 9.015748842812165e-05 0.668025501
898 8.987166368667434e-05 0.668770234
899 8.95883467513514e-05 0.669514967
900 8.930757103608162e-05 0.6702597
901 8.902937386801022e-05 0.671004433
902 8.875379098396436e-05 0.671749166
903 8.848085781669876e-05 0.672493899
904 8.821060659240888e-05 0.673238632
905 8.794306154402265e-05 0.673983365
906 8.767823002210744e-05 0.674728098
907 8.741610714467824e-05 0.675472831
908 8.71566761716234e-05 0.676217564
909 8.689991557219725e-05 0.676962297
910 8.664574599975441e-05 0.67770703
911 8.639400682271622e-05 0.678451763
912 8.614444559625982e-05 0.679196496
913 8.589665603003428e-05 0.679941229
914 8.564978240507444e-05 0.680685962
915 8.540269511368576e-05 0.681430695
916 8.515429819585958e-05 0.682175428
917 8.49030591538691e-05 0.682920161
918 8.46467909493316e-05 0.683664894
919 8.438328910919216e-05 0.6844096270000001
920 8.41107914701326e-05 0.6851543600000001
921 8.382828159309636e-05 0.6858990930000001
922 8.353548854275732e-05 0.6866438260000001
923 8.323266096527136e-05 0.6873885590000001
924 8.292067852731855e-05 0.6881332920000001
925 8.260073607897489e-05 0.6888780250000001
926 8.22741165208403e-05 0.6896227580000001
927 8.194211004854422e-05 0.6903674910000001
928 8.16057823413292e-05 0.6911122240000001
929 8.126624073929673e-05 0.6918569570000001
930 8.092468778216338e-05 0.69260169
931 8.058242300583359e-05 0.693346423
932 8.024078742619958e-05 0.694091156
933 7.990113976547634e-05 0.694835889
934 7.956485009883539e-05 0.695580622
935 7.923314545176476e-05 0.696325355
936 7.890706361328042e-05 0.697070088
937 7.858744371050696e-05 0.697814821
938 7.827491924133456e-05 0.698559554
939 7.796995283345831e-05 0.699304287
940 7.767284644647405e-05 0.70004902
941 7.738377206596422e-05 0.700793753
942 7.710278939725479e-05 0.701538486
943 7.682984898847566e-05 0.702283219
944 7.656479652751293e-05 0.703027952
945 7.63073670836236e-05 0.703772685
946 7.605716478927419e-05 0.704517418
947 7.581377765345227e-05 0.705262151
948 7.557679343611853e-05 0.706006884
949 7.534578541124288e-05 0.706751617
950 7.512032921772333e-05 0.70749635
951 7.490001712491637e-05 0.708241083
952 7.468447711980821e-05 0.708985816
953 7.447341462142555e-05 0.709730549
954 7.426656117695096e-05 0.710475282
955 7.406367178905171e-05 0.711220015
956 7.386455267324492e-05 0.711964748
957 7.366905772495863e-05 0.712709481
958 7.347708657011334e-05 0.713454214
959 7.32885770798768e-05 0.714198947
960 7.310349849318462e-05 0.71494368
961 7.292184520556682e-05 0.715688413
962 7.274363026309169e-05 0.7164331460000001
963 7.256888320607948e-05 0.7171778790000001
964 7.239764574358224e-05 0.7179226120000001
965 7.222997042164532e-05 0.7186673450000001
966 7.20659183360427e-05 0.7194120780000001
967 7.190555694870559e-05 0.7201568110000001
968 7.174895763750047e-05 0.7209015440000001
969 7.159619725958473e-05 0.7216462770000001
970 7.144736250530868e-05 0.7223910100000001
971 7.130253527034284e-05 0.7231357430000001
972 7.116175161424101e-05 0.7238804760000001
973 7.102502540550171e-05 0.724625209
974 7.089235377657989e-05 0.725369942
975 7.076372397249102e-05 0.726114675
976 7.063908548267089e-05 0.726859408
977 7.051834054760599e-05 0.727604141
978 7.040134320049182e-05 0.728348874
979 7.028789857554799e-05 0.729093607
980 7.017774712525403e-05 0.72983834
981 7.00704734304762e-05 0.730583073
982 6.996552187634108e-05 0.731327806
983 6.986240375233169e-05 0.732072539
984 6.97608835882799e-05 0.732817272
985 6.966075951059199e-05 0.733562005
986 6.956181467159628e-05 0.734306738
987 6.946385448270255e-05 0.735051471
988 6.936671244531418e-05 0.735796204
989 6.927018036929297e-05 0.736540937
990 6.917408988689103e-05 0.73728567
991 6.907826440412805e-05 0.738030403
992 6.898253796332288e-05 0.738775136
993 6.888674978935603e-05 0.739519869
994 6.879074282646209e-05 0.740264602
995 6.869435755131122e-05 0.741009335
996 6.859742502186046e-05 0.741754068
997 6.849976484306449e-05 0.742498801
998 6.840119109977592e-05 0.743243534
999 6.830151421848756e-05 0.743988267
1000 6.820051983953027e-05 0.744733
1001 6.809799815475912e-05 0.745477733
1002 6.799378773933323e-05 0.746222466
1003 6.788774524479e-05 0.746967199
1004 6.777971372259191e-05 0.7477119320000001
1005 6.766956095150009e-05 0.7484566650000001
1006 6.75572929416088e-05 0.7492013980000001
1007 6.74427879740461e-05 0.7499461310000001
1008 6.732602340982274e-05 0.7506908640000001
1009 6.720706209416269e-05 0.7514355970000001
1010 6.708585689317978e-05 0.7521803300000001
1011 6.696228363407581e-05 0.7529250630000001
1012 6.683617120552199e-05 0.7536697960000001
1013 6.670719865923656e-05 0.7544145290000001
1014 6.657494645389139e-05 0.7551592620000001
1015 6.643900400376008e-05 0.7559039950000001
1016 6.629879105125465e-05 0.756648728
1017 6.615371389059993e-05 0.757393461
1018 6.60031698471147e-05 0.758138194
1019 6.584658735371331e-05 0.758882927
1020 6.568343531950183e-05 0.75962766
1021 6.551324434456552e-05 0.760372393
1022 6.533562358296249e-05 0.761117126
1023 6.515023730907861e-05 0.761861859
1024 6.495683889743801e-05 0.762606592
1025 6.475552624481552e-05 0.763351325
1026 6.454583614574253e-05 0.764096058
1027 6.432813836088634e-05 0.764840791
1028 6.410271755267271e-05 0.765585524
1029 6.387001555132592e-05 0.766330257
1030 6.363048084287401e-05 0.76707499
1031 6.338501430285093e-05 0.767819723
1032 6.313422761842038e-05 0.768564456
1033 6.287894056501482e-05 0.769309189
1034 6.262002285308014e-05 0.770053922
1035 6.235836569106473e-05 0.770798655
1036 6.209485586910735e-05 0.771543388
1037 6.18303583566062e-05 0.772288121
1038 6.156569879048881e-05 0.773032854
1039 6.130164329261604e-05 0.773777587
1040 6.103888709677704e-05 0.77452232
1041 6.07780579994062e-05 0.775267053
1042 6.051968674974551e-05 0.776011786
1043 6.026419589109193e-05 0.776756519
1044 6.001191998659438e-05 0.777501252
1045 5.976311902061163e-05 0.778245985
1046 5.951798320024828e-05 0.778990718
1047 5.92766394920494e-05 0.7797354510000001
1048 5.903915811679783e-05 0.7804801840000001
1049 5.88055601082478e-05 0.7812249170000001
1050 5.857582441147424e-05 0.7819696500000001
1051 5.834989511791132e-05 0.7827143830000001
1052 5.81276881924079e-05 0.7834591160000001
1053 5.790909716824065e-05 0.7842038490000001
1054 5.769400070095479e-05 0.7849485820000001
1055 5.748226779946608e-05 0.7856933150000001
1056 5.727375885131873e-05 0.7864380480000001
1057 5.706833097673073e-05 0.7871827810000001
1058 5.686584729381817e-05 0.7879275140000001
1059 5.666617567507869e-05 0.788672247
1060 5.646918123564862e-05 0.78941698
1061 5.627470769950055e-05 0.790161713
1062 5.608271155785368e-05 0.790906446
1063 5.589307050291389e-05 0.791651179
1064 5.570571225305426e-05 0.792395912
1065 5.552057938944653e-05 0.793140645
1066 5.533762235752263e-05 0.793885378
1067 5.51568073356508e-05 0.794630111
1068 5.497811697759339e-05 0.795374844
1069 5.48015436265656e-05 0.796119577
1070 5.462703811777317e-05 0.79686431
1071 5.445459427864483e-05 0.797609043
1072 5.428424666294609e-05 0.798353776
1073 5.411603344857634e-05 0.799098509
1074 5.394998751012294e-05 0.799843242
1075 5.378613376510001e-05 0.800587975
1076 5.362449061686581e-05 0.801332708
1077 5.346506682122637e-05 0.802077441
1078 5.330785974471759e-05 0.802822174
1079 5.315285638397125e-05 0.803566907
1080 5.300003271747931e-05 0.80431164
1081 5.284935405454895e-05 0.805056373
1082 5.270077587674561e-05 0.805801106
1083 5.255424482953594e-05 0.806545839
1084 5.240970013129797e-05 0.807290572
1085 5.226707474260629e-05 0.808035305
1086 5.212629696320313e-05 0.808780038
1087 5.198729171111254e-05 0.809524771
1088 5.184998156541711e-05 0.810269504
1089 5.171428823547378e-05 0.8110142370000001
1090 5.158013415529538e-05 0.8117589700000001
1091 5.144744277798442e-05 0.8125037030000001
1092 5.131613902989914e-05 0.8132484360000001
1093 5.118615014801701e-05 0.8139931690000001
1094 5.105740717649221e-05 0.8147379020000001
1095 5.092984415252457e-05 0.8154826350000001
1096 5.080339807524296e-05 0.8162273680000001
1097 5.067800876114006e-05 0.8169721010000001
1098 5.055361861821894e-05 0.8177168340000001
1099 5.043018743933153e-05 0.8184615670000001
1100 5.030763457929024e-05 0.8192063000000001
1101 5.018592613699743e-05 0.8199510330000001
1102 5.006501495417869e-05 0.820695766
1103 4.994485480687625e-05 0.821440499
1104 4.982540454357099e-05 0.822185232
1105 4.970662606161012e-05 0.822929965
1106 4.958847996948621e-05 0.823674698
1107 4.947092522191824e-05 0.824419431
1108 4.935393480337314e-05 0.825164164
1109 4.923749215745287e-05 0.825908897
1110 4.912155354096712e-05 0.82665363
1111 4.900606719071469e-05 0.827398363
1112 4.889098567913642e-05 0.828143096
1113 4.877626550222071e-05 0.828887829
1114 4.866186652671659e-05 0.829632562
1115 4.854775130474468e-05 0.830377295
1116 4.843388490974744e-05 0.831122028
1117 4.832023541517009e-05 0.831866761
1118 4.820677298406006e-05 0.832611494
1119 4.809346983396563e-05 0.833356227
1120 4.798030014569618e-05 0.83410096
1121 4.786724006207424e-05 0.834845693
1122 4.775426770074873e-05 0.835590426
1123 4.764136336078798e-05 0.836335159
1124 4.752850946114762e-05 0.837079892
1125 4.741569075494239e-05 0.837824625
1126 4.73028947330609e-05 0.838569358
1127 4.719011165709289e-05 0.839314091
1128 4.707733451549858e-05 0.840058824
1129 4.696455959799815e-05 0.840803557
1130 4.685178668836778e-05 0.84154829
1131 4.673901944452406e-05 0.842293023
1132 4.66262648652777e-05 0.8430377560000001
1133 4.65135338536828e-05 0.8437824890000001
1134 4.640084229674067e-05 0.8445272220000001
1135 4.628821046087411e-05 0.8452719550000001
1136 4.617566335937252e-05 0.8460166880000001
1137 4.606323049578343e-05 0.8467614210000001
1138 4.595094510683782e-05 0.8475061540000001
1139 4.583884379541726e-05 0.8482508870000001
1140 4.572696612697513e-05 0.8489956200000001
1141 4.561535399328826e-05 0.8497403530000001
1142 4.550405100957419e-05 0.8504850860000001
1143 4.539310181200945e-05 0.8512298190000001
1144 4.528255139215981e-05 0.8519745520000001
1145 4.517244413197827e-05 0.852719285
1146 4.506282364034349e-05 0.853464018
1147 4.495373193862332e-05 0.854208751
1148 4.484520853807042e-05 0.854953484
1149 4.473728964554507e-05 0.855698217
1150 4.463000603764224e-05 0.85644295
1151 4.45233847609939e-05 0.857187683
1152 4.441744793112323e-05 0.857932416
1153 4.431220953202091e-05 0.858677149
1154 4.420767470446833e-05 0.859421882
1155 4.410383924323129e-05 0.860166615
1156 4.40006837719339e-05 0.860911348
1157 4.389817756772024e-05 0.861656081
1158 4.379626363548558e-05 0.862400814
1159 4.36948351356413e-05 0.863145547
1160 4.359371537311288e-05 0.86389028
1161 4.349267239066925e-05 0.864635013
1162 4.339138754851964e-05 0.865379746
1163 4.328939907342396e-05 0.866124479
1164 4.318612655483872e-05 0.866869212
1165 4.308092930585961e-05 0.867613945
1166 4.297312231875409e-05 0.868358678
1167 4.286209208309679e-05 0.869103411
1168 4.27473854579586e-05 0.869848144
1169 4.262870472831058e-05 0.870592877
1170 4.250588610446253e-05 0.87133761
1171 4.237894484854415e-05 0.872082343
1172 4.224805281863605e-05 0.872827076
1173 4.211349635825916e-05 0.873571809
1174 4.197563916285417e-05 0.874316542
1175 4.183485647686149e-05 0.8750612750000001
1176 4.169151208024835e-05 0.8758060080000001
1177 4.154596200446559e-05 0.8765507410000001
1178 4.139853916904335e-05 0.8772954740000001
1179 4.124959536965002e-05 0.8780402070000001
1180 4.109948687824704e-05 0.8787849400000001
1181 4.094854239232017e-05 0.8795296730000001
1182 4.079708082415808e-05 0.8802744060000001
1183 4.064541681071052e-05 0.8810191390000001
1184 4.04938428412216e-05 0.8817638720000001
1185 4.034263155240588e-05 0.8825086050000001
1186 4.019203847523642e-05 0.8832533380000001
1187 4.004230967948384e-05 0.8839980710000001
1188 3.989369210129397e-05 0.884742804
1189 3.974643987131322e-05 0.885487537
1190 3.960081751203886e-05 0.88623227
1191 3.945710440637376e-05 0.886977003
1192 3.93155834000919e-05 0.887721736
1193 3.917653168687454e-05 0.888466469
1194 3.904021219963588e-05 0.889211202
1195 3.890685433347108e-05 0.889955935
1196 3.877664208155124e-05 0.890700668
1197 3.864969835767504e-05 0.891445401
1198 3.852608290706506e-05 0.892190134
1199 3.840580496999238e-05 0.892934867
1200 3.828882959160814e-05 0.8936796
1201 3.81750740263189e-05 0.894424333
1202 3.806441674994116e-05 0.895169066
1203 3.795670980517498e-05 0.895913799
1204 3.785178891512539e-05 0.896658532
1205 3.774948493392283e-05 0.897403265
1206 3.764960677860524e-05 0.898147998
1207 3.755202206849327e-05 0.898892731
1208 3.745661822651306e-05 0.899637464
1209 3.736328227207538e-05 0.900382197
1210 3.727189228451077e-05 0.90112693
1211 3.718231824727411e-05 0.901871663
1212 3.709442115673584e-05 0.902616396
1213 3.700805690752175e-05 0.903361129
1214 3.692308030084486e-05 0.904105862
1215 3.683934739121545e-05 0.904850595
1216 3.675671614069309e-05 0.905595328
1217 3.667504837094125e-05 0.906340061
1218 3.659421431676716e-05 0.9070847940000001
1219 3.651409067580729e-05 0.9078295270000001
1220 3.643456551368595e-05 0.9085742600000001
1221 3.635553865642983e-05 0.9093189930000001
1222 3.627692295935025e-05 0.9100637260000001
1223 3.619864518977821e-05 0.9108084590000001
1224 3.612064412411548e-05 0.9115531920000001
1225 3.604287088891944e-05 0.9122979250000001
1226 3.596528747969632e-05 0.9130426580000001
1227 3.588786649227378e-05 0.9137873910000001
1228 3.581059038548048e-05 0.9145321240000001
1229 3.573344997137238e-05 0.9152768570000001
1230 3.565644330756404e-05 0.9160215900000001
1231 3.557957501419179e-05 0.916766323
1232 3.550285567543617e-05 0.917511056
1233 3.542630053297293e-05 0.918255789
1234 3.53499284933345e-05 0.919000522
1235 3.52737617812389e-05 0.919745255
1236 3.519782541889782e-05 0.920489988
1237 3.512214949919331e-05 0.921234721
1238 3.504676697113266e-05 0.921979454
1239 3.497171385176663e-05 0.922724187
1240 3.489702328430873e-05 0.92346892
1241 3.482272997144592e-05 0.924213653
1242 3.474888095852768e-05 0.924958386
1243 3.467552573623224e-05 0.925703119
1244 3.460270609132393e-05 0.926447852
1245 3.453045805443394e-05 0.927192585
1246 3.445882091023583e-05 0.927937318
1247 3.438783347135105e-05 0.928682051
1248 3.431753574426163e-05 0.929426784
1249 3.424796759007473e-05 0.930171517
1250 3.417917721694874e-05 0.93091625
1251 3.411121551204269e-05 0.931660983
1252 3.404413337167192e-05 0.932405716
1253 3.397797980473385e-05 0.933150449
1254 3.391279918764355e-05 0.933895182
1255 3.384863316554484e-05 0.934639915
1256 3.378551848283908e-05 0.935384648
1257 3.372348853862123e-05 0.936129381
1258 3.366256898053242e-05 0.936874114
1259 3.36027802469318e-05 0.937618847
1260 3.354413626579187e-05 0.9383635800000001
1261 3.348664403016214e-05 0.9391083130000001
1262 3.343030166170582e-05 0.9398530460000001
1263 3.337509872999266e-05 0.9405977790000001
1264 3.332101962369555e-05 0.9413425120000001
1265 3.326804124239816e-05 0.9420872450000001
1266 3.321613580266504e-05 0.9428319780000001
1267 3.316526275667448e-05 0.9435767110000001
1268 3.311538156794376e-05 0.9443214440000001
1269 3.306644421887372e-05 0.9450661770000001
1270 3.301838290427793e-05 0.9458109100000001
1271 3.297112035529648e-05 0.9465556430000001
1272 3.292457287923549e-05 0.9473003760000001
1273 3.287865542446635e-05 0.9480451090000001
1274 3.283328223747889e-05 0.948789842
1275 3.278836733926371e-05 0.949534575
1276 3.274382549577305e-05 0.950279308
1277 3.269957302999405e-05 0.951024041
1278 3.265552854546583e-05 0.951768774
1279 3.261161304439219e-05 0.952513507
1280 3.256775114030165e-05 0.95325824
1281 3.252387098317632e-05 0.954002973
1282 3.247990521727881e-05 0.954747706
1283 3.243579131028664e-05 0.955492439
1284 3.239147039640733e-05 0.956237172
1285 3.234688740859393e-05 0.956981905
1286 3.230199319687362e-05 0.957726638
1287 3.22567438357356e-05 0.958471371
1288 3.221109935402197e-05 0.959216104
1289 3.216502099498044e-05 0.959960837
1290 3.211847103360488e-05 0.96070557
1291 3.207141030342325e-05 0.961450303
1292 3.202382635913772e-05 0.962195036
1293 3.197571147475787e-05 0.962939769
1294 3.192705584824162e-05 0.963684502
1295 3.187784914466658e-05 0.964429235
1296 3.182810506493361e-05 0.965173968
1297 3.177785748875566e-05 0.965918701
1298 3.172714891524965e-05 0.966663434
1299 3.167596832675568e-05 0.967408167
1300 3.162429349293232e-05 0.9681529
1301 3.157213926877989e-05 0.968897633
1302 3.151943234608033e-05 0.969642366
1303 3.146614875249551e-05 0.9703870990000001
1304 3.141220390232274e-05 0.9711318320000001
1305 3.135749337174375e-05 0.9718765650000001
1306 3.130192723158333e-05 0.9726212980000001
1307 3.124537917978305e-05 0.9733660310000001
1308 3.11877048784874e-05 0.9741107640000001
1309 3.112874165202929e-05 0.9748554970000001
1310 3.106833391704652e-05 0.9756002300000001
1311 3.100633612548897e-05 0.9763449630000001
1312 3.094261659135918e-05 0.9770896960000001
1313 3.087705608405181e-05 0.9778344290000001
1314 3.080955749459074e-05 0.9785791620000001
1315 3.074005071134315e-05 0.9793238950000001
1316 3.066848188757065e-05 0.9800686280000001
1317 3.059482210439567e-05 0.9808133610000001
1318 3.051907395258505e-05 0.981558094
1319 3.04412737818585e-05 0.982302827
1320 3.036149198043112e-05 0.98304756
1321 3.027983243743597e-05 0.983792293
1322 3.019643083211809e-05 0.984537026
1323 3.011145167427465e-05 0.985281759
1324 3.002508446015363e-05 0.986026492
1325 2.99375392279794e-05 0.986771225
1326 2.984904129820413e-05 0.987515958
1327 2.975982570256115e-05 0.988260691
1328 2.967013193731087e-05 0.989005424
1329 2.958019840892394e-05 0.989750157
1330 2.949025751833132e-05 0.99049489
1331 2.94005308366894e-05 0.991239623
1332 2.931122512354575e-05 0.991984356
1333 2.922253035862206e-05 0.992729089
1334 2.913461760901488e-05 0.993473822
1335 2.90476372984005e-05 0.994218555
1336 2.896171751327791e-05 0.994963288
1337 2.887696279322271e-05 0.995708021
1338 2.879345452138112e-05 0.996452754
1339 2.871124994862091e-05 0.997197487
1340 2.863038379836205e-05 0.99794222
1341 2.855086998479273e-05 0.998686953
1342 2.847270497491203e-05 0.999431686
1343 2.839586925181523e-05 1.000176419
1344 2.832033049302984e-05 1.000921152
1345 2.824604603900752e-05 1.001665885
1346 2.817296641144354e-05 1.002410618
1347 2.810103592254147e-05 1.003155351
1348 2.803019051986805e-05 1.003900084
1349 2.796036332778067e-05 1.004644817
1350 2.789148365564292e-05 1.00538955
1351 2.782348663032711e-05 1.006134283
1352 2.775630854489354e-05 1.006879016
1353 2.768988589324077e-05 1.007623749
1354 2.762415589734745e-05 1.008368482
1355 2.75590582795722e-05 1.009113215
1356 2.749453532274666e-05 1.009857948
1357 2.743053151147551e-05 1.010602681
1358 2.73669939567054e-05 1.011347414
1359 2.730387243593925e-05 1.012092147
1360 2.724112131384679e-05 1.01283688
1361 2.717870033382363e-05 1.013581613
1362 2.711656895482226e-05 1.014326346
1363 2.705468925720537e-05 1.015071079
1364 2.699302603961216e-05 1.015815812
1365 2.693154820257722e-05 1.016560545
1366 2.687022930399276e-05 1.017305278
1367 2.68090472052933e-05 1.018050011
1368 2.674798363106007e-05 1.018794744
1369 2.668702383625863e-05 1.019539477
1370 2.662615611625056e-05 1.02028421
1371 2.656537153074751e-05 1.021028943
1372 2.650466342261333e-05 1.021773676
1373 2.644402700157656e-05 1.022518409
1374 2.638345905475503e-05 1.023263142
1375 2.632295742044064e-05 1.024007875
1376 2.626252117808805e-05 1.024752608
1377 2.620215060690632e-05 1.025497341
1378 2.614184639739406e-05 1.026242074
1379 2.608160913746125e-05 1.026986807
1380 2.602143973134689e-05 1.02773154
1381 2.59613392630717e-05 1.028476273
1382 2.590130922790932e-05 1.029221006
1383 2.584135091860932e-05 1.029965739
1384 2.578146537265215e-05 1.030710472
1385 2.572165333130404e-05 1.031455205
1386 2.566191540520551e-05 1.032199938
1387 2.560225301194046e-05 1.032944671
1388 2.55426671673293e-05 1.033689404
1389 2.548315902969891e-05 1.034434137
1390 2.542372973875209e-05 1.03517887
1391 2.536437983971429e-05 1.035923603
1392 2.530511187922692e-05 1.036668336
1393 2.524593052268832e-05 1.037413069
1394 2.518683990553324e-05 1.038157802
1395 2.5127841068802e-05 1.038902535
1396 2.506893187334849e-05 1.039647268
1397 2.501011113808206e-05 1.040392001
1398 2.495137848733044e-05 1.041136734
1399 2.489273442387612e-05 1.041881467
1400 2.483418016062268e-05 1.0426262
1401 2.47757176034403e-05 1.043370933
1402 2.471734946772172e-05 1.044115666
1403 2.465907900755301e-05 1.044860399
1404 2.460091001489224e-05 1.045605132
1405 2.454284682414625e-05 1.046349865
1406 2.448489421294724e-05 1.047094598
1407 2.442705741249015e-05 1.047839331
1408 2.43693420372198e-05 1.048584064
1409 2.431175417101695e-05 1.049328797
1410 2.425430025065528e-05 1.05007353
1411 2.419698701337538e-05 1.050818263
1412 2.413982153899608e-05 1.051562996
1413 2.408281116432918e-05 1.052307729
1414 2.402596340794119e-05 1.053052462
1415 2.396928622747127e-05 1.053797195
1416 2.391278780842085e-05 1.054541928
1417 2.38564767579923e-05 1.055286661
1418 2.380036208509069e-05 1.056031394
1419 2.374445343639195e-05 1.056776127
1420 2.368876080746119e-05 1.05752086
1421 2.363329512425253e-05 1.058265593
1422 2.357806804485042e-05 1.059010326
1423 2.352309167541539e-05 1.059755059
1424 2.346837924754031e-05 1.060499792
1425 2.341394538971405e-05 1.061244525
1426 2.335980656818644e-05 1.061989258
1427 2.330598112730308e-05 1.062733991
1428 2.32524906593103e-05 1.063478724
1429 2.319935620507496e-05 1.064223457
1430 2.314659279950161e-05 1.06496819
1431 2.309420796929676e-05 1.065712923
1432 2.304219933269917e-05 1.066457656
1433 2.299055340967559e-05 1.067202389
1434 2.293925603311912e-05 1.067947122
1435 2.288829993365738e-05 1.068691855
1436 2.283767649382187e-05 1.069436588
1437 2.278738971141997e-05 1.070181321
1438 2.273744518588911e-05 1.070926054
1439 2.268785156279157e-05 1.071670787
1440 2.263861661830727e-05 1.07241552
1441 2.258974646313607e-05 1.073160253
1442 2.254124767980726e-05 1.073904986
1443 2.249312523386782e-05 1.074649719
1444 2.244538433783818e-05 1.075394452
1445 2.239802912288404e-05 1.076139185
1446 2.235106266582857e-05 1.076883918
1447 2.230448805692895e-05 1.077628651
1448 2.225830759941271e-05 1.078373384
1449 2.221252319484773e-05 1.079118117
1450 2.216713553030208e-05 1.07986285
1451 2.212214385743021e-05 1.080607583
1452 2.2077546360835e-05 1.081352316
1453 2.203334003523622e-05 1.082097049
1454 2.198952164623791e-05 1.082841782
1455 2.194608740131166e-05 1.083586515
1456 2.190303238447044e-05 1.084331248
1457 2.186035172888487e-05 1.085075981
1458 2.181804059327486e-05 1.085820714
1459 2.177609262855389e-05 1.086565447
1460 2.173450122267315e-05 1.08731018
1461 2.169325882748563e-05 1.088054913
1462 2.165235801305954e-05 1.088799646
1463 2.161179056501443e-05 1.089544379
1464 2.157154883802521e-05 1.090289112
1465 2.153162525631331e-05 1.091033845
1466 2.149201144185607e-05 1.091778578
1467 2.145270001810914e-05 1.092523311
1468 2.141368489800665e-05 1.093268044
1469 2.137496099084148e-05 1.094012777
1470 2.133652341698768e-05 1.09475751
1471 2.129836736228253e-05 1.095502243
1472 2.12604885425144e-05 1.096246976
1473 2.122288297189287e-05 1.096991709
1474 2.118554692245626e-05 1.097736442
1475 2.114847678016055e-05 1.098481175
1476 2.111166869881111e-05 1.099225908
1477 2.107511883486106e-05 1.099970641
1478 2.103882311478559e-05 1.100715374
1479 2.10027777968475e-05 1.101460107
1480 2.096697905662513e-05 1.10220484
1481 2.093142301464661e-05 1.102949573
1482 2.089610584493812e-05 1.103694306
1483 2.086102362559475e-05 1.104439039
1484 2.082617229136581e-05 1.105183772
1485 2.079154782775631e-05 1.105928505
1486 2.075714625853104e-05 1.106673238
1487 2.072296361737955e-05 1.107417971
1488 2.068899593446265e-05 1.108162704
1489 2.065523930185123e-05 1.108907437
1490 2.062168971412017e-05 1.10965217
1491 2.058834322322854e-05 1.110396903
1492 2.055519588196991e-05 1.111141636
1493 2.052224379152104e-05 1.111886369
1494 2.048948305022608e-05 1.112631102
1495 2.045690978373927e-05 1.113375835
1496 2.042452018715472e-05 1.114120568
1497 2.039231047927204e-05 1.114865301
1498 2.036027685854369e-05 1.115610034
1499 2.032841554922849e-05 1.116354767
1500 2.029672275036328e-05 1.1170995
1501 2.026519468401652e-05 1.117844233
1502 2.023382757303062e-05 1.118588966
1503 2.020261756822615e-05 1.119333699
1504 2.017156081581695e-05 1.120078432
1505 2.014065339623408e-05 1.120823165
1506 2.010989145313242e-05 1.121567898
1507 2.00792711213538e-05 1.122312631
1508 2.004878834924888e-05 1.123057364
1509 2.001843906615569e-05 1.123802097
1510 1.998821908631049e-05 1.12454683
1511 1.995812413731431e-05 1.125291563
1512 1.992814974350004e-05 1.126036296
1513 1.989829147715413e-05 1.126781029
1514 1.986854502116122e-05 1.127525762
1515 1.983890575151201e-05 1.128270495
1516 1.980936836471859e-05 1.129015228
1517 1.977992687075983e-05 1.129759961
1518 1.97505758358662e-05 1.130504694
1519 1.972131050579132e-05 1.131249427
1520 1.969212669221828e-05 1.13199416
1521 1.96630198322541e-05 1.132738893
1522 1.963397801755873e-05 1.133483626
1523 1.960498971279814e-05 1.134228359
1524 1.957605092997123e-05 1.134973092
1525 1.954716413295229e-05 1.135717825
1526 1.95183315085991e-05 1.136462558
1527 1.948955433623629e-05 1.137207291
1528 1.946083293825463e-05 1.137952024
1529 1.943216679428886e-05 1.138696757
1530 1.940355462580821e-05 1.13944149
1531 1.937499560281617e-05 1.140186223
1532 1.934648857627669e-05 1.140930956
1533 1.931803271722666e-05 1.141675689
1534 1.928962769501628e-05 1.142420422
1535 1.926127401386252e-05 1.143165155
1536 1.923297485369791e-05 1.143909888
1537 1.920473889899969e-05 1.144654621
1538 1.917658204984774e-05 1.145399354
1539 1.914852829220953e-05 1.146144087
1540 1.912060935214289e-05 1.14688882
1541 1.90928630815815e-05 1.147633553
1542 1.906532954202217e-05 1.148378286
1543 1.903804582347718e-05 1.149123019
1544 1.901104406815732e-05 1.149867752
1545 1.898433678208559e-05 1.150612485
1546 1.89579097932715e-05 1.151357218
1547 1.893172797384791e-05 1.152101951
1548 1.890574174667224e-05 1.152846684
1549 1.88798923558583e-05 1.153591417
1550 1.885411585124339e-05 1.15433615
1551 1.882834203611196e-05 1.155080883
1552 1.880249663039332e-05 1.155825616
1553 1.877650876719917e-05 1.156570349
1554 1.875030812784443e-05 1.157315082
1555 1.872382263188146e-05 1.158059815
1556 1.869700502298768e-05 1.158804548
1557 1.866981863577158e-05 1.159549281
1558 1.864224347065688e-05 1.160294014
1559 1.86142748145168e-05 1.161038747
1560 1.858590615046019e-05 1.16178348
1561 1.855712730464029e-05 1.162528213
1562 1.85279154590811e-05 1.163272946
1563 1.84982313676391e-05 1.164017679
1564 1.846801439304925e-05 1.164762412
1565 1.843718859982516e-05 1.165507145
1566 1.840567174214153e-05 1.166251878
1567 1.837337292721584e-05 1.166996611
1568 1.83401983221926e-05 1.167741344
1569 1.830604948061399e-05 1.168486077
1570 1.82708338574619e-05 1.16923081
1571 1.823447191498981e-05 1.169975543
1572 1.8196902346776e-05 1.170720276
1573 1.815808540626162e-05 1.171465009
1574 1.811799779105607e-05 1.172209742
1575 1.807663101701799e-05 1.172954475
1576 1.803399611870491e-05 1.173699208
1577 1.799012177218315e-05 1.174443941
1578 1.794505319950619e-05 1.175188674
1579 1.789860474181162e-05 1.175933407
1580 1.785138172925239e-05 1.17667814
1581 1.780316814022749e-05 1.177422873
1582 1.775404602639906e-05 1.178167606
1583 1.770410471424829e-05 1.178912339
1584 1.765343324843959e-05 1.179657072
1585 1.76021232315374e-05 1.180401805
1586 1.755026681990136e-05 1.181146538
1587 1.749795584742677e-05 1.181891271
1588 1.744527738984367e-05 1.182636004
1589 1.739231481620285e-05 1.183380737
1590 1.733914646436519e-05 1.18412547
1591 1.72858419854854e-05 1.184870203
1592 1.723246757765906e-05 1.185614936
1593 1.717908371640817e-05 1.186359669
1594 1.712574379122002e-05 1.187104402
1595 1.707249444166695e-05 1.187849135
1596 1.70193743742181e-05 1.188593868
1597 1.696641757444985e-05 1.189338601
1598 1.691365373061134e-05 1.190083334
1599 1.686111061183849e-05 1.190828067
1600 1.680880479937935e-05 1.1915728
1601 1.675675131603139e-05 1.192317533
1602 1.670495979092185e-05 1.193062266
1603 1.665343949401903e-05 1.193806999
1604 1.660219679081997e-05 1.194551732
1605 1.655123561568513e-05 1.195296465
1606 1.650055803696162e-05 1.196041198
1607 1.645016448297261e-05 1.196785931
1608 1.640005434400749e-05 1.197530664
1609 1.635022621443144e-05 1.198275397
1610 1.630067802367546e-05 1.19902013
1611 1.625140703701114e-05 1.199764863
1612 1.620240943914626e-05 1.200509596
1613 1.615368127322805e-05 1.201254329
1614 1.610521923070028e-05 1.201999062
1615 1.605702073339759e-05 1.202743795
1616 1.600908439100386e-05 1.203488528
1617 1.596141072255237e-05 1.204233261
1618 1.591400406581506e-05 1.204977994
1619 1.586687250002516e-05 1.205722727
1620 1.582002867155317e-05 1.20646746
1621 1.577348945816463e-05 1.207212193
1622 1.572727562919988e-05 1.207956926
1623 1.568141255598949e-05 1.208701659
1624 1.563592693383156e-05 1.209446392
1625 1.559084708476294e-05 1.210191125
1626 1.554620108843377e-05 1.210935858
1627 1.550201455413867e-05 1.211680591
1628 1.545830698860139e-05 1.212425324
1629 1.541509379622252e-05 1.213170057
1630 1.537238737771209e-05 1.21391479
1631 1.533019426772897e-05 1.214659523
1632 1.528851492154265e-05 1.215404256
1633 1.524734512927541e-05 1.216148989
1634 1.520667967613801e-05 1.216893722
1635 1.516651160455816e-05 1.217638455
1636 1.512683129151029e-05 1.218383188
1637 1.508762790007639e-05 1.219127921
1638 1.504888942369563e-05 1.219872654
1639 1.501060309502378e-05 1.220617387
1640 1.497275553321306e-05 1.22136212
1641 1.493533236339959e-05 1.222106853
1642 1.489831945308468e-05 1.222851586
1643 1.486170177841653e-05 1.223596319
1644 1.482546313103605e-05 1.224341052
1645 1.47895872743864e-05 1.225085785
1646 1.475405760243117e-05 1.225830518
1647 1.471885637199411e-05 1.226575251
1648 1.468396572815035e-05 1.227319984
1649 1.464936807620548e-05 1.228064717
1650 1.461504613304545e-05 1.22880945
1651 1.458098232039032e-05 1.229554183
1652 1.454715986376912e-05 1.230298916
1653 1.451356271774227e-05 1.231043649
1654 1.448017507766907e-05 1.231788382
1655 1.444698395957325e-05 1.232533115
1656 1.441397465576647e-05 1.233277848
1657 1.438113480784552e-05 1.234022581
1658 1.434845208483377e-05 1.234767314
1659 1.431591701111335e-05 1.235512047
1660 1.428352183998172e-05 1.23625678
1661 1.425125800984421e-05 1.237001513
1662 1.421911868281883e-05 1.237746246
1663 1.418709812973899e-05 1.238490979
1664 1.415519085059933e-05 1.239235712
1665 1.412339253445522e-05 1.239980445
1666 1.409169722251595e-05 1.240725178
1667 1.406009708975459e-05 1.241469911
1668 1.402858544415473e-05 1.242214644
1669 1.399715408256442e-05 1.242959377
1670 1.396579368884891e-05 1.24370411
1671 1.393449648221007e-05 1.244448843
1672 1.390325347796506e-05 1.245193576
1673 1.387205824289595e-05 1.245938309
1674 1.38409050915775e-05 1.246683042
1675 1.380979074058726e-05 1.247427775
1676 1.377871482166589e-05 1.248172508
1677 1.37476796206555e-05 1.248917241
1678 1.371669073172038e-05 1.249661974
1679 1.368575724935859e-05 1.250406707
1680 1.365489189545854e-05 1.25115144
1681 1.362411081465855e-05 1.251896173
1682 1.359343335007961e-05 1.252640906
1683 1.356288159607693e-05 1.253385639
1684 1.353248001621081e-05 1.254130372
1685 1.350225459788044e-05 1.254875105
1686 1.347223218906026e-05 1.255619838
1687 1.344244031079707e-05 1.256364571
1688 1.341290805453372e-05 1.257109304
1689 1.338366215470461e-05 1.257854037
1690 1.335472967227912e-05 1.25859877
1691 1.332613564432776e-05 1.259343503
1692 1.329790610803086e-05 1.260088236
1693 1.327006560628231e-05 1.260832969
1694 1.324263839665928e-05 1.261577702
1695 1.32156479567354e-05 1.262322435
1696 1.318911373450977e-05 1.263067168
1697 1.316305541652169e-05 1.263811901
1698 1.313748929275984e-05 1.264556634
1699 1.311242973723948e-05 1.265301367
1700 1.308788481951654e-05 1.2660461
1701 1.306385837925508e-05 1.266790833
1702 1.304034930551231e-05 1.267535566
1703 1.301735076912323e-05 1.268280299
1704 1.299485036009427e-05 1.269025032
1705 1.297283023314435e-05 1.269769765
1706 1.295126755863743e-05 1.270514498
1707 1.293013532622388e-05 1.271259231
1708 1.290940331838784e-05 1.272003964
1709 1.288903913874123e-05 1.272748697
1710 1.286900928935777e-05 1.27349343
1711 1.284928024792889e-05 1.274238163
1712 1.282981938295359e-05 1.274982896
1713 1.281059577796425e-05 1.275727629
1714 1.279158079848093e-05 1.276472362
1715 1.277274861636432e-05 1.277217095
1716 1.275407644625846e-05 1.277961828
1717 1.273554460181896e-05 1.278706561
1718 1.271713645020387e-05 1.279451294
1719 1.269883836004604e-05 1.280196027
1720 1.268063960197983e-05 1.28094076
1721 1.26625321727005e-05 1.281685493
1722 1.264451070775217e-05 1.282430226
1723 1.262657227412497e-05 1.283174959
1724 1.260871620025517e-05 1.283919692
1725 1.259094383005889e-05 1.284664425
1726 1.257325834592064e-05 1.285409158
1727 1.255566456212461e-05 1.286153891
1728 1.253816869465919e-05 1.286898624
1729 1.252077813780162e-05 1.287643357
1730 1.250350121228122e-05 1.28838809
1731 1.248634691955545e-05 1.289132823
1732 1.246932474517841e-05 1.289877556
1733 1.245244445668762e-05 1.290622289
1734 1.243571589195172e-05 1.291367022
1735 1.241914880333686e-05 1.292111755
1736 1.240275262123343e-05 1.292856488
1737 1.238653614599573e-05 1.293601221
1738 1.237050747731502e-05 1.294345954
1739 1.235467404901745e-05 1.295090687
1740 1.233904256955487e-05 1.29583542
1741 1.232361889002597e-05 1.296580153
1742 1.23084069546907e-05 1.297324886
1743 1.22934089822124e-05 1.298069619
1744 1.227862706530939e-05 1.298814352
1745 1.226406224562161e-05 1.299559085
1746 1.224971483508885e-05 1.300303818
1747 1.223557933348646e-05 1.301048551
1748 1.222165226188867e-05 1.301793284
1749 1.220792858890484e-05 1.302538017
1750 1.21944033330572e-05 1.30328275
1751 1.218107216052463e-05 1.304027483
1752 1.216792703611232e-05 1.304772216
1753 1.215495885640646e-05 1.305516949
1754 1.214215704296043e-05 1.306261682
1755 1.212950892255641e-05 1.307006415
1756 1.211700093430276e-05 1.307751148
1757 1.21046189679355e-05 1.308495881
1758 1.209234790678403e-05 1.309240614
1759 1.208017202558346e-05 1.309985347
1760 1.206807407763307e-05 1.31073008
1761 1.205603628174737e-05 1.311474813
1762 1.204404238403452e-05 1.312219546
1763 1.20320745784059e-05 1.312964279
1764 1.202011351564415e-05 1.313709012
1765 1.200814205844439e-05 1.314453745
1766 1.199614463625781e-05 1.315198478
1767 1.198410707536198e-05 1.315943211
1768 1.197201385608958e-05 1.316687944
