0 0 0
1 3.978223247549747e-72 0.000630159
2 5.983904048045108e-69 0.001260318
3 9.422264056875886e-67 0.001890477
4 2.129621491625659e-65 0.002520636
5 9.406796958359247e-64 0.003150795
6 1.562518271712515e-62 0.003780954
7 2.063717985775236e-61 0.004411113
8 2.639242743638117e-60 0.005041272
9 3.027189630992862e-59 0.005671431
10 8.551786668131683e-58 0.00630159
11 8.046338602336148e-57 0.006931749
12 2.874825790335506e-56 0.007561908
13 3.15481654341633e-55 0.008192067000000001
14 2.151110928722177e-53 0.008822226000000001
15 2.223284276431829e-53 0.009452385000000001
16 1.989794630321553e-52 0.010082544
17 1.841561132846286e-51 0.010712703
18 2.002941013762791e-50 0.011342862
19 2.450696305431101e-49 0.011973021
20 2.149861829391837e-48 0.01260318
21 1.460263687625234e-47 0.013233339
22 7.838506376722575e-47 0.013863498
23 3.003204650599995e-46 0.014493657
24 1.146496516178258e-45 0.015123816
25 5.169835123634449e-45 0.015753975
26 8.004548769863536e-44 0.016384134
27 1.138574418617575e-42 0.017014293
28 8.596319540305958e-42 0.017644452
29 4.765008885299529e-41 0.018274611
30 2.241489647106934e-40 0.01890477
31 9.030158830133529e-40 0.019534929
32 3.419209903926595e-39 0.020165088
33 9.44456266853002e-39 0.020795247
34 6.65401707044621e-39 0.021425406
35 1.423055451681375e-38 0.022055565
36 2.980386643927859e-37 0.022685724
37 7.741884091745233e-37 0.023315883
38 1.139477497208596e-38 0.023946042
39 3.026605984879786e-37 0.024576201
40 1.512217283138566e-36 0.02520636
41 2.318007737664796e-35 0.025836519
42 5.521253321463032e-35 0.026466678
43 1.731587922733586e-34 0.027096837
44 6.063496718511305e-34 0.027726996
45 2.264280585687366e-33 0.028357155
46 8.696063794456016e-33 0.028987314
47 3.403644140878531e-32 0.029617473
48 1.325360965605752e-31 0.030247632
49 5.090908254551071e-31 0.03087779100000001
50 1.919623811149739e-30 0.03150795
51 7.096525275362525e-30 0.032138109
52 2.569755777026433e-29 0.032768268
53 9.113615599635096e-29 0.033398427
54 3.165709617559115e-28 0.034028586
55 1.077306407497449e-27 0.034658745
56 3.592789390644891e-27 0.035288904
57 1.174602266020945e-26 0.035919063
58 3.765866519448483e-26 0.036549222
59 1.184402243288902e-25 0.037179381
60 3.655412935558412e-25 0.03780954
61 1.107427683587151e-24 0.038439699
62 3.294358447498218e-24 0.039069858
63 9.625735139667485e-24 0.039700017
64 2.763324892824257e-23 0.040330176
65 7.796307504581997e-23 0.040960335
66 2.162348617243474e-22 0.041590494
67 5.897391535609154e-22 0.042220653
68 1.582000497913879e-21 0.042850812
69 4.1752058336446e-21 0.043480971
70 1.084384865579886e-20 0.04411113
71 2.772238015972453e-20 0.044741289
72 6.977902586023116e-20 0.045371448
73 1.729695981759822e-19 0.046001607
74 4.223433326876042e-19 0.046631766
75 1.016041247500273e-18 0.047261925
76 2.408815320416111e-18 0.047892084
77 5.629078995747557e-18 0.048522243
78 1.2968993747027e-17 0.049152402
79 2.946472574179984e-17 0.049782561
80 6.602626708318857e-17 0.05041272
81 1.459618587466153e-16 0.051042879
82 3.183902304052547e-16 0.051673038
83 6.854357489599444e-16 0.052303197
84 1.456629940275343e-15 0.052933356
85 3.056300920917909e-15 0.053563515
86 6.332814836513575e-15 0.054193674
87 1.29610875280219e-14 0.054823833
88 2.620723831727328e-14 0.055453992
89 5.236345829089686e-14 0.056084151
90 1.034081042778424e-13 0.05671431
91 2.018763664780695e-13 0.057344469
92 3.89656425590235e-13 0.057974628
93 7.435956213648178e-13 0.058604787
94 1.402535904369482e-12 0.059234946
95 2.613017415730868e-12 0.059865105
96 4.806127773332241e-12 0.060495264
97 8.727366221411191e-12 0.06112542300000001
98 1.56529350624534e-11 0.061755582
99 2.774352514607885e-11 0.062385741
100 4.861681322196025e-11 0.0630159
101 8.426076920407483e-11 0.063646059
102 1.444771219398176e-10 0.06427621800000001
103 2.451320615001431e-10 0.06490637700000002
104 4.116253952853747e-10 0.06553653600000001
105 6.841784358805408e-10 0.06616669500000001
106 1.125797134110517e-09 0.066796854
107 1.834129434574221e-09 0.06742701300000001
108 2.958909128260755e-09 0.06805717200000001
109 4.727324299925237e-09 0.068687331
110 7.480476527274197e-09 0.06931749000000001
111 1.17251892802252e-08 0.06994764900000001
112 1.820679873042999e-08 0.07057780800000001
113 2.80102380482746e-08 0.07120796700000001
114 4.269878353958526e-08 0.07183812600000002
115 6.450225197127401e-08 0.07246828500000001
116 9.656925512508933e-08 0.07309844400000001
117 1.433016696876404e-07 0.073728603
118 2.107924528795244e-07 0.07435876200000001
119 3.073918210381974e-07 0.07498892100000001
120 4.444331368536362e-07 0.07561908000000001
121 6.371465040651006e-07 0.07624923900000001
122 9.05798907351812e-07 0.07687939800000002
123 1.277097077324549e-06 0.07750955700000001
124 1.78589023642936e-06 0.07813971600000001
125 2.477213281562625e-06 0.078769875
126 3.408697909720082e-06 0.07940003400000001
127 4.653389814154516e-06 0.08003019300000001
128 6.302969607341685e-06 0.080660352
129 8.471369047925246e-06 0.08129051100000001
130 1.129879603913241e-05 0.08192067000000001
131 1.495605549163851e-05 0.08255082900000001
132 1.96490671588201e-05 0.08318098800000001
133 2.562367789070728e-05 0.08381114700000002
134 3.317046170208696e-05 0.08444130600000001
135 4.262951827946717e-05 0.08507146500000001
136 5.43947665115115e-05 0.085701624
137 6.891752711710885e-05 0.08633178300000001
138 8.670895644960327e-05 0.08696194200000001
139 0.0001083414418168994 0.08759210100000001
140 0.0001344485093750359 0.08822226000000001
141 0.0001657228430851224 0.08885241900000002
142 0.0002029125057487061 0.08948257800000001
143 0.0002468141897070786 0.09011273700000001
144 0.0002982639934148626 0.090742896
145 0.0003581256243128536 0.09137305500000001
146 0.0004272758735068198 0.09200321400000001
147 0.0005065874635420152 0.092633373
148 0.0005969094820355485 0.09326353200000001
149 0.0006990457536290865 0.09389369100000002
150 0.000813731634862234 0.09452385000000001
151 0.000941609838345912 0.09515400900000001
152 0.001083205992970373 0.09578416800000002
153 0.001238904721449006 0.09641432700000001
154 0.001408927078282237 0.09704448600000001
155 0.001593310206412407 0.097674645
156 0.001791890061477524 0.09830480400000001
157 0.002004288001904689 0.09893496300000001
158 0.002229901950993827 0.09956512200000001
159 0.00246790263325117 0.100195281
160 0.002717235255529558 0.10082544
161 0.002976626376088698 0.101455599
162 0.003244595791471844 0.102085758
163 0.003519472915381192 0.102715917
164 0.003799416556123163 0.103346076
165 0.004082436930409789 0.103976235
166 0.004366420379926093 0.104606394
167 0.004649162711324977 0.105236553
168 0.004928463182072245 0.105866712
169 0.005202316752296114 0.106496871
170 0.005468890390311633 0.10712703
171 0.005726016105055565 0.107757189
172 0.005971841996550018 0.108387348
173 0.006204928849700733 0.109017507
174 0.006424147060949904 0.109647666
175 0.006628397191711129 0.110277825
176 0.006816404512215202 0.110907984
177 0.006987330632095655 0.111538143
178 0.007140804913453311 0.112168302
179 0.007276428822747965 0.112798461
180 0.007393746683966601 0.11342862
181 0.007492960191981392 0.114058779
182 0.00757452019412165 0.114688938
183 0.007639066052521871 0.115319097
184 0.007687000983398294 0.115949256
185 0.007718906297237874 0.116579415
186 0.00773555128403036 0.117209574
187 0.007737993870192707 0.117839733
188 0.007727625155357408 0.118469892
189 0.007705724249524322 0.119100051
190 0.007673054281466371 0.11973021
191 0.007630313006948842 0.120360369
192 0.007578423258545784 0.120990528
193 0.007518699062906799 0.121620687
194 0.007452384115189511 0.122250846
195 0.007380615721323406 0.122881005
196 0.007304397966228748 0.123511164
197 0.007224355899437808 0.124141323
198 0.007140989085422356 0.124771482
199 0.007054711393556319 0.125401641
200 0.006966102650802351 0.1260318
201 0.006875794199085658 0.126661959
202 0.006784435829856747 0.127292118
203 0.006692827890742627 0.127922277
204 0.006601750181421405 0.128552436
205 0.006511444449733614 0.129182595
206 0.006421768924679076 0.129812754
207 0.006332577781628484 0.130442913
208 0.006243798708765925 0.131073072
209 0.006155593878678352 0.131703231
210 0.006068266532603037 0.13233339
211 0.005982124054313181 0.132963549
212 0.005897344550440625 0.133593708
213 0.005814117467696191 0.134223867
214 0.005732558272192309 0.134854026
215 0.005652769617967461 0.135484185
216 0.005574727628395098 0.136114344
217 0.00549825227547286 0.136744503
218 0.005423023281306501 0.137374662
219 0.005348739350730711 0.138004821
220 0.005275274132365683 0.13863498
221 0.005202758863340102 0.139265139
222 0.005131363054057789 0.139895298
223 0.005061127338592311 0.140525457
224 0.004992245873323827 0.141155616
225 0.004924864181304197 0.141785775
226 0.004859086714999415 0.142415934
227 0.004794903862200089 0.143046093
228 0.004732048242909952 0.143676252
229 0.004670151865816126 0.144306411
230 0.004609031991330139 0.14493657
231 0.004548672560003373 0.145566729
232 0.004488982918070439 0.146196888
233 0.004429959518132375 0.146827047
234 0.004371644413867776 0.147457206
235 0.004314132159479836 0.148087365
236 0.004257371387353329 0.148717524
237 0.004201535053573265 0.149347683
238 0.004146735888763348 0.149977842
239 0.004092992876932841 0.150608001
240 0.004040467354485667 0.15123816
241 0.003989341961356962 0.151868319
242 0.003939508104021302 0.152498478
243 0.003890833375065549 0.153128637
244 0.003843061068054829 0.153758796
245 0.003795898670641698 0.154388955
246 0.003749080905151767 0.155019114
247 0.003702596717843117 0.155649273
248 0.003656519316700062 0.156279432
249 0.003610920608443447 0.156909591
250 0.003565958045202571 0.15753975
251 0.00352179042000305 0.158169909
252 0.003478308793297017 0.158800068
253 0.003435569171425216 0.159430227
254 0.003393441980873131 0.160060386
255 0.003352023607533546 0.160690545
256 0.003311439629039556 0.161320704
257 0.00327166370307301 0.161950863
258 0.003232730434300996 0.162581022
259 0.003194805734827849 0.163211181
260 0.003157918402155735 0.16384134
261 0.003121868744313072 0.164471499
262 0.003086433019570819 0.165101658
263 0.003051506769986723 0.165731817
264 0.003016896263376246 0.166361976
265 0.002982535637934534 0.166992135
266 0.002948363686874685 0.167622294
267 0.002914460321255618 0.168252453
268 0.00288096594733622 0.168882612
269 0.002847941718928035 0.169512771
270 0.002815553492027746 0.17014293
271 0.002783881180406305 0.170773089
272 0.002752905741787343 0.171403248
273 0.002722563496031105 0.172033407
274 0.002692830160230567 0.172663566
275 0.002663715647276886 0.173293725
276 0.002635213494238494 0.173923884
277 0.002607212756814038 0.174554043
278 0.002579768519664255 0.175184202
279 0.00255288648671045 0.175814361
280 0.00252649060520346 0.17644452
281 0.002500553068574451 0.177074679
282 0.002475192013040904 0.177704838
283 0.002450380054166295 0.178334997
284 0.002425991440734865 0.178965156
285 0.00240182645788706 0.179595315
286 0.002377721449939367 0.180225474
287 0.002353623646357504 0.180855633
288 0.002329465029823936 0.181485792
289 0.002305297116359968 0.182115951
290 0.002281212430001806 0.18274611
291 0.002257274086927319 0.183376269
292 0.002233613024896247 0.184006428
293 0.00221033870617605 0.184636587
294 0.002187444966362279 0.185266746
295 0.002164832789597016 0.185896905
296 0.002142531350704314 0.186527064
297 0.00212060176809227 0.187157223
298 0.002099179387758375 0.187787382
299 0.002078394025060789 0.188417541
300 0.002058313655235819 0.1890477
301 0.002038963720282884 0.189677859
302 0.002020302069267934 0.190308018
303 0.002002237802757521 0.190938177
304 0.001984710884309687 0.191568336
305 0.001967675253038383 0.192198495
306 0.001951055357719987 0.192828654
307 0.001934785088831916 0.193458813
308 0.001918829769356571 0.194088972
309 0.001903152571081438 0.194719131
310 0.001887694345655018 0.19534929
311 0.001872412465549956 0.195979449
312 0.001857314339519559 0.196609608
313 0.001842402849158797 0.197239767
314 0.001827651352360157 0.197869926
315 0.001812960243605109 0.198500085
316 0.00179821704155354 0.199130244
317 0.001783352410193528 0.199760403
318 0.001768295876623654 0.200390562
319 0.001753005345523859 0.201020721
320 0.001737473550550786 0.20165088
321 0.001721697911697156 0.202281039
322 0.001705694734682594 0.202911198
323 0.001689586187582076 0.203541357
324 0.001673507121865229 0.204171516
325 0.001657552394526594 0.204801675
326 0.001641790571856913 0.205431834
327 0.001626244910352728 0.206061993
328 0.001610980165476235 0.206692152
329 0.001596013426820488 0.207322311
330 0.001581264022382581 0.20795247
331 0.001566703234862883 0.208582629
332 0.00155235619699841 0.209212788
333 0.001538289464595619 0.209842947
334 0.001524519920487413 0.210473106
335 0.001511092068040989 0.211103265
336 0.001498053296990335 0.211733424
337 0.001485422964168349 0.212363583
338 0.001473249512964542 0.212993742
339 0.001461539124508877 0.213623901
340 0.00145026911409373 0.21425406
341 0.001439450171203412 0.214884219
342 0.001429040820162887 0.215514378
343 0.001419012703665837 0.216144537
344 0.001409354537759472 0.216774696
345 0.001400054751927008 0.217404855
346 0.001391067252499219 0.218035014
347 0.001382327760615578 0.218665173
348 0.001373742303665917 0.219295332
349 0.001365257759479644 0.219925491
350 0.001356845993302848 0.22055565
351 0.001348493908508161 0.221185809
352 0.001340170845282165 0.221815968
353 0.001331841576381463 0.222446127
354 0.001323494698055349 0.223076286
355 0.001315093381058226 0.223706445
356 0.001306631961801761 0.224336604
357 0.001298092766965587 0.224966763
358 0.001289410420345974 0.225596922
359 0.001280535026281369 0.226227081
360 0.001271438807816348 0.22685724
361 0.001262112074207911 0.227487399
362 0.001252557220398265 0.228117558
363 0.001242780043658388 0.228747717
364 0.00123278130731707 0.229377876
365 0.001222592692979165 0.230008035
366 0.001212267018781662 0.230638194
367 0.001201849178456583 0.231268353
368 0.001191377388302443 0.231898512
369 0.001180888680223903 0.232528671
370 0.001170388432116373 0.23315883
371 0.001159894742078417 0.233788989
372 0.001149447842206553 0.234419148
373 0.001139083014220881 0.235049307
374 0.001128809349540834 0.235679466
375 0.001118644706336868 0.236309625
376 0.001108606089601147 0.236939784
377 0.001098701040499937 0.237569943
378 0.001088901443655478 0.238200102
379 0.001079178892569293 0.238830261
380 0.001069510692273155 0.23946042
381 0.001059898793956655 0.240090579
382 0.001050341421711125 0.240720738
383 0.00104089212231852 0.241350897
384 0.001031624001772385 0.241981056
385 0.001022589674452769 0.242611215
386 0.001013814530444856 0.243241374
387 0.00100531108108589 0.243871533
388 0.0009970695763412388 0.244501692
389 0.0009890936862641448 0.245131851
390 0.0009813919444607024 0.24576201
391 0.0009739569127726096 0.246392169
392 0.0009667780007558569 0.247022328
393 0.0009598624938848283 0.247652487
394 0.0009532149143561384 0.248282646
395 0.0009468226324874927 0.248912805
396 0.0009406765792064536 0.249542964
397 0.0009347764769654289 0.250173123
398 0.0009291160431384877 0.250803282
399 0.0009236675695102811 0.251433441
400 0.0009184135455395453 0.2520636000000001
401 0.0009132993324212831 0.252693759
402 0.0009083132659644334 0.253323918
403 0.0009034339841390848 0.2539540770000001
404 0.0008986490364068899 0.254584236
405 0.0008939485223506512 0.255214395
406 0.0008893179929777893 0.2558445540000001
407 0.0008847405472369841 0.256474713
408 0.0008802024619428375 0.257104872
409 0.0008756705241371552 0.2577350310000001
410 0.0008711239850699834 0.25836519
411 0.0008665645695437103 0.258995349
412 0.0008620079449684256 0.2596255080000001
413 0.0008574396448745992 0.260255667
414 0.0008528326263124082 0.260885826
415 0.0008481477254881989 0.261515985
416 0.000843342276934727 0.262146144
417 0.0008383758013377986 0.262776303
418 0.0008332099747613844 0.263406462
419 0.0008278244394754492 0.264036621
420 0.0008221789504313687 0.26466678
421 0.0008162772703012782 0.265296939
422 0.0008101482376330811 0.265927098
423 0.0008038347610001736 0.266557257
424 0.0007973844369759704 0.267187416
425 0.0007908422363024134 0.267817575
426 0.000784243337389955 0.268447734
427 0.0007776228249870037 0.269077893
428 0.0007710015420897636 0.269708052
429 0.0007643963485557621 0.2703382110000001
430 0.0007578060892714415 0.27096837
431 0.0007512432566062321 0.271598529
432 0.0007447210002941129 0.2722286880000001
433 0.0007382522961166868 0.272858847
434 0.0007318526152091803 0.273489006
435 0.0007255358728656813 0.2741191650000001
436 0.0007193133471467639 0.274749324
437 0.0007131950544781263 0.275379483
438 0.0007071895553127576 0.2760096420000001
439 0.0007013055085797317 0.276639801
440 0.0006955307352388561 0.27726996
441 0.0006898550553166416 0.2779001190000001
442 0.0006842892171598428 0.278530278
443 0.0006788465158185801 0.279160437
444 0.0006735363014815329 0.2797905960000001
445 0.0006683604809830685 0.280420755
446 0.000663274045575558 0.281050914
447 0.0006582382825461957 0.2816810730000001
448 0.0006532408562378321 0.282311232
449 0.0006482830226255832 0.282941391
450 0.0006433798221375263 0.2835715500000001
451 0.0006385528734054826 0.284201709
452 0.0006338243318106654 0.284831868
453 0.0006292098647672557 0.2854620270000001
454 0.0006247173399251995 0.286092186
455 0.000620347377228873 0.286722345
456 0.0006160950842834476 0.287352504
457 0.0006119565493732469 0.287982663
458 0.0006079290350259117 0.288612822
459 0.0006040100153282903 0.289242981
460 0.0006002009083406883 0.28987314
461 0.0005964994971959163 0.290503299
462 0.0005929066037242851 0.291133458
463 0.0005894259932234083 0.291763617
464 0.0005860608955395721 0.292393776
465 0.0005828112588085363 0.293023935
466 0.000579673248928448 0.293654094
467 0.0005766377262956955 0.2942842530000001
468 0.0005736890135874516 0.294914412
469 0.0005708158762836344 0.295544571
470 0.0005680104706649105 0.2961747300000001
471 0.0005652658555601816 0.296804889
472 0.0005625731457997089 0.297435048
473 0.0005599167293378756 0.2980652070000001
474 0.0005572709503457693 0.298695366
475 0.0005546223856159202 0.299325525
476 0.0005519688630502213 0.2999556840000001
477 0.0005493093229233606 0.300585843
478 0.0005466423153519437 0.301216002
479 0.0005439665412874839 0.3018461610000001
480 0.0005412804938886307 0.30247632
481 0.0005385898768915241 0.303106479
482 0.0005359006842661916 0.3037366380000001
483 0.0005332181123120006 0.304366797
484 0.0005305354806964613 0.304996956
485 0.0005278415551020083 0.3056271150000001
486 0.0005251228838919849 0.306257274
487 0.0005223664274628158 0.306887433
488 0.0005195611372557287 0.3075175920000001
489 0.0005166973081506108 0.308147751
490 0.0005137659059026009 0.30877791
491 0.0005107600082742253 0.3094080690000001
492 0.0005076731439401959 0.310038228
493 0.000504501771026057 0.310668387
494 0.000501243421739606 0.311298546
495 0.0004978998914872248 0.311928705
496 0.0004944744521296582 0.312558864
497 0.0004909730213642303 0.313189023
498 0.0004874042781486162 0.313819182
499 0.000483778868170373 0.314449341
500 0.0004801087629873796 0.3150795
501 0.0004764045463283924 0.315709659
502 0.0004726734155811182 0.3163398180000001
503 0.0004689217638581243 0.316969977
504 0.0004651620658434817 0.317600136
505 0.0004614109889562242 0.3182302950000001
506 0.0004576860778258489 0.318860454
507 0.0004540020838569854 0.319490613
508 0.0004503704694604508 0.3201207720000001
509 0.0004467996574697909 0.320750931
510 0.0004432961174597341 0.32138109
511 0.0004398646285824773 0.3220112490000001
512 0.0004365088996195583 0.322641408
513 0.0004332322837406384 0.323271567
514 0.0004300357716662081 0.3239017260000001
515 0.0004269191583922387 0.324531885
516 0.0004238811596852884 0.325162044
517 0.000420920274208321 0.3257922030000001
518 0.000418034762084855 0.326422362
519 0.0004152226315854232 0.327052521
520 0.0004124817603959235 0.3276826800000001
521 0.0004098097031766292 0.328312839
522 0.0004072040820334274 0.328942998
523 0.0004046628268323947 0.3295731570000001
524 0.0004021834840485685 0.330203316
525 0.0003997627347371721 0.330833475
526 0.0003973930846295063 0.3314636340000001
527 0.0003950663874040844 0.332093793
528 0.0003927742239497747 0.332723952
529 0.0003905006756580076 0.3333541110000001
530 0.0003882312479744412 0.33398427
531 0.0003859608517624208 0.334614429
532 0.0003836926925902828 0.3352445880000001
533 0.000381433526546612 0.335874747
534 0.0003791927164689261 0.336504906
535 0.0003769809853521926 0.337135065
536 0.0003748080965588764 0.337765224
537 0.000372683358210294 0.338395383
538 0.0003706154660651605 0.339025542
539 0.0003686103086328925 0.339655701
540 0.0003666709889959142 0.3402858600000001
541 0.0003647971638183027 0.340916019
542 0.0003629854367602035 0.341546178
543 0.0003612297289773423 0.3421763370000001
544 0.000359521100813201 0.342806496
545 0.0003578548572103779 0.343436655
546 0.0003562313796681493 0.3440668140000001
547 0.0003546519812540746 0.344696973
548 0.0003531161892507773 0.345327132
549 0.0003516235823188263 0.3459572910000001
550 0.000350172172047722 0.34658745
551 0.0003487586119190606 0.347217609
552 0.000347378761651966 0.3478477680000001
553 0.0003460281894161286 0.348477927
554 0.0003447024160752303 0.349108086
555 0.000343397160020543 0.3497382450000001
556 0.0003421086148281248 0.350368404
557 0.0003408332381511198 0.350998563
558 0.00033956806085964 0.3516287220000001
559 0.0003383101613452582 0.352258881
560 0.0003370564478711706 0.35288904
561 0.0003358043413973225 0.3535191990000001
562 0.0003345519556409519 0.354149358
563 0.0003332979955010793 0.354779517
564 0.0003320415211862268 0.3554096760000001
565 0.0003307825262013407 0.356039835
566 0.000329520498829168 0.356669994
567 0.0003282549944132515 0.3573001530000001
568 0.0003269857726147344 0.357930312
569 0.0003257125375420799 0.358560471
570 0.000324435177257372 0.3591906300000001
571 0.0003231538684187842 0.359820789
572 0.000321866913352871 0.360450948
573 0.0003205708394878225 0.361081107
574 0.0003192621931334722 0.361711266
575 0.0003179371178252343 0.3623414250000001
576 0.0003165923272336286 0.362971584
577 0.0003152245165734087 0.363601743
578 0.0003138304361650122 0.3642319020000001
579 0.0003124061190937796 0.364862061
580 0.0003109482267753668 0.36549222
581 0.0003094544000133439 0.3661223790000001
582 0.000307923283547108 0.366752538
583 0.0003063545659901492 0.367382697
584 0.0003047490224251522 0.3680128560000001
585 0.0003031083414519252 0.368643015
586 0.000301434743635012 0.369273174
587 0.0002997311631908496 0.3699033330000001
588 0.0002980019415972426 0.370533492
589 0.0002962525352460166 0.371163651
590 0.0002944887474762478 0.3717938100000001
591 0.0002927163742404722 0.372423969
592 0.0002909411039946084 0.373054128
593 0.0002891683444860913 0.3736842870000001
594 0.0002874030484362463 0.374314446
595 0.0002856499733288664 0.374944605
596 0.0002839130689845755 0.3755747640000001
597 0.0002821954046117078 0.376204923
598 0.0002804993358902713 0.376835082
599 0.0002788268031600108 0.3774652410000001
600 0.0002771793118126813 0.3780954
601 0.0002755579254925719 0.378725559
602 0.0002739633061898818 0.3793557180000001
603 0.0002723957487917819 0.379985877
604 0.0002708551379028904 0.380616036
605 0.0002693410672283933 0.3812461950000001
606 0.0002678530330636054 0.381876354
607 0.0002663899166993525 0.382506513
608 0.0002649504406961702 0.3831366720000001
609 0.0002635312831946388 0.383766831
610 0.0002621301563666613 0.38439699
611 0.0002607468465921175 0.3850271490000001
612 0.0002593838426087369 0.385657308
613 0.0002580430331572192 0.3862874670000001
614 0.0002567256178431725 0.386917626
615 0.0002554322436241611 0.387547785
616 0.0002541630921239336 0.3881779440000001
617 0.0002529179732592674 0.388808103
618 0.0002516966225507159 0.389438262
619 0.0002504983440549586 0.3900684210000001
620 0.0002493221605069456 0.39069858
621 0.0002481666824766059 0.391328739
622 0.0002470272478090246 0.3919588980000001
623 0.0002458998643319746 0.392589057
624 0.0002447776145890485 0.393219216
625 0.0002436512962506203 0.3938493750000001
626 0.0002425136975230814 0.394479534
627 0.0002413621702626035 0.395109693
628 0.000240198534912498 0.3957398520000001
629 0.0002390261675137429 0.396370011
630 0.0002378501913174185 0.39700017
631 0.0002366775582348287 0.3976303290000001
632 0.0002355161340766682 0.398260488
633 0.0002343729818472119 0.398890647
634 0.0002332533053778035 0.3995208060000001
635 0.0002321611567285118 0.400150965
636 0.0002310988412851739 0.400781124
637 0.0002300676976653009 0.4014112830000001
638 0.0002290682085631443 0.402041442
639 0.0002281001908802188 0.402671601
640 0.0002271630500401289 0.4033017600000001
641 0.0002262558859493377 0.403931919
642 0.0002253774049917392 0.404562078
643 0.0002245262140126812 0.4051922370000001
644 0.0002237013871542622 0.405822396
645 0.0002229013952662821 0.406452555
646 0.0002221242527552605 0.4070827140000001
647 0.0002213678716875204 0.407712873
648 0.000220629666451114 0.4083430320000001
649 0.0002199086753512294 0.4089731910000001
650 0.0002192041940044722 0.40960335
651 0.0002185155088656878 0.4102335090000001
652 0.000217841813465123 0.410863668
653 0.0002171822104001742 0.411493827
654 0.0002165355505768035 0.4121239860000001
655 0.0002159005826466825 0.412754145
656 0.000215276364229759 0.413384304
657 0.0002146616711324473 0.4140144630000001
658 0.0002140543678934624 0.414644622
659 0.0002134525351815897 0.415274781
660 0.0002128544843157589 0.4159049400000001
661 0.0002122587330846223 0.416535099
662 0.0002116639631182662 0.417165258
663 0.0002110690168660154 0.4177954170000001
664 0.0002104728859005876 0.418425576
665 0.0002098747185587808 0.419055735
666 0.0002092737181283452 0.4196858940000001
667 0.0002086692054483912 0.420316053
668 0.0002080606398075485 0.420946212
669 0.0002074476003772501 0.4215763710000001
670 0.0002068297980043184 0.42220653
671 0.0002062070756183205 0.422836689
672 0.0002055793170733399 0.4234668480000001
673 0.0002049465629676689 0.424097007
674 0.0002043089775461468 0.424727166
675 0.0002036667359799562 0.4253573250000001
676 0.0002030203788455727 0.425987484
677 0.000202370331872861 0.426617643
678 0.000201716619667801 0.4272478020000001
679 0.0002010592587486565 0.427877961
680 0.0002003968504814559 0.42850812
681 0.000199728829572652 0.4291382790000001
682 0.0001990551553062487 0.429768438
683 0.0001983753164788702 0.430398597
684 0.0001976887581440037 0.4310287560000001
685 0.0001969950317458565 0.431658915
686 0.0001962930114893013 0.4322890740000001
687 0.0001955810851706085 0.4329192330000001
688 0.0001948574014096558 0.433549392
689 0.000194120154893783 0.4341795510000001
690 0.0001933676334729848 0.4348097100000001
691 0.0001925982568106304 0.435439869
692 0.0001918107560902363 0.4360700280000001
693 0.000191004059329981 0.436700187
694 0.0001901774252600485 0.437330346
695 0.0001893305995855628 0.4379605050000001
696 0.0001884638470145629 0.438590664
697 0.0001875779637648325 0.439220823
698 0.0001866742943385356 0.4398509820000001
699 0.0001857547740151737 0.440481141
700 0.0001848213786249406 0.4411113
701 0.0001838764712225624 0.4417414590000001
702 0.0001829227146901652 0.442371618
703 0.0001819628935368439 0.443001777
704 0.0001809999187668817 0.4436319360000001
705 0.0001800366944660753 0.444262095
706 0.0001790756386076826 0.444892254
707 0.0001781191878790627 0.4455224130000001
708 0.0001771690704291601 0.446152572
709 0.0001762248561175131 0.446782731
710 0.0001752877572605863 0.4474128900000001
711 0.0001743595361526567 0.448043049
712 0.000173441734324885 0.448673208
713 0.0001725357549261463 0.4493033670000001
714 0.0001716427835414107 0.449933526
715 0.0001707633649123304 0.450563685
716 0.000169897630358798 0.4511938440000001
717 0.0001690461887089195 0.451824003
718 0.0001682094376401604 0.452454162
719 0.0001673874172084904 0.4530843210000001
720 0.0001665799447314144 0.45371448
721 0.0001657866740904988 0.4543446390000001
722 0.0001650071730009534 0.4549747980000001
723 0.0001642409865397944 0.455604957
724 0.0001634876829601004 0.4562351160000001
725 0.0001627468711141969 0.4568652750000001
726 0.0001620182045043335 0.457495434
727 0.0001613013963780085 0.4581255930000001
728 0.0001605962078035306 0.4587557520000001
729 0.0001599026556057736 0.459385911
730 0.0001592200335749099 0.4600160700000001
731 0.0001585485187843031 0.460646229
732 0.0001578878327687173 0.461276388
733 0.0001572376816533038 0.4619065470000001
734 0.0001565979435819968 0.462536706
735 0.0001559671869244413 0.463166865
736 0.0001553439840184759 0.4637970240000001
737 0.0001547284512658754 0.464427183
738 0.0001541209916434686 0.465057342
739 0.0001535219965564602 0.4656875010000001
740 0.0001529318983778231 0.46631766
741 0.0001523511243284138 0.466947819
742 0.0001517800111531413 0.4675779780000001
743 0.0001512188049094412 0.468208137
744 0.0001506675986629683 0.468838296
745 0.0001501261643752996 0.4694684550000001
746 0.0001495940317368662 0.470098614
747 0.0001490703546453192 0.470728773
748 0.0001485533450705668 0.4713589320000001
749 0.0001480402939198502 0.471989091
750 0.0001475280563010812 0.47261925
751 0.0001470126234280238 0.4732494090000001
752 0.0001464892177622515 0.473879568
753 0.000145953579371002 0.474509727
754 0.0001454044689602836 0.4751398860000001
755 0.0001448420070040179 0.475770045
756 0.0001442672873294417 0.476400204
757 0.0001436827881807846 0.4770303630000001
758 0.0001430915902442451 0.477660522
759 0.0001424970626888001 0.4782906810000001
760 0.0001419023644181381 0.4789208400000001
761 0.0001413106484934102 0.479550999
762 0.0001407249079428854 0.4801811580000001
763 0.0001401476934635717 0.4808113170000001
764 0.0001395810474192784 0.481441476
765 0.0001390265281223667 0.4820716350000001
766 0.0001384851958982817 0.4827017940000001
767 0.0001379576768364343 0.483331953
768 0.0001374442030169866 0.4839621120000001
769 0.0001369447992934008 0.4845922710000001
770 0.0001364589754459189 0.48522243
771 0.0001359860246205529 0.4858525890000001
772 0.0001355251627055982 0.486482748
773 0.0001350755851843206 0.487112907
774 0.000134636530431056 0.4877430660000001
775 0.0001342072700210499 0.488373225
776 0.0001337869954447882 0.489003384
777 0.0001333751841668917 0.4896335430000001
778 0.0001329716406140347 0.490263702
779 0.000132576265286291 0.490893861
780 0.0001321890078413345 0.4915240200000001
781 0.0001318098731194711 0.492154179
782 0.0001314388613999937 0.492784338
783 0.0001310759432756208 0.4934144970000001
784 0.0001307210655585747 0.494044656
785 0.0001303742449530238 0.494674815
786 0.0001300353732234156 0.4953049740000001
787 0.0001297042249085756 0.495935133
788 0.0001293804770323513 0.496565292
789 0.0001290637858184526 0.4971954510000001
790 0.0001287537477807912 0.49782561
791 0.0001284499332620212 0.498455769
792 0.0001281519026449039 0.4990859280000001
793 0.0001278591944369153 0.499716087
794 0.0001275713504563748 0.500346246
795 0.0001272878910968501 0.500976405
796 0.0001270083087486051 0.501606564
797 0.0001267321210849633 0.502236723
798 0.0001264588243038451 0.502866882
799 0.0001261878728912392 0.503497041
800 0.0001259187073750597 0.5041272
801 0.0001256507677511351 0.504757359
802 0.0001253834903650677 0.505387518
803 0.0001251163283188281 0.506017677
804 0.00012484876975571 0.506647836
805 0.0001245803401714043 0.507277995
806 0.0001243105858275319 0.507908154
807 0.0001240391135172519 0.508538313
808 0.0001237656082381018 0.509168472
809 0.0001234897885829623 0.509798631
810 0.0001232112891734549 0.51042879
811 0.0001229298852864803 0.511058949
812 0.000122645322570613 0.511689108
813 0.0001223566322141417 0.512319267
814 0.0001220634541734473 0.512949426
815 0.0001217661620319469 0.513579585
816 0.0001214652860751193 0.514209744
817 0.0001211613245631088 0.514839903
818 0.0001208547880192652 0.515470062
819 0.0001205461295022866 0.516100221
820 0.0001202357325935329 0.51673038
821 0.0001199238561499622 0.517360539
822 0.0001196104946852666 0.517990698
823 0.0001192953193375104 0.518620857
824 0.0001189776793847937 0.519251016
825 0.0001186568686593176 0.519881175
826 0.0001183310439014957 0.520511334
827 0.0001179984250045103 0.521141493
828 0.0001176581682198889 0.521771652
829 0.0001173094231769375 0.5224018109999999
830 0.0001169514391991734 0.52303197
831 0.0001165835890501371 0.523662129
832 0.0001162053108749044 0.5242922879999999
833 0.0001158161242479241 0.524922447
834 0.0001154156462635979 0.525552606
835 0.0001150035664295767 0.5261827649999999
836 0.0001145797024368584 0.526812924
837 0.0001141440856972183 0.527443083
838 0.0001136969701657294 0.5280732419999999
839 0.0001132388387069346 0.528703401
840 0.0001127703981015973 0.52933356
841 0.0001122925726145224 0.5299637189999999
842 0.0001118064885620833 0.530593878
843 0.0001113134324663623 0.531224037
844 0.000110814814956714 0.5318541959999999
845 0.0001103121199621842 0.532484355
846 0.0001098068567152303 0.533114514
847 0.0001093005123534413 0.5337446729999999
848 0.0001087945101321541 0.534374832
849 0.0001082901785109285 0.535004991
850 0.0001077887205991004 0.5356351499999999
851 0.0001072911918766132 0.536265309
852 0.000106798492072368 0.536895468
853 0.000106311379644293 0.537525627
854 0.0001058304559228354 0.538155786
855 0.000105356165919142 0.538785945
856 0.0001048888077656704 0.539416104
857 0.0001044285478858418 0.540046263
858 0.000103975438045665 0.540676422
859 0.000103529437027401 0.541306581
860 0.0001030904247915258 0.54193674
861 0.0001026582185927153 0.542566899
862 0.0001022325942249593 0.543197058
863 0.0001018132899222543 0.543827217
864 0.0001014000347825293 0.544457376
865 0.0001009925691996536 0.545087535
866 0.0001005906547693963 0.545717694
867 0.000100194077645496 0.546347853
868 9.980264721098708e-05 0.546978012
869 9.941619663227506e-05 0.547608171
870 9.90345794311873e-05 0.54823833
871 9.865767137679425e-05 0.548868489
872 9.828536382932154e-05 0.549498648
873 9.791755368633518e-05 0.550128807
874 9.755414208047481e-05 0.550758966
875 9.719505353488831e-05 0.551389125
876 9.684020295767248e-05 0.552019284
877 9.648946568002798e-05 0.552649443
878 9.614266177806623e-05 0.553279602
879 9.579959560983951e-05 0.553909761
880 9.545994707149284e-05 0.55453992
881 9.512326518599558e-05 0.555170079
882 9.478944877867537e-05 0.555800238
883 9.445864062327275e-05 0.556430397
884 9.413097953754933e-05 0.557060556
885 9.380657744555179e-05 0.557690715
886 9.348551795591595e-05 0.558320874
887 9.316785113199187e-05 0.558951033
888 9.285359215504642e-05 0.559581192
889 9.254272336028851e-05 0.560211351
890 9.223519892150546e-05 0.56084151
891 9.193095136050686e-05 0.561471669
892 9.162989816458485e-05 0.562101828
893 9.133194851571531e-05 0.562731987
894 9.103700865914566e-05 0.563362146
895 9.074498628391384e-05 0.563992305
896 9.045579418705359e-05 0.564622464
897 9.016935304136303e-05 0.565252623
898 8.988559322067057e-05 0.565882782
899 8.960445605612424e-05 0.566512941
900 8.932589436476779e-05 0.5671431
901 8.904987242911201e-05 0.567773259
902 8.877636589132005e-05 0.568403418
903 8.850536080365962e-05 0.569033577
904 8.823685323272769e-05 0.569663736
905 8.797084602663995e-05 0.5702938950000001
906 8.770734841106914e-05 0.570924054
907 8.744637168194228e-05 0.571554213
908 8.71879290176583e-05 0.5721843719999999
909 8.693203182993207e-05 0.572814531
910 8.667868718089822e-05 0.57344469
911 8.642789092901115e-05 0.5740748489999999
912 8.617962661862694e-05 0.574705008
913 8.593386554837466e-05 0.575335167
914 8.569055469367831e-05 0.5759653259999999
915 8.544961356729689e-05 0.576595485
916 8.521090656048751e-05 0.577225644
917 8.497421754606508e-05 0.5778558029999999
918 8.473912805777326e-05 0.578485962
919 8.450489009556456e-05 0.579116121
920 8.427032052860743e-05 0.5797462799999999
921 8.403377926080677e-05 0.580376439
922 8.379291898599226e-05 0.581006598
923 8.354550241061878e-05 0.5816367569999999
924 8.328978537194095e-05 0.582266916
925 8.302463635521372e-05 0.582897075
926 8.274972256434826e-05 0.583527234
927 8.246543460404594e-05 0.584157393
928 8.217259307544718e-05 0.584787552
929 8.187218909458797e-05 0.585417711
930 8.156529677349195e-05 0.58604787
931 8.125298507983286e-05 0.586678029
932 8.093608628392586e-05 0.587308188
933 8.061554790564823e-05 0.587938347
934 8.029227539212856e-05 0.588568506
935 7.996781002306661e-05 0.589198665
936 7.964334123007832e-05 0.589828824
937 7.932047539436005e-05 0.590458983
938 7.899999857128602e-05 0.591089142
939 7.868330962099053e-05 0.591719301
940 7.837141665846476e-05 0.59234946
941 7.806509434614277e-05 0.592979619
942 7.776492220351437e-05 0.593609778
943 7.747132969806627e-05 0.594239937
944 7.718461642532245e-05 0.594870096
945 7.690497893574393e-05 0.595500255
946 7.663250747584533e-05 0.596130414
947 7.636717023505414e-05 0.596760573
948 7.610883357354425e-05 0.597390732
949 7.585728361398361e-05 0.598020891
950 7.561220415991087e-05 0.59865105
951 7.537313823987644e-05 0.599281209
952 7.513972587724243e-05 0.599911368
953 7.491162638000083e-05 0.600541527
954 7.468849540453757e-05 0.601171686
955 7.446999914483206e-05 0.601801845
956 7.425583342057756e-05 0.602432004
957 7.404573863628972e-05 0.603062163
958 7.383948317739939e-05 0.603692322
959 7.363687364188377e-05 0.604322481
960 7.343775232182759e-05 0.60495264
961 7.324191678391387e-05 0.605582799
962 7.304940323874702e-05 0.606212958
963 7.286007815533209e-05 0.606843117
964 7.267389126600715e-05 0.607473276
965 7.24908175658864e-05 0.608103435
966 7.231085192187607e-05 0.608733594
967 7.213400472310175e-05 0.609363753
968 7.196029840792129e-05 0.609993912
969 7.178976506696329e-05 0.610624071
970 7.162244452222067e-05 0.61125423
971 7.145838267562938e-05 0.611884389
972 7.129763036307344e-05 0.612514548
973 7.114024234867313e-05 0.613144707
974 7.098627614511406e-05 0.613774866
975 7.083579459914822e-05 0.614405025
976 7.068886102977806e-05 0.615035184
977 7.054556683139292e-05 0.615665343
978 7.040584610198267e-05 0.6162955020000001
979 7.026975528645095e-05 0.616925661
980 7.013728605397247e-05 0.61755582
981 7.00084026583849e-05 0.6181859790000001
982 6.988303076138871e-05 0.618816138
983 6.9761076287683e-05 0.619446297
984 6.964237681664484e-05 0.6200764560000001
985 6.952673659364767e-05 0.620706615
986 6.941383191472138e-05 0.621336774
987 6.93032146355384e-05 0.6219669329999999
988 6.91944563395606e-05 0.622597092
989 6.908725648117328e-05 0.623227251
990 6.898138975084905e-05 0.6238574099999999
991 6.887666378627019e-05 0.624487569
992 6.877289625582338e-05 0.625117728
993 6.866991874967691e-05 0.6257478869999999
994 6.856755601314607e-05 0.626378046
995 6.846565182095647e-05 0.627008205
996 6.836404839849018e-05 0.6276383639999999
997 6.826260953895355e-05 0.628268523
998 6.816120346728322e-05 0.628898682
999 6.805970012119727e-05 0.629528841
1000 6.79579694092844e-05 0.630159
1001 6.785587832491605e-05 0.630789159
1002 6.775328795298145e-05 0.631419318
1003 6.765004990166377e-05 0.632049477
1004 6.754600542163778e-05 0.632679636
1005 6.744099172198659e-05 0.633309795
1006 6.733484719808778e-05 0.633939954
1007 6.722741847437023e-05 0.634570113
1008 6.71185491508461e-05 0.635200272
1009 6.700808158911214e-05 0.635830431
1010 6.689588627394277e-05 0.63646059
1011 6.678185704693666e-05 0.637090749
1012 6.666593546529262e-05 0.637720908
1013 6.65481439160421e-05 0.638351067
1014 6.642854684650204e-05 0.638981226
1015 6.630715868134992e-05 0.639611385
1016 6.618395965241218e-05 0.640241544
1017 6.605889547070575e-05 0.640871703
1018 6.593172511734256e-05 0.641501862
1019 6.580219136238451e-05 0.642132021
1020 6.56699201100885e-05 0.64276218
1021 6.553447490436842e-05 0.643392339
1022 6.539531683709494e-05 0.644022498
1023 6.525193714860373e-05 0.644652657
1024 6.510382841615312e-05 0.645282816
1025 6.495049085191619e-05 0.645912975
1026 6.479145104384397e-05 0.646543134
1027 6.462626946439545e-05 0.647173293
1028 6.445455038901602e-05 0.647803452
1029 6.4275938212427e-05 0.648433611
1030 6.409015506461544e-05 0.64906377
1031 6.389701660653748e-05 0.649693929
1032 6.369644404083181e-05 0.650324088
1033 6.348847746236065e-05 0.650954247
1034 6.327327783215998e-05 0.651584406
1035 6.305113332121263e-05 0.652214565
1036 6.282245283646002e-05 0.652844724
1037 6.258776255138192e-05 0.653474883
1038 6.234768417136366e-05 0.654105042
1039 6.21029019875484e-05 0.654735201
1040 6.185416052669236e-05 0.65536536
1041 6.16022458289116e-05 0.655995519
1042 6.13479606622213e-05 0.656625678
1043 6.109210492941827e-05 0.657255837
1044 6.083545410398068e-05 0.657885996
1045 6.057874969466433e-05 0.658516155
1046 6.032268334159268e-05 0.659146314
1047 6.006789121973503e-05 0.659776473
1048 5.981493476684319e-05 0.660406632
1049 5.956431773273526e-05 0.661036791
1050 5.93164490302624e-05 0.66166695
1051 5.907165176710167e-05 0.6622971090000001
1052 5.883018032829243e-05 0.662927268
1053 5.859222875927455e-05 0.663557427
1054 5.835793491711399e-05 0.6641875860000001
1055 5.812738657246574e-05 0.664817745
1056 5.790062715775339e-05 0.665447904
1057 5.767766181293314e-05 0.6660780630000001
1058 5.74584626225016e-05 0.666708222
1059 5.724297435549628e-05 0.667338381
1060 5.70311204020729e-05 0.6679685400000001
1061 5.68228080559125e-05 0.668598699
1062 5.661793160631391e-05 0.669228858
1063 5.641637644913166e-05 0.6698590170000001
1064 5.621802459193068e-05 0.670489176
1065 5.602275790471624e-05 0.671119335
1066 5.583045440940152e-05 0.6717494939999999
1067 5.56409950247973e-05 0.672379653
1068 5.545426919526469e-05 0.673009812
1069 5.527017737761081e-05 0.6736399709999999
1070 5.508863149057256e-05 0.67427013
1071 5.490955408694852e-05 0.674900289
1072 5.473287444035547e-05 0.675530448
1073 5.455852876106318e-05 0.676160607
1074 5.438646066733311e-05 0.676790766
1075 5.42166240442146e-05 0.677420925
1076 5.40489563773423e-05 0.678051084
1077 5.38833932717529e-05 0.678681243
1078 5.371988624786329e-05 0.679311402
1079 5.35584202601859e-05 0.679941561
1080 5.339897384635496e-05 0.68057172
1081 5.324153414877948e-05 0.681201879
1082 5.308608324600828e-05 0.681832038
1083 5.293259644100042e-05 0.682462197
1084 5.278104143001146e-05 0.683092356
1085 5.263138011012694e-05 0.683722515
1086 5.248356819387461e-05 0.684352674
1087 5.233755605103228e-05 0.684982833
1088 5.219328949302031e-05 0.685612992
1089 5.205071093756979e-05 0.686243151
1090 5.190976045144761e-05 0.68687331
1091 5.177037639548062e-05 0.687503469
1092 5.163249644420014e-05 0.688133628
1093 5.149605805817261e-05 0.688763787
1094 5.13609993815486e-05 0.689393946
1095 5.122725929734144e-05 0.690024105
1096 5.109477819494421e-05 0.690654264
1097 5.096349824961698e-05 0.691284423
1098 5.083336292023762e-05 0.691914582
1099 5.070431791089282e-05 0.692544741
1100 5.057631116606991e-05 0.6931749
1101 5.044929203900237e-05 0.693805059
1102 5.032321189457865e-05 0.694435218
1103 5.019802460480311e-05 0.695065377
1104 5.007368575765267e-05 0.695695536
1105 4.995015223632972e-05 0.696325695
1106 4.982738227684611e-05 0.696955854
1107 4.970533575209098e-05 0.697586013
1108 4.958397400893013e-05 0.698216172
1109 4.946325962650907e-05 0.698846331
1110 4.934315586771937e-05 0.69947649
1111 4.922362757480596e-05 0.700106649
1112 4.910464251322233e-05 0.700736808
1113 4.898616878721663e-05 0.701366967
1114 4.886817523453608e-05 0.701997126
1115 4.875063107318386e-05 0.702627285
1116 4.86335216969014e-05 0.703257444
1117 4.851681645312971e-05 0.703887603
1118 4.840049287673358e-05 0.704517762
1119 4.828451237982074e-05 0.705147921
1120 4.816884143795767e-05 0.70577808
1121 4.805344995099931e-05 0.706408239
1122 4.793830729313872e-05 0.707038398
1123 4.782338643294857e-05 0.707668557
1124 4.770866678916683e-05 0.7082987160000001
1125 4.759412117918447e-05 0.708928875
1126 4.747973564379489e-05 0.709559034
1127 4.736549560512616e-05 0.7101891930000001
1128 4.725138941021662e-05 0.710819352
1129 4.713740817093341e-05 0.711449511
1130 4.702354581677893e-05 0.7120796700000001
1131 4.69097989005958e-05 0.712709829
1132 4.67961667205217e-05 0.713339988
1133 4.668265133962987e-05 0.7139701470000001
1134 4.656925772390727e-05 0.714600306
1135 4.645599368233416e-05 0.715230465
1136 4.634286997747499e-05 0.7158606240000001
1137 4.62299003274693e-05 0.716490783
1138 4.611710172845553e-05 0.717120942
1139 4.600449402608201e-05 0.7177511010000001
1140 4.589209980356194e-05 0.71838126
1141 4.577994505007773e-05 0.719011419
1142 4.566805967036563e-05 0.7196415780000001
1143 4.555647685456262e-05 0.720271737
1144 4.544523288087852e-05 0.720901896
1145 4.53343670743925e-05 0.7215320549999999
1146 4.522392136980192e-05 0.722162214
1147 4.511393964980793e-05 0.722792373
1148 4.50044670918545e-05 0.723422532
1149 4.489555013946671e-05 0.724052691
1150 4.478723540810734e-05 0.72468285
1151 4.467956922247681e-05 0.725313009
1152 4.457259695396689e-05 0.725943168
1153 4.446636249779955e-05 0.726573327
1154 4.436090768794254e-05 0.727203486
1155 4.425627168340467e-05 0.727833645
1156 4.415248983853358e-05 0.728463804
1157 4.404959275792855e-05 0.729093963
1158 4.394760481846008e-05 0.729724122
1159 4.384654270715375e-05 0.730354281
1160 4.374641698085617e-05 0.73098444
1161 4.364722682370095e-05 0.731614599
1162 4.354895806874389e-05 0.732244758
1163 4.345156353142651e-05 0.732874917
1164 4.335497271288524e-05 0.733505076
1165 4.325906591124443e-05 0.734135235
1166 4.316365577050656e-05 0.734765394
1167 4.306845053702177e-05 0.735395553
1168 4.297297608490181e-05 0.736025712
1169 4.287656484413186e-05 0.736655871
1170 4.277847754974139e-05 0.73728603
1171 4.267806027299358e-05 0.737916189
1172 4.2574732196741e-05 0.738546348
1173 4.246803997842645e-05 0.739176507
1174 4.235772278647068e-05 0.739806666
1175 4.224369368651565e-05 0.740436825
1176 4.212605218293124e-05 0.741066984
1177 4.20050109647264e-05 0.741697143
1178 4.188083701643907e-05 0.742327302
1179 4.175382230989033e-05 0.742957461
1180 4.162426428634456e-05 0.74358762
1181 4.14924389338827e-05 0.744217779
1182 4.135862764961121e-05 0.744847938
1183 4.122309290429778e-05 0.745478097
1184 4.108610522121628e-05 0.746108256
1185 4.094793739868653e-05 0.746738415
1186 4.080886460946905e-05 0.747368574
1187 4.066915042012664e-05 0.747998733
1188 4.052904268949788e-05 0.748628892
1189 4.038877905411078e-05 0.749259051
1190 4.024858279431515e-05 0.74988921
1191 4.010867283661279e-05 0.750519369
1192 3.996927125360162e-05 0.751149528
1193 3.983061205702004e-05 0.751779687
1194 3.969294867849691e-05 0.752409846
1195 3.955655638150541e-05 0.753040005
1196 3.942173060813991e-05 0.753670164
1197 3.928877463296268e-05 0.7543003230000001
1198 3.91579810042173e-05 0.754930482
1199 3.902961520491428e-05 0.755560641
1200 3.890389821442512e-05 0.7561908000000001
1201 3.878099294954356e-05 0.756820959
1202 3.866100173454328e-05 0.757451118
1203 3.854396187206498e-05 0.7580812770000001
1204 3.842987403674637e-05 0.758711436
1205 3.831870797599333e-05 0.759341595
1206 3.821040288864037e-05 0.7599717540000001
1207 3.810488005323381e-05 0.760601913
1208 3.800203104157825e-05 0.761232072
1209 3.790172421596704e-05 0.7618622310000001
1210 3.780380547038103e-05 0.76249239
1211 3.770810320773011e-05 0.763122549
1212 3.761442905935656e-05 0.7637527080000001
1213 3.752260914564264e-05 0.764382867
1214 3.743247744626067e-05 0.765013026
1215 3.73438898384503e-05 0.7656431850000001
1216 3.725671552447368e-05 0.766273344
1217 3.717082307335423e-05 0.766903503
1218 3.708609455374541e-05 0.7675336620000001
1219 3.700241384723894e-05 0.768163821
1220 3.691966695667649e-05 0.76879398
1221 3.683774448706718e-05 0.7694241390000001
1222 3.675654275140379e-05 0.770054298
1223 3.667596437369493e-05 0.770684457
1224 3.659591891446279e-05 0.771314616
1225 3.651632356191819e-05 0.771944775
1226 3.64371037873412e-05 0.772574934
1227 3.635819342472737e-05 0.773205093
1228 3.627953501557572e-05 0.773835252
1229 3.620107998051326e-05 0.774465411
1230 3.612278861893572e-05 0.77509557
1231 3.604462980529925e-05 0.775725729
1232 3.596658048299241e-05 0.776355888
1233 3.588862529490526e-05 0.776986047
1234 3.581075582662801e-05 0.777616206
1235 3.573296996444516e-05 0.778246365
1236 3.565527122552652e-05 0.778876524
1237 3.557766800408244e-05 0.779506683
1238 3.55001730437436e-05 0.780136842
1239 3.542280288330997e-05 0.780767001
1240 3.534557718944184e-05 0.78139716
1241 3.526851853678564e-05 0.782027319
1242 3.519165189270316e-05 0.782657478
1243 3.511500473795538e-05 0.783287637
1244 3.503861015197722e-05 0.783917796
1245 3.496249827521751e-05 0.784547955
1246 3.488670126267655e-05 0.785178114
1247 3.481125608964961e-05 0.785808273
1248 3.473619988245849e-05 0.786438432
1249 3.466156715505172e-05 0.787068591
1250 3.458739593848417e-05 0.78769875
1251 3.451372376018877e-05 0.788328909
1252 3.444059327097803e-05 0.788959068
1253 3.436804193913523e-05 0.789589227
1254 3.429610338819e-05 0.790219386
1255 3.422481065260403e-05 0.790849545
1256 3.415419615964972e-05 0.791479704
1257 3.408429621998727e-05 0.792109863
1258 3.401514963657341e-05 0.792740022
1259 3.394679481060023e-05 0.793370181
1260 3.387926759521836e-05 0.79400034
1261 3.381260130356384e-05 0.794630499
1262 3.374682633312141e-05 0.795260658
1263 3.368196809648846e-05 0.795890817
1264 3.361804706933237e-05 0.796520976
1265 3.355507824378371e-05 0.797151135
1266 3.349307060837825e-05 0.797781294
1267 3.343202657522448e-05 0.798411453
1268 3.337194198195912e-05 0.799041612
1269 3.331280655819939e-05 0.799671771
1270 3.325460235178555e-05 0.8003019300000001
1271 3.319730536292076e-05 0.800932089
1272 3.314088444049251e-05 0.801562248
1273 3.308530142067511e-05 0.8021924070000001
1274 3.303051561615094e-05 0.802822566
1275 3.29764832524556e-05 0.803452725
1276 3.292315519292708e-05 0.8040828840000001
1277 3.287047710893018e-05 0.804713043
1278 3.281838988483824e-05 0.805343202
1279 3.276683807431076e-05 0.8059733610000001
1280 3.271574611067117e-05 0.80660352
1281 3.266504150709399e-05 0.807233679
1282 3.261464934387585e-05 0.8078638380000001
1283 3.256449688106239e-05 0.808493997
1284 3.25145138390495e-05 0.809124156
1285 3.246463307047006e-05 0.8097543150000001
1286 3.241479055843137e-05 0.810384474
1287 3.236492573308634e-05 0.811014633
1288 3.231498140160239e-05 0.8116447920000001
1289 3.226490466211377e-05 0.812274951
1290 3.221464669997881e-05 0.81290511
1291 3.216416166577176e-05 0.8135352690000001
1292 3.211340810008621e-05 0.814165428
1293 3.206234983084239e-05 0.814795587
1294 3.201094860610825e-05 0.8154257460000001
1295 3.195917834950672e-05 0.816055905
1296 3.19070081325764e-05 0.816686064
1297 3.185440381709353e-05 0.8173162230000001
1298 3.180134385253406e-05 0.817946382
1299 3.174781620355664e-05 0.818576541
1300 3.169381514277997e-05 0.8192067000000001
1301 3.163934471716847e-05 0.819836859
1302 3.158441960870304e-05 0.820467018
1303 3.152908144657958e-05 0.821097177
1304 3.147335807845959e-05 0.821727336
1305 3.141724958717674e-05 0.822357495
1306 3.136071417058672e-05 0.822987654
1307 3.130370656874764e-05 0.823617813
1308 3.124616593737485e-05 0.824247972
1309 3.118800888904994e-05 0.824878131
1310 3.112913833800427e-05 0.82550829
1311 3.106940443970792e-05 0.826138449
1312 3.100864601437357e-05 0.826768608
1313 3.094670184749787e-05 0.827398767
1314 3.088340165376877e-05 0.828028926
1315 3.081857076933506e-05 0.828659085
1316 3.075203711066214e-05 0.829289244
1317 3.06836456424116e-05 0.829919403
1318 3.061325194891693e-05 0.830549562
1319 3.054073321962432e-05 0.831179721
1320 3.04659955966354e-05 0.83180988
1321 3.038896999017369e-05 0.832440039
1322 3.03096142744203e-05 0.833070198
1323 3.022792380910084e-05 0.833700357
1324 3.014393378639088e-05 0.834330516
1325 3.005771962541851e-05 0.834960675
1326 2.996939609239809e-05 0.835590834
1327 2.987911525693152e-05 0.836220993
1328 2.978706285319214e-05 0.836851152
1329 2.969345344743547e-05 0.837481311
1330 2.959852523527101e-05 0.83811147
1331 2.950253355749422e-05 0.838741629
1332 2.940574465258795e-05 0.839371788
1333 2.930842967722601e-05 0.840001947
1334 2.921085819043224e-05 0.840632106
1335 2.911329298019839e-05 0.841262265
1336 2.901598594151776e-05 0.841892424
1337 2.891917418847874e-05 0.842522583
1338 2.882307626410264e-05 0.843152742
1339 2.872788999240146e-05 0.843782901
1340 2.863378877277895e-05 0.84441306
1341 2.854091747645826e-05 0.845043219
1342 2.844939155001846e-05 0.845673378
1343 2.835929819453805e-05 0.8463035370000001
1344 2.827069826658231e-05 0.846933696
1345 2.81836285619491e-05 0.847563855
1346 2.809810444387039e-05 0.8481940140000001
1347 2.80141217380968e-05 0.848824173
1348 2.793165971208784e-05 0.849454332
1349 2.785069165470105e-05 0.8500844910000001
1350 2.777118294136762e-05 0.85071465
1351 2.769308933985525e-05 0.851344809
1352 2.761636345473194e-05 0.8519749680000001
1353 2.754095247583318e-05 0.852605127
1354 2.746679980626341e-05 0.853235286
1355 2.739384445062703e-05 0.8538654450000001
1356 2.73220216351926e-05 0.854495604
1357 2.725126366415543e-05 0.855125763
1358 2.718150169786947e-05 0.8557559220000001
1359 2.711267107754759e-05 0.856386081
1360 2.704471115647531e-05 0.85701624
1361 2.697756306707245e-05 0.8576463990000001
1362 2.691117004663792e-05 0.858276558
1363 2.68454799089155e-05 0.858906717
1364 2.678044330269416e-05 0.8595368760000001
1365 2.67160131910316e-05 0.860167035
1366 2.66521453574068e-05 0.860797194
1367 2.658879849592094e-05 0.8614273530000001
1368 2.652593451943963e-05 0.862057512
1369 2.646351763540144e-05 0.862687671
1370 2.640151449777695e-05 0.8633178300000001
1371 2.633989383520577e-05 0.863947989
1372 2.627862679644566e-05 0.864578148
1373 2.621768805226862e-05 0.8652083070000001
1374 2.615705584242319e-05 0.865838466
1375 2.609671145332178e-05 0.866468625
1376 2.603663872481487e-05 0.8670987840000001
1377 2.597682388807137e-05 0.867728943
1378 2.591725526938431e-05 0.868359102
1379 2.585792294082129e-05 0.8689892610000001
1380 2.579881826532034e-05 0.86961942
1381 2.573993368432193e-05 0.870249579
1382 2.568126277000663e-05 0.870879738
1383 2.562279994174499e-05 0.871509897
1384 2.556453997309459e-05 0.872140056
1385 2.550647807237724e-05 0.872770215
1386 2.544860982437638e-05 0.873400374
1387 2.539093122116088e-05 0.874030533
1388 2.533343855074025e-05 0.874660692
1389 2.527612823939941e-05 0.875290851
1390 2.521899668647536e-05 0.87592101
1391 2.516204035838369e-05 0.876551169
1392 2.510525592164649e-05 0.877181328
1393 2.504863977566304e-05 0.877811487
1394 2.499218855516953e-05 0.878441646
1395 2.493589877002148e-05 0.879071805
1396 2.487976712644388e-05 0.879701964
1397 2.482379096730512e-05 0.880332123
1398 2.476796760672986e-05 0.880962282
1399 2.471229390433392e-05 0.881592441
1400 2.465676684954186e-05 0.8822226
1401 2.460138340255122e-05 0.882852759
1402 2.454614375982973e-05 0.883482918
1403 2.449104980277939e-05 0.884113077
1404 2.443609754511214e-05 0.884743236
1405 2.438128310574785e-05 0.885373395
1406 2.432660467298502e-05 0.886003554
1407 2.427205865944353e-05 0.886633713
1408 2.42176426458873e-05 0.887263872
1409 2.416335447269663e-05 0.887894031
1410 2.410919177259804e-05 0.88852419
1411 2.40551529817057e-05 0.889154349
1412 2.400123714529352e-05 0.889784508
1413 2.394744400302561e-05 0.890414667
1414 2.389377397118722e-05 0.891044826
1415 2.384022805953777e-05 0.891674985
1416 2.378680789270978e-05 0.8923051440000001
1417 2.373351564414488e-05 0.892935303
1418 2.368035392274589e-05 0.893565462
1419 2.362732568639694e-05 0.8941956210000001
1420 2.357443445043006e-05 0.89482578
1421 2.35216840551258e-05 0.895455939
1422 2.346907876704026e-05 0.8960860980000001
1423 2.341662343137133e-05 0.896716257
1424 2.336432313695775e-05 0.897346416
1425 2.331218362596376e-05 0.8979765750000001
1426 2.326021210264308e-05 0.898606734
1427 2.320841677028384e-05 0.899236893
1428 2.315680823536109e-05 0.8998670520000001
1429 2.310540055554656e-05 0.900497211
1430 2.305421023403976e-05 0.90112737
1431 2.300326014357512e-05 0.9017575290000001
1432 2.295257693771001e-05 0.902387688
1433 2.290218993606995e-05 0.903017847
1434 2.285212667778185e-05 0.9036480060000001
1435 2.280240843382795e-05 0.904278165
1436 2.275303877003525e-05 0.904908324
1437 2.270401000751189e-05 0.9055384830000001
1438 2.265530862288828e-05 0.906168642
1439 2.260689734615912e-05 0.906798801
1440 2.255874307716483e-05 0.9074289600000001
1441 2.251082747771527e-05 0.908059119
1442 2.2463147185151e-05 0.908689278
1443 2.241570541915122e-05 0.9093194370000001
1444 2.236850910512327e-05 0.909949596
1445 2.232156555586826e-05 0.910579755
1446 2.227488009474852e-05 0.9112099140000001
1447 2.222845715891198e-05 0.911840073
1448 2.218230326176696e-05 0.912470232
1449 2.213642425891849e-05 0.9131003910000001
1450 2.209082559133068e-05 0.91373055
1451 2.204551157319583e-05 0.914360709
1452 2.200048639125e-05 0.9149908680000001
1453 2.195575191253249e-05 0.915621027
1454 2.191131055685781e-05 0.916251186
1455 2.18671646692245e-05 0.9168813450000001
1456 2.182331482233682e-05 0.917511504
1457 2.177976026168517e-05 0.918141663
1458 2.173649993540364e-05 0.9187718220000001
1459 2.169353240683609e-05 0.919401981
1460 2.165085582417428e-05 0.92003214
1461 2.160846824988528e-05 0.920662299
1462 2.156636782165464e-05 0.921292458
1463 2.152455243803342e-05 0.921922617
1464 2.148301961183436e-05 0.922552776
1465 2.144176796415037e-05 0.923182935
1466 2.140079586919991e-05 0.923813094
1467 2.136010223349488e-05 0.924443253
1468 2.131968519905021e-05 0.925073412
1469 2.127954292779613e-05 0.925703571
1470 2.123967353539172e-05 0.92633373
1471 2.120007460936257e-05 0.926963889
1472 2.116074350242923e-05 0.927594048
1473 2.112167763841163e-05 0.928224207
1474 2.10828744953332e-05 0.928854366
1475 2.104433156317793e-05 0.929484525
1476 2.100604637476822e-05 0.930114684
1477 2.096801651221484e-05 0.930744843
1478 2.093023945714898e-05 0.931375002
1479 2.08927125307891e-05 0.932005161
1480 2.085543288432212e-05 0.93263532
1481 2.081839781077827e-05 0.933265479
1482 2.078160441801564e-05 0.933895638
1483 2.074504967961339e-05 0.934525797
1484 2.070873054454892e-05 0.935155956
1485 2.067264359371523e-05 0.935786115
1486 2.063678545356415e-05 0.936416274
1487 2.06011526970775e-05 0.937046433
1488 2.056574225940093e-05 0.937676592
1489 2.053055097512291e-05 0.938306751
1490 2.049557556160969e-05 0.93893691
1491 2.046081260995215e-05 0.939567069
1492 2.042625869809599e-05 0.9401972280000001
1493 2.039191037153625e-05 0.940827387
1494 2.035776415011188e-05 0.941457546
1495 2.032381647745498e-05 0.9420877050000001
1496 2.029006397016094e-05 0.942717864
1497 2.025650334654271e-05 0.943348023
1498 2.022313130348779e-05 0.9439781820000001
1499 2.018994454625787e-05 0.944608341
1500 2.015693978174595e-05 0.9452385
1501 2.012411378553168e-05 0.9458686590000001
1502 2.009146326777962e-05 0.946498818
1503 2.005898504125538e-05 0.947128977
1504 2.002667598087285e-05 0.9477591360000001
1505 1.999453296120556e-05 0.948389295
1506 1.996255294841801e-05 0.949019454
1507 1.993073284737726e-05 0.9496496130000001
1508 1.989906967099338e-05 0.950279772
1509 1.986756041446764e-05 0.950909931
1510 1.983620208273707e-05 0.9515400900000001
1511 1.980499176803411e-05 0.952170249
1512 1.977392649972907e-05 0.952800408
1513 1.974300327204344e-05 0.9534305670000001
1514 1.97122191460503e-05 0.954060726
1515 1.968157115915922e-05 0.954690885
1516 1.965105631238343e-05 0.9553210440000001
1517 1.962067150986428e-05 0.955951203
1518 1.959041364413715e-05 0.956581362
1519 1.956027960880788e-05 0.9572115210000001
1520 1.953026600364937e-05 0.95784168
1521 1.950036956473313e-05 0.958471839
1522 1.947058694501753e-05 0.9591019980000001
1523 1.944091471247043e-05 0.959732157
1524 1.941134889415053e-05 0.960362316
1525 1.938188494787215e-05 0.9609924750000001
1526 1.935251883113499e-05 0.961622634
1527 1.932324663949904e-05 0.962252793
1528 1.9294064636554e-05 0.9628829520000001
1529 1.926496909011447e-05 0.963513111
1530 1.923595234990105e-05 0.96414327
1531 1.920700431388937e-05 0.9647734290000001
1532 1.917812326624527e-05 0.965403588
1533 1.914930906198667e-05 0.966033747
1534 1.912055933239846e-05 0.9666639060000001
1535 1.909187321350925e-05 0.967294065
1536 1.906325338184001e-05 0.967924224
1537 1.903470223247487e-05 0.9685543830000001
1538 1.90062227806416e-05 0.969184542
1539 1.897781827284312e-05 0.969814701
1540 1.894949284897561e-05 0.97044486
1541 1.892125244560725e-05 0.971075019
1542 1.889310856050968e-05 0.971705178
1543 1.886507541633526e-05 0.972335337
1544 1.883717373329088e-05 0.972965496
1545 1.88094320354296e-05 0.973595655
1546 1.878188801921138e-05 0.974225814
1547 1.875458637499442e-05 0.974855973
1548 1.872757653100393e-05 0.975486132
1549 1.87009043146753e-05 0.976116291
1550 1.867460555098653e-05 0.97674645
1551 1.864869695002975e-05 0.977376609
1552 1.862317170522954e-05 0.978006768
1553 1.859800001005265e-05 0.978636927
1554 1.857313295096405e-05 0.979267086
1555 1.854850911059227e-05 0.979897245
1556 1.85240488316814e-05 0.980527404
1557 1.849966087139475e-05 0.981157563
1558 1.847524920496721e-05 0.981787722
1559 1.845071583143484e-05 0.982417881
1560 1.842595688509647e-05 0.98304804
1561 1.840088121128885e-05 0.983678199
1562 1.837540815408173e-05 0.984308358
1563 1.83494949171242e-05 0.984938517
1564 1.832311609815312e-05 0.985568676
1565 1.829623205200005e-05 0.9861988350000001
1566 1.826878469521779e-05 0.986828994
1567 1.824070376249282e-05 0.987459153
1568 1.82119013590909e-05 0.9880893120000001
1569 1.818228015076038e-05 0.988719471
1570 1.815174139769396e-05 0.98934963
1571 1.812018557016171e-05 0.9899797890000001
1572 1.808751699044476e-05 0.990609948
1573 1.805365374975958e-05 0.991240107
1574 1.801853019123773e-05 0.9918702660000001
1575 1.798151999032205e-05 0.992500425
1576 1.794382052313154e-05 0.993130584
1577 1.790480997609582e-05 0.9937607430000001
1578 1.786451375391771e-05 0.994390902
1579 1.78229713465473e-05 0.995021061
1580 1.778024060206368e-05 0.9956512200000001
1581 1.773639226798571e-05 0.996281379
1582 1.769150083734394e-05 0.996911538
1583 1.764564614324544e-05 0.9975416970000001
1584 1.75989119202406e-05 0.998171856
1585 1.755138135033673e-05 0.998802015
1586 1.7503139259275e-05 0.9994321740000001
1587 1.745427252582227e-05 1.000062333
1588 1.740486698504121e-05 1.000692492
1589 1.735500325176435e-05 1.001322651
1590 1.730475954048568e-05 1.00195281
1591 1.725421007583014e-05 1.002582969
1592 1.720342426042277e-05 1.003213128
1593 1.715246652066826e-05 1.003843287
1594 1.71013958549423e-05 1.004473446
1595 1.705026586592973e-05 1.005103605
1596 1.699912686764917e-05 1.005733764
1597 1.694802367185055e-05 1.006363923
1598 1.689699692978842e-05 1.006994082
1599 1.684608132137132e-05 1.007624241
1600 1.67953033715317e-05 1.0082544
1601 1.674468992126544e-05 1.008884559
1602 1.669426120739778e-05 1.009514718
1603 1.664403972012217e-05 1.010144877
1604 1.659404390964426e-05 1.010775036
1605 1.654428948631383e-05 1.011405195
1606 1.649479008382891e-05 1.012035354
1607 1.644555734365716e-05 1.012665513
1608 1.639660314155733e-05 1.013295672
1609 1.634793235190603e-05 1.013925831
1610 1.629954898247568e-05 1.01455599
1611 1.625145445019639e-05 1.015186149
1612 1.620364991818492e-05 1.015816308
1613 1.615613463599457e-05 1.016446467
1614 1.610890835717485e-05 1.017076626
1615 1.60619710766385e-05 1.017706785
1616 1.601532367030393e-05 1.018336944
1617 1.596896887862092e-05 1.018967103
1618 1.592291181380159e-05 1.019597262
1619 1.587716148624176e-05 1.020227421
1620 1.583173114580654e-05 1.02085758
1621 1.578663835981529e-05 1.021487739
1622 1.574190455761441e-05 1.022117898
1623 1.569755477903192e-05 1.022748057
1624 1.565361630700524e-05 1.023378216
1625 1.561011940927621e-05 1.024008375
1626 1.556709425846345e-05 1.024638534
1627 1.552456740029131e-05 1.025268693
1628 1.54825626706663e-05 1.025898852
1629 1.544109879060016e-05 1.026529011
1630 1.540018891333841e-05 1.02715917
1631 1.535984021698794e-05 1.027789329
1632 1.53200537700508e-05 1.028419488
1633 1.528082506662444e-05 1.029049647
1634 1.524214527216711e-05 1.029679806
1635 1.520400108409332e-05 1.030309965
1636 1.516637831739281e-05 1.030940124
1637 1.51292615726644e-05 1.031570283
1638 1.509263462764733e-05 1.032200442
1639 1.505648063434786e-05 1.032830601
1640 1.5020782817393e-05 1.03346076
1641 1.498552259446669e-05 1.034090919
1642 1.495068063465508e-05 1.034721078
1643 1.491623738134216e-05 1.035351237
1644 1.488217307213803e-05 1.035981396
1645 1.484846723209774e-05 1.036611555
1646 1.481509873578655e-05 1.037241714
1647 1.478204572341877e-05 1.037871873
1648 1.474928561811109e-05 1.038502032
1649 1.471679639770566e-05 1.039132191
1650 1.468455630354185e-05 1.03976235
1651 1.465254354085471e-05 1.040392509
1652 1.462073706135513e-05 1.041022668
1653 1.458911664187445e-05 1.041652827
1654 1.455766300944843e-05 1.042282986
1655 1.452635794903105e-05 1.042913145
1656 1.449518449140543e-05 1.043543304
1657 1.4464126952606e-05 1.044173463
1658 1.443317114996517e-05 1.044803622
1659 1.44023045916679e-05 1.045433781
1660 1.437151632609995e-05 1.04606394
1661 1.434079686760462e-05 1.046694099
1662 1.431013911619079e-05 1.047324258
1663 1.427953638579539e-05 1.047954417
1664 1.424898285877213e-05 1.048584576
1665 1.42184740263387e-05 1.049214735
1666 1.418800805620916e-05 1.049844894
1667 1.415758326421759e-05 1.050475053
1668 1.412719997144686e-05 1.051105212
1669 1.409685850684865e-05 1.051735371
1670 1.406655957868026e-05 1.05236553
1671 1.40363035517537e-05 1.052995689
1672 1.400609205249842e-05 1.053625848
1673 1.397592474542463e-05 1.054256007
1674 1.394579920212194e-05 1.054886166
1675 1.391571369763048e-05 1.055516325
1676 1.388566381948334e-05 1.056146484
1677 1.385564593072108e-05 1.056776643
1678 1.382565845948663e-05 1.057406802
1679 1.379569694403743e-05 1.058036961
1680 1.376575750772139e-05 1.05866712
1681 1.373583994157666e-05 1.059297279
1682 1.370593892211172e-05 1.059927438
1683 1.367605204608986e-05 1.060557597
1684 1.364617812120514e-05 1.061187756
1685 1.36163196242379e-05 1.061817915
1686 1.358648133098148e-05 1.062448074
1687 1.35566719948632e-05 1.063078233
1688 1.35269042973735e-05 1.063708392
1689 1.349719407167255e-05 1.064338551
1690 1.346756243769832e-05 1.06496871
1691 1.34380348314674e-05 1.065598869
1692 1.34086413172946e-05 1.066229028
1693 1.337941582108233e-05 1.066859187
1694 1.33503949769354e-05 1.067489346
1695 1.332162002812697e-05 1.068119505
1696 1.329312999852993e-05 1.068749664
1697 1.326496579365782e-05 1.069379823
1698 1.323716899626156e-05 1.070009982
1699 1.320978058304296e-05 1.070640141
1700 1.318283998194009e-05 1.0712703
1701 1.315638407955417e-05 1.071900459
1702 1.313044587491595e-05 1.072530618
1703 1.310505360570131e-05 1.073160777
1704 1.308022964490377e-05 1.073790936
1705 1.305598847182072e-05 1.074421095
1706 1.303233655573895e-05 1.075051254
1707 1.300927311516163e-05 1.075681413
1708 1.298678819780123e-05 1.076311572
1709 1.296486428818146e-05 1.076941731
1710 1.294347803669496e-05 1.07757189
1711 1.292260022426825e-05 1.078202049
1712 1.290219542542937e-05 1.078832208
1713 1.288222545584427e-05 1.079462367
1714 1.286265074027948e-05 1.080092526
1715 1.284343128311783e-05 1.080722685
1716 1.282452779067036e-05 1.081352844
1717 1.280590274273101e-05 1.081983003
1718 1.278752097556009e-05 1.082613162
1719 1.276934991994028e-05 1.083243321
1720 1.275135981310814e-05 1.08387348
1721 1.273352381899447e-05 1.084503639
1722 1.271581818970597e-05 1.085133798
1723 1.269822216820069e-05 1.085763957
1724 1.268071813654784e-05 1.086394116
1725 1.266329163990873e-05 1.087024275
1726 1.264593167567702e-05 1.087654434
1727 1.262862957612234e-05 1.088284593
1728 1.261137978308674e-05 1.088914752
1729 1.259417944788409e-05 1.089544911
1730 1.257702819450585e-05 1.09017507
1731 1.255992836832507e-05 1.090805229
1732 1.254288369004988e-05 1.091435388
1733 1.252589964042615e-05 1.092065547
1734 1.250898319025813e-05 1.092695706
1735 1.249214246525534e-05 1.093325865
1736 1.247538645229206e-05 1.093956024
1737 1.245872444969086e-05 1.094586183
1738 1.244216588903986e-05 1.095216342
1739 1.242572030814472e-05 1.095846501
1740 1.240939729596195e-05 1.09647666
1741 1.239320569589737e-05 1.097106819
1742 1.237715298562744e-05 1.097736978
1743 1.236124609265189e-05 1.098367137
1744 1.23454914043442e-05 1.098997296
1745 1.232989502191598e-05 1.099627455
1746 1.231446051849455e-05 1.100257614
1747 1.229919024945191e-05 1.100887773
1748 1.228408531521442e-05 1.101517932
1749 1.226914561941499e-05 1.102148091
1750 1.225437020324004e-05 1.10277825
1751 1.223975773769964e-05 1.103408409
1752 1.222530354781904e-05 1.104038568
1753 1.221100607303708e-05 1.104668727
1754 1.219685882098779e-05 1.105298886
1755 1.218285532994527e-05 1.105929045
1756 1.216898840202799e-05 1.106559204
1757 1.215524944251581e-05 1.107189363
1758 1.214162926360215e-05 1.107819522
1759 1.212811601790582e-05 1.108449681
1760 1.211469735401943e-05 1.10907984
1761 1.2101360145939e-05 1.109709999
1762 1.208809086541454e-05 1.110340158
1763 1.207487249920844e-05 1.110970317
1764 1.206169195957684e-05 1.111600476
1765 1.204853509547257e-05 1.112230635
1766 1.203538746906562e-05 1.112860794
1767 1.202223536590674e-05 1.113490953
1768 1.20090649794131e-05 1.114121112
