0 0 0
1 3.912042386104455e-72 0.0006826720000000001
2 5.150152589839503e-69 0.001365344
3 8.998147061224196e-67 0.002048016
4 2.143122459881584e-65 0.002730688
5 9.850870878812891e-64 0.00341336
6 1.660540768367445e-62 0.004096032
7 2.125626734297293e-61 0.004778704
8 2.722149109665172e-60 0.005461376
9 3.045656023309728e-59 0.006144048000000001
10 8.45464744728388e-58 0.006826720000000001
11 8.04927784206222e-57 0.007509392
12 2.96037446875555e-56 0.008192064000000001
13 3.17045642894912e-55 0.008874736000000001
14 2.128291065102087e-53 0.009557408000000002
15 2.255544739390109e-53 0.01024008
16 2.061364915538552e-52 0.010922752
17 1.883931867587663e-51 0.011605424
18 2.02817557729334e-50 0.012288096
19 2.439508892078e-49 0.012970768
20 2.120673621996092e-48 0.01365344
21 1.430024807133416e-47 0.014336112
22 7.550919003913261e-47 0.015018784
23 2.857696138458329e-46 0.015701456
24 1.107827177730569e-45 0.016384128
25 5.059147063628665e-45 0.0170668
26 8.128109955718553e-44 0.017749472
27 1.169683840631434e-42 0.018432144
28 8.75023548752642e-42 0.019114816
29 4.823937294255068e-41 0.019797488
30 2.25202357106482e-40 0.02048016
31 9.002410478448954e-40 0.021162832
32 3.409730520966384e-39 0.021845504
33 9.095451075464277e-39 0.022528176
34 6.071439771226699e-39 0.023210848
35 1.293960911685435e-38 0.02389352
36 2.944820449671464e-37 0.024576192
37 7.570244009243392e-37 0.025258864
38 8.121376365075159e-39 0.025941536
39 2.539739904924314e-37 0.026624208
40 1.347301918262071e-36 0.02730688
41 2.260553543333656e-35 0.027989552
42 5.294302499353747e-35 0.028672224
43 1.63596480806827e-34 0.029354896
44 5.675426435063013e-34 0.030037568
45 2.113752211764866e-33 0.03072024
46 8.096517221577925e-33 0.03140291200000001
47 3.166445551962657e-32 0.03208558400000001
48 1.233242832528008e-31 0.032768256
49 4.741427067905651e-31 0.033450928
50 1.789833377014767e-30 0.03413360000000001
51 6.62452275237966e-30 0.034816272
52 2.401761789064919e-29 0.035498944
53 8.528391900777832e-29 0.03618161600000001
54 2.96602298601984e-28 0.036864288
55 1.010556462595967e-27 0.03754696
56 3.374106526829613e-27 0.03822963200000001
57 1.104360782288242e-26 0.038912304
58 3.54458965405713e-26 0.039594976
59 1.116012417890988e-25 0.04027764800000001
60 3.447969041601498e-25 0.04096032000000001
61 1.045654229228858e-24 0.041642992
62 3.11371206848945e-24 0.04232566400000001
63 9.106799644375002e-24 0.04300833600000001
64 2.616843858395058e-23 0.043691008
65 7.38990422352231e-23 0.04437368000000001
66 2.05149201572783e-22 0.04505635200000001
67 5.600011271788296e-22 0.045739024
68 1.503526896889733e-21 0.04642169600000001
69 3.971451196635189e-21 0.04710436800000001
70 1.032316673574296e-20 0.04778704
71 2.641252238665011e-20 0.04846971200000001
72 6.65342674894313e-20 0.04915238400000001
73 1.650530808974611e-19 0.04983505600000001
74 4.033162834860719e-19 0.050517728
75 9.709813926102918e-19 0.05120040000000001
76 2.303648759904223e-18 0.05188307200000001
77 5.387129737169091e-18 0.052565744
78 1.242019402616155e-17 0.05324841600000001
79 2.823719766773171e-17 0.05393108800000001
80 6.331819575595165e-17 0.05461376
81 1.400682562844071e-16 0.05529643200000001
82 3.05734878805109e-16 0.05597910400000001
83 6.586181550034105e-16 0.056661776
84 1.400538340623514e-15 0.05734444800000001
85 2.940479386136378e-15 0.05802712000000001
86 6.096670789407466e-15 0.058709792
87 1.248559249645689e-14 0.05939246400000001
88 2.526147016665271e-14 0.06007513600000001
89 5.050485314904438e-14 0.060757808
90 9.979855104432043e-14 0.06144048000000001
91 1.949473324543581e-13 0.06212315200000001
92 3.765068227532913e-13 0.06280582400000001
93 7.189265311126095e-13 0.06348849600000001
94 1.356804391575742e-12 0.064171168
95 2.529298747821012e-12 0.06485384
96 4.654786630454587e-12 0.06553651200000001
97 8.457048654425899e-12 0.066219184
98 1.517559314023554e-11 0.066901856
99 2.690984268709338e-11 0.067584528
100 4.717635505718148e-11 0.0682672
101 8.17981524319604e-11 0.068949872
102 1.403107199400853e-10 0.069632544
103 2.381555417820143e-10 0.070315216
104 4.000621296550727e-10 0.070997888
105 6.652053899426333e-10 0.07168056
106 1.094977049382413e-09 0.072363232
107 1.784560380727824e-09 0.07304590399999999
108 2.879963118255007e-09 0.073728576
109 4.602796489035524e-09 0.074411248
110 7.285907968737461e-09 0.07509391999999999
111 1.142404786612696e-08 0.075776592
112 1.774508240509637e-08 0.076459264
113 2.730891599729854e-08 0.07714193599999999
114 4.164330007976358e-08 0.077824608
115 6.292812903321497e-08 0.07850728
116 9.424261689711895e-08 0.07918995200000001
117 1.398931834693925e-07 0.079872624
118 2.058425079475636e-07 0.080555296
119 3.002662346101293e-07 0.08123796800000001
120 4.342639720445764e-07 0.08192064
121 6.2275701763245e-07 0.082603312
122 8.856083425410016e-07 0.08328598400000001
123 1.249001240006111e-06 0.083968656
124 1.747114703986133e-06 0.084651328
125 2.424134064080193e-06 0.08533400000000001
126 3.336627092106244e-06 0.086016672
127 4.55632146968868e-06 0.086699344
128 6.17326873050319e-06 0.08738201600000001
129 8.299428451067339e-06 0.088064688
130 1.107262139672161e-05 0.08874736
131 1.466079341719513e-05 0.08943003200000001
132 1.926646500467846e-05 0.090112704
133 2.513164865615607e-05 0.090795376
134 3.254254118033227e-05 0.09147804800000001
135 4.183426427266666e-05 0.09216072
136 5.339520938425551e-05 0.092843392
137 6.767039665602187e-05 0.09352606400000001
138 8.5164085667418e-05 0.094208736
139 0.0001064412621032705 0.094891408
140 0.0001321276179371632 0.09557408000000001
141 0.0001629077031615216 0.096256752
142 0.0001995212894817357 0.096939424
143 0.00024275665864689 0.09762209600000001
144 0.0002934417100204004 0.098304768
145 0.0003524323916886555 0.09898744000000001
146 0.0004205984333509154 0.09967011200000001
147 0.0004988064686804703 0.100352784
148 0.0005879007565291578 0.101035456
149 0.0006886818407842694 0.101718128
150 0.000801883623434035 0.1024008
151 0.0009281494445412448 0.103083472
152 0.001068007863983688 0.103766144
153 0.001221848917579395 0.104448816
154 0.001389901677583552 0.105131488
155 0.001572213966914028 0.10581416
156 0.001768635063580881 0.106496832
157 0.001978802192755829 0.107179504
158 0.002202131499270062 0.107862176
159 0.002437814024325084 0.108544848
160 0.002684817037553787 0.10922752
161 0.00294189053504192 0.109910192
162 0.003207578690160391 0.110592864
163 0.003480235826942132 0.111275536
164 0.003758045772698635 0.111958208
165 0.004039043763134758 0.11264088
166 0.004321140092930773 0.113323552
167 0.004602152751900967 0.114006224
168 0.004879905034616922 0.114688896
169 0.005152386540108661 0.115371568
170 0.005417786052461401 0.11605424
171 0.005673989643106356 0.116736912
172 0.005919094414976282 0.117419584
173 0.006151669802613834 0.118102256
174 0.006370595404849549 0.118784928
175 0.006574771609392521 0.1194676
176 0.006762960135790488 0.120150272
177 0.006934283137215462 0.120832944
178 0.007088327374460194 0.121515616
179 0.00722475797095905 0.122198288
180 0.007343069641568137 0.12288096
181 0.007443426303989473 0.123563632
182 0.007526248575451169 0.124246304
183 0.007592178214131795 0.124928976
184 0.007641647789603535 0.125611648
185 0.007675195760603275 0.12629432
186 0.007693568005735874 0.126976992
187 0.007697763115485118 0.127659664
188 0.007689128734324519 0.128342336
189 0.007668999535110689 0.129025008
190 0.00763817532926071 0.12970768
191 0.007597321420680711 0.130390352
192 0.007547312985995621 0.131073024
193 0.007489398204020554 0.131755696
194 0.007424827673008761 0.132438368
195 0.007354750367276891 0.13312104
196 0.007280185213511209 0.133803712
197 0.00720179574147104 0.134486384
198 0.007120076660885604 0.135169056
199 0.00703543484948023 0.135851728
200 0.006948412306485957 0.1365344
201 0.00685961201792496 0.137217072
202 0.006769661263680756 0.137899744
203 0.006679333708595488 0.138582416
204 0.006589450330436055 0.139265088
205 0.006500330172526374 0.13994776
206 0.006411869196673128 0.140630432
207 0.006323890746683016 0.141313104
208 0.006236318587908097 0.141995776
209 0.006149236932353567 0.142678448
210 0.006062961888089174 0.14336112
211 0.005977777377831604 0.144043792
212 0.005893899826857094 0.144726464
213 0.005811519219883793 0.145409136
214 0.005730737532007354 0.146091808
215 0.005651695688369672 0.14677448
216 0.005574388727403973 0.147457152
217 0.005498663967871814 0.148139824
218 0.005424214686084478 0.148822496
219 0.005350738806106678 0.149505168
220 0.005278028175217798 0.15018784
221 0.005206214111459963 0.150870512
222 0.005135462435645641 0.151553184
223 0.00506580616901015 0.152235856
224 0.004997440964792993 0.152918528
225 0.004930525243356952 0.1536012
226 0.004865168946819108 0.154283872
227 0.004801426135857555 0.154966544
228 0.004739047186791743 0.155649216
229 0.004677614596147665 0.156331888
230 0.004616937622762504 0.15701456
231 0.004557026275025344 0.157697232
232 0.004497802872298431 0.158379904
233 0.00443920108873397 0.159062576
234 0.004381287756129669 0.159745248
235 0.004324135961654739 0.16042792
236 0.004267681438128462 0.161110592
237 0.004212106386977949 0.161793264
238 0.004157538009082971 0.162475936
239 0.004103982774169062 0.163158608
240 0.004051592646737848 0.16384128
241 0.004000573709644568 0.164523952
242 0.003950861091473054 0.165206624
243 0.003902314878890973 0.165889296
244 0.003854707595226409 0.166571968
245 0.003807734266368432 0.16725464
246 0.003761112577958366 0.167937312
247 0.003714793442581812 0.168619984
248 0.003668879240243897 0.169302656
249 0.003623392127022389 0.169985328
250 0.003578511623417933 0.170668
251 0.00353440843083901 0.171350672
252 0.003490971795509086 0.172033344
253 0.003448251266597867 0.172716016
254 0.003406160464597291 0.173398688
255 0.003364730998464204 0.17408136
256 0.003324110732376783 0.174764032
257 0.003284309151190818 0.175446704
258 0.003245314318675236 0.176129376
259 0.003207294352246311 0.176812048
260 0.003170318262698854 0.17749472
261 0.003134217783683791 0.178177392
262 0.003098740286984696 0.178860064
263 0.003063799331937237 0.179542736
264 0.003029187946840955 0.180225408
265 0.002994833291171003 0.18090808
266 0.002960665509962013 0.181590752
267 0.002926743953152793 0.182273424
268 0.002893220548650906 0.182956096
269 0.002860138878620591 0.183638768
270 0.002827675362825948 0.18432144
271 0.00279592779966284 0.185004112
272 0.002764872775487418 0.185686784
273 0.002734451810218585 0.186369456
274 0.002704638597842326 0.187052128
275 0.00267542751115981 0.1877348
276 0.002646829692701089 0.188417472
277 0.002618731117810948 0.189100144
278 0.002591173448502653 0.189782816
279 0.002564172829559767 0.190465488
280 0.002537662011731209 0.19114816
281 0.002511596542449791 0.191830832
282 0.002486091149849945 0.192513504
283 0.00246114004640506 0.193196176
284 0.002436629704094889 0.193878848
285 0.00241235776037798 0.19456152
286 0.002388148751010895 0.195244192
287 0.002363953392689644 0.195926864
288 0.002339694536990541 0.196609536
289 0.002315417199222542 0.197292208
290 0.002291216717352281 0.19797488
291 0.002267159109691656 0.198657552
292 0.002243371131009406 0.199340224
293 0.002219973626207056 0.200022896
294 0.002196972889745853 0.200705568
295 0.002174258754043027 0.20138824
296 0.00215186267341747 0.202070912
297 0.002129839912010864 0.202753584
298 0.002108316192970447 0.203436256
299 0.002087429813924919 0.204118928
300 0.002067250074384732 0.2048016
301 0.002047810755286433 0.205484272
302 0.002029069765490831 0.206166944
303 0.002010929700000518 0.206849616
304 0.001993335129122787 0.207532288
305 0.001976231414781441 0.20821496
306 0.001959542460982184 0.208897632
307 0.001943201425172588 0.209580304
308 0.001927172274713833 0.210262976
309 0.001911418357920588 0.210945648
310 0.00189588171353846 0.21162832
311 0.001880512627043539 0.212310992
312 0.001865326327089662 0.212993664
313 0.001850320679687915 0.213676336
314 0.001835470035665221 0.214359008
315 0.001820675340855728 0.21504168
316 0.001805820534380619 0.215724352
317 0.00179083892171 0.216407024
318 0.00177565866114539 0.217089696
319 0.001760237811656546 0.217772368
320 0.001744573152408612 0.21845504
321 0.001728660437399201 0.219137712
322 0.001712520228149867 0.219820384
323 0.001696275580993819 0.220503056
324 0.001680063681563802 0.221185728
325 0.001663982314469101 0.2218684
326 0.001648102375226699 0.222551072
327 0.001632446800254139 0.223233744
328 0.001617081776202445 0.223916416
329 0.001602027163244498 0.224599088
330 0.001587200443540053 0.22528176
331 0.00157257043048913 0.225964432
332 0.001558162462740556 0.226647104
333 0.001544046649312454 0.227329776
334 0.00153023860379558 0.228012448
335 0.0015167852801153 0.22869512
336 0.001503734270315706 0.229377792
337 0.001491105564336868 0.230060464
338 0.001478947122133034 0.230743136
339 0.001467263838175765 0.231425808
340 0.001456029682646792 0.23210848
341 0.001445255660566064 0.232791152
342 0.001434897227820021 0.233473824
343 0.001424924686741443 0.234156496
344 0.001415324505643469 0.234839168
345 0.001406081721159784 0.23552184
346 0.001397147328401377 0.236204512
347 0.001388455876413921 0.236887184
348 0.001379909322738396 0.237569856
349 0.001371456151865164 0.238252528
350 0.001363069296240249 0.2389352
351 0.001354735260783687 0.239617872
352 0.001346423285058518 0.240300544
353 0.001338099895478396 0.240983216
354 0.001329749251879048 0.241665888
355 0.001321337319032106 0.24234856
356 0.001312857162820941 0.243031232
357 0.001304284568426181 0.243713904
358 0.001295553603930864 0.244396576
359 0.00128661524512567 0.245079248
360 0.001277445902182836 0.24576192
361 0.001268037427470059 0.246444592
362 0.001258396895675249 0.247127264
363 0.001248530953045897 0.247809936
364 0.001238443638391647 0.248492608
365 0.001228171635198886 0.24917528
366 0.001217769959989818 0.249857952
367 0.001207283060783006 0.250540624
368 0.001196747998358049 0.251223296
369 0.001186202311210505 0.251905968
370 0.001175646889986891 0.25258864
371 0.001165103233855788 0.253271312
372 0.001154614569424449 0.253953984
373 0.001144209591308292 0.254636656
374 0.001133900779296812 0.255319328
375 0.001123705036757643 0.256002
376 0.001113639862605044 0.256684672
377 0.001103711427717565 0.257367344
378 0.001093888837244203 0.258050016
379 0.001084141320163885 0.258732688
380 0.001074449366936064 0.25941536
381 0.001064810591842649 0.260098032
382 0.001055231997923742 0.260780704
383 0.001045773018361209 0.261463376
384 0.001036508993446564 0.262146048
385 0.001027489010697601 0.26282872
386 0.001018736860301023 0.263511392
387 0.001010263553255594 0.264194064
388 0.001002058562612974 0.264876736
389 0.0009941282510771031 0.265559408
390 0.0009864814898178057 0.26624208
391 0.000979107645065633 0.266924752
392 0.0009719986924852836 0.267607424
393 0.0009651631603824542 0.268290096
394 0.0009586042102079131 0.268972768
395 0.0009523057817711942 0.26965544
396 0.0009462609924034698 0.270338112
397 0.0009404676900270542 0.271020784
398 0.0009349166693352538 0.271703456
399 0.0009295769085684397 0.272386128
400 0.0009244233219205155 0.2730688
401 0.0009194057267219274 0.273751472
402 0.0009145120744726537 0.274434144
403 0.000909720776808586 0.275116816
404 0.0009050181590194146 0.275799488
405 0.0009003916808080821 0.27648216
406 0.0008958256955775873 0.277164832
407 0.0008913015344492632 0.277847504
408 0.0008868058710390501 0.278530176
409 0.0008823008714098807 0.279212848
410 0.0008777713716934236 0.27989552
411 0.000873227274015692 0.280578192
412 0.0008686767309874167 0.281260864
413 0.0008640994345196595 0.281943536
414 0.0008594617424955837 0.282626208
415 0.0008547215426725097 0.28330888
416 0.0008498340861254893 0.283991552
417 0.0008447603232333093 0.284674224
418 0.0008394640050601425 0.285356896
419 0.0008339266056230273 0.286039568
420 0.0008281142926654185 0.28672224
421 0.000822044936066301 0.287404912
422 0.0008157550057023256 0.288087584
423 0.0008092920817163435 0.288770256
424 0.0008027063979014662 0.289452928
425 0.0007960418611518409 0.2901356
426 0.0007893332560269096 0.290818272
427 0.0007826119525004397 0.291500944
428 0.0007758980274737214 0.292183616
429 0.0007692003422048757 0.292866288
430 0.0007625218857274458 0.29354896
431 0.0007558764882581404 0.294231632
432 0.0007492766294586554 0.294914304
433 0.0007427373839333298 0.295596976
434 0.0007362741449772957 0.296279648
435 0.0007299003310292204 0.29696232
436 0.0007236262338961045 0.297644992
437 0.000717462895264977 0.298327664
438 0.0007114172868370314 0.299010336
439 0.0007054964626824416 0.299693008
440 0.0006996784102331738 0.30037568
441 0.0006939659705611647 0.301058352
442 0.0006883731570349874 0.301741024
443 0.0006829129831870642 0.302423696
444 0.0006775935129258276 0.303106368
445 0.0006724068936361505 0.30378904
446 0.0006672952657105873 0.304471712
447 0.0006622287937255345 0.305154384
448 0.0006571974596393453 0.305837056
449 0.0006522082762278505 0.306519728
450 0.0006472777987853727 0.3072024
451 0.0006424306683443712 0.307885072
452 0.0006376883387592257 0.308567744
453 0.0006330666034298321 0.309250416
454 0.0006285702758800067 0.309933088
455 0.0006241990486711919 0.31061576
456 0.0006199475276487437 0.311298432
457 0.0006158139031039928 0.311981104
458 0.0006117952108834516 0.312663776
459 0.0006078915802152408 0.313346448
460 0.0006041025281224325 0.31402912
461 0.0006004265351362381 0.314711792
462 0.0005968665663004262 0.315394464
463 0.0005934268112108305 0.316077136
464 0.0005901089976457403 0.316759808
465 0.0005869105121655978 0.31744248
466 0.0005838247063528496 0.318125152
467 0.0005808367100644757 0.318807824
468 0.0005779314153411427 0.319490496
469 0.0005750991936277572 0.320173168
470 0.0005723324506772202 0.32085584
471 0.0005696212281365604 0.321538512
472 0.0005669545463341328 0.322221184
473 0.0005643035208741026 0.322903856
474 0.0005616504711547945 0.323586528
475 0.0005589905722058666 0.3242692
476 0.0005563224194509171 0.324951872
477 0.0005536444385160557 0.325634544
478 0.0005509544644389237 0.326317216
479 0.0005482499377232273 0.326999888
480 0.0005455335092153065 0.32768256
481 0.0005428116346055567 0.328365232
482 0.0005400918429631476 0.329047904
483 0.0005373711831230146 0.329730576
484 0.0005346396852676974 0.330413248
485 0.0005318827521342865 0.33109592
486 0.0005290866970330851 0.331778592
487 0.0005262395015035668 0.332461264
488 0.0005233305713256172 0.333143936
489 0.0005203499981263292 0.333826608
490 0.0005172900281969075 0.33450928
491 0.0005141435988101849 0.335191952
492 0.0005109071077323853 0.335874624
493 0.0005075776312952176 0.336557296
494 0.0005041568978639817 0.337239968
495 0.0005006482957681995 0.33792264
496 0.0004970580825037347 0.338605312
497 0.0004933954760471089 0.339287984
498 0.0004896719011368505 0.339970656
499 0.0004859002172553065 0.340653328
500 0.0004820922895022886 0.341336
501 0.0004782562981617286 0.342018672
502 0.0004743986454567864 0.342701344
503 0.0004705318358497306 0.343384016
504 0.0004666730869081386 0.344066688
505 0.0004628408277459097 0.34474936
506 0.0004590510983538556 0.345432032
507 0.0004553164688991167 0.346114704
508 0.0004516461469813523 0.346797376
509 0.000448047026526995 0.347480048
510 0.0004445241450285957 0.34816272
511 0.000441081228382904 0.348845392
512 0.0004377215299164962 0.349528064
513 0.0004344459925597507 0.350210736
514 0.0004312541620905381 0.350893408
515 0.0004281445654876662 0.35157608
516 0.000425115472861562 0.352258752
517 0.0004221649762909942 0.352941424
518 0.0004192909117284163 0.353624096
519 0.0004164910176324502 0.354306768
520 0.0004137627126054673 0.35498944
521 0.0004111035510279526 0.355672112
522 0.0004085114220078205 0.356354784
523 0.0004059838594865674 0.357037456
524 0.0004035174384519032 0.357720128
525 0.0004011043937129248 0.3584028
526 0.0003987373942526987 0.359085472
527 0.0003964092099375256 0.359768144
528 0.0003941057448356217 0.360450816
529 0.0003918091009698158 0.361133488
530 0.0003895112072223394 0.36181616
531 0.0003872142723925696 0.362498832
532 0.000384924925269892 0.363181504
533 0.0003826526156826348 0.363864176
534 0.0003804086117241526 0.364546848
535 0.000378203678170291 0.36522952
536 0.000376047367465999 0.365912192
537 0.000373949104020818 0.366594864
538 0.0003719159226481439 0.367277536
539 0.0003699516411164704 0.367960208
540 0.0003680565570806135 0.36864288
541 0.0003662272619885652 0.369325552
542 0.0003644568148517027 0.370008224
543 0.0003627359339333215 0.370690896
544 0.0003610601171818007 0.371373568
545 0.000359430003999458 0.37205624
546 0.0003578466871316838 0.372738912
547 0.0003563091911925827 0.373421584
548 0.0003548167753900641 0.374104256
549 0.0003533670757784992 0.374786928
550 0.0003519563139417742 0.3754696
551 0.0003505799038448344 0.376152272
552 0.0003492329837860345 0.376834944
553 0.0003479106572378127 0.377517616
554 0.0003466083560695315 0.3782002880000001
555 0.0003453220205886061 0.37888296
556 0.0003440478525340624 0.379565632
557 0.0003427826637321619 0.380248304
558 0.0003415232220331014 0.380930976
559 0.00034026624364682 0.381613648
560 0.0003390091114990251 0.38229632
561 0.0003377499505737284 0.382978992
562 0.0003364874308330262 0.383661664
563 0.0003352207932041852 0.384344336
564 0.0003339498647738201 0.385027008
565 0.0003326742456227708 0.38570968
566 0.0003313934049633859 0.386392352
567 0.0003301070669632196 0.387075024
568 0.0003288152391729044 0.387757696
569 0.0003275178511097589 0.388440368
570 0.0003262151479418456 0.38912304
571 0.0003249047382824723 0.389805712
572 0.0003235830043324516 0.390488384
573 0.0003222463785361846 0.391171056
574 0.0003208908699319462 0.391853728
575 0.0003195131410300887 0.3925364
576 0.0003181098124114135 0.393219072
577 0.0003166773077812442 0.3939017440000001
578 0.000315211569542258 0.394584416
579 0.000313709421522959 0.395267088
580 0.0003121687676317279 0.39594976
581 0.0003105886029972711 0.396632432
582 0.0003089690998225647 0.397315104
583 0.0003073115218540213 0.397997776
584 0.000305617993168016 0.398680448
585 0.0003038912555577603 0.39936312
586 0.0003021349602065749 0.400045792
587 0.0003003540249695493 0.400728464
588 0.0002985545438280517 0.401411136
589 0.0002967427522096311 0.4020938080000001
590 0.0002949247727352925 0.40277648
591 0.0002931065296674459 0.403459152
592 0.0002912935525613629 0.404141824
593 0.0002894908217568716 0.404824496
594 0.0002877031194132314 0.405507168
595 0.0002859341706007093 0.40618984
596 0.0002841867858338253 0.406872512
597 0.0002824631503257709 0.407555184
598 0.0002807650023468811 0.408237856
599 0.0002790936287857201 0.408920528
600 0.0002774498615096642 0.4096032
601 0.0002758341380550858 0.4102858720000001
602 0.0002742465304394196 0.410968544
603 0.000272686716863503 0.411651216
604 0.0002711541357974985 0.412333888
605 0.0002696479888190581 0.41301656
606 0.0002681670641485814 0.413699232
607 0.0002667098399456146 0.414381904
608 0.0002652721843247895 0.415064576
609 0.0002638520399052017 0.415747248
610 0.0002624510052158701 0.41642992
611 0.0002610715640208678 0.417112592
612 0.0002597155040674349 0.4177952640000001
613 0.0002583839030906321 0.4184779360000001
614 0.0002570772884832006 0.419160608
615 0.0002557957243915738 0.41984328
616 0.0002545389531565584 0.420525952
617 0.0002533066332537484 0.421208624
618 0.0002520979430596926 0.421891296
619 0.0002509119135302956 0.422573968
620 0.0002497467482282253 0.42325664
621 0.0002485975910724963 0.423939312
622 0.0002474602036773075 0.424621984
623 0.0002463265700143628 0.425304656
624 0.0002451871950941846 0.4259873280000001
625 0.0002440350376922255 0.42667
626 0.0002428681974780181 0.427352672
627 0.0002416891822425484 0.428035344
628 0.0002405015727897544 0.428718016
629 0.0002393111629703215 0.429400688
630 0.0002381256003855957 0.43008336
631 0.0002369531911585088 0.430766032
632 0.0002358010397422014 0.431448704
633 0.0002346744153048539 0.432131376
634 0.000233577226148804 0.432814048
635 0.0002325117538348176 0.43349672
636 0.0002314795505488645 0.4341793920000001
637 0.0002304808864901721 0.434862064
638 0.000229515328017609 0.435544736
639 0.0002285821145537371 0.436227408
640 0.0002276801071711462 0.43691008
641 0.0002268077889086081 0.437592752
642 0.0002259639472530377 0.438275424
643 0.0002251472858949185 0.438958096
644 0.000224355839138342 0.439640768
645 0.0002235875213310052 0.44032344
646 0.000222840017237512 0.441006112
647 0.0002221109500224911 0.4416887840000001
648 0.0002213994531006515 0.4423714560000001
649 0.0002207047301135785 0.443054128
650 0.0002200259489039631 0.4437368
651 0.0002193621936247388 0.444419472
652 0.000218712381164613 0.445102144
653 0.0002180752079797604 0.445784816
654 0.0002174493826726559 0.446467488
655 0.0002168338887655118 0.44715016
656 0.0002162269508964799 0.447832832
657 0.0002156263985087499 0.448515504
658 0.0002150303290458512 0.449198176
659 0.0002144370749172197 0.4498808480000001
660 0.0002138451532638761 0.4505635200000001
661 0.0002132532536787066 0.451246192
662 0.000212660244465002 0.451928864
663 0.0002120651400908539 0.452611536
664 0.0002114670359328489 0.453294208
665 0.0002108651404928448 0.45397688
666 0.0002102588095957744 0.454659552
667 0.000209647536993489 0.455342224
668 0.0002090309436593428 0.456024896
669 0.0002084087967341694 0.456707568
670 0.0002077809663417597 0.45739024
671 0.0002071473847506442 0.4580729120000001
672 0.0002065081934154977 0.458755584
673 0.0002058635589641789 0.459438256
674 0.0002052138087748887 0.460120928
675 0.0002045596146660461 0.4608036
676 0.000203901254330088 0.461486272
677 0.000203238732342934 0.462168944
678 0.0002025717671329948 0.462851616
679 0.0002018986584058712 0.463534288
680 0.0002012193766466747 0.46421696
681 0.0002005334555513546 0.464899632
682 0.0001998402985090185 0.4655823040000001
683 0.0001991393777634918 0.4662649760000001
684 0.00019842995337905 0.466947648
685 0.0001977104375990233 0.46763032
686 0.0001969789742879034 0.468312992
687 0.0001962336387814184 0.468995664
688 0.0001954726065041858 0.469678336
689 0.0001946942021887683 0.470361008
690 0.0001938969960278749 0.47104368
691 0.0001930798467273089 0.471726352
692 0.0001922419144038738 0.472409024
693 0.0001913828167125884 0.473091696
694 0.0001905027393495151 0.4737743680000001
695 0.0001896024270166698 0.4744570400000001
696 0.0001886831826288842 0.475139712
697 0.0001877470415278212 0.475822384
698 0.0001867961444179781 0.476505056
699 0.0001858329114126206 0.477187728
700 0.0001848601237943983 0.4778704
701 0.0001838807226557472 0.478553072
702 0.0001828977329866134 0.479235744
703 0.0001819142405325394 0.479918416
704 0.0001809329831679772 0.480601088
705 0.0001799563742235615 0.48128376
706 0.0001789867402905539 0.4819664320000001
707 0.0001780242889222017 0.4826491040000001
708 0.0001770692470184633 0.483331776
709 0.0001761233416376104 0.484014448
710 0.0001751881344485069 0.48469712
711 0.0001742650245446468 0.485379792
712 0.0001733552768247726 0.486062464
713 0.0001724596754515659 0.486745136
714 0.0001715782284143235 0.487427808
715 0.0001707113517804094 0.48811048
716 0.0001698595151152692 0.488793152
717 0.0001690228365854258 0.4894758240000001
718 0.0001682011756460553 0.4901584960000001
719 0.0001673942003899437 0.490841168
720 0.0001666014639819282 0.49152384
721 0.0001658224785258729 0.492206512
722 0.0001650567676450234 0.492889184
723 0.0001643038957490081 0.493571856
724 0.0001635634732318825 0.494254528
725 0.0001628351654204291 0.4949372
726 0.0001621186985323646 0.495619872
727 0.0001614138176058867 0.496302544
728 0.0001607202966146553 0.496985216
729 0.0001600382001359525 0.4976678880000001
730 0.0001593668914184419 0.4983505600000001
731 0.0001587062046589254 0.499033232
732 0.0001580560188128297 0.499715904
733 0.0001574156290417036 0.500398576
734 0.0001567830632099618 0.5010812480000001
735 0.0001561579354095334 0.5017639200000001
736 0.0001555406906062136 0.5024465920000001
737 0.0001549317400828285 0.5031292640000001
738 0.000154331536742425 0.5038119360000001
739 0.0001537405553608158 0.5044946080000001
740 0.0001531591888093156 0.5051772800000001
741 0.0001525877032883544 0.5058599520000001
742 0.0001520262489081626 0.5065426240000001
743 0.0001514747583645158 0.5072252960000001
744 0.0001509327735928844 0.507907968
745 0.0001503996886734721 0.5085906400000001
746 0.000149874481061014 0.5092733120000001
747 0.0001493546522556119 0.5099559840000001
748 0.0001488371725381629 0.5106386560000001
749 0.0001483186407547626 0.5113213280000001
750 0.0001477943114174872 0.5120040000000001
751 0.000147259194967633 0.5126866720000001
752 0.0001467099511413362 0.5133693440000001
753 0.0001461463724036002 0.5140520160000001
754 0.0001455688843198127 0.5147346880000001
755 0.0001449794127139888 0.51541736
756 0.0001443809097249195 0.5161000320000001
757 0.0001437768109130101 0.516782704
758 0.0001431706125133221 0.5174653760000001
759 0.0001425656369870549 0.5181480480000001
760 0.0001419651392200019 0.5188307200000001
761 0.000141372096579141 0.5195133920000001
762 0.0001407889811869826 0.5201960640000001
763 0.000140217757167542 0.5208787360000001
764 0.0001396598624926729 0.5215614080000001
765 0.0001391162577282188 0.5222440800000001
766 0.000138587469713885 0.5229267520000001
767 0.0001380737617318166 0.5236094240000001
768 0.0001375748347583322 0.524292096
769 0.0001370900616806838 0.5249747680000001
770 0.0001366186798971526 0.5256574400000001
771 0.0001361598637679041 0.5263401120000001
772 0.0001357127980219588 0.5270227840000001
773 0.0001352766743926159 0.5277054560000001
774 0.0001348507060529327 0.5283881280000001
775 0.0001344341194450733 0.5290708000000001
776 0.0001340265836543666 0.5297534720000001
777 0.0001336279431203799 0.5304361440000001
778 0.000133238092858128 0.5311188160000001
779 0.0001328569861865953 0.531801488
780 0.0001324846016997472 0.5324841600000001
781 0.0001321208945339191 0.5331668320000001
782 0.0001317657832694901 0.5338495040000001
783 0.0001314192859000445 0.5345321760000001
784 0.0001310813052745924 0.5352148480000001
785 0.0001307516197307722 0.5358975200000001
786 0.0001304299133835423 0.5365801920000001
787 0.0001301158164541118 0.5372628640000001
788 0.000129808899300227 0.5379455360000001
789 0.000129508702607371 0.5386282080000001
790 0.0001292147382096813 0.53931088
791 0.0001289265196137972 0.5399935520000001
792 0.0001286435048409884 0.540676224
793 0.0001283651221185309 0.5413588960000001
794 0.0001280908213732468 0.5420415680000001
795 0.0001278200294939727 0.5427242400000001
796 0.0001275521637668793 0.5434069120000001
797 0.0001272866376777571 0.5440895840000001
798 0.0001270228531386842 0.5447722560000001
799 0.0001267601952868978 0.5454549280000001
800 0.0001264980516554735 0.5461376000000001
801 0.0001262358237918714 0.5468202720000001
802 0.0001259729482064848 0.5475029440000001
803 0.0001257089000515629 0.548185616
804 0.0001254431809385734 0.5488682880000001
805 0.0001251753498126466 0.5495509600000001
806 0.0001249050506868713 0.5502336320000001
807 0.0001246319740736985 0.5509163040000001
808 0.0001243557385513248 0.5515989760000001
809 0.0001240760832888651 0.5522816480000001
810 0.0001237927631266611 0.5529643200000001
811 0.0001235049044537691 0.5536469920000001
812 0.0001232120027865422 0.5543296640000001
813 0.0001229143946679083 0.5550123360000001
814 0.0001226126300936414 0.555695008
815 0.0001223072192828997 0.5563776800000001
816 0.0001219987178796959 0.5570603520000001
817 0.0001216876133459731 0.5577430240000001
818 0.0001213743362679588 0.5584256960000001
819 0.0001210591584757508 0.5591083680000001
820 0.0001207420673594991 0.5597910400000001
821 0.0001204227150085351 0.5604737120000001
822 0.000120100392647973 0.5611563840000001
823 0.0001197743023370168 0.5618390560000001
824 0.0001194424227711474 0.5625217280000001
825 0.0001191030123465332 0.5632044
826 0.0001187552007363877 0.5638870720000001
827 0.0001183980669378499 0.564569744
828 0.0001180308137975019 0.5652524160000001
829 0.0001176528037540976 0.5659350880000001
830 0.0001172634597764172 0.5666177600000001
831 0.0001168623195259101 0.5673004320000001
832 0.0001164490124846034 0.5679831040000001
833 0.0001160232731094796 0.5686657760000001
834 0.0001155850160699039 0.5693484480000001
835 0.0001151343962191063 0.5700311200000001
836 0.0001146718266544679 0.5707137920000001
837 0.0001141979706079247 0.5713964640000001
838 0.0001137137313214309 0.572079136
839 0.0001132202342427749 0.5727618080000001
840 0.00011271879408128 0.5734444800000001
841 0.0001122108727659968 0.5741271520000001
842 0.0001116980295789312 0.5748098240000001
843 0.000111181872364961 0.5754924960000001
844 0.0001106640055180156 0.5761751680000001
845 0.0001101459833597828 0.5768578400000001
846 0.0001096292661316936 0.5775405120000001
847 0.000109115187827124 0.5782231840000001
848 0.000108604936625875 0.5789058560000001
849 0.0001080995362105467 0.579588528
850 0.0001075998340260813 0.5802712000000001
851 0.0001071065052691724 0.5809538720000001
852 0.0001066200773480571 0.5816365440000001
853 0.00010614092199322 0.5823192160000001
854 0.0001056692639680711 0.5830018880000001
855 0.000105205195336279 0.5836845600000001
856 0.0001047486977773829 0.5843672320000001
857 0.0001042996618179087 0.5850499040000001
858 0.0001038579022143545 0.5857325760000001
859 0.0001034231807018847 0.5864152480000001
860 0.0001029952192008092 0.5870979200000001
861 0.0001025737123322106 0.5877805920000001
862 0.0001021583610000977 0.588463264
863 0.0001017488861599377 0.5891459360000001
864 0.0001013450346708728 0.5898286080000001
865 0.0001009465817375376 0.5905112800000001
866 0.0001005533290481582 0.5911939520000001
867 0.0001001651007613304 0.5918766240000001
868 9.97817457391706e-05 0.5925592960000001
869 9.940313291910013e-05 0.5932419680000001
870 9.902914856378511e-05 0.5939246400000001
871 9.865967920397517e-05 0.5946073120000001
872 9.829462398115333e-05 0.5952899840000001
873 9.793389284445992e-05 0.595972656
874 9.757741045907343e-05 0.5966553280000001
875 9.722499855842649e-05 0.5973380000000001
876 9.687648616435621e-05 0.5980206720000001
877 9.65316908328269e-05 0.5987033440000001
878 9.619022416359113e-05 0.5993860160000001
879 9.585166249533573e-05 0.6000686880000001
880 9.551599818683531e-05 0.6007513600000001
881 9.518337090249397e-05 0.6014340320000001
882 9.485389979644645e-05 0.6021167040000001
883 9.452767490209685e-05 0.6027993760000001
884 9.420475492814474e-05 0.603482048
885 9.388516474435225e-05 0.6041647200000001
886 9.356889589963553e-05 0.6048473920000002
887 9.325591047284766e-05 0.6055300640000001
888 9.294614676484157e-05 0.6062127360000001
889 9.263952615467268e-05 0.6068954080000001
890 9.233595951474597e-05 0.6075780800000001
891 9.203535320274164e-05 0.6082607520000001
892 9.173761395383553e-05 0.6089434240000001
893 9.144265308622442e-05 0.6096260960000001
894 9.115038987518881e-05 0.6103087680000001
895 9.086075312940759e-05 0.6109914400000001
896 9.057368292737016e-05 0.6116741120000001
897 9.028913187332159e-05 0.612356784
898 9.000706522657999e-05 0.6130394560000001
899 8.972746051360521e-05 0.6137221280000001
900 8.945030681378462e-05 0.6144048000000001
901 8.917560375973374e-05 0.6150874720000001
902 8.890336017062302e-05 0.6157701440000001
903 8.863359065707851e-05 0.6164528160000001
904 8.836631444181788e-05 0.6171354880000001
905 8.810155183304115e-05 0.6178181600000001
906 8.783932265561637e-05 0.6185008320000001
907 8.757964277870392e-05 0.6191835040000001
908 8.732251995074196e-05 0.619866176
909 8.706794934214329e-05 0.6205488480000001
910 8.681591447219113e-05 0.6212315200000001
911 8.656638259358479e-05 0.6219141920000001
912 8.631929660205876e-05 0.6225968640000001
913 8.607458297524452e-05 0.6232795360000001
914 8.583208501310651e-05 0.6239622080000001
915 8.559153414769228e-05 0.6246448800000001
916 8.535248050429063e-05 0.6253275520000001
917 8.511415575445755e-05 0.6260102240000001
918 8.487530927487228e-05 0.6266928960000001
919 8.463421096419162e-05 0.6273755680000001
920 8.438839522915213e-05 0.6280582400000001
921 8.413545291675436e-05 0.6287409120000002
922 8.387348299709279e-05 0.6294235840000001
923 8.360139278122934e-05 0.6301062560000001
924 8.331893320188911e-05 0.6307889280000001
925 8.302656530267144e-05 0.6314716000000001
926 8.27252082083409e-05 0.6321542720000001
927 8.241596770463655e-05 0.6328369440000001
928 8.210002825214058e-05 0.6335196160000001
929 8.177855085210021e-05 0.6342022880000001
930 8.145242585702707e-05 0.6348849600000001
931 8.112265002812075e-05 0.6355676320000001
932 8.079036101219182e-05 0.6362503040000002
933 8.045678827587997e-05 0.6369329760000001
934 8.012326915209332e-05 0.6376156480000001
935 7.97911717257012e-05 0.6382983200000001
936 7.946188330933601e-05 0.6389809920000001
937 7.91366472933128e-05 0.6396636640000001
938 7.881654570192947e-05 0.6403463360000001
939 7.850241449860395e-05 0.6410290080000001
940 7.819486843050365e-05 0.6417116800000001
941 7.789437003812983e-05 0.6423943520000001
942 7.760123678189454e-05 0.6430770240000001
943 7.731567382813823e-05 0.643759696
944 7.7037770111744e-05 0.6444423680000001
945 7.676750480750704e-05 0.6451250400000001
946 7.650475080753174e-05 0.6458077120000001
947 7.624929259796555e-05 0.6464903840000001
948 7.600076562932245e-05 0.6471730560000001
949 7.575874227732209e-05 0.6478557280000001
950 7.552285104040841e-05 0.6485384000000001
951 7.529271632867891e-05 0.6492210720000001
952 7.506795357228929e-05 0.6499037440000001
953 7.484819091236521e-05 0.6505864160000001
954 7.463309309532582e-05 0.6512690880000001
955 7.442236434639987e-05 0.6519517600000001
956 7.421575723888216e-05 0.6526344320000002
957 7.401305029944232e-05 0.6533171040000001
958 7.381406460233762e-05 0.6539997760000001
959 7.361864700342109e-05 0.6546824480000001
960 7.342669974491271e-05 0.6553651200000001
961 7.323814305371241e-05 0.6560477920000001
962 7.305292702927201e-05 0.6567304640000001
963 7.287096461541931e-05 0.6574131360000001
964 7.269238243636016e-05 0.6580958080000001
965 7.25171293397034e-05 0.6587784800000001
966 7.234523136511247e-05 0.6594611520000001
967 7.217672509875272e-05 0.6601438240000002
968 7.201165592027069e-05 0.6608264960000001
969 7.185007628570763e-05 0.6615091680000001
970 7.169204285215848e-05 0.6621918400000001
971 7.153761644393178e-05 0.6628745120000001
972 7.138686654630803e-05 0.6635571840000001
973 7.123986698916739e-05 0.6642398560000001
974 7.109666949658904e-05 0.6649225280000001
975 7.095734311738798e-05 0.6656052000000001
976 7.082182190789875e-05 0.6662878720000001
977 7.069014474960702e-05 0.6669705440000001
978 7.056228249471872e-05 0.667653216
979 7.04381670364474e-05 0.6683358880000001
980 7.031768522919142e-05 0.6690185600000002
981 7.020068479814725e-05 0.6697012320000001
982 7.00869762022359e-05 0.6703839040000001
983 6.997627779763217e-05 0.6710665760000001
984 6.986822136227057e-05 0.6717492480000001
985 6.976216989658773e-05 0.6724319200000001
986 6.965781425583282e-05 0.6731145920000001
987 6.955488777398062e-05 0.6737972640000001
988 6.945316359507195e-05 0.6744799360000001
989 6.935243776681588e-05 0.6751626080000001
990 6.925252442637566e-05 0.6758452800000001
991 6.915323636495121e-05 0.6765279520000002
992 6.905439718811563e-05 0.6772106240000001
993 6.895583310662532e-05 0.6778932960000001
994 6.885738808491985e-05 0.6785759680000001
995 6.875891433086037e-05 0.6792586400000001
996 6.86602669918024e-05 0.6799413120000001
997 6.856130217875475e-05 0.6806239840000001
998 6.846187411719031e-05 0.6813066560000001
999 6.83618316855698e-05 0.6819893280000001
1000 6.826101407254643e-05 0.6826720000000001
1001 6.815924976512802e-05 0.6833546720000001
1002 6.805636242479086e-05 0.6840373440000002
1003 6.795217744500684e-05 0.6847200160000001
1004 6.784652960690351e-05 0.6854026880000001
1005 6.773924882196571e-05 0.6860853600000001
1006 6.763016755459159e-05 0.6867680320000001
1007 6.751914413378344e-05 0.6874507040000001
1008 6.740606616011955e-05 0.6881333760000001
1009 6.729086027570498e-05 0.6888160480000001
1010 6.717356766134087e-05 0.6894987200000001
1011 6.705426311345896e-05 0.6901813920000001
1012 6.69329746963627e-05 0.6908640640000001
1013 6.680966405086677e-05 0.6915467360000001
1014 6.668429391004634e-05 0.6922294080000001
1015 6.655658268726543e-05 0.6929120800000002
1016 6.642624337984882e-05 0.6935947520000001
1017 6.629286311669938e-05 0.6942774240000001
1018 6.615595228768868e-05 0.6949600960000001
1019 6.601492667717127e-05 0.6956427680000001
1020 6.586923070914192e-05 0.6963254400000001
1021 6.571830390984436e-05 0.6970081120000001
1022 6.556160874650125e-05 0.6976907840000001
1023 6.539863097242588e-05 0.6983734560000001
1024 6.522891373182355e-05 0.6990561280000001
1025 6.505203542097969e-05 0.6997388000000001
1026 6.486764123496805e-05 0.7004214720000002
1027 6.467547259790054e-05 0.7011041440000001
1028 6.447538228935948e-05 0.7017868160000001
1029 6.426734993616698e-05 0.7024694880000001
1030 6.405149047094401e-05 0.7031521600000001
1031 6.382805548819951e-05 0.7038348320000001
1032 6.359744264110883e-05 0.7045175040000001
1033 6.336016782676463e-05 0.7052001760000001
1034 6.311687885581467e-05 0.7058828480000001
1035 6.286830034931789e-05 0.7065655200000001
1036 6.261522001104253e-05 0.7072481920000001
1037 6.235847820210988e-05 0.7079308640000002
1038 6.209894187780195e-05 0.7086135360000001
1039 6.183747859131814e-05 0.7092962080000002
1040 6.157493681315077e-05 0.7099788800000001
1041 6.131212297681342e-05 0.7106615520000001
1042 6.104979550720918e-05 0.7113442240000001
1043 6.078864916137998e-05 0.7120268960000001
1044 6.052930609160112e-05 0.7127095680000001
1045 6.027230697650682e-05 0.7133922400000001
1046 6.001811820655917e-05 0.7140749120000001
1047 5.976710077643603e-05 0.7147575840000001
1048 5.95195302089972e-05 0.7154402560000001
1049 5.927561506953162e-05 0.7161229280000001
1050 5.903550218990702e-05 0.7168056000000002
1051 5.879928319634349e-05 0.7174882720000001
1052 5.856700064446106e-05 0.7181709440000001
1053 5.833865529982675e-05 0.7188536160000001
1054 5.811421237981913e-05 0.7195362880000001
1055 5.789360737702788e-05 0.7202189600000001
1056 5.767675238872319e-05 0.7209016320000001
1057 5.746354297693573e-05 0.7215843040000001
1058 5.725386123802582e-05 0.7222669760000001
1059 5.704758023133768e-05 0.7229496480000001
1060 5.684456928942453e-05 0.7236323200000001
1061 5.664469994061416e-05 0.7243149920000002
1062 5.64478419075865e-05 0.7249976640000001
1063 5.625386674377727e-05 0.7256803360000001
1064 5.60626543390919e-05 0.7263630080000001
1065 5.587409822770756e-05 0.7270456800000001
1066 5.568810542356798e-05 0.7277283520000001
1067 5.550459694973368e-05 0.7284110240000001
1068 5.532350585706696e-05 0.7290936960000001
1069 5.51447740913334e-05 0.7297763680000001
1070 5.496835131989448e-05 0.7304590400000001
1071 5.479419707100751e-05 0.7311417120000001
1072 5.462227974705945e-05 0.7318243840000002
1073 5.445255019388043e-05 0.7325070560000001
1074 5.428496756784404e-05 0.7331897280000002
1075 5.411949935704056e-05 0.7338724000000001
1076 5.39561491785748e-05 0.7345550720000001
1077 5.379490987375828e-05 0.7352377440000001
1078 5.363577947200176e-05 0.7359204160000001
1079 5.347874718236149e-05 0.7366030880000001
1080 5.332379392031365e-05 0.7372857600000001
1081 5.317089141746319e-05 0.7379684320000001
1082 5.302000365496329e-05 0.7386511040000001
1083 5.287108613148907e-05 0.7393337760000001
1084 5.272408758061911e-05 0.7400164480000001
1085 5.257895068079632e-05 0.7406991200000002
1086 5.243561361556547e-05 0.7413817920000001
1087 5.229401094965862e-05 0.7420644640000001
1088 5.215407466617069e-05 0.7427471360000001
1089 5.201573564945488e-05 0.7434298080000001
1090 5.187892431339312e-05 0.7441124800000001
1091 5.174357120128063e-05 0.7447951520000001
1092 5.16096082033759e-05 0.7454778240000001
1093 5.147696863057606e-05 0.7461604960000001
1094 5.134558754315556e-05 0.7468431680000001
1095 5.121540276793867e-05 0.7475258400000001
1096 5.108635439165972e-05 0.7482085120000002
1097 5.095838421122698e-05 0.7488911840000001
1098 5.083143688940624e-05 0.7495738560000001
1099 5.070545994462653e-05 0.7502565280000001
1100 5.058040313522816e-05 0.7509392000000001
1101 5.045621802623361e-05 0.7516218720000001
1102 5.033285794278001e-05 0.7523045440000001
1103 5.02102782096436e-05 0.7529872160000001
1104 5.008843596294754e-05 0.7536698880000001
1105 4.996729005365863e-05 0.7543525600000001
1106 4.984680035199458e-05 0.7550352320000001
1107 4.972692823396292e-05 0.7557179040000002
1108 4.960763824750143e-05 0.7564005760000001
1109 4.948889543077947e-05 0.7570832480000002
1110 4.937066627534751e-05 0.7577659200000001
1111 4.925291607201543e-05 0.7584485920000001
1112 4.913562643526427e-05 0.7591312640000001
1113 4.901876652002125e-05 0.7598139360000001
1114 4.890231151974939e-05 0.7604966080000001
1115 4.878622127335305e-05 0.7611792800000001
1116 4.867045728016505e-05 0.7618619520000001
1117 4.85549862934939e-05 0.7625446240000001
1118 4.843977333917281e-05 0.7632272960000001
1119 4.832478714283372e-05 0.7639099680000001
1120 4.821000255023636e-05 0.7645926400000002
1121 4.80953880181326e-05 0.7652753120000001
1122 4.798092511161423e-05 0.7659579840000001
1123 4.786659455182497e-05 0.7666406560000001
1124 4.775237976177421e-05 0.7673233280000001
1125 4.763826681917288e-05 0.7680060000000001
1126 4.752424438462444e-05 0.7686886720000001
1127 4.741030378679834e-05 0.7693713440000001
1128 4.7296439032792e-05 0.7700540160000001
1129 4.718264684394091e-05 0.7707366880000001
1130 4.706892677017126e-05 0.7714193600000001
1131 4.695528126635077e-05 0.7721020320000002
1132 4.684171587490472e-05 0.7727847040000001
1133 4.672823922215848e-05 0.7734673760000002
1134 4.661486327334507e-05 0.7741500480000001
1135 4.650160311402217e-05 0.7748327200000001
1136 4.63884771062222e-05 0.7755153920000001
1137 4.627550718708089e-05 0.7761980640000001
1138 4.616271954022056e-05 0.7768807360000001
1139 4.605014394455346e-05 0.7775634080000001
1140 4.593781387041092e-05 0.7782460800000001
1141 4.582576634019239e-05 0.7789287520000001
1142 4.571404140331864e-05 0.7796114240000002
1143 4.560268169540064e-05 0.7802940960000001
1144 4.549173171781941e-05 0.7809767680000002
1145 4.538123749233587e-05 0.7816594400000001
1146 4.527124583471888e-05 0.7823421120000001
1147 4.516180399615583e-05 0.7830247840000001
1148 4.505295861545552e-05 0.7837074560000001
1149 4.494475536040708e-05 0.7843901280000001
1150 4.483723822477699e-05 0.7850728000000001
1151 4.473044889624151e-05 0.7857554720000001
1152 4.462442612088765e-05 0.7864381440000001
1153 4.451920539410258e-05 0.7871208160000002
1154 4.441481697658566e-05 0.7878034880000001
1155 4.431128483171714e-05 0.7884861600000002
1156 4.420862541501956e-05 0.7891688320000001
1157 4.410684713598957e-05 0.7898515040000001
1158 4.400595302221767e-05 0.7905341760000001
1159 4.390592439116021e-05 0.7912168480000001
1160 4.380671941655486e-05 0.7918995200000001
1161 4.370827362320957e-05 0.7925821920000001
1162 4.361047418432246e-05 0.7932648640000001
1163 4.351313210681889e-05 0.7939475360000001
1164 4.341598107751515e-05 0.7946302080000001
1165 4.331858395001089e-05 0.7953128800000001
1166 4.322028060037886e-05 0.7959955520000002
1167 4.312027245396005e-05 0.7966782240000001
1168 4.301781036782025e-05 0.7973608960000002
1169 4.291225682648492e-05 0.7980435680000001
1170 4.280309175569044e-05 0.7987262400000001
1171 4.269001067449944e-05 0.7994089120000001
1172 4.257288171274432e-05 0.8000915840000001
1173 4.24517756111405e-05 0.8007742560000001
1174 4.232692485918095e-05 0.8014569280000001
1175 4.219862951075824e-05 0.8021396000000001
1176 4.206722357716336e-05 0.8028222720000001
1177 4.193305105442965e-05 0.8035049440000002
1178 4.179643606557002e-05 0.8041876160000001
1179 4.16576966206199e-05 0.8048702880000002
1180 4.151712287630624e-05 0.8055529600000001
1181 4.137501636024919e-05 0.8062356320000001
1182 4.123168201214373e-05 0.8069183040000001
1183 4.108742670939215e-05 0.8076009760000001
1184 4.094254273149237e-05 0.8082836480000001
1185 4.079731094403681e-05 0.8089663200000001
1186 4.065199076889936e-05 0.8096489920000001
1187 4.050682234749957e-05 0.8103316640000001
1188 4.036203113456359e-05 0.8110143360000002
1189 4.021783657628585e-05 0.8116970080000001
1190 4.007446163730992e-05 0.8123796800000002
1191 3.993214125831551e-05 0.8130623520000001
1192 3.979112937832686e-05 0.8137450240000002
1193 3.965170418105512e-05 0.8144276960000001
1194 3.951416219565502e-05 0.8151103680000001
1195 3.937880232395714e-05 0.8157930400000001
1196 3.924591369746726e-05 0.8164757120000001
1197 3.911575336703334e-05 0.8171583840000001
1198 3.89885193895056e-05 0.8178410560000001
1199 3.886434610011309e-05 0.8185237280000001
1200 3.874329423326698e-05 0.8192064000000001
1201 3.86253867912294e-05 0.8198890720000002
1202 3.851060339778972e-05 0.8205717440000001
1203 3.83988842846886e-05 0.8212544160000002
1204 3.829013394561351e-05 0.8219370880000001
1205 3.81842357332003e-05 0.8226197600000001
1206 3.808104929404212e-05 0.8233024320000001
1207 3.798041788970178e-05 0.8239851040000001
1208 3.788216843485276e-05 0.8246677760000001
1209 3.77861207926342e-05 0.8253504480000001
1210 3.769211201305053e-05 0.8260331200000001
1211 3.759997542754694e-05 0.8267157920000001
1212 3.75095768521633e-05 0.8273984640000002
1213 3.742077393600174e-05 0.8280811360000001
1214 3.733343231524536e-05 0.8287638080000002
1215 3.724741924033124e-05 0.8294464800000001
1216 3.716260129576488e-05 0.8301291520000001
1217 3.707884696231215e-05 0.8308118240000001
1218 3.6996028646152e-05 0.8314944960000001
1219 3.691402448462414e-05 0.8321771680000001
1220 3.683271989652923e-05 0.8328598400000001
1221 3.675200857949064e-05 0.8335425120000001
1222 3.667179356264667e-05 0.8342251840000001
1223 3.659198829561083e-05 0.8349078560000002
1224 3.651251708611205e-05 0.8355905280000001
1225 3.643331514337499e-05 0.8362732000000002
1226 3.635432859730786e-05 0.8369558720000001
1227 3.627551417311264e-05 0.8376385440000002
1228 3.619683868886795e-05 0.8383212160000001
1229 3.611827841207884e-05 0.8390038880000001
1230 3.603981818332099e-05 0.8396865600000001
1231 3.596145051494552e-05 0.8403692320000001
1232 3.588317486534274e-05 0.8410519040000001
1233 3.580499649814911e-05 0.8417345760000001
1234 3.572692625055841e-05 0.8424172480000001
1235 3.564897927134495e-05 0.8430999200000001
1236 3.557117449456885e-05 0.8437825920000002
1237 3.549353428103876e-05 0.8444652640000001
1238 3.541608392691837e-05 0.8451479360000002
1239 3.533885388143875e-05 0.8458306080000001
1240 3.526187560102387e-05 0.8465132800000001
1241 3.518518022564553e-05 0.8471959520000001
1242 3.510880240510364e-05 0.8478786240000001
1243 3.503278210598676e-05 0.8485612960000001
1244 3.49571571803281e-05 0.8492439680000001
1245 3.48819680523385e-05 0.8499266400000001
1246 3.480725183724182e-05 0.8506093120000001
1247 3.473305230084157e-05 0.8512919840000002
1248 3.465941523488366e-05 0.8519746560000001
1249 3.458637884580519e-05 0.8526573280000002
1250 3.451398083107291e-05 0.8533400000000001
1251 3.444226019957341e-05 0.8540226720000001
1252 3.437125082362019e-05 0.8547053440000001
1253 3.43009926244771e-05 0.8553880160000001
1254 3.423153000582787e-05 0.8560706880000001
1255 3.416290738944906e-05 0.8567533600000001
1256 3.409516644385751e-05 0.8574360320000001
1257 3.402834593700326e-05 0.8581187040000001
1258 3.396248159593454e-05 0.8588013760000002
1259 3.389760430430795e-05 0.8594840480000001
1260 3.383373920846324e-05 0.8601667200000002
1261 3.377090544693311e-05 0.8608493920000001
1262 3.37091154859475e-05 0.8615320640000002
1263 3.364837444716459e-05 0.8622147360000001
1264 3.358868050414807e-05 0.8628974080000001
1265 3.353002392767131e-05 0.8635800800000001
1266 3.347238646162029e-05 0.8642627520000001
1267 3.341574353843656e-05 0.8649454240000001
1268 3.336006007335407e-05 0.8656280960000001
1269 3.330529702637578e-05 0.8663107680000001
1270 3.325140995802418e-05 0.8669934400000001
1271 3.319834928205863e-05 0.8676761120000002
1272 3.314606133775559e-05 0.8683587840000001
1273 3.309448069015026e-05 0.8690414560000002
1274 3.304354796241688e-05 0.8697241280000001
1275 3.299318675066711e-05 0.8704068000000001
1276 3.294331516114559e-05 0.8710894720000001
1277 3.28938499955933e-05 0.8717721440000001
1278 3.284470840613064e-05 0.8724548160000001
1279 3.27958096609955e-05 0.8731374880000001
1280 3.274707572063375e-05 0.8738201600000001
1281 3.269843199607736e-05 0.8745028320000001
1282 3.264980760198592e-05 0.8751855040000002
1283 3.260113552986467e-05 0.8758681760000001
1284 3.255235260798171e-05 0.8765508480000002
1285 3.250340053152103e-05 0.8772335200000001
1286 3.24542260755061e-05 0.8779161920000002
1287 3.240477942264869e-05 0.8785988640000001
1288 3.235501554643675e-05 0.8792815360000001
1289 3.230489515636908e-05 0.8799642080000001
1290 3.225437629878906e-05 0.8806468800000001
1291 3.220343228996351e-05 0.8813295520000001
1292 3.215203207874276e-05 0.8820122240000001
1293 3.2100137714635e-05 0.8826948960000002
1294 3.204772822152972e-05 0.8833775680000001
1295 3.19947872290506e-05 0.8840602400000002
1296 3.194132025101964e-05 0.8847429120000001
1297 3.188732919855649e-05 0.8854255840000002
1298 3.183282983219932e-05 0.8861082560000001
1299 3.177786688269425e-05 0.8867909280000001
1300 3.17224745742646e-05 0.8874736000000001
1301 3.166666348607337e-05 0.8881562720000001
1302 3.161038244592985e-05 0.8888389440000001
1303 3.155357480439978e-05 0.8895216160000001
1304 3.149618782802067e-05 0.8902042880000001
1305 3.143813720719079e-05 0.8908869600000001
1306 3.137930789363774e-05 0.8915696320000002
1307 3.131953900660061e-05 0.8922523040000001
1308 3.125866215486028e-05 0.8929349760000002
1309 3.119651376988704e-05 0.8936176480000001
1310 3.113290799082616e-05 0.8943003200000001
1311 3.106766298754061e-05 0.8949829920000001
1312 3.100060535298397e-05 0.8956656640000001
1313 3.093158076952217e-05 0.8963483360000001
1314 3.086044728316502e-05 0.8970310080000001
1315 3.078709255940155e-05 0.8977136800000001
1316 3.071143419586908e-05 0.8983963520000001
1317 3.063341335079338e-05 0.8990790240000002
1318 3.055300654521339e-05 0.8997616960000001
1319 3.047023148029788e-05 0.9004443680000002
1320 3.038514852508583e-05 0.9011270400000001
1321 3.029786037278385e-05 0.9018097120000002
1322 3.020851025790488e-05 0.9024923840000001
1323 3.011727879703533e-05 0.9031750560000001
1324 3.002437946239162e-05 0.9038577280000001
1325 2.993005280679426e-05 0.9045404000000001
1326 2.983456011621679e-05 0.9052230720000001
1327 2.973817627958109e-05 0.9059057440000001
1328 2.964118294724649e-05 0.9065884160000002
1329 2.954386186198055e-05 0.9072710880000001
1330 2.944648855768857e-05 0.9079537600000002
1331 2.934932691148723e-05 0.9086364320000001
1332 2.925262476136378e-05 0.9093191040000002
1333 2.915661044720945e-05 0.9100017760000001
1334 2.906148979130092e-05 0.9106844480000001
1335 2.896744530439943e-05 0.9113671200000001
1336 2.887463512971939e-05 0.9120497920000001
1337 2.878319191165499e-05 0.9127324640000001
1338 2.869322137774029e-05 0.9134151360000001
1339 2.860480080883018e-05 0.9140978080000001
1340 2.851797918123452e-05 0.9147804800000001
1341 2.843278041134526e-05 0.9154631520000002
1342 2.83492057041376e-05 0.9161458240000001
1343 2.826723697585017e-05 0.9168284960000002
1344 2.818683829249505e-05 0.9175111680000001
1345 2.810796025652898e-05 0.9181938400000001
1346 2.80305482938303e-05 0.9188765120000001
1347 2.795454160207723e-05 0.9195591840000001
1348 2.787987500138941e-05 0.9202418560000001
1349 2.780648189345236e-05 0.9209245280000001
1350 2.773429546250455e-05 0.9216072000000001
1351 2.766324772440707e-05 0.9222898720000001
1352 2.759326617436162e-05 0.9229725440000002
1353 2.752427919745666e-05 0.9236552160000001
1354 2.745621528454541e-05 0.9243378880000002
1355 2.738900887480723e-05 0.9250205600000001
1356 2.732259632355189e-05 0.9257032320000002
1357 2.725691683537525e-05 0.9263859040000001
1358 2.719191459446419e-05 0.9270685760000001
1359 2.712753674410677e-05 0.9277512480000001
1360 2.706373342280472e-05 0.9284339200000001
1361 2.700045790007588e-05 0.9291165920000001
1362 2.693766640853799e-05 0.9297992640000001
1363 2.687531937668338e-05 0.9304819360000002
1364 2.681337980123222e-05 0.9311646080000001
1365 2.675181251207893e-05 0.9318472800000002
1366 2.669058546452002e-05 0.9325299520000001
1367 2.66296685042568e-05 0.9332126240000002
1368 2.656903552596045e-05 0.9338952960000001
1369 2.650866405051037e-05 0.9345779680000001
1370 2.644853456845378e-05 0.9352606400000001
1371 2.638863058684161e-05 0.9359433120000001
1372 2.632893803534736e-05 0.9366259840000001
1373 2.62694451458058e-05 0.9373086560000001
1374 2.621014214423308e-05 0.9379913280000001
1375 2.615102060017174e-05 0.9386740000000001
1376 2.609207378527855e-05 0.9393566720000002
1377 2.603329571979651e-05 0.9400393440000001
1378 2.597468126966134e-05 0.9407220160000002
1379 2.591622586784965e-05 0.9414046880000001
1380 2.5857925631833e-05 0.9420873600000002
1381 2.579977688040556e-05 0.9427700320000001
1382 2.574177633560225e-05 0.9434527040000001
1383 2.568392074294043e-05 0.9441353760000001
1384 2.562620706194304e-05 0.9448180480000001
1385 2.556863227388877e-05 0.9455007200000001
1386 2.551119318522328e-05 0.9461833920000001
1387 2.545388666660386e-05 0.9468660640000002
1388 2.539670975328183e-05 0.9475487360000001
1389 2.533965952834509e-05 0.9482314080000002
1390 2.528273291351527e-05 0.9489140800000001
1391 2.522592720404026e-05 0.9495967520000002
1392 2.516924057669461e-05 0.9502794240000001
1393 2.511267090198408e-05 0.9509620960000001
1394 2.505621578902317e-05 0.9516447680000001
1395 2.49998730763749e-05 0.9523274400000001
1396 2.494364125191659e-05 0.9530101120000001
1397 2.488752095303746e-05 0.9536927840000001
1398 2.483151492897569e-05 0.9543754560000002
1399 2.47756189750442e-05 0.9550581280000001
1400 2.471983005316066e-05 0.9557408000000002
1401 2.466414772464813e-05 0.9564234720000001
1402 2.46085689497751e-05 0.9571061440000002
1403 2.455309314225805e-05 0.9577888160000001
1404 2.449771818578944e-05 0.9584714880000001
1405 2.444244276141083e-05 0.9591541600000001
1406 2.438726644689619e-05 0.9598368320000001
1407 2.43321896020602e-05 0.9605195040000001
1408 2.427721319938538e-05 0.9612021760000001
1409 2.422233883844857e-05 0.9618848480000001
1410 2.416756870387649e-05 0.9625675200000001
1411 2.411290554900315e-05 0.9632501920000002
1412 2.405835275695441e-05 0.9639328640000001
1413 2.400391417975818e-05 0.9646155360000002
1414 2.394959405085254e-05 0.9652982080000001
1415 2.389539707754835e-05 0.9659808800000002
1416 2.38413284128147e-05 0.9666635520000001
1417 2.37873935525553e-05 0.9673462240000001
1418 2.373359834637031e-05 0.9680288960000001
1419 2.367994892602782e-05 0.9687115680000001
1420 2.362645175965412e-05 0.9693942400000001
1421 2.357311385177915e-05 0.9700769120000001
1422 2.351994235202671e-05 0.9707595840000002
1423 2.346694535809171e-05 0.9714422560000001
1424 2.34141323988435e-05 0.9721249280000002
1425 2.33615143017284e-05 0.9728076000000001
1426 2.330910390718964e-05 0.9734902720000002
1427 2.325691814518031e-05 0.9741729440000001
1428 2.320497614103292e-05 0.9748556160000001
1429 2.315330222893542e-05 0.9755382880000001
1430 2.310192440806224e-05 0.9762209600000001
1431 2.305087389055303e-05 0.9769036320000001
1432 2.300017700186186e-05 0.9775863040000001
1433 2.29498440956634e-05 0.9782689760000002
1434 2.28998724416874e-05 0.9789516480000001
1435 2.285025155995724e-05 0.9796343200000002
1436 2.280095092012929e-05 0.9803169920000001
1437 2.275193979961617e-05 0.9809996640000002
1438 2.27032015433569e-05 0.9816823360000001
1439 2.265472930890275e-05 0.9823650080000002
1440 2.260652754617135e-05 0.9830476800000001
1441 2.255860238806809e-05 0.9837303520000001
1442 2.251096013377452e-05 0.9844130240000001
1443 2.246360641711665e-05 0.9850956960000001
1444 2.241654587659515e-05 0.9857783680000002
1445 2.236978507045385e-05 0.9864610400000001
1446 2.232333025881359e-05 0.9871437120000002
1447 2.227718614723857e-05 0.9878263840000001
1448 2.223135765963623e-05 0.9885090560000002
1449 2.218584791812304e-05 0.9891917280000001
1450 2.214065972105367e-05 0.9898744000000002
1451 2.209579487393992e-05 0.9905570720000001
1452 2.205125523884177e-05 0.9912397440000001
1453 2.200704140876197e-05 0.9919224160000001
1454 2.196315220199739e-05 0.9926050880000001
1455 2.19195865402216e-05 0.9932877600000001
1456 2.187634250826127e-05 0.9939704320000001
1457 2.183341747665159e-05 0.9946531040000002
1458 2.179080860551206e-05 0.9953357760000001
1459 2.174851252714176e-05 0.9960184480000002
1460 2.170652578152373e-05 0.9967011200000001
1461 2.1664845338302e-05 0.9973837920000002
1462 2.162346750834038e-05 0.9980664640000001
1463 2.158238997605434e-05 0.9987491360000001
1464 2.15416102510748e-05 0.9994318080000001
1465 2.150112580855418e-05 1.00011448
1466 2.146093356217545e-05 1.000797152
1467 2.142102969993752e-05 1.001479824
1468 2.138141105896808e-05 1.002162496
1469 2.134207343379848e-05 1.002845168
1470 2.130301311039944e-05 1.00352784
1471 2.126422596649118e-05 1.004210512
1472 2.122570806555145e-05 1.004893184
1473 2.118745566482872e-05 1.005575856
1474 2.114946512054742e-05 1.006258528
1475 2.11117329345536e-05 1.0069412
1476 2.107425562757066e-05 1.007623872
1477 2.103702969347239e-05 1.008306544
1478 2.1000051709805e-05 1.008989216
1479 2.096331813053471e-05 1.009671888
1480 2.092682555240843e-05 1.01035456
1481 2.089057053330141e-05 1.011037232
1482 2.085454952570391e-05 1.011719904
1483 2.081875910744352e-05 1.012402576
1484 2.078319582770487e-05 1.013085248
1485 2.074785614510116e-05 1.01376792
1486 2.071273636771623e-05 1.014450592
1487 2.067783273986089e-05 1.015133264
1488 2.064314147609738e-05 1.015815936
1489 2.06086588240615e-05 1.016498608
1490 2.057438098473902e-05 1.01718128
1491 2.054030409431475e-05 1.017863952
1492 2.050642450350843e-05 1.018546624
1493 2.047273857601406e-05 1.019229296
1494 2.043924267283012e-05 1.019911968
1495 2.040593320389607e-05 1.02059464
1496 2.037280654838886e-05 1.021277312
1497 2.033985924346461e-05 1.021959984
1498 2.030708788680736e-05 1.022642656
1499 2.027448897855442e-05 1.023325328
1500 2.024205910624323e-05 1.024008
1501 2.020979486096704e-05 1.024690672
1502 2.017769284807554e-05 1.025373344
1503 2.014574974894965e-05 1.026056016
1504 2.011396225704338e-05 1.026738688
1505 2.008232705481798e-05 1.02742136
1506 2.005084085554004e-05 1.028104032
1507 2.001950035171546e-05 1.028786704
1508 1.998830226486556e-05 1.029469376
1509 1.995724330903183e-05 1.030152048
1510 1.99263202543818e-05 1.03083472
1511 1.989552970920869e-05 1.031517392
1512 1.986486837217334e-05 1.032200064
1513 1.98343327954993e-05 1.032882736
1514 1.980391966103719e-05 1.033565408
1515 1.977362526681529e-05 1.03424808
1516 1.974344601028712e-05 1.034930752
1517 1.971337825118704e-05 1.035613424
1518 1.968341817347383e-05 1.036296096
1519 1.965356159626288e-05 1.036978768
1520 1.962380382674485e-05 1.03766144
1521 1.959414049836521e-05 1.038344112
1522 1.956456756642369e-05 1.039026784
1523 1.953508097033211e-05 1.039709456
1524 1.950567631243517e-05 1.040392128
1525 1.947634637939766e-05 1.0410748
1526 1.944708215228497e-05 1.041757472
1527 1.941787981793007e-05 1.042440144
1528 1.938873933940443e-05 1.043122816
1529 1.935965704369565e-05 1.043805488
1530 1.933063086318147e-05 1.04448816
1531 1.93016619764203e-05 1.045170832
1532 1.927275178321765e-05 1.045853504
1533 1.924390125052635e-05 1.046536176
1534 1.921511085450601e-05 1.047218848
1535 1.918638143564947e-05 1.04790152
1536 1.915771389653584e-05 1.048584192
1537 1.912911084786454e-05 1.049266864
1538 1.910057714581925e-05 1.049949536
1539 1.907212159772873e-05 1.050632208
1540 1.904375835026474e-05 1.05131488
1541 1.901550817507145e-05 1.051997552
1542 1.898740109147722e-05 1.052680224
1543 1.895947527039672e-05 1.053362896
1544 1.893177566056242e-05 1.054045568
1545 1.890434995571441e-05 1.05472824
1546 1.887724158016533e-05 1.055410912
1547 1.885048040798391e-05 1.056093584
1548 1.882407583277164e-05 1.056776256
1549 1.879801208421362e-05 1.057458928
1550 1.87722470480448e-05 1.0581416
1551 1.874672067304617e-05 1.058824272
1552 1.872135931607541e-05 1.059506944
1553 1.869607692345685e-05 1.060189616
1554 1.86707791634009e-05 1.060872288
1555 1.864537002209409e-05 1.06155496
1556 1.861974490644867e-05 1.062237632
1557 1.859380858154859e-05 1.062920304
1558 1.856746701537374e-05 1.063602976
1559 1.854065553151966e-05 1.064285648
1560 1.851334525390369e-05 1.06496832
1561 1.848550609565058e-05 1.065650992
1562 1.845708913095364e-05 1.066333664
1563 1.842802848553866e-05 1.067016336
1564 1.839824291572381e-05 1.067699008
1565 1.836763799592129e-05 1.06838168
1566 1.833611144420654e-05 1.069064352
1567 1.830355905364513e-05 1.069747024
1568 1.82698786243518e-05 1.070429696
1569 1.823497952701776e-05 1.071112368
1570 1.819878671222855e-05 1.07179504
1571 1.816124403099624e-05 1.072477712
1572 1.812174939841545e-05 1.073160384
1573 1.808149022669763e-05 1.073843056
1574 1.803986758462212e-05 1.074525728
1575 1.799691291395073e-05 1.0752084
1576 1.795268477367017e-05 1.075891072
1577 1.79072539403457e-05 1.076573744
1578 1.78607028062689e-05 1.077256416
1579 1.781311906195023e-05 1.077939088
1580 1.776459655193576e-05 1.07862176
1581 1.771523107652049e-05 1.079304432
1582 1.766511759570376e-05 1.079987104
1583 1.76143529876726e-05 1.080669776
1584 1.756303369669846e-05 1.081352448
1585 1.751125020266055e-05 1.08203512
1586 1.745908901937477e-05 1.082717792
1587 1.740663357325753e-05 1.083400464
1588 1.735396144513251e-05 1.084083136
1589 1.730114410188301e-05 1.084765808
1590 1.724824619309564e-05 1.08544848
1591 1.719532650674577e-05 1.086131152
1592 1.714243901682685e-05 1.086813824
1593 1.708963088416985e-05 1.087496496
1594 1.703694395787806e-05 1.088179168
1595 1.698441386904224e-05 1.08886184
1596 1.693206912833671e-05 1.089544512
1597 1.687993404810313e-05 1.090227184
1598 1.682803081955532e-05 1.090909856
1599 1.677637956948462e-05 1.091592528
1600 1.67249977754241e-05 1.0922752
1601 1.667389923591085e-05 1.092957872
1602 1.662309717386365e-05 1.093640544
1603 1.657259634626304e-05 1.094323216
1604 1.652240029082021e-05 1.095005888
1605 1.647251079659458e-05 1.09568856
1606 1.642292843197729e-05 1.096371232
1607 1.637365202752064e-05 1.097053904
1608 1.632468017979396e-05 1.097736576
1609 1.627601069700591e-05 1.098419248
1610 1.622764029462643e-05 1.09910192
1611 1.617956549847181e-05 1.099784592
1612 1.613178318516797e-05 1.100467264
1613 1.608429079449263e-05 1.101149936
1614 1.603708696812155e-05 1.101832608
1615 1.599017217910508e-05 1.10251528
1616 1.594354949434222e-05 1.103197952
1617 1.589722659010556e-05 1.103880624
1618 1.585121550135713e-05 1.104563296
1619 1.580553286734547e-05 1.105245968
1620 1.576019970628698e-05 1.10592864
1621 1.57152407785284e-05 1.106611312
1622 1.567068372979301e-05 1.107293984
1623 1.562655858477866e-05 1.107976656
1624 1.558289503497768e-05 1.108659328
1625 1.553972015206135e-05 1.109342
1626 1.549705763233112e-05 1.110024672
1627 1.545492584207314e-05 1.110707344
1628 1.541333789430094e-05 1.111390016
1629 1.537229992687291e-05 1.112072688
1630 1.533181211584065e-05 1.11275536
1631 1.529187023328147e-05 1.113438032
1632 1.525246541209963e-05 1.114120704
1633 1.521358665054314e-05 1.114803376
1634 1.517522048317712e-05 1.115486048
1635 1.513735243016424e-05 1.11616872
1636 1.509996765473754e-05 1.116851392
1637 1.506305010990191e-05 1.117534064
1638 1.502658203003924e-05 1.118216736
1639 1.499054594309381e-05 1.118899408
1640 1.495492291931822e-05 1.11958208
1641 1.491969383431668e-05 1.120264752
1642 1.488483895321834e-05 1.120947424
1643 1.485033756378772e-05 1.121630096
1644 1.481616823588732e-05 1.122312768
1645 1.478230934374124e-05 1.12299544
1646 1.47487390838697e-05 1.123678112
1647 1.471543555421344e-05 1.124360784
1648 1.468237768010158e-05 1.125043456
1649 1.464954470995865e-05 1.125726128
1650 1.461691630137217e-05 1.1264088
1651 1.458447316001969e-05 1.127091472
1652 1.455219702015076e-05 1.127774144
1653 1.452007080322091e-05 1.128456816
1654 1.448807903313774e-05 1.129139488
1655 1.445620783751596e-05 1.12982216
1656 1.44244448259997e-05 1.130504832
1657 1.439277915761755e-05 1.131187504
1658 1.436120153337723e-05 1.131870176
1659 1.432970353443513e-05 1.132552848
1660 1.429827888350795e-05 1.13323552
1661 1.426692235779641e-05 1.133918192
1662 1.423563080928792e-05 1.134600864
1663 1.42044019135394e-05 1.135283536
1664 1.417323499019325e-05 1.135966208
1665 1.414212906515817e-05 1.13664888
1666 1.411108460666739e-05 1.137331552
1667 1.408010094336933e-05 1.138014224
1668 1.404917933536944e-05 1.138696896
1669 1.401831813989982e-05 1.139379568
1670 1.398751399193892e-05 1.14006224
1671 1.395676472056545e-05 1.140744912
1672 1.392606689560233e-05 1.141427584
1673 1.389541444052998e-05 1.142110256
1674 1.38648067078389e-05 1.142792928
1675 1.383423840465476e-05 1.1434756
1676 1.380370463918934e-05 1.144158272
1677 1.37731996937755e-05 1.144840944
1678 1.374272017817399e-05 1.145523616
1679 1.371226414128837e-05 1.146206288
1680 1.368183112733314e-05 1.14688896
1681 1.365142425354353e-05 1.147571632
1682 1.3621048114219e-05 1.148254304
1683 1.359071157103357e-05 1.148936976
1684 1.356042841060105e-05 1.149619648
1685 1.353021668610994e-05 1.15030232
1686 1.350009868957484e-05 1.150984992
1687 1.347010192404524e-05 1.151667664
1688 1.344025604366922e-05 1.152350336
1689 1.341059288752672e-05 1.153033008
1690 1.338114814268245e-05 1.15371568
1691 1.335195976636832e-05 1.154398352
1692 1.332306725806713e-05 1.155081024
1693 1.329451100619148e-05 1.155763696
1694 1.326633186955501e-05 1.156446368
1695 1.32385695994474e-05 1.15712904
1696 1.321126241402646e-05 1.157811712
1697 1.31844468099832e-05 1.158494384
1698 1.315815422804268e-05 1.159177056
1699 1.313241210143342e-05 1.159859728
1700 1.310724168403184e-05 1.1605424
1701 1.308265766980395e-05 1.161225072
1702 1.305866674268333e-05 1.161907744
1703 1.303526604159183e-05 1.162590416
1704 1.301244477347768e-05 1.163273088
1705 1.299018528800999e-05 1.16395576
1706 1.296846146979652e-05 1.164638432
1707 1.294724210046995e-05 1.165321104
1708 1.292649139347981e-05 1.166003776
1709 1.290617068166387e-05 1.166686448
1710 1.288623980647406e-05 1.16736912
1711 1.286665841030336e-05 1.168051792
1712 1.284738709463267e-05 1.168734464
1713 1.282838846828563e-05 1.169417136
1714 1.280962784056849e-05 1.170099808
1715 1.279107352357617e-05 1.17078248
1716 1.277269681829966e-05 1.171465152
1717 1.275447233195139e-05 1.172147824
1718 1.273637815462156e-05 1.172830496
1719 1.271839526881867e-05 1.173513168
1720 1.270050793055789e-05 1.17419584
1721 1.268270394011656e-05 1.174878512
1722 1.266497359896213e-05 1.175561184
1723 1.264731050988412e-05 1.176243856
1724 1.262971119398628e-05 1.176926528
1725 1.261217481386533e-05 1.1776092
1726 1.2594702996581e-05 1.178291872
1727 1.257729955153287e-05 1.178974544
1728 1.255997015016234e-05 1.179657216
1729 1.254272199854722e-05 1.180339888
1730 1.252556360379058e-05 1.18102256
1731 1.250850434309935e-05 1.181705232
1732 1.249155414038805e-05 1.182387904
1733 1.247472313239795e-05 1.183070576
1734 1.245802139585748e-05 1.183753248
1735 1.244145914127802e-05 1.18443592
1736 1.242504585575306e-05 1.185118592
1737 1.240878983824133e-05 1.185801264
1738 1.239269870934325e-05 1.186483936
1739 1.237677852794319e-05 1.187166608
1740 1.236103625579112e-05 1.18784928
1741 1.234547562911278e-05 1.188531952
1742 1.233009825871018e-05 1.189214624
1743 1.231490740550645e-05 1.189897296
1744 1.229990069525955e-05 1.190579968
1745 1.228507866996991e-05 1.19126264
1746 1.227043646298884e-05 1.191945312
1747 1.225597324623778e-05 1.192627984
1748 1.224168320221637e-05 1.193310656
1749 1.222755999575753e-05 1.193993328
1750 1.22135968294021e-05 1.194676
1751 1.219978466994993e-05 1.195358672
1752 1.218611445997182e-05 1.196041344
1753 1.217257508514701e-05 1.196724016
1754 1.215915278381209e-05 1.197406688
1755 1.214583453108217e-05 1.19808936
1756 1.213260595697958e-05 1.198772032
1757 1.211944812187116e-05 1.199454704
1758 1.210634644943866e-05 1.200137376
1759 1.209328507002462e-05 1.200820048
1760 1.208024755882023e-05 1.20150272
1761 1.206721837206615e-05 1.202185392
1762 1.205418165711164e-05 1.202868064
1763 1.204112112433491e-05 1.203550736
1764 1.202802060979558e-05 1.204233408
1765 1.201486516291939e-05 1.20491608
1766 1.200163767642251e-05 1.205598752
1767 1.198832465101327e-05 1.206281424
1768 1.197491661762325e-05 1.206964096
