0 0 0
1 4.364110316467234e-72 0.000512004
2 4.751089350966172e-69 0.001024008
3 7.820500316548688e-66 0.001536012
4 3.794072390191524e-64 0.002048016
5 1.532623544202053e-63 0.00256002
6 2.683906806556354e-62 0.003072024
7 9.151502625129061e-61 0.003584028
8 1.003644989420637e-59 0.004096032
9 9.383855427170367e-59 0.004608036
10 2.233541484642354e-57 0.00512004
11 2.183070245389224e-56 0.005632044
12 2.530686154308434e-57 0.006144048
13 3.056005068251258e-56 0.006656052000000001
14 3.522926198583678e-55 0.007168056000000001
15 6.989770810488794e-52 0.007680060000000001
16 7.298943510078193e-52 0.008192064000000001
17 7.132926617558334e-51 0.008704068000000001
18 5.984538960507681e-50 0.009216072
19 5.650832946541594e-49 0.009728076
20 5.526478486789988e-48 0.01024008
21 1.11508690439825e-46 0.010752084
22 1.70370692035531e-45 0.011264088
23 1.524630388280865e-44 0.011776092
24 9.099376929032887e-44 0.012288096
25 4.073085368715863e-43 0.0128001
26 3.67085449490894e-45 0.013312104
27 1.446423970741542e-42 0.013824108
28 1.871670007965426e-41 0.014336112
29 5.400435872467139e-41 0.014848116
30 1.641877182957929e-40 0.01536012
31 2.716369947372669e-40 0.015872124
32 3.888917179530296e-40 0.016384128
33 7.593537743783909e-40 0.016896132
34 1.173948670895286e-39 0.017408136
35 2.940393024741439e-39 0.01792014
36 2.514158332827623e-37 0.018432144
37 4.377935239252319e-37 0.018944148
38 1.005333994595456e-36 0.019456152
39 4.752276210319894e-37 0.019968156
40 1.271198331798159e-36 0.02048016
41 3.961486000556677e-36 0.020992164
42 6.716855417909975e-35 0.021504168
43 2.217039127098684e-34 0.022016172
44 8.20896897792594e-34 0.022528176
45 3.21153786242308e-33 0.02304018
46 1.281449579305407e-32 0.023552184
47 5.048143579683456e-32 0.024064188
48 1.99057088971713e-31 0.024576192
49 7.675799123220558e-31 0.025088196
50 2.894990749690281e-30 0.0256002
51 1.068110721395918e-29 0.026112204
52 3.855163260600001e-29 0.026624208
53 1.361867870203669e-28 0.027136212
54 4.710410805386235e-28 0.027648216
55 1.595809813673304e-27 0.02816022
56 5.297463496180777e-27 0.028672224
57 1.723776536923032e-26 0.029184228
58 5.500188458775655e-26 0.029696232
59 1.721512252014682e-25 0.030208236
60 5.287216894226047e-25 0.03072024
61 1.593944303554028e-24 0.031232244
62 4.718337509098615e-24 0.031744248
63 1.371867153185274e-23 0.03225625200000001
64 3.919009240444464e-23 0.032768256
65 1.100303134058577e-22 0.03328026000000001
66 3.037019610606984e-22 0.03379226400000001
67 8.243393928245258e-22 0.03430426800000001
68 2.200940994920356e-21 0.03481627200000001
69 5.781918026880601e-21 0.03532827600000001
70 1.494895835050368e-20 0.03584028000000001
71 3.804838801092802e-20 0.03635228400000001
72 9.535757487363276e-20 0.03686428800000001
73 2.353814829429375e-19 0.03737629200000001
74 5.723850357344494e-19 0.03788829600000001
75 1.371516626571158e-18 0.03840030000000001
76 3.238967318925267e-18 0.03891230400000001
77 7.54045455538741e-18 0.03942430800000001
78 1.730870983865488e-17 0.03993631200000001
79 3.91829562018516e-17 0.040448316
80 8.749492417615441e-17 0.04096032000000001
81 1.927562880861889e-16 0.041472324
82 4.190448886832995e-16 0.04198432800000001
83 8.991349947687714e-16 0.042496332
84 1.904530249880939e-15 0.04300833600000001
85 3.983238706853796e-15 0.04352034
86 8.227315599389585e-15 0.04403234400000001
87 1.678582227030293e-14 0.044544348
88 3.383612473947736e-14 0.04505635200000001
89 6.740074192740608e-14 0.045568356
90 1.327047444460371e-13 0.04608036000000001
91 2.583020185846666e-13 0.046592364
92 4.970922326592872e-13 0.04710436800000001
93 9.457488585636721e-13 0.047616372
94 1.778119082409242e-12 0.04812837600000001
95 3.301392920722125e-12 0.04864038
96 6.050877631285531e-12 0.04915238400000001
97 1.094993101726445e-11 0.04966438800000001
98 1.957467900982503e-11 0.05017639200000001
99 3.458568865788234e-11 0.05068839600000001
100 6.042361904691459e-11 0.05120040000000001
101 1.04415951461659e-10 0.05171240400000001
102 1.785203779482065e-10 0.05222440800000001
103 3.020324436575218e-10 0.05273641200000001
104 5.057473758912382e-10 0.05324841600000001
105 8.382810658273989e-10 0.05376042000000001
106 1.375555296726399e-09 0.05427242400000001
107 2.234864345712205e-09 0.05478442800000001
108 3.595493474528925e-09 0.05529643200000001
109 5.728588790396618e-09 0.05580843600000001
110 9.039923270590368e-09 0.05632044000000001
111 1.413044179174225e-08 0.05683244400000001
112 2.188098271265331e-08 0.05734444800000001
113 3.356938263695239e-08 0.05785645200000001
114 5.103054020428004e-08 0.05836845600000001
115 7.687277493290524e-08 0.05888046000000001
116 1.147670145643981e-07 0.05939246400000001
117 1.698285098348704e-07 0.05990446800000001
118 2.491146895464826e-07 0.06041647200000001
119 3.622664313817462e-07 0.06092847600000001
120 5.223242552074978e-07 0.06144048000000001
121 7.467544346976346e-07 0.06195248400000001
122 1.058721503366147e-06 0.06246448800000001
123 1.488647553113535e-06 0.06297649200000001
124 2.076097643035924e-06 0.06348849600000001
125 2.872024129771052e-06 0.0640005
126 3.941397090809958e-06 0.064512504
127 5.366239314149893e-06 0.06502450799999999
128 7.249078029613657e-06 0.06553651200000001
129 9.71684375195921e-06 0.066048516
130 1.292513393692095e-05 0.06656052
131 1.70627493656387e-05 0.06707252400000001
132 2.235646083367912e-05 0.067584528
133 2.907586846437272e-05 0.068096532
134 3.753832438974999e-05 0.068608536
135 4.811372182268078e-05 0.06912054000000001
136 6.122840634071257e-05 0.069632544
137 7.736889038739071e-05 0.070144548
138 9.708395342478264e-05 0.070656552
139 0.0001209855470553506 0.07116855600000001
140 0.0001497478928637891 0.07168056
141 0.0001841044235534702 0.072192564
142 0.0002248425948098539 0.072704568
143 0.0002727961517168436 0.07321657200000001
144 0.0003288346562475584 0.073728576
145 0.0003938501943104207 0.07424058
146 0.000468741295673716 0.074752584
147 0.0005543942265716597 0.07526458800000001
148 0.0006516619362871629 0.075776592
149 0.0007613410748249161 0.076288596
150 0.0008841476300711134 0.0768006
151 0.001020691841986638 0.07731260400000001
152 0.001171453170919393 0.077824608
153 0.001336756154063044 0.078336612
154 0.001516748017259369 0.078848616
155 0.001711378969819935 0.07936062000000001
156 0.001920386032380073 0.079872624
157 0.002143281170378587 0.080384628
158 0.002379344435816692 0.080896632
159 0.002627622569828951 0.08140863600000001
160 0.002886933274496041 0.08192064
161 0.003155874988813443 0.082432644
162 0.003432841210480951 0.08294464800000001
163 0.003716038903941565 0.08345665200000001
164 0.004003509240743846 0.083968656
165 0.004293149317602545 0.08448066
166 0.004582745253681174 0.08499266400000001
167 0.004870017848911211 0.08550466800000001
168 0.005152765869084519 0.086016672
169 0.005429044960380002 0.086528676
170 0.005696811418274227 0.08704068000000001
171 0.005953958225019668 0.08755268400000001
172 0.006198636025365433 0.088064688
173 0.006429751049657837 0.088576692
174 0.006646013763527156 0.08908869600000001
175 0.006846225314079048 0.08960070000000001
176 0.007029249533720871 0.090112704
177 0.007194534757279407 0.090624708
178 0.007341713905391656 0.09113671200000001
179 0.007470277115569796 0.09164871600000001
180 0.0075800984733575 0.09216072
181 0.007671512321967357 0.092672724
182 0.007745102697805694 0.09318472800000001
183 0.007801383986095106 0.093696732
184 0.007840834516744551 0.094208736
185 0.007864104679183487 0.09472074
186 0.007872161012089145 0.09523274400000001
187 0.007866333078694419 0.095744748
188 0.007848028025981455 0.096256752
189 0.007818121070794201 0.096768756
190 0.007777310689887794 0.09728076000000001
191 0.007726517484269451 0.097792764
192 0.007667049454515355 0.098304768
193 0.007600210873977373 0.09881677200000001
194 0.007527224006269713 0.09932877600000001
195 0.007449160165664408 0.09984078
196 0.007366783651490289 0.100352784
197 0.007280661654335246 0.100864788
198 0.00719127813491683 0.101376792
199 0.007099220145109526 0.101888796
200 0.007005149503144968 0.1024008
201 0.006909745227517382 0.102912804
202 0.006813838781578093 0.103424808
203 0.006718253373113956 0.103936812
204 0.006623280026001632 0.104448816
205 0.006528868218291182 0.10496082
206 0.006434897960732475 0.105472824
207 0.00634129881451403 0.105984828
208 0.006248259021777837 0.106496832
209 0.006156120171480767 0.107008836
210 0.006065149074191013 0.10752084
211 0.005975594522345746 0.108032844
212 0.005887650274165106 0.108544848
213 0.005801453014321453 0.109056852
214 0.005717083632201041 0.109568856
215 0.005634518794332403 0.11008086
216 0.005553618934426548 0.110592864
217 0.005474048108096966 0.111104868
218 0.005395515476732744 0.111616872
219 0.005317961005026454 0.112128876
220 0.005241543290868442 0.11264088
221 0.005166403121291056 0.113152884
222 0.005092597096814468 0.113664888
223 0.005020300059479704 0.114176892
224 0.004949645267820814 0.114688896
225 0.004880801810238414 0.1152009
226 0.004813731743075261 0.115712904
227 0.004748195134540551 0.116224908
228 0.004683779503257265 0.116736912
229 0.004620283929113716 0.117248916
230 0.004557715790715625 0.11776092
231 0.004495956744325263 0.118272924
232 0.004435013883148292 0.118784928
233 0.004374988270111688 0.119296932
234 0.004315919416428744 0.119808936
235 0.004257753904857091 0.12032094
236 0.004200654456965354 0.120832944
237 0.004144712402901787 0.121344948
238 0.004089918037531337 0.121856952
239 0.004036446116430752 0.122368956
240 0.003984473771989256 0.12288096
241 0.003933874085561207 0.123392964
242 0.00388451172915961 0.123904968
243 0.003836118437604246 0.124416972
244 0.003788435602050744 0.124928976
245 0.003741173197675267 0.12544098
246 0.003694321753059166 0.125952984
247 0.003647950644475598 0.126464988
248 0.003602129866993406 0.126976992
249 0.003557026056696608 0.127488996
250 0.003512742263560945 0.128001
251 0.003469206653470735 0.128513004
252 0.003426463553967478 0.129025008
253 0.003384357586112498 0.129537012
254 0.003342945862607454 0.130049016
255 0.003302367580704826 0.13056102
256 0.003262610431879696 0.131073024
257 0.003223668317306582 0.131585028
258 0.003185720873956614 0.132097032
259 0.003148804659386315 0.132609036
260 0.003112737100674824 0.13312104
261 0.003077300051031208 0.133633044
262 0.003042380199166888 0.134145048
263 0.003007780896934897 0.134657052
264 0.002973432165892323 0.135169056
265 0.002939285917386803 0.13568106
266 0.00290540515676926 0.136193064
267 0.002871909471832643 0.136705068
268 0.002838882584388953 0.137217072
269 0.002806488910807967 0.137729076
270 0.002774822498905229 0.13824108
271 0.002743851109909328 0.138753084
272 0.002713543818579062 0.139265088
273 0.002683851852536897 0.139777092
274 0.002654779924394019 0.140289096
275 0.002626352301669395 0.1408011
276 0.002598449763649011 0.141313104
277 0.002571094510151457 0.141825108
278 0.002544311943535213 0.142337112
279 0.002518029959665059 0.142849116
280 0.002492199640336618 0.14336112
281 0.002466924485222737 0.143873124
282 0.00244221049103219 0.144385128
283 0.002417942796368009 0.144897132
284 0.00239391318131827 0.145409136
285 0.002369962879855375 0.14592114
286 0.002346034231832411 0.146433144
287 0.002322040769324162 0.146945148
288 0.002297999202205471 0.147457152
289 0.002274002532080651 0.147969156
290 0.002250104559507836 0.14848116
291 0.00222643532634232 0.148993164
292 0.002203116462351102 0.149505168
293 0.00218014543930745 0.150017172
294 0.002157479820643491 0.150529176
295 0.002135125298394507 0.15104118
296 0.002113120699646404 0.151553184
297 0.002091554575217376 0.152065188
298 0.00207058956539345 0.152577192
299 0.002050287839437459 0.153089196
300 0.002030709093844586 0.1536012
301 0.002011839674917156 0.154113204
302 0.001993591051824877 0.154625208
303 0.00197592247283716 0.155137212
304 0.001958781509611188 0.155649216
305 0.001942101301610573 0.15616122
306 0.001925818217408718 0.156673224
307 0.001909881270219172 0.157185228
308 0.001894255138260502 0.157697232
309 0.001878883436467273 0.158209236
310 0.001863705262916498 0.15872124
311 0.001848740501249349 0.159233244
312 0.001833970538171148 0.159745248
313 0.001819380764592764 0.160257252
314 0.001804897872492484 0.160769256
315 0.001790407231478193 0.16128126
316 0.001775831985303635 0.161793264
317 0.001761100032114388 0.162305268
318 0.001746150780715729 0.162817272
319 0.001730968686868695 0.163329276
320 0.0017155364678635 0.16384128
321 0.00169987183399888 0.164353284
322 0.001684026220372611 0.164865288
323 0.001668118431412136 0.165377292
324 0.001652263850328603 0.165889296
325 0.001636542730157738 0.1664013
326 0.001620998359090744 0.166913304
327 0.001605667462784729 0.167425308
328 0.001590595311983972 0.167937312
329 0.001575751948876836 0.168449316
330 0.00156108833292315 0.16896132
331 0.001546621749540523 0.169473324
332 0.001532401303655488 0.169985328
333 0.001518469019252885 0.170497332
334 0.001504843005959801 0.171009336
335 0.001491571982948794 0.17152134
336 0.001478657993653279 0.172033344
337 0.00146614656946649 0.172545348
338 0.001454073921115025 0.173057352
339 0.001442426713154389 0.173569356
340 0.001431203424472506 0.17408136
341 0.001420409605076905 0.174593364
342 0.001410002849953407 0.175105368
343 0.001399949962676891 0.175617372
344 0.001390260005796772 0.176129376
345 0.001380920418866891 0.17664138
346 0.00137188529659155 0.177153384
347 0.001363073478210177 0.177665388
348 0.001354414389795251 0.178177392
349 0.001345865355017547 0.178689396
350 0.001337402181404749 0.1792014
351 0.001329004335769828 0.179713404
352 0.001320630121335877 0.180225408
353 0.001312268668238113 0.180737412
354 0.001303901425959875 0.181249416
355 0.001295482390959296 0.18176142
356 0.001286994450451367 0.182273424
357 0.00127840247654287 0.182785428
358 0.001269655008829414 0.183297432
359 0.001260708672120487 0.183809436
360 0.00125154435539158 0.18432144
361 0.001242154082170751 0.184833444
362 0.00123254203369504 0.185345448
363 0.001222717584990593 0.185857452
364 0.001212686549026157 0.186369456
365 0.001202479942709314 0.18688146
366 0.001192148297837218 0.187393464
367 0.001181733372150857 0.187905468
368 0.001171269101798428 0.188417472
369 0.001160790064735808 0.188929476
370 0.001150302747878161 0.18944148
371 0.00113982462255588 0.189953484
372 0.001129394605397228 0.190465488
373 0.001119054314841951 0.190977492
374 0.001108808994925248 0.191489496
375 0.00109867290146056 0.1920015
376 0.001088658943742846 0.192513504
377 0.001078750991924255 0.193025508
378 0.001068912495377342 0.193537512
379 0.001059125076864856 0.194049516
380 0.001049402602098332 0.19456152
381 0.001039761397252915 0.195073524
382 0.00103021461690673 0.195585528
383 0.00102079352803713 0.196097532
384 0.001011563194549626 0.196609536
385 0.001002562256252712 0.19712154
386 0.0009938158369019311 0.197633544
387 0.0009853322721116073 0.198145548
388 0.000977100973122194 0.198657552
389 0.0009691222247982224 0.199169556
390 0.0009614031530167259 0.19968156
391 0.0009539294744023688 0.200193564
392 0.0009466962069576709 0.200705568
393 0.000939706694749394 0.201217572
394 0.0009329600562469042 0.201729576
395 0.0009264429116634793 0.20224158
396 0.0009201536078296643 0.202753584
397 0.000914092210663563 0.203265588
398 0.0009082488402952967 0.203777592
399 0.0009026055459137122 0.204289596
400 0.000897151448122592 0.2048016
401 0.0008918598920370076 0.205313604
402 0.0008866918742275279 0.205825608
403 0.0008816276518856175 0.206337612
404 0.0008766567798484637 0.206849616
405 0.0008717825500309192 0.20736162
406 0.0008669974017283628 0.207873624
407 0.0008622906691669434 0.208385628
408 0.0008576467497619945 0.208897632
409 0.0008530407659883824 0.209409636
410 0.0008484456882699278 0.20992164
411 0.0008438590116225784 0.210433644
412 0.0008392967245094754 0.210945648
413 0.0008347507850902484 0.211457652
414 0.000830198524706804 0.211969656
415 0.0008256087572259366 0.21248166
416 0.0008209468409212155 0.212993664
417 0.0008161702090826902 0.213505668
418 0.0008112492301859332 0.214017672
419 0.0008061499734679872 0.214529676
420 0.000800847582990501 0.21504168
421 0.0007953157577765813 0.215553684
422 0.0007895699809576637 0.216065688
423 0.0007836412786409065 0.216577692
424 0.0007775675436060949 0.217089696
425 0.0007713891529910422 0.2176017
426 0.0007651417230597995 0.218113704
427 0.0007588539248198587 0.218625708
428 0.0007525549568804921 0.219137712
429 0.000746260841000118 0.219649716
430 0.0007399861910230043 0.22016172
431 0.0007337295034648084 0.220673724
432 0.000727498524028664 0.221185728
433 0.0007213035802442595 0.221697732
434 0.0007151551914266833 0.222209736
435 0.0007090676496149718 0.22272174
436 0.000703054712306074 0.223233744
437 0.0006971278696576349 0.223745748
438 0.0006912966424201826 0.224257752
439 0.0006855700094278468 0.224769756
440 0.0006799543545563428 0.22528176
441 0.0006744429584986784 0.225793764
442 0.0006690182525967477 0.226305768
443 0.0006636918465892467 0.226817772
444 0.0006584721641982015 0.227329776
445 0.0006533670414232629 0.22784178
446 0.0006483478867857039 0.228353784
447 0.0006433890331083191 0.228865788
448 0.0006384835468603899 0.229377792
449 0.0006336332552698467 0.229889796
450 0.0006288484676151655 0.2304018
451 0.0006241460938076944 0.230913804
452 0.0006195409669328811 0.231425808
453 0.000615043130336029 0.231937812
454 0.0006106559184545612 0.232449816
455 0.0006063803281985191 0.23296182
456 0.0006022126314647465 0.233473824
457 0.0005981453280841714 0.233985828
458 0.000594173432061663 0.234497832
459 0.000590292201362209 0.235009836
460 0.0005865011788206199 0.23552184
461 0.0005828005605298551 0.236033844
462 0.000579190130267508 0.236545848
463 0.0005756720662800569 0.237057852
464 0.0005722504021044522 0.237569856
465 0.0005689284148614465 0.23808186
466 0.0005657074006938089 0.238593864
467 0.0005625857773439196 0.239105868
468 0.000559557730297218 0.239617872
469 0.0005566120883851918 0.240129876
470 0.0005537382395441205 0.24064188
471 0.0005509323542670173 0.241153884
472 0.0005481898090087611 0.241665888
473 0.0005455058676448138 0.242177892
474 0.0005428724259341644 0.242689896
475 0.0005402826127858449 0.2432019
476 0.000537709125566291 0.243713904
477 0.0005351362905983512 0.244225908
478 0.000532562447478893 0.244737912
479 0.0005299876120554798 0.245249916
480 0.0005274109604545695 0.24576192
481 0.000524833307799323 0.246273924
482 0.0005222555740666232 0.246785928
483 0.0005196851675896132 0.247297932
484 0.0005171299922382863 0.247809936
485 0.000514592606237072 0.24832194
486 0.0005120635123312185 0.248833944
487 0.0005095307540713092 0.249345948
488 0.0005069832184005407 0.249857952
489 0.0005044114874529545 0.250369956
490 0.000501806120272838 0.25088196
491 0.0004991582731221758 0.251393964
492 0.0004964599666845144 0.251905968
493 0.0004937048843903818 0.252417972
494 0.0004908865013095116 0.2529299760000001
495 0.0004880007449079496 0.25344198
496 0.0004850429403993572 0.253953984
497 0.0004820110806849886 0.254465988
498 0.0004789064255038394 0.254977992
499 0.0004757327867800191 0.2554899960000001
500 0.0004724941142655117 0.256002
501 0.0004691966313711356 0.256514004
502 0.0004658481789700862 0.257026008
503 0.0004624578258830385 0.257538012
504 0.0004590338868412732 0.258050016
505 0.0004555822879790984 0.25856202
506 0.0004521078832089353 0.259074024
507 0.0004486187379900083 0.259586028
508 0.0004451311451772636 0.260098032
509 0.000441659946525149 0.260610036
510 0.0004382167601415903 0.2611220400000001
511 0.0004348113098873236 0.261634044
512 0.0004314508623324318 0.262146048
513 0.0004281419302525696 0.262658052
514 0.0004248898323300904 0.263170056
515 0.0004216989781997932 0.2636820600000001
516 0.0004185729207813353 0.264194064
517 0.000415514469432225 0.264706068
518 0.0004125252838412418 0.265218072
519 0.0004096049137771341 0.265730076
520 0.0004067527006024891 0.26624208
521 0.0004039678094970622 0.2667540840000001
522 0.0004012491182899569 0.267266088
523 0.0003985952926603699 0.267778092
524 0.0003960047523372845 0.268290096
525 0.0003934756341601817 0.2688021
526 0.0003910057719304037 0.2693141040000001
527 0.0003885932466937647 0.269826108
528 0.0003862357045692731 0.270338112
529 0.0003839283153406315 0.270850116
530 0.0003816582989870826 0.27136212
531 0.0003794053203559272 0.2718741240000001
532 0.0003771575224656599 0.272386128
533 0.0003749137421404666 0.272898132
534 0.0003726764263621791 0.273410136
535 0.000370452227045624 0.27392214
536 0.0003682500959770281 0.274434144
537 0.000366079102172231 0.2749461480000001
538 0.0003639481896351768 0.275458152
539 0.0003618652098806918 0.275970156
540 0.0003598365856227504 0.27648216
541 0.0003578653666084053 0.276994164
542 0.0003559532372935728 0.2775061680000001
543 0.0003540993320288798 0.278018172
544 0.0003523021701376585 0.278530176
545 0.0003505586472377663 0.27904218
546 0.0003488658908730493 0.279554184
547 0.0003472200456428509 0.280066188
548 0.0003456168639920994 0.2805781920000001
549 0.0003440509308810502 0.281090196
550 0.0003425204064477459 0.2816022
551 0.0003410268565700907 0.282114204
552 0.0003395715846065094 0.282626208
553 0.00033815419663421 0.2831382120000001
554 0.000336772961769941 0.283650216
555 0.000335425247996391 0.28416222
556 0.0003341078797246688 0.284674224
557 0.0003328174269155935 0.285186228
558 0.0003315504325096059 0.2856982320000001
559 0.0003303035443675006 0.286210236
560 0.0003290736822731371 0.28672224
561 0.0003278578915122219 0.287234244
562 0.0003266534358904408 0.287746248
563 0.0003254583002871857 0.288258252
564 0.0003242704669083587 0.2887702560000001
565 0.0003230878422941726 0.28928226
566 0.0003219084293769297 0.289794264
567 0.0003207308029870479 0.290306268
568 0.0003195540118989769 0.290818272
569 0.0003183773765191977 0.2913302760000001
570 0.0003172008973480031 0.29184228
571 0.0003160249799056766 0.292354284
572 0.0003148499753459637 0.292866288
573 0.0003136753292176018 0.293378292
574 0.0003124999749644687 0.2938902960000001
575 0.0003113212187762045 0.2944023
576 0.0003101361039172691 0.294914304
577 0.0003089412881888599 0.295426308
578 0.0003077332997774173 0.295938312
579 0.0003065081410277493 0.296450316
580 0.0003052622300758492 0.2969623200000001
581 0.0003039922604063949 0.297474324
582 0.0003026947028105217 0.297986328
583 0.0003013658705243044 0.298498332
584 0.0003000026542821306 0.299010336
585 0.0002986029280346056 0.2995223400000001
586 0.0002971655908880338 0.300034344
587 0.0002956905292724637 0.300546348
588 0.0002941787369691682 0.301058352
589 0.0002926319920191469 0.301570356
590 0.0002910528351226283 0.30208236
591 0.0002894440873653138 0.3025943640000001
592 0.0002878095496749573 0.303106368
593 0.0002861540000516912 0.303618372
594 0.0002844828022663398 0.304130376
595 0.0002828013715468291 0.30464238
596 0.000281115043733635 0.3051543840000001
597 0.0002794289758535867 0.305666388
598 0.0002777480264169276 0.306178392
599 0.0002760766263508325 0.306690396
600 0.0002744189245756322 0.3072024
601 0.0002727784538332211 0.3077144040000001
602 0.0002711579163056777 0.308226408
603 0.000269559260563583 0.308738412
604 0.000267984086242501 0.309250416
605 0.00026643355400589 0.30976242
606 0.0002649085530122987 0.310274424
607 0.0002634095181020336 0.3107864280000001
608 0.0002619366321254559 0.311298432
609 0.000260489758138857 0.311810436
610 0.0002590685225202545 0.31232244
611 0.0002576723582522464 0.312834444
612 0.0002563004633927744 0.3133464480000001
613 0.0002549518380193795 0.313858452
614 0.0002536244333952335 0.314370456
615 0.0002523164998630623 0.31488246
616 0.0002510254629337163 0.315394464
617 0.0002497528687102631 0.3159064680000001
618 0.0002485007250522165 0.3164184720000001
619 0.0002472704531439938 0.316930476
620 0.0002460629315615617 0.31744248
621 0.0002448785745062567 0.317954484
622 0.0002437172271486765 0.318466488
623 0.0002425784738044564 0.3189784920000001
624 0.000241460554056836 0.319490496
625 0.0002403594689837376 0.3200025
626 0.0002392697108715622 0.320514504
627 0.0002381839855504415 0.321026508
628 0.0002370956639103607 0.3215385120000001
629 0.0002360004936785672 0.322050516
630 0.0002348969429438343 0.32256252
631 0.0002337845029313312 0.323074524
632 0.0002326664723516607 0.323586528
633 0.0002315465223212262 0.3240985320000001
634 0.0002304305657848578 0.3246105360000001
635 0.0002293252632906289 0.32512254
636 0.0002282364034103888 0.325634544
637 0.0002271682020066714 0.326146548
638 0.0002261239829857231 0.326658552
639 0.0002251058177095531 0.3271705560000001
640 0.0002241147199532948 0.32768256
641 0.0002231502679302913 0.328194564
642 0.0002222117236256314 0.328706568
643 0.000221298616247605 0.329218572
644 0.0002204106058694679 0.3297305760000001
645 0.0002195470869208619 0.3302425800000001
646 0.0002187072719898917 0.330754584
647 0.0002178903807111199 0.331266588
648 0.0002170956116698233 0.331778592
649 0.0002163220825499865 0.332290596
650 0.0002155692563425296 0.3328026000000001
651 0.0002148356652965763 0.333314604
652 0.0002141195721918693 0.333826608
653 0.0002134193975843473 0.334338612
654 0.0002127344293480577 0.334850616
655 0.000212064030801434 0.3353626200000001
656 0.0002114074818018192 0.335874624
657 0.0002107640607453734 0.336386628
658 0.000210132842301312 0.336898632
659 0.0002095129285786161 0.337410636
660 0.0002089032632629555 0.3379226400000001
661 0.0002083026988270126 0.3384346440000001
662 0.0002077099541046627 0.338946648
663 0.00020712344695714 0.339458652
664 0.0002065414679292445 0.339970656
665 0.0002059623015458507 0.34048266
666 0.0002053844641284805 0.3409946640000001
667 0.0002048066820906177 0.341506668
668 0.0002042278808805403 0.342018672
669 0.0002036471549709748 0.342530676
670 0.0002030637631186027 0.34304268
671 0.0002024771098299963 0.3435546840000001
672 0.000201886717542167 0.344066688
673 0.0002012922428436426 0.344578692
674 0.0002006934540752932 0.345090696
675 0.0002000902161572008 0.3456027
676 0.0001994824715188885 0.3461147040000001
677 0.0001988702850848326 0.3466267080000001
678 0.0001982538481203719 0.347138712
679 0.0001976334609593648 0.347650716
680 0.000197009662349401 0.34816272
681 0.0001963830266917301 0.348674724
682 0.0001957538420359389 0.3491867280000001
683 0.0001951224009209637 0.349698732
684 0.0001944881371858355 0.350210736
685 0.0001938487275122008 0.35072274
686 0.0001932029404632663 0.351234744
687 0.0001925504495249666 0.3517467480000001
688 0.0001918908287455828 0.3522587520000001
689 0.000191223562211034 0.352770756
690 0.0001905482025168452 0.35328276
691 0.0001898638854406363 0.353794764
692 0.0001891694266247586 0.354306768
693 0.0001884633345113168 0.3548187720000001
694 0.0001877441904713435 0.355330776
695 0.0001870106821437078 0.35584278
696 0.0001862616317533073 0.356354784
697 0.0001854961241431634 0.356866788
698 0.0001847135383544482 0.3573787920000001
699 0.0001839135455920911 0.357890796
700 0.0001830961344398527 0.3584028
701 0.0001822617320796892 0.358914804
702 0.0001814112193679058 0.359426808
703 0.0001805458778806968 0.3599388120000001
704 0.0001796673705859325 0.3604508160000001
705 0.0001787777920535375 0.36096282
706 0.0001778793056106719 0.361474824
707 0.0001769740714700822 0.361986828
708 0.0001760644033379417 0.362498832
709 0.0001751526642236439 0.3630108360000001
710 0.0001742411865287242 0.36352284
711 0.000173332214948044 0.364034844
712 0.0001724277866607072 0.364546848
713 0.0001715296732366586 0.365058852
714 0.000170639209458588 0.3655708560000001
715 0.0001697569677047529 0.3660828600000001
716 0.0001688829828945755 0.366594864
717 0.0001680171490359362 0.367106868
718 0.0001671606521782851 0.367618872
719 0.000166314450593467 0.3681308760000001
720 0.0001654793858498617 0.3686428800000001
721 0.0001646562158769441 0.369154884
722 0.0001638453333620017 0.369666888
723 0.0001630468689576361 0.370178892
724 0.0001622611791022307 0.370690896
725 0.0001614885712062 0.3712029000000001
726 0.0001607291529550252 0.371714904
727 0.0001599828762269223 0.372226908
728 0.00015924954647199 0.372738912
729 0.0001585288763409615 0.373250916
730 0.0001578205452968321 0.3737629200000001
731 0.0001571242394652832 0.3742749240000001
732 0.0001564396612209641 0.374786928
733 0.000155766555364219 0.375298932
734 0.0001551047272576854 0.375810936
735 0.0001544539761533259 0.3763229400000001
736 0.0001538141246659626 0.3768349440000001
737 0.000153185116992248 0.377346948
738 0.0001525668116981627 0.377858952
739 0.0001519589046785892 0.378370956
740 0.0001513614076404259 0.37888296
741 0.0001507735890141817 0.3793949640000001
742 0.0001501937646929673 0.3799069680000001
743 0.0001496214621647396 0.380418972
744 0.0001490568061122944 0.380930976
745 0.0001485000217692544 0.38144298
746 0.0001479513127382414 0.3819549840000001
747 0.0001474108770070133 0.3824669880000001
748 0.000146878880245108 0.382978992
749 0.0001463551571585725 0.383490996
750 0.000145839001905878 0.384003
751 0.0001453291061583136 0.384515004
752 0.0001448234042904514 0.3850270080000001
753 0.0001443193481281188 0.385539012
754 0.0001438141803598432 0.386051016
755 0.0001433053996572783 0.38656302
756 0.0001427906777805463 0.387075024
757 0.0001422682320736 0.3875870280000001
758 0.0001417369499217306 0.3880990320000001
759 0.0001411974251229886 0.388611036
760 0.0001406506032875383 0.38912304
761 0.0001400981125782209 0.389635044
762 0.0001395423261844396 0.3901470480000001
763 0.0001389858963178799 0.3906590520000001
764 0.0001384314203381267 0.391171056
765 0.0001378810512990698 0.39168306
766 0.0001373368507673434 0.392195064
767 0.0001368005599125851 0.392707068
768 0.0001362735040035149 0.3932190720000001
769 0.0001357565761592331 0.3937310760000001
770 0.0001352503409786982 0.39424308
771 0.0001347549141214511 0.394755084
772 0.0001342701357912691 0.395267088
773 0.0001337956648757047 0.3957790920000001
774 0.0001333310649638544 0.3962910960000001
775 0.0001328758439811305 0.3968031
776 0.0001324295228072167 0.397315104
777 0.0001319917571356264 0.397827108
778 0.0001315620982126975 0.3983391120000001
779 0.000131140045018407 0.3988511160000001
780 0.0001307251948948684 0.39936312
781 0.0001303170128455126 0.399875124
782 0.0001299149276208451 0.400387128
783 0.0001295188117708363 0.400899132
784 0.0001291287565356486 0.4014111360000001
785 0.000128744894096523 0.4019231400000001
786 0.0001283673705881076 0.402435144
787 0.0001279963398626823 0.402947148
788 0.0001276319354918734 0.403459152
789 0.0001272742349901558 0.4039711560000001
790 0.0001269232606156746 0.4044831600000001
791 0.0001265790090374953 0.404995164
792 0.0001262414062141872 0.405507168
793 0.0001259103188306907 0.406019172
794 0.0001255855087952521 0.406531176
795 0.0001252666276763823 0.4070431800000001
796 0.0001249532982591245 0.407555184
797 0.0001246451231553818 0.408067188
798 0.0001243417221163003 0.408579192
799 0.0001240427246840001 0.409091196
800 0.0001237477597488478 0.4096032000000001
801 0.0001234564533239823 0.4101152040000001
802 0.0001231684230280666 0.410627208
803 0.0001228832842629267 0.411139212
804 0.0001226006330176547 0.411651216
805 0.0001223200425295075 0.4121632200000001
806 0.0001220410850246258 0.4126752240000001
807 0.0001217633504623942 0.413187228
808 0.0001214864529718986 0.413699232
809 0.0001212100215532417 0.414211236
810 0.0001209336943960034 0.41472324
811 0.0001206571400475521 0.4152352440000001
812 0.000120380064010211 0.4157472480000001
813 0.0001201022020956535 0.416259252
814 0.0001198233183701771 0.416771256
815 0.0001195432166810325 0.41728326
816 0.0001192617770592959 0.4177952640000001
817 0.0001189788160479887 0.4183072680000001
818 0.0001186941574995017 0.418819272
819 0.0001184077365210993 0.419331276
820 0.0001181191719068731 0.41984328
821 0.000117827786252755 0.4203552840000001
822 0.0001175334701470865 0.4208672880000001
823 0.0001172366721305493 0.421379292
824 0.0001169379612474955 0.421891296
825 0.0001166377383927032 0.4224033
826 0.0001163361076145262 0.422915304
827 0.0001160332822511309 0.4234273080000001
828 0.0001157290460757996 0.4239393120000001
829 0.0001154230382615813 0.424451316
830 0.0001151148282637418 0.42496332
831 0.0001148037558432054 0.425475324
832 0.0001144890860995974 0.4259873280000001
833 0.0001141701276339394 0.4264993320000001
834 0.000113845811059609 0.427011336
835 0.0001135144402234397 0.42752334
836 0.0001131746939038571 0.428035344
837 0.0001128258290093975 0.4285473480000001
838 0.0001124673496904006 0.4290593520000001
839 0.0001120988962389072 0.4295713560000001
840 0.0001117202938623472 0.43008336
841 0.0001113314664476846 0.430595364
842 0.0001109325177111768 0.431107368
843 0.0001105236458978536 0.4316193720000001
844 0.0001101052026492148 0.4321313760000001
845 0.0001096776176434565 0.43264338
846 0.0001092414658640261 0.433155384
847 0.0001087974546240046 0.433667388
848 0.0001083464015619901 0.4341793920000001
849 0.0001078892153306389 0.4346913960000001
850 0.0001074268789156369 0.4352034
851 0.0001069604310257953 0.435715404
852 0.0001064909400493113 0.436227408
853 0.0001060194835849929 0.436739412
854 0.0001055471333207114 0.4372514160000001
855 0.0001050749350558486 0.4377634200000001
856 0.0001046038751312943 0.438275424
857 0.000104134865352237 0.438787428
858 0.000103668746665753 0.439299432
859 0.0001032062734535834 0.4398114360000001
860 0.0001027481004333157 0.4403234400000001
861 0.0001022947749992399 0.440835444
862 0.0001018467386517956 0.441347448
863 0.000101404332279832 0.441859452
864 0.0001009678012400038 0.4423714560000001
865 0.0001005373041991271 0.4428834600000001
866 0.0001001129226421496 0.4433954640000001
867 9.969466987474831e-05 0.443907468
868 9.928250165884623e-05 0.444419472
869 9.887632772991545e-05 0.444931476
870 9.847602062172707e-05 0.4454434800000001
871 9.808142487013876e-05 0.4459554840000001
872 9.769236201881128e-05 0.446467488
873 9.730864420919075e-05 0.446979492
874 9.693008706181699e-05 0.447491496
875 9.655651975136417e-05 0.4480035000000001
876 9.618779030680813e-05 0.4485155040000001
877 9.582376433846801e-05 0.449027508
878 9.546432496300538e-05 0.449539512
879 9.51093746874722e-05 0.450051516
880 9.475882956890446e-05 0.4505635200000001
881 9.441252377765717e-05 0.4510755240000001
882 9.407057687617336e-05 0.4515875280000001
883 9.373284605149427e-05 0.452099532
884 9.33992780037564e-05 0.452611536
885 9.306980108023284e-05 0.45312354
886 9.274433199110444e-05 0.4536355440000001
887 9.242279293724456e-05 0.4541475480000001
888 9.210495635420463e-05 0.454659552
889 9.179042996073916e-05 0.455171556
890 9.14788898215708e-05 0.45568356
891 9.117020740899275e-05 0.4561955640000001
892 9.086434254311838e-05 0.4567075680000001
893 9.056141041969003e-05 0.457219572
894 9.026152980467098e-05 0.457731576
895 8.996481998988141e-05 0.45824358
896 8.967138507006918e-05 0.458755584
897 8.938130419308636e-05 0.4592675880000001
898 8.909462562317601e-05 0.4597795920000001
899 8.881136430957211e-05 0.460291596
900 8.853150279911602e-05 0.4608036
901 8.825499521738779e-05 0.461315604
902 8.798177282113487e-05 0.4618276080000001
903 8.771175022603287e-05 0.4623396120000001
904 8.744483163408692e-05 0.462851616
905 8.718091632036909e-05 0.46336362
906 8.691990271984313e-05 0.463875624
907 8.666169115854388e-05 0.4643876280000001
908 8.640618662187289e-05 0.4648996320000001
909 8.615330051034422e-05 0.4654116360000001
910 8.590295091444166e-05 0.46592364
911 8.565506142951185e-05 0.466435644
912 8.540956243275714e-05 0.466947648
913 8.516639244438911e-05 0.4674596520000001
914 8.492549220359715e-05 0.4679716560000001
915 8.468679825279239e-05 0.46848366
916 8.445024841942015e-05 0.468995664
917 8.421578400838624e-05 0.469507668
918 8.398330270653086e-05 0.4700196720000001
919 8.375263977488203e-05 0.4705316760000001
920 8.352362787235619e-05 0.47104368
921 8.329605560863803e-05 0.471555684
922 8.306959989763668e-05 0.472067688
923 8.28437859970521e-05 0.4725796920000001
924 8.261793318053106e-05 0.4730916960000001
925 8.239110645316172e-05 0.4736037000000001
926 8.216215964912933e-05 0.474115704
927 8.19300768634549e-05 0.474627708
928 8.169387824174702e-05 0.475139712
929 8.145229313871926e-05 0.4756517160000001
930 8.120436509183582e-05 0.4761637200000001
931 8.094972897025883e-05 0.476675724
932 8.068837104563052e-05 0.477187728
933 8.042039229832705e-05 0.477699732
934 8.014611258791607e-05 0.4782117360000001
935 7.986612341440832e-05 0.4787237400000001
936 7.95812032775882e-05 0.4792357440000001
937 7.929223311043722e-05 0.479747748
938 7.900006454815847e-05 0.480259752
939 7.87054940844075e-05 0.4807717560000001
940 7.840945606809563e-05 0.4812837600000001
941 7.811297924832174e-05 0.4817957640000001
942 7.781711547025114e-05 0.482307768
943 7.752284852148451e-05 0.482819772
944 7.72310870127735e-05 0.483331776
945 7.694263043472985e-05 0.4838437800000001
946 7.665812008734457e-05 0.4843557840000001
947 7.637808751708996e-05 0.484867788
948 7.610293336351515e-05 0.485379792
949 7.583294331354338e-05 0.485891796
950 7.556831492865866e-05 0.4864038000000001
951 7.530915903054736e-05 0.4869158040000001
952 7.505550823672234e-05 0.4874278080000001
953 7.480732804146673e-05 0.487939812
954 7.456448619296855e-05 0.488451816
955 7.432679661229314e-05 0.48896382
956 7.409403617270588e-05 0.4894758240000001
957 7.38659524726552e-05 0.4899878280000001
958 7.364217751065809e-05 0.490499832
959 7.342242512169479e-05 0.491011836
960 7.320645787237066e-05 0.49152384
961 7.299406530234335e-05 0.4920358440000001
962 7.278508722482341e-05 0.4925478480000001
963 7.257939148844826e-05 0.4930598520000001
964 7.237686673628765e-05 0.493571856
965 7.217741958010452e-05 0.49408386
966 7.198097508113507e-05 0.4945958640000001
967 7.178747827980066e-05 0.4951078680000001
968 7.159691237173002e-05 0.4956198720000001
969 7.14092509507649e-05 0.496131876
970 7.122449107629483e-05 0.49664388
971 7.104261599037781e-05 0.497155884
972 7.086363551369901e-05 0.4976678880000001
973 7.068756023249841e-05 0.4981798920000001
974 7.051439577095524e-05 0.498691896
975 7.034415749189685e-05 0.4992039
976 7.017686373773601e-05 0.499715904
977 7.001253540071148e-05 0.5002279080000001
978 6.985119366814049e-05 0.500739912
979 6.969285920657154e-05 0.501251916
980 6.953755117229659e-05 0.50176392
981 6.938528462218986e-05 0.502275924
982 6.923607093441845e-05 0.5027879279999999
983 6.908991705929581e-05 0.503299932
984 6.894682453125333e-05 0.503811936
985 6.880678835947281e-05 0.50432394
986 6.866980007405e-05 0.504835944
987 6.853584049214902e-05 0.505347948
988 6.840486742142232e-05 0.505859952
989 6.827682962598986e-05 0.506371956
990 6.815165433002009e-05 0.50688396
991 6.802924732578866e-05 0.507395964
992 6.790950146201929e-05 0.507907968
993 6.779228243314992e-05 0.508419972
994 6.767742710102095e-05 0.508931976
995 6.756473973017108e-05 0.50944398
996 6.745403380666706e-05 0.509955984
997 6.734507599348872e-05 0.510467988
998 6.723749437963439e-05 0.510979992
999 6.713084017866223e-05 0.5114919959999999
1000 6.702478485519355e-05 0.512004
1001 6.691897491296526e-05 0.512516004
1002 6.681309675787259e-05 0.513028008
1003 6.670696466617735e-05 0.513540012
1004 6.660041181992505e-05 0.5140520159999999
1005 6.649325459878378e-05 0.51456402
1006 6.638535469202932e-05 0.515076024
1007 6.627663569382836e-05 0.515588028
1008 6.616704218541168e-05 0.516100032
1009 6.60565276253031e-05 0.5166120359999999
1010 6.594507697369068e-05 0.51712404
1011 6.583268438628156e-05 0.517636044
1012 6.571935346797601e-05 0.518148048
1013 6.560507588965938e-05 0.518660052
1014 6.54898544971692e-05 0.519172056
1015 6.537367624121117e-05 0.51968406
1016 6.525652274800913e-05 0.520196064
1017 6.513837051058319e-05 0.520708068
1018 6.501917249447653e-05 0.521220072
1019 6.489891390293122e-05 0.521732076
1020 6.477759366278528e-05 0.52224408
1021 6.46551901428994e-05 0.522756084
1022 6.453167196223315e-05 0.523268088
1023 6.440701901343672e-05 0.523780092
1024 6.428113778601749e-05 0.524292096
1025 6.4153910810339e-05 0.5248041
1026 6.402523982102985e-05 0.525316104
1027 6.389496440232371e-05 0.525828108
1028 6.376283806017878e-05 0.526340112
1029 6.362861803440079e-05 0.526852116
1030 6.349206815725757e-05 0.52736412
1031 6.335288990790497e-05 0.5278761239999999
1032 6.321078090627171e-05 0.528388128
1033 6.306547305954624e-05 0.528900132
1034 6.291662806891487e-05 0.529412136
1035 6.276391194120081e-05 0.52992414
1036 6.260700463523141e-05 0.5304361439999999
1037 6.244561776641767e-05 0.530948148
1038 6.227950815286055e-05 0.531460152
1039 6.210847525712154e-05 0.531972156
1040 6.193236764236702e-05 0.53248416
1041 6.175107199732e-05 0.5329961640000001
1042 6.156454108964771e-05 0.533508168
1043 6.137278928809717e-05 0.534020172
1044 6.117590392214176e-05 0.534532176
1045 6.097404538035699e-05 0.53504418
1046 6.076744631250481e-05 0.535556184
1047 6.055640865156092e-05 0.536068188
1048 6.034129728544923e-05 0.536580192
1049 6.01225332329467e-05 0.537092196
1050 5.990058403462327e-05 0.5376042
1051 5.967595898143114e-05 0.538116204
1052 5.944919364770651e-05 0.538628208
1053 5.922083565598827e-05 0.539140212
1054 5.899143976458441e-05 0.539652216
1055 5.876154807506399e-05 0.54016422
1056 5.853168539858245e-05 0.540676224
1057 5.830235603733544e-05 0.541188228
1058 5.807403548170977e-05 0.5417002319999999
1059 5.784716615274458e-05 0.542212236
1060 5.76221529007234e-05 0.54272424
1061 5.739935715376807e-05 0.543236244
1062 5.717909695050796e-05 0.543748248
1063 5.696165485990606e-05 0.5442602519999999
1064 5.674726544698406e-05 0.544772256
1065 5.653611134632288e-05 0.54528426
1066 5.632833631835348e-05 0.545796264
1067 5.612403398830108e-05 0.546308268
1068 5.592325115064291e-05 0.5468202720000001
1069 5.572600374892459e-05 0.547332276
1070 5.553227965787717e-05 0.54784428
1071 5.534204084336768e-05 0.548356284
1072 5.515522598370078e-05 0.548868288
1073 5.497175348309775e-05 0.549380292
1074 5.479152487620288e-05 0.549892296
1075 5.461442665569745e-05 0.5504043
1076 5.444033196368126e-05 0.550916304
1077 5.4269103883366e-05 0.551428308
1078 5.41005999104471e-05 0.551940312
1079 5.393467083025352e-05 0.552452316
1080 5.377116095573493e-05 0.55296432
1081 5.36099148015276e-05 0.553476324
1082 5.345078049667553e-05 0.553988328
1083 5.329360786245555e-05 0.554500332
1084 5.313825259582188e-05 0.555012336
1085 5.298457694834098e-05 0.5555243399999999
1086 5.283245192226388e-05 0.556036344
1087 5.268175314372402e-05 0.556548348
1088 5.253236625918541e-05 0.557060352
1089 5.238417534149708e-05 0.557572356
1090 5.223708548396825e-05 0.5580843599999999
1091 5.209097634699153e-05 0.558596364
1092 5.194575834768924e-05 0.559108368
1093 5.180138862590952e-05 0.559620372
1094 5.16578051216151e-05 0.560132376
1095 5.151496950157007e-05 0.5606443800000001
1096 5.137287845585714e-05 0.561156384
1097 5.123153159957497e-05 0.561668388
1098 5.109092925419539e-05 0.562180392
1099 5.095107203525818e-05 0.562692396
1100 5.081195996296894e-05 0.5632044
1101 5.067359265771591e-05 0.563716404
1102 5.05359682554005e-05 0.564228408
1103 5.039908326064221e-05 0.564740412
1104 5.026293281043243e-05 0.565252416
1105 5.012751039633315e-05 0.56576442
1106 4.999280811787341e-05 0.566276424
1107 4.985881668250414e-05 0.566788428
1108 4.972552560459497e-05 0.567300432
1109 4.959292318819481e-05 0.567812436
1110 4.946099681303032e-05 0.56832444
1111 4.932974461790536e-05 0.568836444
1112 4.919912866240893e-05 0.569348448
1113 4.906914604574957e-05 0.569860452
1114 4.89397817153444e-05 0.570372456
1115 4.881102051302787e-05 0.57088446
1116 4.868284726319178e-05 0.571396464
1117 4.85552465800681e-05 0.5719084679999999
1118 4.842820380039607e-05 0.572420472
1119 4.830170467449796e-05 0.572932476
1120 4.817573535392802e-05 0.57344448
1121 4.805028301328994e-05 0.573956484
1122 4.792533507033412e-05 0.5744684880000001
1123 4.780088082590842e-05 0.574980492
1124 4.76769104815902e-05 0.575492496
1125 4.755341526819593e-05 0.5760045
1126 4.743038743974992e-05 0.576516504
1127 4.730782127907491e-05 0.5770285080000001
1128 4.718571182925417e-05 0.577540512
1129 4.706405598868416e-05 0.578052516
1130 4.69428528725858e-05 0.57856452
1131 4.682210527722287e-05 0.579076524
1132 4.670181606855973e-05 0.579588528
1133 4.658198827130677e-05 0.580100532
1134 4.646263260448891e-05 0.580612536
1135 4.63437609936957e-05 0.58112454
1136 4.622537483509643e-05 0.581636544
1137 4.61074851153039e-05 0.582148548
1138 4.59901026420873e-05 0.582660552
1139 4.587323307338344e-05 0.583172556
1140 4.575688567344478e-05 0.58368456
1141 4.564107335964895e-05 0.584196564
1142 4.552581211216856e-05 0.584708568
1143 4.541112062047022e-05 0.585220572
1144 4.52970199106633e-05 0.5857325759999999
1145 4.518353260719993e-05 0.58624458
1146 4.507068300604112e-05 0.586756584
1147 4.495849673276256e-05 0.587268588
1148 4.48470002571221e-05 0.587780592
1149 4.473622055994408e-05 0.5882925959999999
1150 4.462618463579738e-05 0.5888046
1151 4.451691918283936e-05 0.589316604
1152 4.440845035720612e-05 0.589828608
1153 4.430080359385672e-05 0.590340612
1154 4.419400353316253e-05 0.5908526160000001
1155 4.408807371658964e-05 0.59136462
1156 4.398303586262013e-05 0.591876624
1157 4.387890976180308e-05 0.592388628
1158 4.377571364132698e-05 0.592900632
1159 4.367346493259264e-05 0.593412636
1160 4.357217874200307e-05 0.59392464
1161 4.347186734028463e-05 0.594436644
1162 4.337254070148195e-05 0.594948648
1163 4.327420489745496e-05 0.595460652
1164 4.317686221667717e-05 0.595972656
1165 4.308051340611549e-05 0.59648466
1166 4.298514986776869e-05 0.596996664
1167 4.289074994823987e-05 0.597508668
1168 4.279728389862853e-05 0.598020672
1169 4.270470898124889e-05 0.598532676
1170 4.261297906828127e-05 0.59904468
1171 4.252199302279209e-05 0.599556684
1172 4.243161611534638e-05 0.600068688
1173 4.234168361011899e-05 0.600580692
1174 4.225200488294096e-05 0.601092696
1175 4.21622877124232e-05 0.6016047
1176 4.207216895157284e-05 0.6021167039999999
1177 4.198126347555782e-05 0.602628708
1178 4.188915731640601e-05 0.603140712
1179 4.179540177392315e-05 0.603652716
1180 4.169964245949141e-05 0.60416472
1181 4.160168988025532e-05 0.6046767240000001
1182 4.150144775680012e-05 0.605188728
1183 4.139886006005659e-05 0.605700732
1184 4.129392105739507e-05 0.606212736
1185 4.118670578697906e-05 0.60672474
1186 4.107730050145277e-05 0.6072367440000001
1187 4.096580569692451e-05 0.607748748
1188 4.085236450333192e-05 0.608260752
1189 4.073716365918223e-05 0.608772756
1190 4.062040056284671e-05 0.60928476
1191 4.050225227854769e-05 0.609796764
1192 4.038287959084683e-05 0.610308768
1193 4.026244011402022e-05 0.610820772
1194 4.014108126861051e-05 0.611332776
1195 4.001897919155306e-05 0.61184478
1196 3.98963223818562e-05 0.612356784
1197 3.977330294625309e-05 0.612868788
1198 3.965012127241542e-05 0.613380792
1199 3.952699481352261e-05 0.613892796
1200 3.940415066873163e-05 0.6144048
1201 3.928182499093932e-05 0.614916804
1202 3.916026422265038e-05 0.615428808
1203 3.903971505677559e-05 0.6159408119999999
1204 3.892041227126401e-05 0.616452816
1205 3.880257110989499e-05 0.61696482
1206 3.868638226707481e-05 0.617476824
1207 3.857201027612035e-05 0.617988828
1208 3.845958408847774e-05 0.6185008320000001
1209 3.834919267289059e-05 0.619012836
1210 3.824088880539241e-05 0.61952484
1211 3.813469675679727e-05 0.620036844
1212 3.803061521110297e-05 0.620548848
1213 3.792861711395352e-05 0.6210608520000001
1214 3.782865919078477e-05 0.621572856
1215 3.773068530946669e-05 0.62208486
1216 3.763462336546717e-05 0.622596864
1217 3.754039930420882e-05 0.623108868
1218 3.74479250193244e-05 0.623620872
1219 3.735710813095042e-05 0.624132876
1220 3.726784960943766e-05 0.62464488
1221 3.718004170154853e-05 0.625156884
1222 3.709357135277539e-05 0.625668888
1223 3.700831754865224e-05 0.626180892
1224 3.692415110400806e-05 0.626692896
1225 3.68409416846474e-05 0.6272049
1226 3.675856078938985e-05 0.627716904
1227 3.667687727665159e-05 0.628228908
1228 3.659575591067605e-05 0.628740912
1229 3.651506558132548e-05 0.629252916
1230 3.643469436115801e-05 0.62976492
1231 3.635454975853241e-05 0.630276924
1232 3.627456346656927e-05 0.630788928
1233 3.619468898812729e-05 0.631300932
1234 3.611490649282008e-05 0.631812936
1235 3.603520865517245e-05 0.6323249400000001
1236 3.595559391671601e-05 0.632836944
1237 3.587606377684426e-05 0.633348948
1238 3.579662205534494e-05 0.633860952
1239 3.57172750091269e-05 0.634372956
1240 3.563802970269267e-05 0.6348849600000001
1241 3.555889330973845e-05 0.635396964
1242 3.547987276944444e-05 0.635908968
1243 3.540097445060377e-05 0.636420972
1244 3.532220402465671e-05 0.636932976
1245 3.524356665232015e-05 0.63744498
1246 3.516506735328671e-05 0.637956984
1247 3.50867115056841e-05 0.638468988
1248 3.500850539606135e-05 0.638980992
1249 3.493045672112114e-05 0.639492996
1250 3.485257501879206e-05 0.640005
1251 3.477487205951527e-05 0.640517004
1252 3.469736203617439e-05 0.641029008
1253 3.462006174940499e-05 0.641541012
1254 3.454299062891306e-05 0.642053016
1255 3.446617063060962e-05 0.64256502
1256 3.438962611822512e-05 0.643077024
1257 3.431338386776929e-05 0.643589028
1258 3.423747268749331e-05 0.644101032
1259 3.416192337459749e-05 0.644613036
1260 3.408676824312177e-05 0.64512504
1261 3.401204072541079e-05 0.645637044
1262 3.393777527821607e-05 0.6461490480000001
1263 3.386400730100823e-05 0.646661052
1264 3.379077284606742e-05 0.647173056
1265 3.371810987345054e-05 0.64768506
1266 3.364605287850613e-05 0.648197064
1267 3.357463598906293e-05 0.6487090680000001
1268 3.350389764974158e-05 0.649221072
1269 3.343387057259683e-05 0.649733076
1270 3.336458424368256e-05 0.65024508
1271 3.329605949974872e-05 0.650757084
1272 3.322831721207487e-05 0.6512690880000001
1273 3.316138025471354e-05 0.651781092
1274 3.309526443645594e-05 0.652293096
1275 3.302998932136582e-05 0.6528051
1276 3.296556225148252e-05 0.653317104
1277 3.290198790597122e-05 0.653829108
1278 3.283927156418406e-05 0.654341112
1279 3.277741520499597e-05 0.654853116
1280 3.271641787809248e-05 0.65536512
1281 3.265627429470843e-05 0.655877124
1282 3.259697205771258e-05 0.656389128
1283 3.253849420342569e-05 0.656901132
1284 3.248081948065453e-05 0.657413136
1285 3.242392262047202e-05 0.65792514
1286 3.236777463906387e-05 0.658437144
1287 3.231234283822994e-05 0.658949148
1288 3.225759087443472e-05 0.659461152
1289 3.220347931374779e-05 0.6599731560000001
1290 3.214996580686361e-05 0.66048516
1291 3.209700666170348e-05 0.660997164
1292 3.204455790502416e-05 0.661509168
1293 3.199257157705283e-05 0.662021172
1294 3.19409974597744e-05 0.6625331760000001
1295 3.188978625860431e-05 0.66304518
1296 3.183888994196963e-05 0.663557184
1297 3.178826371236688e-05 0.664069188
1298 3.173785636568207e-05 0.664581192
1299 3.168761668187018e-05 0.6650931960000001
1300 3.163749877521606e-05 0.6656052
1301 3.158745793594723e-05 0.666117204
1302 3.153745114030921e-05 0.666629208
1303 3.148742743781601e-05 0.667141212
1304 3.143733710640064e-05 0.667653216
1305 3.138713563114012e-05 0.66816522
1306 3.133678170514441e-05 0.668677224
1307 3.128623568596934e-05 0.669189228
1308 3.123545735605369e-05 0.669701232
1309 3.118441665700561e-05 0.670213236
1310 3.113308730805715e-05 0.67072524
1311 3.108144298093722e-05 0.671237244
1312 3.10294602781771e-05 0.671749248
1313 3.09771252536024e-05 0.672261252
1314 3.092444211528911e-05 0.672773256
1315 3.087141142821718e-05 0.67328526
1316 3.081804006076666e-05 0.6737972640000001
1317 3.076432622496296e-05 0.674309268
1318 3.071025274286682e-05 0.674821272
1319 3.065580858392171e-05 0.675333276
1320 3.060094949150598e-05 0.67584528
1321 3.054564652050467e-05 0.6763572840000001
1322 3.048982584644106e-05 0.676869288
1323 3.043337914830376e-05 0.677381292
1324 3.037619642685505e-05 0.677893296
1325 3.031816332394527e-05 0.6784053
1326 3.025915183884516e-05 0.6789173040000001
1327 3.019902457990244e-05 0.679429308
1328 3.013764556268712e-05 0.679941312
1329 3.007488983606334e-05 0.680453316
1330 3.001063286689642e-05 0.68096532
1331 2.994473940900761e-05 0.6814773240000001
1332 2.987707737919346e-05 0.681989328
1333 2.980752905406096e-05 0.682501332
1334 2.973599337556054e-05 0.683013336
1335 2.966238935576687e-05 0.68352534
1336 2.958666099397466e-05 0.684037344
1337 2.950877435845692e-05 0.684549348
1338 2.942872542352262e-05 0.685061352
1339 2.934654051032571e-05 0.685573356
1340 2.926227530552567e-05 0.68608536
1341 2.917601237720781e-05 0.686597364
1342 2.908786299237116e-05 0.687109368
1343 2.899796553477946e-05 0.687621372
1344 2.890648177143783e-05 0.688133376
1345 2.881359436389977e-05 0.68864538
1346 2.871950198219602e-05 0.689157384
1347 2.862441560483373e-05 0.689669388
1348 2.852855509281291e-05 0.6901813920000001
1349 2.84321419682953e-05 0.690693396
1350 2.833539489210644e-05 0.6912054
1351 2.823852530718947e-05 0.691717404
1352 2.814173743959598e-05 0.692229408
1353 2.804522206181793e-05 0.6927414120000001
1354 2.794915515703612e-05 0.693253416
1355 2.78536978775034e-05 0.69376542
1356 2.775899347887911e-05 0.694277424
1357 2.766516734792102e-05 0.694789428
1358 2.757232751681178e-05 0.6953014320000001
1359 2.748056448921935e-05 0.695813436
1360 2.738995160623165e-05 0.69632544
1361 2.730054584372601e-05 0.696837444
1362 2.721238913543546e-05 0.697349448
1363 2.71255094902074e-05 0.697861452
1364 2.703992172042072e-05 0.698373456
1365 2.695562935101919e-05 0.69888546
1366 2.687262535642077e-05 0.699397464
1367 2.67908936475369e-05 0.699909468
1368 2.671041047082415e-05 0.700421472
1369 2.663114554797432e-05 0.700933476
1370 2.655306386991684e-05 0.70144548
1371 2.647612661578472e-05 0.701957484
1372 2.640029200855967e-05 0.702469488
1373 2.632551625033655e-05 0.702981492
1374 2.625175261257082e-05 0.703493496
1375 2.617895505904822e-05 0.7040055000000001
1376 2.610707866785589e-05 0.704517504
1377 2.603607931126365e-05 0.705029508
1378 2.596591145091999e-05 0.705541512
1379 2.589652989913571e-05 0.706053516
1380 2.582789401185379e-05 0.7065655200000001
1381 2.575996470989233e-05 0.707077524
1382 2.569270437590637e-05 0.707589528
1383 2.562607914989054e-05 0.708101532
1384 2.556005816939607e-05 0.708613536
1385 2.549461391595933e-05 0.7091255400000001
1386 2.54297207140093e-05 0.709637544
1387 2.536535382103864e-05 0.710149548
1388 2.530149021719622e-05 0.710661552
1389 2.523810759412978e-05 0.711173556
1390 2.517518477798098e-05 0.7116855600000001
1391 2.511270198917464e-05 0.712197564
1392 2.505064153877474e-05 0.712709568
1393 2.498898663499664e-05 0.713221572
1394 2.492772200092918e-05 0.713733576
1395 2.486683406616936e-05 0.71424558
1396 2.480631098416535e-05 0.714757584
1397 2.474614247609091e-05 0.715269588
1398 2.468631956127643e-05 0.715781592
1399 2.462683441131572e-05 0.716293596
1400 2.45676801415502e-05 0.7168056
1401 2.45088507213263e-05 0.717317604
1402 2.445034090834224e-05 0.7178296080000001
1403 2.439214618403852e-05 0.718341612
1404 2.433426248552505e-05 0.718853616
1405 2.427668625834192e-05 0.71936562
1406 2.421941453092354e-05 0.719877624
1407 2.416244450968113e-05 0.7203896280000001
1408 2.410577386132182e-05 0.720901632
1409 2.404940049896399e-05 0.721413636
1410 2.399332270730407e-05 0.72192564
1411 2.393753947578125e-05 0.722437644
1412 2.388205015174686e-05 0.7229496480000001
1413 2.382685437422091e-05 0.723461652
1414 2.377195233877987e-05 0.723973656
1415 2.371734498409468e-05 0.72448566
1416 2.366303444668178e-05 0.724997664
1417 2.360902440221091e-05 0.7255096680000001
1418 2.355531996442902e-05 0.726021672
1419 2.350192890692521e-05 0.726533676
1420 2.344886182515614e-05 0.72704568
1421 2.339613394314792e-05 0.727557684
1422 2.334376762649585e-05 0.728069688
1423 2.329178948263532e-05 0.728581692
1424 2.324022807634897e-05 0.729093696
1425 2.318911373419038e-05 0.7296057
1426 2.31384712511102e-05 0.730117704
1427 2.308831562911634e-05 0.730629708
1428 2.303864484530871e-05 0.731141712
1429 2.298944232406973e-05 0.7316537160000001
1430 2.29406772786951e-05 0.73216572
1431 2.289230749878547e-05 0.732677724
1432 2.284428439675472e-05 0.733189728
1433 2.279655789603381e-05 0.733701732
1434 2.274907185769053e-05 0.7342137360000001
1435 2.270177968208676e-05 0.73472574
1436 2.265464744380869e-05 0.735237744
1437 2.260766134285139e-05 0.735749748
1438 2.256082184090629e-05 0.736261752
1439 2.251414052784586e-05 0.7367737560000001
1440 2.246762838437898e-05 0.73728576
1441 2.242129728855673e-05 0.737797764
1442 2.237516218528144e-05 0.738309768
1443 2.232923824944248e-05 0.738821772
1444 2.228353620966484e-05 0.7393337760000001
1445 2.223806704328458e-05 0.73984578
1446 2.219283814697932e-05 0.740357784
1447 2.214785484404664e-05 0.740869788
1448 2.210312127942223e-05 0.741381792
1449 2.205863950483951e-05 0.741893796
1450 2.201441033209145e-05 0.7424058
1451 2.197043328819539e-05 0.742917804
1452 2.192670850905404e-05 0.743429808
1453 2.18832353576415e-05 0.743941812
1454 2.184001306883649e-05 0.744453816
1455 2.179703999757208e-05 0.74496582
1456 2.175431424568731e-05 0.7454778240000001
1457 2.171183348226059e-05 0.745989828
1458 2.166959489401858e-05 0.746501832
1459 2.162759592520549e-05 0.747013836
1460 2.158583384582876e-05 0.74752584
1461 2.154430602418994e-05 0.7480378440000001
1462 2.150300981873482e-05 0.748549848
1463 2.146194275350865e-05 0.749061852
1464 2.142110257338314e-05 0.749573856
1465 2.138048710826773e-05 0.75008586
1466 2.134009424942253e-05 0.7505978640000001
1467 2.129992182743715e-05 0.751109868
1468 2.12599673556049e-05 0.751621872
1469 2.122022891499378e-05 0.752133876
1470 2.118070452240127e-05 0.75264588
1471 2.114139218292651e-05 0.7531578840000001
1472 2.110228987060718e-05 0.753669888
1473 2.106339564412016e-05 0.754181892
1474 2.102470775219133e-05 0.754693896
1475 2.098622451875481e-05 0.7552059
1476 2.094794439948562e-05 0.7557179040000001
1477 2.090986592497026e-05 0.756229908
1478 2.087198780361989e-05 0.756741912
1479 2.083430887758111e-05 0.757253916
1480 2.079682806448366e-05 0.75776592
1481 2.075954429840571e-05 0.758277924
1482 2.072245669701311e-05 0.758789928
1483 2.068556448892709e-05 0.7593019320000001
1484 2.064886692253722e-05 0.759813936
1485 2.061236318876014e-05 0.76032594
1486 2.057605259236366e-05 0.760837944
1487 2.053993443799282e-05 0.761349948
1488 2.050400800100968e-05 0.7618619520000001
1489 2.046827259330969e-05 0.762373956
1490 2.043272744956431e-05 0.76288596
1491 2.039737190743201e-05 0.763397964
1492 2.036220521422619e-05 0.763909968
1493 2.032722660856013e-05 0.7644219720000001
1494 2.029243522554681e-05 0.764933976
1495 2.025783012430841e-05 0.76544598
1496 2.022341026612085e-05 0.765957984
1497 2.018917453454649e-05 0.766469988
1498 2.015512176706669e-05 0.7669819920000001
1499 2.012125066895148e-05 0.767493996
1500 2.008755985167142e-05 0.768006
1501 2.005404787728746e-05 0.768518004
1502 2.00207132515882e-05 0.769030008
1503 1.998755435598445e-05 0.7695420120000001
1504 1.995456949718976e-05 0.770054016
1505 1.992175684227216e-05 0.77056602
1506 1.9889114529223e-05 0.771078024
1507 1.985664062612614e-05 0.771590028
1508 1.98243331196057e-05 0.772102032
1509 1.979218997064383e-05 0.772614036
1510 1.976020908246849e-05 0.7731260400000001
1511 1.972838834624934e-05 0.773638044
1512 1.969681979856929e-05 0.774150048
1513 1.966531284449434e-05 0.774662052
1514 1.963395898531383e-05 0.775174056
1515 1.960275633814434e-05 0.7756860600000001
1516 1.957170288905315e-05 0.776198064
1517 1.954079653684983e-05 0.776710068
1518 1.951003544870282e-05 0.777222072
1519 1.947941743567869e-05 0.777734076
1520 1.944894078068788e-05 0.7782460800000001
1521 1.941860402212658e-05 0.778758084
1522 1.938840512114976e-05 0.779270088
1523 1.935826035740479e-05 0.779782092
1524 1.932841520677155e-05 0.780294096
1525 1.929854117012045e-05 0.7808061000000001
1526 1.926888250641468e-05 0.781318104
1527 1.923935778015036e-05 0.781830108
1528 1.920996696622687e-05 0.782342112
1529 1.918071110060103e-05 0.782854116
1530 1.915159221999782e-05 0.7833661200000001
1531 1.912261299867882e-05 0.783878124
1532 1.909377780557015e-05 0.784390128
1533 1.906509303423071e-05 0.784902132
1534 1.903656682917767e-05 0.785414136
1535 1.90082103235939e-05 0.7859261400000001
1536 1.898003859372157e-05 0.786438144
1537 1.895207155720682e-05 0.7869501480000001
1538 1.892433463770015e-05 0.787462152
1539 1.889708201048183e-05 0.787974156
1540 1.886969558041856e-05 0.78848616
1541 1.884310471196277e-05 0.788998164
1542 1.881667383964684e-05 0.7895101680000001
1543 1.87906681223215e-05 0.790022172
1544 1.876512375921306e-05 0.790534176
1545 1.874006872356017e-05 0.79104618
1546 1.871551352130256e-05 0.791558184
1547 1.869144820895368e-05 0.7920701880000001
1548 1.866784440283598e-05 0.792582192
1549 1.864465703900109e-05 0.793094196
1550 1.86218304963543e-05 0.7936062
1551 1.859929951484646e-05 0.794118204
1552 1.857700289492869e-05 0.7946302080000001
1553 1.855487117530551e-05 0.795142212
1554 1.853283504328611e-05 0.795654216
1555 1.851103705827311e-05 0.79616622
1556 1.848878636702259e-05 0.796678224
1557 1.846685195507579e-05 0.7971902280000001
1558 1.844457248367909e-05 0.797702232
1559 1.842212580577555e-05 0.798214236
1560 1.839950732606264e-05 0.79872624
1561 1.837672486087631e-05 0.799238244
1562 1.835379655427546e-05 0.7997502480000001
1563 1.83306104291708e-05 0.800262252
1564 1.830760936719488e-05 0.800774256
1565 1.828440555484427e-05 0.80128626
1566 1.826097021791111e-05 0.801798264
1567 1.823767143135711e-05 0.802310268
1568 1.821435283864822e-05 0.802822272
1569 1.81910077915281e-05 0.8033342760000001
1570 1.816762444798069e-05 0.80384628
1571 1.814417929880809e-05 0.804358284
1572 1.812064726243294e-05 0.804870288
1573 1.809700627552009e-05 0.805382292
1574 1.807318127679516e-05 0.8058942960000001
1575 1.804909626745563e-05 0.8064063
1576 1.802466820057551e-05 0.806918304
1577 1.799980705140241e-05 0.807430308
1578 1.797443403142676e-05 0.807942312
1579 1.794846891695052e-05 0.8084543160000001
1580 1.792184062656082e-05 0.80896632
1581 1.78944726858454e-05 0.809478324
1582 1.78662907963837e-05 0.809990328
1583 1.783722126145998e-05 0.810502332
1584 1.780720063194579e-05 0.8110143360000001
1585 1.777618733372657e-05 0.81152634
1586 1.774415846691924e-05 0.812038344
1587 1.771110863132511e-05 0.812550348
1588 1.7677054093544e-05 0.813062352
1589 1.764201106877491e-05 0.8135743560000001
1590 1.760601665406353e-05 0.81408636
1591 1.756911002324693e-05 0.814598364
1592 1.753133155387277e-05 0.815110368
1593 1.749272516562136e-05 0.815622372
1594 1.745333248308621e-05 0.8161343760000001
1595 1.74131987676513e-05 0.81664638
1596 1.737237173341858e-05 0.8171583840000001
1597 1.733090129702816e-05 0.817670388
1598 1.728883872195161e-05 0.818182392
1599 1.72462359462432e-05 0.818694396
1600 1.720314322627999e-05 0.8192064
1601 1.715960924534227e-05 0.8197184040000001
1602 1.711568034632887e-05 0.820230408
1603 1.707140008023569e-05 0.820742412
1604 1.702681025918313e-05 0.821254416
1605 1.698195001037481e-05 0.82176642
1606 1.693685545365593e-05 0.8222784240000001
1607 1.689156100922264e-05 0.822790428
1608 1.684609902747803e-05 0.823302432
1609 1.680050009268174e-05 0.823814436
1610 1.67547927010504e-05 0.82432644
1611 1.670900385758039e-05 0.8248384440000001
1612 1.666315982168631e-05 0.825350448
1613 1.661728364559126e-05 0.825862452
1614 1.657139810190258e-05 0.826374456
1615 1.6525524871918e-05 0.82688646
1616 1.647968443734976e-05 0.8273984640000001
1617 1.64338951365485e-05 0.827910468
1618 1.638817572828493e-05 0.828422472
1619 1.634254410113919e-05 0.828934476
1620 1.629702007713632e-05 0.82944648
1621 1.625162280081651e-05 0.8299584840000001
1622 1.620637163998399e-05 0.830470488
1623 1.616128823208844e-05 0.8309824920000001
1624 1.611639610491958e-05 0.831494496
1625 1.60717208391991e-05 0.8320065
1626 1.602729056080093e-05 0.832518504
1627 1.598313637506119e-05 0.833030508
1628 1.593929023973318e-05 0.8335425120000001
1629 1.589578484089564e-05 0.834054516
1630 1.585265573155843e-05 0.83456652
1631 1.580993880177572e-05 0.835078524
1632 1.576766873311028e-05 0.835590528
1633 1.572587726297084e-05 0.8361025320000001
1634 1.568459008684077e-05 0.836614536
1635 1.564382964295313e-05 0.83712654
1636 1.560361325111591e-05 0.837638544
1637 1.556395903548145e-05 0.838150548
1638 1.552487324151955e-05 0.8386625520000001
1639 1.548635681088059e-05 0.839174556
1640 1.544840415869948e-05 0.83968656
1641 1.541100612558527e-05 0.840198564
1642 1.537415017743633e-05 0.840710568
1643 1.533782145498804e-05 0.8412225720000001
1644 1.530200365338722e-05 0.841734576
1645 1.52666781756801e-05 0.84224658
1646 1.523182630657692e-05 0.842758584
1647 1.519742857843446e-05 0.843270588
1648 1.516346410047681e-05 0.8437825920000001
1649 1.512991186712997e-05 0.844294596
1650 1.509674990095456e-05 0.8448066000000001
1651 1.506395619970055e-05 0.845318604
1652 1.503150810389529e-05 0.845830608
1653 1.499938263313308e-05 0.846342612
1654 1.496755724974541e-05 0.846854616
1655 1.493600920623949e-05 0.8473666200000001
1656 1.490471615801133e-05 0.847878624
1657 1.487365661351194e-05 0.848390628
1658 1.484280983452199e-05 0.848902632
1659 1.481215562825577e-05 0.849414636
1660 1.478167428396758e-05 0.8499266400000001
1661 1.475134766928243e-05 0.850438644
1662 1.472115867698981e-05 0.850950648
1663 1.469109037214792e-05 0.851462652
1664 1.46611268914448e-05 0.851974656
1665 1.463125449846908e-05 0.8524866600000001
1666 1.460145965273875e-05 0.852998664
1667 1.457172746515277e-05 0.853510668
1668 1.454204434822054e-05 0.854022672
1669 1.451239576905843e-05 0.854534676
1670 1.448276871235939e-05 0.8550466800000001
1671 1.445315010555328e-05 0.855558684
1672 1.442352892776323e-05 0.856070688
1673 1.439389543099221e-05 0.856582692
1674 1.436423829603248e-05 0.857094696
1675 1.433454816237557e-05 0.8576067000000001
1676 1.430481794019916e-05 0.858118704
1677 1.427503932203679e-05 0.8586307080000001
1678 1.424520580481014e-05 0.859142712
1679 1.421531286370317e-05 0.859654716
1680 1.418535779148473e-05 0.8601667200000001
1681 1.415534138478078e-05 0.860678724
1682 1.412526505596431e-05 0.8611907280000001
1683 1.409513422105826e-05 0.861702732
1684 1.406495769061439e-05 0.862214736
1685 1.40347465745855e-05 0.86272674
1686 1.400451668917917e-05 0.863238744
1687 1.397428874981564e-05 0.8637507480000001
1688 1.394408710804711e-05 0.864262752
1689 1.391393934820109e-05 0.864774756
1690 1.388387657444267e-05 0.86528676
1691 1.385393155882316e-05 0.865798764
1692 1.382414151054054e-05 0.8663107680000001
1693 1.379454512869542e-05 0.866822772
1694 1.376518293959159e-05 0.867334776
1695 1.373609589588303e-05 0.86784678
1696 1.370732496907566e-05 0.868358784
1697 1.367891047254361e-05 0.8688707880000001
1698 1.365089014886136e-05 0.869382792
1699 1.362329927160293e-05 0.869894796
1700 1.359616994745209e-05 0.8704068
1701 1.356952942640621e-05 0.870918804
1702 1.354339969713051e-05 0.8714308080000001
1703 1.351779690649962e-05 0.871942812
1704 1.349273177338848e-05 0.8724548160000001
1705 1.346820717618831e-05 0.87296682
1706 1.344421958900311e-05 0.873478824
1707 1.342075939206828e-05 0.8739908280000001
1708 1.339781169906617e-05 0.874502832
1709 1.337535770293578e-05 0.8750148360000001
1710 1.335337138965577e-05 0.87552684
1711 1.333182444528256e-05 0.876038844
1712 1.331068681848144e-05 0.876550848
1713 1.328992602034695e-05 0.877062852
1714 1.326950972309656e-05 0.8775748560000001
1715 1.324940435336442e-05 0.87808686
1716 1.322957868627458e-05 0.878598864
1717 1.321000167365494e-05 0.879110868
1718 1.319064302484367e-05 0.879622872
1719 1.317147479039923e-05 0.8801348760000001
1720 1.315246966164823e-05 0.88064688
1721 1.313360227931555e-05 0.881158884
1722 1.311484957861055e-05 0.881670888
1723 1.309619074186512e-05 0.882182892
1724 1.307760843135231e-05 0.8826948960000001
1725 1.305908561510455e-05 0.8832069
1726 1.304060830082193e-05 0.883718904
1727 1.30221677617561e-05 0.884230908
1728 1.300375323777477e-05 0.884742912
1729 1.298535801525058e-05 0.8852549160000001
1730 1.296697616258363e-05 0.88576692
1731 1.294860471794018e-05 0.8862789240000001
1732 1.293024268046669e-05 0.886790928
1733 1.291189045556228e-05 0.887302932
1734 1.289355032885635e-05 0.8878149360000001
1735 1.287522609148279e-05 0.88832694
1736 1.285692289185291e-05 0.8888389440000001
1737 1.283864709405723e-05 0.889350948
1738 1.282040585708258e-05 0.889862952
1739 1.280220724214361e-05 0.8903749560000001
1740 1.27840605552647e-05 0.89088696
1741 1.276597403554028e-05 0.8913989640000001
1742 1.274795646400553e-05 0.891910968
1743 1.273001668675901e-05 0.892422972
1744 1.271216331455055e-05 0.892934976
1745 1.269440482351758e-05 0.89344698
1746 1.267674959949287e-05 0.8939589840000001
1747 1.265920574895244e-05 0.894470988
1748 1.264178142126521e-05 0.894982992
1749 1.262448313119848e-05 0.895494996
1750 1.26073169655753e-05 0.896007
1751 1.259028879369566e-05 0.8965190040000001
1752 1.257340326087452e-05 0.897031008
1753 1.255666385071767e-05 0.897543012
1754 1.254007357168012e-05 0.898055016
1755 1.252363616308008e-05 0.89856702
1756 1.250735333288376e-05 0.8990790240000001
1757 1.249122503643799e-05 0.899591028
1758 1.247525109259921e-05 0.900103032
1759 1.245943188185811e-05 0.900615036
1760 1.24437657731551e-05 0.90112704
1761 1.242825075518972e-05 0.9016390440000001
1762 1.241288295133326e-05 0.902151048
1763 1.239765924316901e-05 0.9026630520000001
1764 1.238257498067458e-05 0.903175056
1765 1.236762463987906e-05 0.90368706
1766 1.235280239765791e-05 0.9041990640000001
1767 1.233810097479889e-05 0.904711068
1768 1.232351330814044e-05 0.9052230720000001
