0 0 0
1 5.088419882925554e-73 0.002048017
2 3.598604505626548e-70 0.004096034
3 9.786360826735771e-67 0.006144051
4 9.09134715250036e-65 0.008192068
5 2.048516949005521e-64 0.010240085
6 1.081615483523742e-63 0.012288102
7 1.630637279233682e-61 0.014336119
8 1.332196563309985e-60 0.016384136
9 1.361416608203713e-59 0.018432153
10 2.700926336629033e-58 0.02048017
11 3.542402119121866e-57 0.022528187
12 1.979898898857173e-58 0.024576204
13 2.121193204934502e-57 0.026624221
14 2.853711341219243e-56 0.028672238
15 9.394980891036697e-53 0.030720255
16 8.990751053392686e-53 0.032768272
17 8.435351771269694e-52 0.034816289
18 7.477463497652429e-51 0.036864306
19 1.211647769697323e-49 0.038912323
20 1.396191447944232e-48 0.04096034
21 3.709505022296896e-47 0.043008357
22 4.312688296968331e-46 0.045056374
23 3.095220280792123e-45 0.047104391
24 1.487579055319048e-44 0.049152408
25 5.564479361314774e-44 0.051200425
26 4.439263219945973e-46 0.053248442
27 1.037110397170778e-42 0.055296459
28 3.391264855463205e-42 0.057344476
29 9.605438054118856e-42 0.059392493
30 1.357829692224043e-41 0.06144051
31 1.920485113389966e-41 0.063488527
32 4.615794780495832e-41 0.065536544
33 4.506587207410053e-41 0.067584561
34 3.118164756508821e-41 0.069632578
35 6.082181477974163e-39 0.071680595
36 7.763029824499609e-39 0.073728612
37 2.230004025484556e-38 0.075776629
38 1.224533795834782e-38 0.077824646
39 1.944359011809542e-38 0.079872663
40 4.31888219090079e-38 0.08192068
41 3.677721909069625e-36 0.08396869699999999
42 8.518657569501528e-36 0.08601671400000001
43 2.193143187108011e-35 0.08806473100000001
44 2.478912915919783e-35 0.09011274800000001
45 9.58378821926866e-35 0.09216076500000001
46 3.751936945063497e-34 0.094208782
47 1.486388498158837e-33 0.096256799
48 5.896672312799942e-33 0.098304816
49 2.305855187838404e-32 0.100352833
50 8.945957574215096e-32 0.10240085
51 3.407545618596356e-31 0.104448867
52 1.277702970760238e-30 0.106496884
53 4.706971894441698e-30 0.108544901
54 1.701128827355066e-29 0.110592918
55 6.027713361616253e-29 0.112640935
56 2.093251565809824e-28 0.114688952
57 7.124199362439571e-28 0.116736969
58 2.376629890912064e-27 0.118784986
59 7.77306265004161e-27 0.120833003
60 2.493148566493845e-26 0.12288102
61 7.844433335660085e-26 0.124929037
62 2.421970008093644e-25 0.126977054
63 7.340187910237355e-25 0.129025071
64 2.184304806235016e-24 0.131073088
65 6.38441436950581e-24 0.133121105
66 1.833420002096666e-23 0.135169122
67 5.174450263570972e-23 0.137217139
68 1.43566496222131e-22 0.139265156
69 3.916974591531599e-22 0.141313173
70 1.051178017395409e-21 0.14336119
71 2.775529330365319e-21 0.145409207
72 7.212282671706169e-21 0.147457224
73 1.844877785674753e-20 0.149505241
74 4.646632486376465e-20 0.151553258
75 1.152630951207483e-19 0.153601275
76 2.81660794924126e-19 0.155649292
77 6.781836845702819e-19 0.157697309
78 1.60935397395095e-18 0.159745326
79 3.764745352543167e-18 0.161793343
80 8.683485320182562e-18 0.16384136
81 1.975240454270958e-17 0.165889377
82 4.432051998727444e-17 0.167937394
83 9.811580844088428e-17 0.169985411
84 2.143441200655573e-16 0.172033428
85 4.621797880347875e-16 0.174081445
86 9.838407532768563e-16 0.176129462
87 2.067952141386635e-15 0.178177479
88 4.29284499481074e-15 0.180225496
89 8.802911802266351e-15 0.182273513
90 1.783493541439761e-14 0.18432153
91 3.57082347753597e-14 0.186369547
92 7.066477432030739e-14 0.188417564
93 1.382468040850471e-13 0.190465581
94 2.674143262149707e-13 0.192513598
95 5.114459043072492e-13 0.194561615
96 9.669532297197529e-13 0.196609632
97 1.806246221432331e-12 0.198657649
98 3.331441139777022e-12 0.200705666
99 6.065452315697852e-12 0.202753683
100 1.090444897720892e-11 0.2048017
101 1.936839112616695e-11 0.206849717
102 3.400723427477459e-11 0.208897734
103 5.905135530903784e-11 0.210945751
104 1.01441135645648e-10 0.212993768
105 1.724391493127068e-10 0.215041785
106 2.901210219712044e-10 0.217089802
107 4.831856033572362e-10 0.219137819
108 7.967104480449829e-10 0.221185836
109 1.300745190205059e-09 0.223233853
110 2.102995215142018e-09 0.22528187
111 3.367335811758357e-09 0.227329887
112 5.340514528256828e-09 0.229377904
113 8.390234265070068e-09 0.231425921
114 1.305881465864226e-08 0.233473938
115 2.013808389107025e-08 0.235521955
116 3.077247626036854e-08 0.237569972
117 4.659968834553345e-08 0.239617989
118 6.994033269679378e-08 0.241666006
119 1.040505873326262e-07 0.243714023
120 1.534546599926659e-07 0.24576204
121 2.243770990478325e-07 0.247810057
122 3.252985622840157e-07 0.249858074
123 4.676617685659519e-07 0.251906091
124 6.667572232838854e-07 0.253954108
125 9.428205379988785e-07 0.256002125
126 1.322376307602478e-06 0.258050142
127 1.839862524373732e-06 0.260098159
128 2.539564517958473e-06 0.262146176
129 3.477894421795196e-06 0.264194193
130 4.726027482023075e-06 0.26624221
131 6.372897869908092e-06 0.268290227
132 8.528564141707567e-06 0.270338244
133 1.132789493761946e-05 0.272386261
134 1.493454187865284e-05 0.274434278
135 1.954511444240204e-05 0.276482295
136 2.539344857512633e-05 0.278530312
137 3.275484604450293e-05 0.280578329
138 4.195032594487246e-05 0.282626346
139 5.3350188472919e-05 0.284674363
140 6.737744955502595e-05 0.28672238
141 8.451021723892916e-05 0.288770397
142 0.0001052827014450426 0.290818414
143 0.0001302855770531577 0.292866431
144 0.0001601634586463583 0.294914448
145 0.0001956111953126888 0.296962465
146 0.0002373675238182218 0.299010482
147 0.0002862067235190428 0.301058499
148 0.0003429279120328917 0.303106516
149 0.0004083418982557574 0.305154533
150 0.0004832556826918848 0.30720255
151 0.0005684548086403469 0.309250567
152 0.0006646838878449171 0.311298584
153 0.0007726257450856401 0.313346601
154 0.0008928796549570256 0.315394618
155 0.001025939402728396 0.317442635
156 0.001172171711421657 0.319490652
157 0.001331795890216931 0.321538669
158 0.001504865392263631 0.323586686
159 0.001691252054232088 0.325634703
160 0.001890633705541232 0.32768272
161 0.002102485795607087 0.329730737
162 0.002326077542806365 0.331778754
163 0.002560472894883995 0.333826771
164 0.002804536333928453 0.335874788
165 0.003056942980195098 0.337922805
166 0.00331619179467322 0.339970822
167 0.003580622051614509 0.342018839
168 0.003848429254829752 0.344066856
169 0.004117686470893576 0.346114873
170 0.004386390034767339 0.34816289
171 0.004652523428471123 0.350210907
172 0.004914233353895509 0.352258924
173 0.00516988711921022 0.354306941
174 0.005417472696852752 0.356354958
175 0.005655213934715077 0.358402975
176 0.0058816412882373 0.360450992
177 0.006095714667181902 0.362499009
178 0.006296375895885504 0.3645470260000001
179 0.006482505643047323 0.366595043
180 0.006653230358102289 0.36864306
181 0.006808085997498385 0.370691077
182 0.006946769999591501 0.372739094
183 0.007068790712284201 0.374787111
184 0.007174081622545782 0.376835128
185 0.007262939780040246 0.378883145
186 0.007335910892535249 0.380931162
187 0.007393459872937427 0.382979179
188 0.007435996367876111 0.385027196
189 0.007464055756493075 0.387075213
190 0.007478473938555949 0.38912323
191 0.007480412631041386 0.391171247
192 0.007471139907381297 0.393219264
193 0.007451485827226548 0.395267281
194 0.007421999977783815 0.397315298
195 0.007383403118393423 0.3993633150000001
196 0.007336771189127974 0.401411332
197 0.007283305765444141 0.403459349
198 0.007224089057572261 0.405507366
199 0.007160093905377301 0.407555383
200 0.007092028447061288 0.4096034
201 0.007020372865236487 0.411651417
202 0.00694550037085363 0.413699434
203 0.006867929651873645 0.415747451
204 0.006788171347192673 0.417795468
205 0.006706846308044875 0.419843485
206 0.006624666757954704 0.421891502
207 0.006542465937437141 0.423939519
208 0.006460641239988786 0.425987536
209 0.006379158292979074 0.428035553
210 0.006297827631795153 0.43008357
211 0.006216537117584011 0.432131587
212 0.006135419685720583 0.4341796040000001
213 0.006054731540318928 0.436227621
214 0.005974741598406125 0.438275638
215 0.005895722068888936 0.440323655
216 0.005817868962015814 0.442371672
217 0.005741381415249599 0.444419689
218 0.005666393224526852 0.446467706
219 0.005592852782043356 0.448515723
220 0.005520627637771841 0.45056374
221 0.00544941762509491 0.452611757
222 0.005378906778678665 0.454659774
223 0.005308996614623276 0.456707791
224 0.005239861026930144 0.458755808
225 0.005171621684146779 0.4608038250000001
226 0.005104369923557488 0.462851842
227 0.005038299959670042 0.464899859
228 0.004973565585893619 0.466947876
229 0.004910346041273268 0.4689958930000001
230 0.004848602323631183 0.47104391
231 0.004788109628990785 0.473091927
232 0.004728477589100515 0.475139944
233 0.004669501375007046 0.477187961
234 0.004611155130392344 0.479235978
235 0.004553326534910692 0.481283995
236 0.004496018062017497 0.483332012
237 0.004439353310192699 0.485380029
238 0.004383380480245524 0.487428046
239 0.004328118441244995 0.489476063
240 0.004273720270052231 0.49152408
241 0.004220308654812125 0.493572097
242 0.004167971978106237 0.4956201140000001
243 0.004116902720354874 0.497668131
244 0.004067174911043427 0.499716148
245 0.004018644895425885 0.501764165
246 0.00397114502962495 0.503812182
247 0.003924373242494656 0.505860199
248 0.003878077901627437 0.507908216
249 0.003832108965286698 0.509956233
250 0.003786462221435015 0.51200425
251 0.003741148921571593 0.5140522670000001
252 0.003696329990176125 0.5161002840000001
253 0.003652178027608231 0.518148301
254 0.00360858214245331 0.520196318
255 0.003565606711048479 0.522244335
256 0.003523164943601216 0.524292352
257 0.00348122835252559 0.526340369
258 0.003439972477233664 0.528388386
259 0.003399467131853653 0.5304364030000001
260 0.00335969599837123 0.5324844200000001
261 0.003320863777507536 0.5345324370000001
262 0.003283040647750387 0.536580454
263 0.003246090588102222 0.538628471
264 0.003209767545780646 0.540676488
265 0.003173984400189407 0.542724505
266 0.003138567327865716 0.544772522
267 0.003103467797446094 0.546820539
268 0.003068669222833957 0.5488685560000001
269 0.003034248999276009 0.5509165730000001
270 0.003000303962516037 0.55296459
271 0.002966932649586864 0.555012607
272 0.002934309225652805 0.557060624
273 0.002902438139368475 0.559108641
274 0.002871264249086466 0.561156658
275 0.002840700182693061 0.563204675
276 0.002810637145273502 0.5652526920000001
277 0.002781070847353553 0.5673007090000001
278 0.002751932287092512 0.5693487260000001
279 0.002723134665742384 0.571396743
280 0.002694744350826798 0.57344476
281 0.002666723533815578 0.575492777
282 0.002639003615609726 0.577540794
283 0.002611672004738201 0.579588811
284 0.002584783107501051 0.5816368280000001
285 0.002558235565430892 0.5836848450000001
286 0.002531834821058834 0.5857328620000001
287 0.002505375386741059 0.587780879
288 0.002478841818814186 0.589828896
289 0.002452208135121631 0.591876913
290 0.002425557805173654 0.59392493
291 0.002399072835487856 0.595972947
292 0.002372864659802378 0.598020964
293 0.002347125418305471 0.6000689810000001
294 0.002322018966974216 0.6021169980000001
295 0.002297537507339333 0.6041650150000001
296 0.002273588430093215 0.606213032
297 0.002250207978344508 0.608261049
298 0.002227377936569101 0.610309066
299 0.002205254084752182 0.612357083
300 0.002183970260437352 0.6144051
301 0.002163548106010175 0.6164531170000001
302 0.002143966283301074 0.6185011340000001
303 0.002125113082934795 0.6205491510000001
304 0.002106861058267065 0.622597168
305 0.002089094050524958 0.624645185
306 0.002071694141714826 0.626693202
307 0.002054551533142816 0.628741219
308 0.002037603344301828 0.630789236
309 0.002020815890172216 0.632837253
310 0.002004112318163187 0.6348852700000001
311 0.001987431854993325 0.6369332870000001
312 0.001970830074222789 0.6389813040000001
313 0.001954272827413922 0.641029321
314 0.001937682069018736 0.643077338
315 0.001920943718143976 0.645125355
316 0.00190392446247 0.647173372
317 0.001886593460793373 0.649221389
318 0.001868909998171341 0.6512694060000001
319 0.001850859988292019 0.6533174230000001
320 0.001832495965483906 0.6553654400000001
321 0.001813844450710465 0.657413457
322 0.00179500772155593 0.659461474
323 0.001776137689584247 0.661509491
324 0.001757396123977237 0.663557508
325 0.001738917195093764 0.665605525
326 0.001720800402766034 0.667653542
327 0.001703093721854859 0.6697015590000001
328 0.001685886194779364 0.6717495760000001
329 0.001669194911297091 0.6737975930000001
330 0.001652981115737732 0.67584561
331 0.001637189689031098 0.677893627
332 0.00162186776989994 0.679941644
333 0.001607076440765846 0.681989661
334 0.001592851064349171 0.684037678
335 0.0015792785385227 0.6860856950000001
336 0.001566379267207438 0.6881337120000001
337 0.001554166933074433 0.6901817290000001
338 0.001542664237875789 0.6922297460000001
339 0.001531816447750348 0.694277763
340 0.001521564799181157 0.69632578
341 0.001511862789086138 0.698373797
342 0.001502622932977607 0.700421814
343 0.001493751493086285 0.702469831
344 0.00148520511934576 0.7045178480000001
345 0.001476905443226754 0.7065658650000001
346 0.00146876444033068 0.7086138820000001
347 0.001460658317916819 0.710661899
348 0.001452512336865389 0.712709916
349 0.001444295198662002 0.714757933
350 0.001435995626245517 0.71680595
351 0.001427600459613149 0.718853967
352 0.001419057529688602 0.7209019840000001
353 0.001410314206257973 0.7229500010000001
354 0.001401299514303791 0.7249980180000001
355 0.001391973554022935 0.7270460350000001
356 0.001382298636448475 0.729094052
357 0.001372217764853635 0.731142069
358 0.001361728702825627 0.733190086
359 0.001350864659497704 0.735238103
360 0.001339678328136076 0.73728612
361 0.001328228500109928 0.7393341370000001
362 0.001316548232210279 0.7413821540000001
363 0.001304694754128859 0.7434301710000001
364 0.001292746894386812 0.745478188
365 0.001280754197412062 0.747526205
366 0.001268756486378299 0.749574222
367 0.001256788622819246 0.751622239
368 0.00124486777051837 0.753670256
369 0.001232994597482776 0.7557182730000001
370 0.001221204245167518 0.7577662900000001
371 0.001209544804934437 0.7598143070000001
372 0.001198032195260038 0.7618623240000001
373 0.001186684776188385 0.763910341
374 0.001175526052138828 0.765958358
375 0.001164580173982802 0.768006375
376 0.001153852017096035 0.770054392
377 0.001143311641180769 0.772102409
378 0.001132904245304331 0.7741504260000001
379 0.001122598903773632 0.7761984430000001
380 0.001112404956696394 0.7782464600000001
381 0.001102384286077134 0.780294477
382 0.001092635434771183 0.782342494
383 0.001083245498250733 0.784390511
384 0.00107427833795004 0.786438528
385 0.00106577521814816 0.788486545
386 0.001057772325575603 0.7905345620000001
387 0.001050266491337323 0.7925825790000001
388 0.001043272777684299 0.7946305960000001
389 0.001036790478583511 0.7966786130000001
390 0.001030789146365669 0.79872663
391 0.001025255339648961 0.800774647
392 0.001020170741467021 0.802822664
393 0.001015492136188347 0.804870681
394 0.001011170686009228 0.806918698
395 0.001007170122102898 0.8089667150000001
396 0.001003433873995345 0.8110147320000001
397 0.0009998939770845987 0.8130627490000001
398 0.000996465498257475 0.815110766
399 0.0009930916868441087 0.817158783
400 0.0009897365923954191 0.8192068
401 0.0009863481643736661 0.821254817
402 0.0009828866268642002 0.823302834
403 0.0009793262142045293 0.8253508510000001
404 0.0009756449987957465 0.8273988680000001
405 0.0009718313034275394 0.8294468850000001
406 0.0009678711504928956 0.8314949020000001
407 0.0009637343228809168 0.833542919
408 0.0009593896657315058 0.835590936
409 0.000954807707615562 0.837638953
410 0.0009499463726758038 0.83968697
411 0.0009447499243514867 0.841734987
412 0.0009391803108539175 0.8437830040000001
413 0.0009332083464618196 0.8458310210000001
414 0.0009268362528158554 0.8478790380000001
415 0.000920086355590985 0.849927055
416 0.0009129889445453064 0.851975072
417 0.0009055718574338351 0.854023089
418 0.0008978976020016532 0.856071106
419 0.0008900367090025363 0.858119123
420 0.0008820619543986984 0.8601671400000001
421 0.0008740246437848843 0.8622151570000001
422 0.0008659644962242579 0.8642631740000001
423 0.0008579109944559099 0.8663111910000001
424 0.0008498805057164592 0.868359208
425 0.0008418784473270145 0.870407225
426 0.0008339055912397815 0.872455242
427 0.0008259737791358309 0.874503259
428 0.000818100291142546 0.876551276
429 0.0008103062197406257 0.8785992930000001
430 0.0008026101356498638 0.8806473100000001
431 0.0007950288995996246 0.8826953270000001
432 0.0007875774266710006 0.884743344
433 0.0007802718978556498 0.886791361
434 0.0007731240084190386 0.888839378
435 0.0007661359954990551 0.890887395
436 0.0007592943290160094 0.892935412
437 0.0007526169009875712 0.8949834290000001
438 0.0007461236310758202 0.8970314460000001
439 0.0007398363615338892 0.8990794630000001
440 0.0007337693969775275 0.9011274800000001
441 0.0007279248207430137 0.903175497
442 0.0007222922821870797 0.905223514
443 0.0007168355265754452 0.907271531
444 0.0007114692726406784 0.909319548
445 0.0007061536836593596 0.911367565
446 0.000700874326430103 0.9134155820000001
447 0.0006956453136665718 0.9154635990000001
448 0.0006904992824302256 0.9175116160000001
449 0.0006854705513522908 0.9195596330000001
450 0.0006806053448814049 0.92160765
451 0.0006759428478079252 0.923655667
452 0.0006715096574032327 0.925703684
453 0.0006673205977295307 0.927751701
454 0.0006633819686965598 0.9297997180000001
455 0.0006596951769670247 0.9318477350000001
456 0.0006562592839215495 0.9338957520000001
457 0.0006530742152036698 0.9359437690000001
458 0.0006501321706002858 0.937991786
459 0.0006474162052158915 0.940039803
460 0.0006448879484218673 0.94208782
461 0.0006425122130353304 0.944135837
462 0.0006402586222463965 0.946183854
463 0.0006380941835971089 0.9482318710000001
464 0.0006359804140526251 0.9502798880000001
465 0.000633877934445553 0.9523279050000001
466 0.0006317289147090412 0.9543759220000001
467 0.000629500510978919 0.956423939
468 0.0006271780752471715 0.958471956
469 0.0006247483439339608 0.960519973
470 0.0006222010643072898 0.96256799
471 0.0006195218103192408 0.9646160070000001
472 0.0006167063361032791 0.9666640240000001
473 0.0006137681029159478 0.9687120410000001
474 0.0006107198750245527 0.9707600580000001
475 0.0006075617895220294 0.972808075
476 0.0006042869969186111 0.974856092
477 0.0006008776405183687 0.976904109
478 0.0005973143457577959 0.978952126
479 0.0005935772447901242 0.981000143
480 0.0005896500398175369 0.9830481600000001
481 0.0005855207931132585 0.9850961770000001
482 0.0005811862058781681 0.9871441940000001
483 0.0005766481694626749 0.9891922110000001
484 0.0005719145148205272 0.991240228
485 0.0005670029968100355 0.993288245
486 0.0005619349278749651 0.995336262
487 0.0005567366802525795 0.997384279
488 0.0005514375619069234 0.9994322960000001
489 0.0005460687738807409 1.001480313
490 0.0005406568159441459 1.00352833
491 0.000535223120274285 1.005576347
492 0.0005297836429974048 1.007624364
493 0.000524358464935462 1.009672381
494 0.000518976673723321 1.011720398
495 0.0005136678983982604 1.013768415
496 0.0005084555083780798 1.015816432
497 0.0005033593602250088 1.017864449
498 0.0004983955353955566 1.019912466
499 0.0004935738954261861 1.021960483
500 0.0004888979246654855 1.0240085
501 0.0004843668128202507 1.026056517
502 0.0004799779640585319 1.028104534
503 0.0004757265508822322 1.030152551
504 0.0004716050965337102 1.032200568
505 0.0004676070362406975 1.034248585
506 0.0004637266373029129 1.036296602
507 0.0004599588484792213 1.038344619
508 0.0004562995432202568 1.040392636
509 0.0004527455891485631 1.042440653
510 0.0004492955315548812 1.04448867
511 0.000445948627855081 1.046536687
512 0.0004427037998261208 1.048584704
513 0.0004395596252283314 1.050632721
514 0.0004365064345560844 1.052680738
515 0.0004335459835994007 1.054728755
516 0.000430681241809974 1.056776772
517 0.0004279165934300536 1.058824789
518 0.0004252548717358746 1.060872806
519 0.0004226924675187133 1.062920823
520 0.0004202187902859536 1.06496884
521 0.0004177940648534701 1.067016857
522 0.0004153880309916992 1.069064874
523 0.0004129975586866972 1.071112891
524 0.0004106310142181895 1.073160908
525 0.0004083064548790245 1.075208925
526 0.0004060478125416445 1.077256942
527 0.0004038745567017545 1.079304959
528 0.0004017997281239734 1.081352976
529 0.0003998331158318307 1.083400993
530 0.0003979765252322873 1.08544901
531 0.0003962341435710372 1.087497027
532 0.0003946109335715245 1.089545044
533 0.0003931048040751475 1.091593061
534 0.000391705690433584 1.093641078
535 0.0003904019014828147 1.095689095
536 0.0003891829898421269 1.097737112
537 0.0003880383908459437 1.099785129
538 0.0003869548459462364 1.101833146
539 0.0003859173880126042 1.103881163
540 0.0003849100954832599 1.10592918
541 0.0003839175101585411 1.107977197
542 0.0003829252781140673 1.110025214
543 0.0003819206942404413 1.112073231
544 0.0003808933554828487 1.114121248
545 0.0003798337551666243 1.116169265
546 0.0003787337136377613 1.118217282
547 0.0003775841932524807 1.120265299
548 0.0003763831098042313 1.122313316
549 0.0003751297626123069 1.124361333
550 0.0003738236705804692 1.12640935
551 0.0003724661973240612 1.128457367
552 0.0003710576216056995 1.130505384
553 0.0003695989768145984 1.132553401
554 0.0003680929848027104 1.134601418
555 0.0003665445224634664 1.136649435
556 0.0003649573048637584 1.138697452
557 0.0003633301701872506 1.140745469
558 0.0003616594971239643 1.142793486
559 0.0003599396805067285 1.144841503
560 0.0003581649238061703 1.14688952
561 0.0003563298689903091 1.148937537
562 0.0003544278300610447 1.150985554
563 0.0003524514672662611 1.153033571
564 0.0003503954089893355 1.155081588
565 0.0003482574605978507 1.157129605
566 0.000346038760561172 1.159177622
567 0.0003437436696194096 1.161225639
568 0.0003413794124193074 1.163273656
569 0.0003389551537793651 1.165321673
570 0.0003364818989743819 1.16736969
571 0.0003339716851585682 1.169417707
572 0.0003314371328752759 1.171465724
573 0.0003288903919875005 1.173513741
574 0.0003263422991160612 1.175561758
575 0.0003238059855347855 1.177609775
576 0.00032129354739698 1.179657792
577 0.0003188146166199176 1.181705809
578 0.0003163765138852839 1.183753826
579 0.0003139843945047681 1.185801843
580 0.0003116414362400107 1.18784986
581 0.000309349540429338 1.189897877
582 0.0003071094196977049 1.191945894
583 0.000304919789763551 1.193993911
584 0.0003027787047809951 1.196041928
585 0.000300683954018984 1.198089945
586 0.0002986331473500029 1.200137962
587 0.0002966238168842132 1.202185979
588 0.000294653523658038 1.204233996
589 0.0002927199333926107 1.206282013
590 0.0002908208974818204 1.20833003
591 0.0002889545145987186 1.210378047
592 0.0002871186176140191 1.212426064
593 0.0002853101456117475 1.214474081
594 0.0002835245854608825 1.216522098
595 0.0002817589468296103 1.218570115
596 0.0002800168289702487 1.220618132
597 0.0002783029595008727 1.222666149
598 0.0002766215974107892 1.224714166
599 0.0002749763814153092 1.226762183
600 0.0002733696318639941 1.2288102
601 0.0002718024785843231 1.230858217
602 0.0002702752237031542 1.232906234
603 0.0002687877329792618 1.234954251
604 0.0002673395616989267 1.237002268
605 0.0002659301000272497 1.239050285
606 0.0002645587660079591 1.241098302
607 0.0002632245138332366 1.243146319
608 0.0002619258948359666 1.245194336
609 0.0002606601775843618 1.247242353
610 0.0002594194720726724 1.24929037
611 0.0002581917673338587 1.251338387
612 0.000256963897464538 1.253386404
613 0.0002557266734353614 1.255434421
614 0.0002544778890320346 1.257482438
615 0.0002532173144519856 1.259530455
616 0.0002519497201868904 1.261578472
617 0.0002506864321182959 1.263626489
618 0.0002494422830741962 1.265674506
619 0.0002482315274487849 1.267722523
620 0.0002470642837556526 1.26977054
621 0.0002459474323382761 1.271818557
622 0.0002448901094255018 1.273866574
623 0.0002438993909314914 1.275914591
624 0.0002429781478302059 1.277962608
625 0.0002421263574979843 1.280010625
626 0.0002413422793321944 1.282058642
627 0.0002406226953294535 1.284106659
628 0.0002399615991674583 1.286154676
629 0.0002393522221655273 1.288202693
630 0.0002387879046542988 1.29025071
631 0.0002382622712182682 1.292298727
632 0.0002377693785459225 1.294346744
633 0.0002373034545855395 1.296394761
634 0.0002368588138949204 1.298442778
635 0.0002364305249574655 1.300490795
636 0.0002360143095224581 1.302538812
637 0.0002356061480318129 1.304586829
638 0.0002352022225694924 1.306634846
639 0.0002347991283649439 1.308682863
640 0.0002343935870130482 1.31073088
641 0.0002339818209733099 1.312778897
642 0.0002335605681283897 1.314826914
643 0.0002331260472495003 1.316874931
644 0.0002326747483162911 1.318922948
645 0.0002322036517875107 1.320970965
646 0.0002317102722537924 1.323018982
647 0.0002311926576772384 1.325066999
648 0.0002306495147934365 1.327115016
649 0.00023008011588315 1.329163033
650 0.0002294843436636541 1.33121105
651 0.0002288624513808091 1.333259067
652 0.0002282148798072039 1.335307084
653 0.0002275423263852842 1.337355101
654 0.0002268456613735583 1.339403118
655 0.0002261264100930963 1.341451135
656 0.0002253860300591649 1.343499152
657 0.0002246267087772115 1.345547169
658 0.0002238500017227791 1.347595186
659 0.0002230567213736868 1.349643203
660 0.0002222467579129261 1.35169122
661 0.0002214189697514 1.353739237
662 0.0002205717982645829 1.355787254
663 0.0002197032488371234 1.357835271
664 0.0002188109848603361 1.359883288
665 0.0002178923596225258 1.361931305
666 0.000216944346611904 1.363979322
667 0.0002159639125854213 1.366027339
668 0.0002149486096852788 1.368075356
669 0.0002138967697281192 1.370123373
670 0.0002128076304541542 1.37217139
671 0.0002116815996010308 1.374219407
672 0.0002105200575898093 1.376267424
673 0.0002093254416056969 1.378315441
674 0.0002081012564319223 1.380363458
675 0.0002068520162291136 1.382411475
676 0.0002055830390125634 1.384459492
677 0.0002043002131798028 1.386507509
678 0.0002030097643720996 1.388555526
679 0.0002017179134364208 1.390603543
680 0.0002004306159740411 1.39265156
681 0.0001991537465513226 1.394699577
682 0.0001978919024877374 1.396747594
683 0.000196648824951961 1.398795611
684 0.0001954275165837726 1.400843628
685 0.0001942301938067919 1.402891645
686 0.00019305828299123 1.404939662
687 0.000191912547546728 1.406987679
688 0.0001907931693201553 1.409035696
689 0.0001896996905901878 1.411083713
690 0.0001886311193008832 1.41313173
691 0.000187586044567507 1.415179747
692 0.0001865618862444632 1.417227764
693 0.0001855554097643622 1.419275781
694 0.0001845659273930512 1.421323798
695 0.0001835931330232685 1.423371815
696 0.0001826368480007556 1.425419832
697 0.0001816969299046039 1.427467849
698 0.0001807724372200419 1.429515866
699 0.0001798623786995816 1.431563883
700 0.0001789672873660484 1.4336119
701 0.000178087471792323 1.435659917
702 0.0001772228122617393 1.437707934
703 0.0001763728281076205 1.439755951
704 0.0001755368170648038 1.441803968
705 0.0001747139728494103 1.443851985
706 0.0001739034803511421 1.445900002
707 0.0001731045592256593 1.447948019
708 0.0001723164903173257 1.449996036
709 0.0001715386209971563 1.452044053
710 0.0001707703725050791 1.45409207
711 0.0001700112451598468 1.456140087
712 0.0001692607800288726 1.458188104
713 0.0001685185857270431 1.460236121
714 0.0001677843547912841 1.462284138
715 0.0001670577726324704 1.464332155
716 0.000166338503903097 1.466380172
717 0.0001656264177469677 1.468428189
718 0.0001649210702010499 1.470476206
719 0.0001642219312783494 1.472524223
720 0.0001635294620655 1.47457224
721 0.0001628440886785276 1.476620257
722 0.0001621661520327227 1.478668274
723 0.0001614961680614389 1.480716291
724 0.0001608335172419714 1.482764308
725 0.0001601788594935137 1.484812325
726 0.0001595319151223423 1.486860342
727 0.0001588923049549919 1.488908359
728 0.0001582599161986952 1.490956376
729 0.0001576338532178168 1.493004393
730 0.000157012940097787 1.49505241
731 0.0001563955866802685 1.497100427
732 0.0001557793728490721 1.499148444
733 0.0001551608574298685 1.501196461
734 0.0001545361256123747 1.503244478
735 0.0001539005241583138 1.505292495
736 0.0001532494683786726 1.507340512
737 0.0001525802016840059 1.509388529
738 0.0001518923123567705 1.511436546
739 0.0001511867267899166 1.513484563
740 0.0001504663226489605 1.51553258
741 0.0001497362255105043 1.517580597
742 0.0001490023461619262 1.519628614
743 0.0001482707169023086 1.521676631
744 0.00014754709860605 1.523724648
745 0.0001468374463773576 1.525772665
746 0.0001461476063671857 1.527820682
747 0.000145481913432009 1.529868699
748 0.0001448439222685345 1.531916716
749 0.0001442366328450802 1.533964733
750 0.0001436625816593872 1.53601275
751 0.000143123423280581 1.538060767
752 0.0001426198373883188 1.540108784
753 0.000142151753011365 1.542156801
754 0.0001417185279262972 1.544204818
755 0.00014131897444458 1.546252835
756 0.0001409515695019657 1.548300852
757 0.0001406144602636169 1.550348869
758 0.0001403055856606982 1.552396886
759 0.0001400229667647109 1.554444903
760 0.0001397648177943216 1.55649292
761 0.0001395294057728055 1.558540937
762 0.0001393151409651542 1.560588954
763 0.0001391205754438707 1.562636971
764 0.0001389441647667817 1.564684988
765 0.0001387841986412858 1.566733005
766 0.0001386388924355375 1.568781022
767 0.0001385063680828702 1.570829039
768 0.0001383845623975191 1.572877056
769 0.0001382713334850777 1.574925073
770 0.0001381644919677657 1.57697309
771 0.0001380618754651588 1.579021107
772 0.0001379613151269768 1.581069124
773 0.0001378606808417415 1.583117141
774 0.0001377579154519223 1.585165158
775 0.0001376510392387142 1.587213175
776 0.0001375381584748832 1.589261192
777 0.000137417476189908 1.591309209
778 0.0001372873146547361 1.593357226
779 0.0001371461407125209 1.595405243
780 0.000136992596207517 1.59745326
781 0.0001368255105501215 1.599501277
782 0.0001366439211845464 1.601549294
783 0.0001364470963062113 1.603597311
784 0.0001362345403760558 1.605645328
785 0.0001360059118396629 1.607693345
786 0.0001357610891462347 1.609741362
787 0.0001355001962756593 1.611789379
788 0.0001352235157344922 1.613837396
789 0.0001349315381185258 1.615885413
790 0.0001346249617389869 1.61793343
791 0.0001343046036649115 1.619981447
792 0.0001339713229177726 1.622029464
793 0.0001336252145513761 1.624077481
794 0.0001332657151381795 1.626125498
795 0.0001328927424768548 1.628173515
796 0.0001325064551037205 1.630221532
797 0.0001321059381073929 1.632269549
798 0.0001316904869245743 1.634317566
799 0.0001312586882870084 1.636365583
800 0.0001308087757984532 1.6384136
801 0.0001303390680881442 1.640461617
802 0.0001298481017872743 1.642509634
803 0.0001293343917194533 1.644557651
804 0.0001287966682657827 1.646605668
805 0.0001282349698541682 1.648653685
806 0.0001276506073309748 1.650701702
807 0.0001270455464806575 1.652749719
808 0.0001264226142655343 1.654797736
809 0.0001257851511250163 1.656845753
810 0.000125136686769611 1.65889377
811 0.000124480773378335 1.660941787
812 0.0001238210997076191 1.662989804
813 0.0001231613798949088 1.665037821
814 0.0001225051368265106 1.667085838
815 0.0001218554662873211 1.669133855
816 0.00012121492552275 1.671181872
817 0.0001205855219725919 1.673229889
818 0.0001199687502682116 1.675277906
819 0.0001193656485779026 1.677325923
820 0.0001187768604547757 1.67937394
821 0.0001182027000243504 1.681421957
822 0.0001176432110784161 1.683469974
823 0.0001170982164012362 1.685517991
824 0.0001165673651036441 1.687566008
825 0.0001160501752256007 1.689614025
826 0.0001155460619748594 1.691662042
827 0.0001150543743921713 1.693710059
828 0.0001145744236653711 1.695758076
829 0.0001141054897541885 1.697806093
830 0.0001136468387632679 1.69985411
831 0.0001131977519475374 1.701902127
832 0.0001127575222281987 1.703950144
833 0.0001123254230004178 1.705998161
834 0.0001119007913869646 1.708046178
835 0.0001114830381039522 1.710094195
836 0.000111071639284792 1.712142212
837 0.000110666127018584 1.714190229
838 0.0001102660833137764 1.716238246
839 0.0001098711307793882 1.718286263
840 0.0001094809216385568 1.72033428
841 0.0001090951365234488 1.722382297
842 0.0001087134871257152 1.724430314
843 0.0001083356938253906 1.726478331
844 0.0001079614647044843 1.728526348
845 0.0001075905316149236 1.730574365
846 0.0001072227266412955 1.732622382
847 0.0001068577609294725 1.734670399
848 0.000106495329832307 1.736718416
849 0.0001061352960266633 1.738766433
850 0.0001057773601958978 1.74081445
851 0.0001054211390190226 1.742862467
852 0.0001050662554648724 1.744910484
853 0.0001047123609311867 1.746958501
854 0.0001043591504867022 1.749006518
855 0.0001040063009254838 1.751054535
856 0.0001036534514948075 1.753102552
857 0.0001033004151209668 1.755150569
858 0.0001029470758943687 1.757198586
859 0.0001025933244940281 1.759246603
860 0.0001022390619969042 1.76129462
861 0.0001018842066123564 1.763342637
862 0.0001015286976647755 1.765390654
863 0.0001011725010205441 1.767438671
864 0.0001008156135311674 1.769486688
865 0.0001004580657925562 1.771534705
866 0.0001000999221479902 1.773582722
867 9.974128043470819e-05 1.775630739
868 9.938226822724608e-05 1.777678756
869 9.902303794443604e-05 1.779726773
870 9.866376139999522e-05 1.78177479
871 9.830462187669065e-05 1.783822807
872 9.794580815549326e-05 1.785870824
873 9.758750705635692e-05 1.787918841
874 9.722989780027634e-05 1.789966858
875 9.687314666790142e-05 1.792014875
876 9.651730790499222e-05 1.794062892
877 9.61626983424341e-05 1.796110909
878 9.580934146828669e-05 1.798158926
879 9.54573163404093e-05 1.800206943
880 9.51066832968714e-05 1.80225496
881 9.47574976171741e-05 1.804302977
882 9.440977954135143e-05 1.806350994
883 9.406352446166309e-05 1.808399011
884 9.371879081079899e-05 1.810447028
885 9.337553795116505e-05 1.812495045
886 9.303360769899556e-05 1.814543062
887 9.269283648759428e-05 1.816591079
888 9.235305330848041e-05 1.818639096
889 9.201408209381329e-05 1.820687113
890 9.167572302527276e-05 1.82273513
891 9.133775446892415e-05 1.824783147
892 9.099990452534296e-05 1.826831164
893 9.066186046469985e-05 1.828879181
894 9.032325562791429e-05 1.830927198
895 8.998361535811156e-05 1.832975215
896 8.964238501020755e-05 1.835023232
897 8.929876979030344e-05 1.837071249
898 8.895156504891134e-05 1.839119266
899 8.859908022257677e-05 1.841167283
900 8.823905063882018e-05 1.8432153
901 8.78687403591302e-05 1.845263317
902 8.748557098864994e-05 1.847311334
903 8.708785380878233e-05 1.849359351
904 8.667528868799837e-05 1.851407368
905 8.624893568618299e-05 1.853455385
906 8.581086396635104e-05 1.855503402
907 8.536373029243426e-05 1.857551419
908 8.491035669606757e-05 1.859599436
909 8.445367234237059e-05 1.861647453
910 8.399657195979875e-05 1.86369547
911 8.354169861043716e-05 1.865743487
912 8.309140376925236e-05 1.867791504
913 8.264773901834986e-05 1.869839521
914 8.221242706149956e-05 1.871887538
915 8.178685399563111e-05 1.873935555
916 8.137215077333093e-05 1.875983572
917 8.096929528900247e-05 1.878031589
918 8.057919298743218e-05 1.880079606
919 8.020271423086296e-05 1.882127623
920 7.984072374233533e-05 1.88417564
921 7.949402106103458e-05 1.886223657
922 7.916319451745804e-05 1.888271674
923 7.884853207097611e-05 1.890319691
924 7.855005995585061e-05 1.892367708
925 7.826760952027202e-05 1.894415725
926 7.800088398640614e-05 1.896463742
927 7.774949033478499e-05 1.898511759
928 7.75130199213447e-05 1.900559776
929 7.729104416011453e-05 1.902607793
930 7.708311814788146e-05 1.90465581
931 7.688875160554032e-05 1.906703827
932 7.670742913057627e-05 1.908751844
933 7.653863656988058e-05 1.910799861
934 7.638182413359009e-05 1.912847878
935 7.62364612356311e-05 1.914895895
936 7.610205512106954e-05 1.916943912
937 7.597817618420425e-05 1.918991929
938 7.586447734859445e-05 1.921039946
939 7.576067540210658e-05 1.923087963
940 7.566656159196471e-05 1.92513598
941 7.558199489146813e-05 1.927183997
942 7.550685634337304e-05 1.929232014
943 7.544103816965775e-05 1.931280031
944 7.538443404955382e-05 1.933328048
945 7.533691594372165e-05 1.935376065
946 7.52983101131775e-05 1.937424082
947 7.526837784131759e-05 1.939472099
948 7.52467962993062e-05 1.941520116
949 7.523314181335638e-05 1.943568133
950 7.522687802074208e-05 1.94561615
951 7.522735791999714e-05 1.947664167
952 7.523382511101989e-05 1.949712184
953 7.524541848592704e-05 1.951760201
954 7.526117537713188e-05 1.953808218
955 7.528004497766536e-05 1.955856235
956 7.530090442284796e-05 1.957904252
957 7.532257921340754e-05 1.959952269
958 7.534386563940356e-05 1.962000286
959 7.536352237828333e-05 1.964048303
960 7.538031085466414e-05 1.96609632
961 7.53930755909424e-05 1.968144337
962 7.540080931067799e-05 1.970192354
963 7.540259932654288e-05 1.972240371
964 7.53977147631281e-05 1.974288388
965 7.53856592268441e-05 1.976336405
966 7.536610611552588e-05 1.978384422
967 7.533882994099428e-05 1.980432439
968 7.530367676349351e-05 1.982480456
969 7.526051659061381e-05 1.984528473
970 7.520928537793204e-05 1.98657649
971 7.514983653018477e-05 1.988624507
972 7.508217264142582e-05 1.990672524
973 7.500637523430422e-05 1.992720541
974 7.492251469471079e-05 1.994768558
975 7.483087165029734e-05 1.996816575
976 7.473198458053574e-05 1.998864592
977 7.462608288721139e-05 2.000912609
978 7.451309589209493e-05 2.002960626
979 7.439295643041133e-05 2.005008643
980 7.426529811307391e-05 2.00705666
981 7.412932617255627e-05 2.009104677
982 7.398392929937698e-05 2.011152694
983 7.382807468837275e-05 2.013200711
984 7.366061790417526e-05 2.015248728
985 7.348038499203364e-05 2.017296745
986 7.328638185407259e-05 2.019344762
987 7.307784400426244e-05 2.021392779
988 7.285429528519331e-05 2.023440796
989 7.261561752083019e-05 2.025488813
990 7.236200809218057e-05 2.02753683
991 7.209401930195274e-05 2.029584847
992 7.181256256835431e-05 2.031632864
993 7.151886892380819e-05 2.033680881
994 7.121442524335096e-05 2.035728898
995 7.090091752022968e-05 2.037776915
996 7.058015120867192e-05 2.039824932
997 7.025397796989874e-05 2.041872949
998 6.992422459301899e-05 2.043920966
999 6.959261073487773e-05 2.045968983
1000 6.926073879159913e-05 2.048017
1001 6.893005378263739e-05 2.050065017
1002 6.860182072875383e-05 2.052113034
1003 6.827711241658592e-05 2.054161051
1004 6.795681047100811e-05 2.056209068
1005 6.76416184245776e-05 2.058257085
1006 6.733206651460777e-05 2.060305102
1007 6.702852155358671e-05 2.062353119
1008 6.673121805141211e-05 2.064401136
1009 6.644025323109393e-05 2.066449153
1010 6.615557352109377e-05 2.06849717
1011 6.587704387502952e-05 2.070545187
1012 6.560447039266546e-05 2.072593204
1013 6.533761566434156e-05 2.074641221
1014 6.507621334156703e-05 2.076689238
1015 6.481998050547091e-05 2.078737255
1016 6.456862770568034e-05 2.080785272
1017 6.432186494204915e-05 2.082833289
1018 6.407941504154224e-05 2.084881306
1019 6.384101623546435e-05 2.086929323
1020 6.360642699416422e-05 2.08897734
1021 6.33754105496475e-05 2.091025357
1022 6.314778008637546e-05 2.093073374
1023 6.292335488039693e-05 2.095121391
1024 6.270196722253204e-05 2.097169408
1025 6.248348025979286e-05 2.099217425
1026 6.226779443462696e-05 2.101265442
1027 6.205484386675761e-05 2.103313459
1028 6.184459256323852e-05 2.105361476
1029 6.163703024963192e-05 2.107409493
1030 6.143216706635826e-05 2.10945751
1031 6.123002858126247e-05 2.111505527
1032 6.103065238246341e-05 2.113553544
1033 6.083408244911602e-05 2.115601561
1034 6.064036520028161e-05 2.117649578
1035 6.044954574995429e-05 2.119697595
1036 6.026166357807913e-05 2.121745612
1037 6.007674976218659e-05 2.123793629
1038 5.98948262401333e-05 2.125841646
1039 5.97158998258174e-05 2.127889663
1040 5.953996432136004e-05 2.12993768
1041 5.936699185159002e-05 2.131985697
1042 5.919695009847867e-05 2.134033714
1043 5.902978179670431e-05 2.136081731
1044 5.886541950004869e-05 2.138129748
1045 5.870379740578169e-05 2.140177765
1046 5.854483477823661e-05 2.142225782
1047 5.838843747271063e-05 2.144273799
1048 5.823450153508518e-05 2.146321816
1049 5.808291432877947e-05 2.148369833
1050 5.793355769033399e-05 2.15041785
1051 5.778630994616591e-05 2.152465867
1052 5.764104877093663e-05 2.154513884
1053 5.74976519710858e-05 2.156561901
1054 5.735600066546764e-05 2.158609918
1055 5.721597904320639e-05 2.160657935
1056 5.707747620523021e-05 2.162705952
1057 5.694038635711663e-05 2.164753969
1058 5.680460874098714e-05 2.166801986
1059 5.667004845667626e-05 2.168850003
1060 5.653661650112278e-05 2.17089802
1061 5.64042291199099e-05 2.172946037
1062 5.627280823629469e-05 2.174994054
1063 5.614227992658806e-05 2.177042071
1064 5.601257443971593e-05 2.179090088
1065 5.588362524477441e-05 2.181138105
1066 5.575536987937456e-05 2.183186122
1067 5.562775037387393e-05 2.185234139
1068 5.550070747266956e-05 2.187282156
1069 5.537418484050117e-05 2.189330173
1070 5.524813384396718e-05 2.19137819
1071 5.51225121697179e-05 2.193426207
1072 5.499726578134278e-05 2.195474224
1073 5.487233664529645e-05 2.197522241
1074 5.474768053022593e-05 2.199570258
1075 5.462323458719626e-05 2.201618275
1076 5.449891969728665e-05 2.203666292
1077 5.437466112725589e-05 2.205714309
1078 5.425038745604631e-05 2.207762326
1079 5.412603028683599e-05 2.209810343
1080 5.400152347040993e-05 2.21185836
1081 5.387680320716448e-05 2.213906377
1082 5.375180744362722e-05 2.215954394
1083 5.36264760543832e-05 2.218002411
1084 5.350075107558278e-05 2.220050428
1085 5.337457632656168e-05 2.222098445
1086 5.324789777180095e-05 2.224146462
1087 5.312066441881865e-05 2.226194479
1088 5.299282992841294e-05 2.228242496
1089 5.286435277089925e-05 2.230290513
1090 5.273519574414046e-05 2.23233853
1091 5.260532817690623e-05 2.234386547
1092 5.247472584721899e-05 2.236434564
1093 5.234337048006639e-05 2.238482581
1094 5.221125121650417e-05 2.240530598
1095 5.2078364616432e-05 2.242578615
1096 5.194471393875558e-05 2.244626632
1097 5.181030862598891e-05 2.246674649
1098 5.167516399272918e-05 2.248722666
1099 5.153930153452767e-05 2.250770683
1100 5.140274550425651e-05 2.2528187
1101 5.126552402301763e-05 2.254866717
1102 5.112767381862228e-05 2.256914734
1103 5.098921472864844e-05 2.258962751
1104 5.085018428577748e-05 2.261010768
1105 5.071061650018943e-05 2.263058785
1106 5.057054383179618e-05 2.265106802
1107 5.042999684799832e-05 2.267154819
1108 5.02890066914463e-05 2.269202836
1109 5.014760115145831e-05 2.271250853
1110 5.000580796209785e-05 2.27329887
1111 4.986365290755267e-05 2.275346887
1112 4.972116136986255e-05 2.277394904
1113 4.957835761606773e-05 2.279442921
1114 4.943526614816852e-05 2.281490938
1115 4.929190893448868e-05 2.283538955
1116 4.914830850887156e-05 2.285586972
1117 4.900448752110116e-05 2.287634989
1118 4.88604678853878e-05 2.289683006
1119 4.871627054911961e-05 2.291731023
1120 4.857191637965169e-05 2.29377904
1121 4.842742605625973e-05 2.295827057
1122 4.828281913227131e-05 2.297875074
1123 4.813811731656656e-05 2.299923091
1124 4.799333728642589e-05 2.301971108
1125 4.784849038007983e-05 2.304019125
1126 4.770358288924521e-05 2.306067142
1127 4.75586131836048e-05 2.308115159
1128 4.741356785977144e-05 2.310163176
1129 4.726842083059389e-05 2.312211193
1130 4.712314088168216e-05 2.31425921
1131 4.697766453970184e-05 2.316307227
1132 4.683188634161355e-05 2.318355244
1133 4.668565686578233e-05 2.320403261
1134 4.653875871396096e-05 2.322451278
1135 4.63908814277172e-05 2.324499295
1136 4.624161724905634e-05 2.326547312
1137 4.609042178689838e-05 2.328595329
1138 4.59366197242465e-05 2.330643346
1139 4.577942477829335e-05 2.332691363
1140 4.561799306289604e-05 2.33473938
1141 4.545151430811007e-05 2.336787397
1142 4.527929595196722e-05 2.338835414
1143 4.510089508758357e-05 2.340883431
1144 4.491618823944859e-05 2.342931448
1145 4.472536954212467e-05 2.344979465
1146 4.452894377116464e-05 2.347027482
1147 4.432765218135623e-05 2.349075499
1148 4.412237103282699e-05 2.351123516
1149 4.39140279596872e-05 2.353171533
1150 4.370353924948466e-05 2.35521955
1151 4.349177243294766e-05 2.357267567
1152 4.327952752269015e-05 2.359315584
1153 4.306753207059496e-05 2.361363601
1154 4.285643495636101e-05 2.363411618
1155 4.264680917829179e-05 2.365459635
1156 4.243914785254372e-05 2.367507652
1157 4.223386532726529e-05 2.369555669
1158 4.203130555205591e-05 2.371603686
1159 4.183174355827863e-05 2.373651703
1160 4.163539793128833e-05 2.37569972
1161 4.144242656729498e-05 2.377747737
1162 4.12529287362034e-05 2.379795754
1163 4.106696134758115e-05 2.381843771
1164 4.088452820535842e-05 2.383891788
1165 4.070561749580256e-05 2.385939805
1166 4.053019853802376e-05 2.387987822
1167 4.035821557665175e-05 2.390035839
1168 4.018958658913798e-05 2.392083856
1169 4.002420164015955e-05 2.394131873
1170 3.986193079541332e-05 2.39617989
1171 3.97026360236226e-05 2.398227907
1172 3.954618647041623e-05 2.400275924
1173 3.93924792203182e-05 2.402323941
1174 3.924146127657927e-05 2.404371958
1175 3.909313482991125e-05 2.406419975
1176 3.8947535553369e-05 2.408467992
1177 3.880475995191578e-05 2.410516009
1178 3.866492573338102e-05 2.412564026
1179 3.852812854890797e-05 2.414612043
1180 3.839441329883706e-05 2.41666006
1181 3.826377191544215e-05 2.418708077
1182 3.813615397429946e-05 2.420756094
1183 3.801147117192813e-05 2.422804111
1184 3.78896152162788e-05 2.424852128
1185 3.777047997919427e-05 2.426900145
1186 3.765397136577109e-05 2.428948162
1187 3.754000692341269e-05 2.430996179
1188 3.742851178140288e-05 2.433044196
1189 3.731942000658809e-05 2.435092213
1190 3.721266841420445e-05 2.43714023
1191 3.710819729051532e-05 2.439188247
1192 3.700595045853261e-05 2.441236264
1193 3.690587696786877e-05 2.443284281
1194 3.680793888819107e-05 2.445332298
1195 3.671210167451328e-05 2.447380315
1196 3.661833691691497e-05 2.449428332
1197 3.652661855659372e-05 2.451476349
1198 3.643693095770903e-05 2.453524366
1199 3.634928778705084e-05 2.455572383
1200 3.626371443390426e-05 2.4576204
1201 3.618023007369411e-05 2.459668417
1202 3.609887271940832e-05 2.461716434
1203 3.601969705145744e-05 2.463764451
1204 3.594276906651479e-05 2.465812468
1205 3.586817011754547e-05 2.467860485
1206 3.579599567130447e-05 2.469908502
1207 3.572635236574539e-05 2.471956519
1208 3.565935668383575e-05 2.474004536
1209 3.559513054998654e-05 2.476052553
1210 3.553379865700511e-05 2.47810057
1211 3.547548702334349e-05 2.480148587
1212 3.542031508926265e-05 2.482196604
1213 3.536839817842063e-05 2.484244621
1214 3.531984248305439e-05 2.486292638
1215 3.527474021137473e-05 2.488340655
1216 3.523316621239298e-05 2.490388672
1217 3.519517070211793e-05 2.492436689
1218 3.516077343356128e-05 2.494484706
1219 3.512996894645972e-05 2.496532723
1220 3.5102729703895e-05 2.49858074
1221 3.507899041442462e-05 2.500628757
1222 3.505864661315036e-05 2.502676774
1223 3.504155485352123e-05 2.504724791
1224 3.502754344904526e-05 2.506772808
1225 3.501639765455417e-05 2.508820825
1226 3.500785760291927e-05 2.510868842
1227 3.500162520107049e-05 2.512916859
1228 3.499738019984276e-05 2.514964876
1229 3.499477180816585e-05 2.517012893
1230 3.499343471915181e-05 2.51906091
1231 3.499299687793181e-05 2.521108927
1232 3.499308459137759e-05 2.523156944
1233 3.499332855690983e-05 2.525204961
1234 3.499336706084269e-05 2.527252978
1235 3.499284109654553e-05 2.529300995
1236 3.499143141471799e-05 2.531349012
1237 3.49888436474227e-05 2.533397029
1238 3.498481067762209e-05 2.535445046
1239 3.497910004042595e-05 2.537493063
1240 3.497149288260275e-05 2.53954108
1241 3.496180368648574e-05 2.541589097
1242 3.494988486511156e-05 2.543637114
1243 3.493563972296374e-05 2.545685131
1244 3.491898109866656e-05 2.547733148
1245 3.489990848071911e-05 2.549781165
1246 3.487840678898463e-05 2.551829182
1247 3.485451003638846e-05 2.553877199
1248 3.482830545865026e-05 2.555925216
1249 3.479992882763127e-05 2.557973233
1250 3.476960641721721e-05 2.56002125
1251 3.473742193005786e-05 2.562069267
1252 3.47035046565983e-05 2.564117284
1253 3.466798140533579e-05 2.566165301
1254 3.463094239091526e-05 2.568213318
1255 3.459232530765569e-05 2.570261335
1256 3.455201133294066e-05 2.572309352
1257 3.450981558362167e-05 2.574357369
1258 3.446558339223921e-05 2.576405386
1259 3.441913884964346e-05 2.578453403
1260 3.437026964050542e-05 2.58050142
1261 3.431879890626106e-05 2.582549437
1262 3.426458938054615e-05 2.584597454
1263 3.420755105104592e-05 2.586645471
1264 3.414765694569414e-05 2.588693488
1265 3.408494242358907e-05 2.590741505
1266 3.401950562705146e-05 2.592789522
1267 3.395151791953071e-05 2.594837539
1268 3.388121865618511e-05 2.596885556
1269 3.380888196075995e-05 2.598933573
1270 3.373482741062518e-05 2.60098159
1271 3.36593983847808e-05 2.603029607
1272 3.35829541350857e-05 2.605077624
1273 3.35058587844247e-05 2.607125641
1274 3.342846821258965e-05 2.609173658
1275 3.335111862231573e-05 2.611221675
1276 3.327411740164606e-05 2.613269692
1277 3.319773617049569e-05 2.615317709
1278 3.312220598326175e-05 2.617365726
1279 3.304771464168843e-05 2.619413743
1280 3.297440584939107e-05 2.62146176
1281 3.290237979556307e-05 2.623509777
1282 3.28316950018291e-05 2.625557794
1283 3.27623719235229e-05 2.627605811
1284 3.269439620544133e-05 2.629653828
1285 3.262772288771446e-05 2.631701845
1286 3.256228092319344e-05 2.633749862
1287 3.24979778471579e-05 2.635797879
1288 3.243470412655214e-05 2.637845896
1289 3.23723375782338e-05 2.639893913
1290 3.231074718529047e-05 2.64194193
1291 3.224979776574098e-05 2.643989947
1292 3.218935313072654e-05 2.646037964
1293 3.212927914508498e-05 2.648085981
1294 3.206944566426985e-05 2.650133998
1295 3.200972923753606e-05 2.652182015
1296 3.195001331845109e-05 2.654230032
1297 3.189019015259555e-05 2.656278049
1298 3.183015979325583e-05 2.658326066
1299 3.176983108245804e-05 2.660374083
1300 3.170912120695436e-05 2.6624221
1301 3.164795741909309e-05 2.664470117
1302 3.158627624288603e-05 2.666518134
1303 3.152402594914478e-05 2.668566151
1304 3.146116376737997e-05 2.670614168
1305 3.139765580683042e-05 2.672662185
1306 3.133348042754178e-05 2.674710202
1307 3.126862718417931e-05 2.676758219
1308 3.120308228408515e-05 2.678806236
1309 3.113684472513266e-05 2.680854253
1310 3.106992093712031e-05 2.68290227
1311 3.100231770040446e-05 2.684950287
1312 3.093404394565825e-05 2.686998304
1313 3.086511330864199e-05 2.689046321
1314 3.079554438012081e-05 2.691094338
1315 3.072535850101605e-05 2.693142355
1316 3.065458094645168e-05 2.695190372
1317 3.058323985558261e-05 2.697238389
1318 3.051136516178134e-05 2.699286406
1319 3.043898799463247e-05 2.701334423
1320 3.036614015839751e-05 2.70338244
1321 3.029285339897301e-05 2.705430457
1322 3.021915968927043e-05 2.707478474
1323 3.014509115826034e-05 2.709526491
1324 3.00706794361744e-05 2.711574508
1325 2.999595579028132e-05 2.713622525
1326 2.992095137248768e-05 2.715670542
1327 2.984569699368304e-05 2.717718559
1328 2.97702231326592e-05 2.719766576
1329 2.969455957384776e-05 2.721814593
1330 2.961873537146592e-05 2.72386261
1331 2.954277942350214e-05 2.725910627
1332 2.946672067576424e-05 2.727958644
1333 2.939058880100572e-05 2.730006661
1334 2.93144130193198e-05 2.732054678
1335 2.923822224918454e-05 2.734102695
1336 2.916204443373783e-05 2.736150712
1337 2.908590721013981e-05 2.738198729
1338 2.900984250624977e-05 2.740246746
1339 2.893388232279224e-05 2.742294763
1340 2.885805373562366e-05 2.74434278
1341 2.878238430347554e-05 2.746390797
1342 2.870689681494467e-05 2.748438814
1343 2.863161789647874e-05 2.750486831
1344 2.855657352786474e-05 2.752534848
1345 2.848178616948998e-05 2.754582865
1346 2.840727653711299e-05 2.756630882
1347 2.833306240885349e-05 2.758678899
1348 2.825916145432379e-05 2.760726916
1349 2.81855910056599e-05 2.762774933
1350 2.81123672670835e-05 2.76482295
1351 2.803950598501864e-05 2.766870967
1352 2.796702180486111e-05 2.768918984
1353 2.789492863470674e-05 2.770967001
1354 2.782323929976807e-05 2.773015018
1355 2.775196537392626e-05 2.775063035
1356 2.768111718438062e-05 2.777111052
1357 2.761070411180557e-05 2.779159069
1358 2.754073458443961e-05 2.781207086
1359 2.747121618576296e-05 2.783255103
1360 2.740215582266199e-05 2.78530312
1361 2.73335599739651e-05 2.787351137
1362 2.726543473776802e-05 2.789399154
1363 2.719778612578056e-05 2.791447171
1364 2.713062005101939e-05 2.793495188
1365 2.706394299998873e-05 2.795543205
1366 2.699776175248402e-05 2.797591222
1367 2.693208368881104e-05 2.799639239
1368 2.686691667934752e-05 2.801687256
1369 2.680226920110023e-05 2.803735273
1370 2.673815037019956e-05 2.80578329
1371 2.667457006804711e-05 2.807831307
1372 2.661153869132207e-05 2.809879324
1373 2.654906736456217e-05 2.811927341
1374 2.648716806596204e-05 2.813975358
1375 2.642585331802001e-05 2.816023375
1376 2.636513680813156e-05 2.818071392
1377 2.630503319396182e-05 2.820119409
1378 2.624555626891709e-05 2.822167426
1379 2.618672087810658e-05 2.824215443
1380 2.612854386315662e-05 2.82626346
1381 2.607104058818568e-05 2.828311477
1382 2.601422685918654e-05 2.830359494
1383 2.595811500479721e-05 2.832407511
1384 2.590271167434549e-05 2.834455528
1385 2.584801696077141e-05 2.836503545
1386 2.579402186435315e-05 2.838551562
1387 2.57407144921007e-05 2.840599579
1388 2.568807894028398e-05 2.842647596
1389 2.563610274013513e-05 2.844695613
1390 2.558477623924162e-05 2.84674363
1391 2.553408864260355e-05 2.848791647
1392 2.548402550738646e-05 2.850839664
1393 2.543457633597219e-05 2.852887681
1394 2.538573322862208e-05 2.854935698
1395 2.533748778856248e-05 2.856983715
1396 2.528983215345004e-05 2.859031732
1397 2.524275878584095e-05 2.861079749
1398 2.519626058772432e-05 2.863127766
1399 2.515033053843514e-05 2.865175783
1400 2.510496166991979e-05 2.8672238
1401 2.50601460782954e-05 2.869271817
1402 2.501587584573376e-05 2.871319834
1403 2.497214251313575e-05 2.873367851
1404 2.492893747688211e-05 2.875415868
1405 2.488625188585318e-05 2.877463885
1406 2.4844076307271e-05 2.879511902
1407 2.480240147137585e-05 2.881559919
1408 2.476121829247409e-05 2.883607936
1409 2.472051790690168e-05 2.885655953
1410 2.468029132933458e-05 2.88770397
1411 2.464052936950266e-05 2.889751987
1412 2.460122286989315e-05 2.891800004
1413 2.456236248611744e-05 2.893848021
1414 2.452393911569508e-05 2.895896038
1415 2.448594336298002e-05 2.897944055
1416 2.444836591743482e-05 2.899992072
1417 2.441119701163925e-05 2.902040089
1418 2.437442622474232e-05 2.904088106
1419 2.433804382854333e-05 2.906136123
1420 2.430203953440691e-05 2.90818414
1421 2.426640300039464e-05 2.910232157
1422 2.423112401943398e-05 2.912280174
1423 2.419619221007849e-05 2.914328191
1424 2.416159616594033e-05 2.916376208
1425 2.412732367017094e-05 2.918424225
1426 2.409336336827435e-05 2.920472242
1427 2.405970367965043e-05 2.922520259
1428 2.402633239980045e-05 2.924568276
1429 2.399323780449179e-05 2.926616293
1430 2.396040898540323e-05 2.92866431
1431 2.392783436072364e-05 2.930712327
1432 2.389550236907293e-05 2.932760344
1433 2.386340195799107e-05 2.934808361
1434 2.383152171179084e-05 2.936856378
1435 2.379985036117168e-05 2.938904395
1436 2.376837685476207e-05 2.940952412
1437 2.37370899975881e-05 2.943000429
1438 2.37059785669892e-05 2.945048446
1439 2.367503068922023e-05 2.947096463
1440 2.364423490601783e-05 2.94914448
1441 2.361357946831488e-05 2.951192497
1442 2.358305276896242e-05 2.953240514
1443 2.355264351185564e-05 2.955288531
1444 2.352234026783022e-05 2.957336548
1445 2.349213099923848e-05 2.959384565
1446 2.346200334884879e-05 2.961432582
1447 2.343194473930149e-05 2.963480599
1448 2.340194246561397e-05 2.965528616
1449 2.337198373047175e-05 2.967576633
1450 2.334205566783047e-05 2.96962465
1451 2.331214494510259e-05 2.971672667
1452 2.328223810453597e-05 2.973720684
1453 2.325232131151126e-05 2.975768701
1454 2.322238048188223e-05 2.977816718
1455 2.319240124302522e-05 2.979864735
1456 2.316236893465386e-05 2.981912752
1457 2.31322689664774e-05 2.983960769
1458 2.310208579964452e-05 2.986008786
1459 2.307180350682983e-05 2.988056803
1460 2.304140593624368e-05 2.99010482
1461 2.301087660987092e-05 2.992152837
1462 2.29801988508756e-05 2.994200854
1463 2.294935500396189e-05 2.996248871
1464 2.291832754181333e-05 2.998296888
1465 2.288709831713917e-05 3.000344905
1466 2.285564794227597e-05 3.002392922
1467 2.282395684698459e-05 3.004440939
1468 2.279200504484136e-05 3.006488956
1469 2.275977189119096e-05 3.008536973
1470 2.272723656447954e-05 3.01058499
1471 2.269437589076704e-05 3.012633007
1472 2.266116778276012e-05 3.014681024
1473 2.262759179486961e-05 3.016729041
1474 2.259362456574816e-05 3.018777058
1475 2.255924033920134e-05 3.020825075
1476 2.252441914700362e-05 3.022873092
1477 2.248914159272645e-05 3.024921109
1478 2.245338673882693e-05 3.026969126
1479 2.241713849458899e-05 3.029017143
1480 2.238037624424757e-05 3.03106516
1481 2.234307470642403e-05 3.033113177
1482 2.230521538953415e-05 3.035161194
1483 2.226678113196027e-05 3.037209211
1484 2.222774794674375e-05 3.039257228
1485 2.218808991633306e-05 3.041305245
1486 2.214778377833013e-05 3.043353262
1487 2.210681426064997e-05 3.045401279
1488 2.206517896822108e-05 3.047449296
1489 2.202288500651606e-05 3.049497313
1490 2.197995613102271e-05 3.05154533
1491 2.193642419249426e-05 3.053593347
1492 2.189231393083618e-05 3.055641364
1493 2.184763898310371e-05 3.057689381
1494 2.180239263584747e-05 3.059737398
1495 2.175654706544079e-05 3.061785415
1496 2.171005812464951e-05 3.063833432
1497 2.166287437792882e-05 3.065881449
1498 2.161492188276357e-05 3.067929466
1499 2.156611058248361e-05 3.069977483
1500 2.151634148237568e-05 3.0720255
1501 2.146556432153899e-05 3.074073517
1502 2.14137667986625e-05 3.076121534
1503 2.136096181560984e-05 3.078169551
1504 2.130716519009784e-05 3.080217568
1505 2.125240406420203e-05 3.082265585
1506 2.119670261777776e-05 3.084313602
1507 2.114009276765574e-05 3.086361619
1508 2.108260915777555e-05 3.088409636
1509 2.102428913512137e-05 3.090457653
1510 2.096517171705976e-05 3.09250567
1511 2.090529577125766e-05 3.094553687
1512 2.084469731965842e-05 3.096601704
1513 2.078341630692644e-05 3.098649721
1514 2.072149488758605e-05 3.100697738
1515 2.065897486222023e-05 3.102745755
1516 2.059589896649393e-05 3.104793772
1517 2.053231142441977e-05 3.106841789
1518 2.046825567353448e-05 3.108889806
1519 2.040377509621817e-05 3.110937823
1520 2.033891239839792e-05 3.11298584
1521 2.027370915413002e-05 3.115033857
1522 2.020820471121083e-05 3.117081874
1523 2.014243717098372e-05 3.119129891
1524 2.007644727607236e-05 3.121177908
1525 2.001027505333475e-05 3.123225925
1526 1.994395833306696e-05 3.125273942
1527 1.987753400108051e-05 3.127321959
1528 1.981103552431336e-05 3.129369976
1529 1.974449199384809e-05 3.131417993
1530 1.967793298472391e-05 3.13346601
1531 1.961138230004432e-05 3.135514027
1532 1.954485705170096e-05 3.137562044
1533 1.94783717069071e-05 3.139610061
1534 1.941193809079226e-05 3.141658078
1535 1.93455652040139e-05 3.143706095
1536 1.927925780419403e-05 3.145754112
1537 1.921301729808294e-05 3.147802129
1538 1.914684224281364e-05 3.149850146
1539 1.908072858432773e-05 3.151898163
1540 1.901466681349142e-05 3.15394618
1541 1.894864310441593e-05 3.155994197
1542 1.888264160708255e-05 3.158042214
1543 1.881664467328547e-05 3.160090231
1544 1.875063271909372e-05 3.162138248
1545 1.86845804377355e-05 3.164186265
1546 1.861845637274463e-05 3.166234282
1547 1.855221943666338e-05 3.168282299
1548 1.848581860023834e-05 3.170330316
1549 1.841919172936848e-05 3.172378333
1550 1.835226510570791e-05 3.17442635
1551 1.828495487079483e-05 3.176474367
1552 1.821716805461655e-05 3.178522384
1553 1.814880693310751e-05 3.180570401
1554 1.807977457144996e-05 3.182618418
1555 1.80099803822989e-05 3.184666435
1556 1.79393470258386e-05 3.186714452
1557 1.786781618633182e-05 3.188762469
1558 1.779535196499726e-05 3.190810486
1559 1.772194473902454e-05 3.192858503
1560 1.764761192081055e-05 3.19490652
1561 1.757239557490153e-05 3.196954537
1562 1.749636014586661e-05 3.199002554
1563 1.741958765178463e-05 3.201050571
1564 1.734217235579197e-05 3.203098588
1565 1.726421703616057e-05 3.205146605
1566 1.71858301527715e-05 3.207194622
1567 1.71071226007702e-05 3.209242639
1568 1.702820534473323e-05 3.211290656
1569 1.694918739035058e-05 3.213338673
1570 1.687017397375833e-05 3.21538669
1571 1.679126551799444e-05 3.217434707
1572 1.671255690865716e-05 3.219482724
1573 1.663413675390722e-05 3.221530741
1574 1.655608681275268e-05 3.223578758
1575 1.647848171265957e-05 3.225626775
1576 1.640138881198147e-05 3.227674792
1577 1.632486817878386e-05 3.229722809
1578 1.624897274766899e-05 3.231770826
1579 1.617374853449868e-05 3.233818843
1580 1.609923490968022e-05 3.23586686
1581 1.602546497860979e-05 3.237914877
1582 1.595246604717294e-05 3.239962894
1583 1.588026003365834e-05 3.242010911
1584 1.580886392445658e-05 3.244058928
1585 1.573829025856476e-05 3.246106945
1586 1.566854767940638e-05 3.248154962
1587 1.559964139615826e-05 3.250202979
1588 1.553157366556205e-05 3.252250996
1589 1.546434429550691e-05 3.254299013
1590 1.539795102570437e-05 3.25634703
1591 1.533238993586013e-05 3.258395047
1592 1.52676557314094e-05 3.260443064
1593 1.520374181572913e-05 3.262491081
1594 1.514063997207744e-05 3.264539098
1595 1.507834089678159e-05 3.266587115
1596 1.501683457019728e-05 3.268635132
1597 1.495610918823695e-05 3.270683149
1598 1.489615326673134e-05 3.272731166
1599 1.483695672598122e-05 3.274779183
1600 1.477851493668227e-05 3.2768272
1601 1.472082321853192e-05 3.278875217
1602 1.466388230763326e-05 3.280923234
1603 1.460769878148421e-05 3.282971251
1604 1.455228321034888e-05 3.285019268
1605 1.449764953134113e-05 3.287067285
1606 1.444381589241366e-05 3.289115302
1607 1.439080192189826e-05 3.291163319
1608 1.433862645970606e-05 3.293211336
1609 1.428730747891853e-05 3.295259353
1610 1.423685763328587e-05 3.29730737
1611 1.418728533148415e-05 3.299355387
1612 1.413858754525467e-05 3.301403404
1613 1.409075122186245e-05 3.303451421
1614 1.404375515076377e-05 3.305499438
1615 1.399757080435116e-05 3.307547455
1616 1.395216902924379e-05 3.309595472
1617 1.39075151576987e-05 3.311643489
1618 1.386357228212395e-05 3.313691506
1619 1.382030621956611e-05 3.315739523
1620 1.377768804999669e-05 3.31778754
1621 1.373569275671399e-05 3.319835557
1622 1.369430272059324e-05 3.321883574
1623 1.365350612484449e-05 3.323931591
1624 1.361329713003991e-05 3.325979608
1625 1.357367646232927e-05 3.328027625
1626 1.353465136148209e-05 3.330075642
1627 1.349623374649495e-05 3.332123659
1628 1.345844189218614e-05 3.334171676
1629 1.342130019762948e-05 3.336219693
1630 1.338483802983199e-05 3.33826771
1631 1.334908864515899e-05 3.340315727
1632 1.331408795051982e-05 3.342363744
1633 1.327987262041893e-05 3.344411761
1634 1.32464773226978e-05 3.346459778
1635 1.321393140815095e-05 3.348507795
1636 1.318225587800696e-05 3.350555812
1637 1.315146050635407e-05 3.352603829
1638 1.31215428204803e-05 3.354651846
1639 1.309248450963481e-05 3.356699863
1640 1.306425233537505e-05 3.35874788
1641 1.303680096218809e-05 3.360795897
1642 1.301007586003215e-05 3.362843914
1643 1.298401512092507e-05 3.364891931
1644 1.29585546471861e-05 3.366939948
1645 1.293363012534004e-05 3.368987965
1646 1.290918024130034e-05 3.371035982
1647 1.288514871549512e-05 3.373083999
1648 1.286148555219536e-05 3.375132016
1649 1.283814809546083e-05 3.377180033
1650 1.281510242190663e-05 3.37922805
1651 1.279232169274258e-05 3.381276067
1652 1.276978756957456e-05 3.383324084
1653 1.274749015648318e-05 3.385372101
1654 1.272542797076191e-05 3.387420118
1655 1.27036077338398e-05 3.389468135
1656 1.268204314083659e-05 3.391516152
1657 1.26607549590203e-05 3.393564169
1658 1.263976994527759e-05 3.395612186
1659 1.261911971738739e-05 3.397660203
1660 1.259883907371254e-05 3.39970822
1661 1.257896970869758e-05 3.401756237
1662 1.255955465596176e-05 3.403804254
1663 1.25406364139505e-05 3.405852271
1664 1.252226283478396e-05 3.407900288
1665 1.250448606309498e-05 3.409948305
1666 1.248735261625981e-05 3.411996322
1667 1.247090607274796e-05 3.414044339
1668 1.245519328091886e-05 3.416092356
1669 1.244025924144749e-05 3.418140373
1670 1.242614066924978e-05 3.42018839
1671 1.241286433991107e-05 3.422236407
1672 1.240045017064887e-05 3.424284424
1673 1.238891381255858e-05 3.426332441
1674 1.23782634892568e-05 3.428380458
1675 1.236849981167723e-05 3.430428475
1676 1.235961428155763e-05 3.432476492
1677 1.23515916426896e-05 3.434524509
1678 1.234440857070299e-05 3.436572526
1679 1.233803666653849e-05 3.438620543
1680 1.233244276174499e-05 3.44066856
1681 1.232758834613047e-05 3.442716577
1682 1.232342980973911e-05 3.444764594
1683 1.231991817743673e-05 3.446812611
1684 1.231699963880492e-05 3.448860628
1685 1.231461570290796e-05 3.450908645
1686 1.231270541519021e-05 3.452956662
1687 1.231120614029053e-05 3.455004679
1688 1.231005453946014e-05 3.457052696
1689 1.230918583810819e-05 3.459100713
1690 1.230853359123492e-05 3.46114873
1691 1.230803373926085e-05 3.463196747
1692 1.230762295979155e-05 3.465244764
1693 1.23072364017657e-05 3.467292781
1694 1.230681159019838e-05 3.469340798
1695 1.230629545020511e-05 3.471388815
1696 1.230564197806644e-05 3.473436832
1697 1.230481165642545e-05 3.475484849
1698 1.230376552446413e-05 3.477532866
1699 1.230245801710717e-05 3.479580883
1700 1.230085092396821e-05 3.4816289
1701 1.229891519136778e-05 3.483676917
1702 1.229663022389083e-05 3.485724934
1703 1.229399224864273e-05 3.487772951
1704 1.229099845850585e-05 3.489820968
1705 1.22876319248325e-05 3.491868985
1706 1.228389450749861e-05 3.493917002
1707 1.227978621948166e-05 3.495965019
1708 1.227531421635056e-05 3.498013036
1709 1.227049640841062e-05 3.500061053
1710 1.226535656863734e-05 3.50210907
1711 1.225992019714274e-05 3.504157087
1712 1.225419482256009e-05 3.506205104
1713 1.224819030810644e-05 3.508253121
1714 1.224193545490352e-05 3.510301138
1715 1.223543291582399e-05 3.512349155
1716 1.222869195001187e-05 3.514397172
1717 1.222173160231167e-05 3.516445189
1718 1.221455892726134e-05 3.518493206
1719 1.220717496371173e-05 3.520541223
1720 1.219958309605997e-05 3.52258924
1721 1.219178371598639e-05 3.524637257
1722 1.218377760871865e-05 3.526685274
1723 1.217556359882634e-05 3.528733291
1724 1.216692665274237e-05 3.530781308
1725 1.215832866227035e-05 3.532829325
1726 1.214955431351802e-05 3.534877342
1727 1.214061538223972e-05 3.536925359
1728 1.213152892320646e-05 3.538973376
1729 1.212231154826428e-05 3.541021393
1730 1.211298103724445e-05 3.54306941
1731 1.210355741417118e-05 3.545117427
1732 1.209406060297433e-05 3.547165444
1733 1.208451340323138e-05 3.549213461
1734 1.207493950018183e-05 3.551261478
1735 1.206536315204374e-05 3.553309495
1736 1.20558108877885e-05 3.555357512
1737 1.204630456998966e-05 3.557405529
1738 1.203686662973563e-05 3.559453546
1739 1.202751964954423e-05 3.561501563
1740 1.201828490977632e-05 3.56354958
1741 1.20091826432432e-05 3.565597597
1742 1.200023168404275e-05 3.567645614
1743 1.199144894088811e-05 3.569693631
1744 1.198284959387905e-05 3.571741648
1745 1.197444649544933e-05 3.573789665
1746 1.19662500787044e-05 3.575837682
1747 1.195826858838692e-05 3.577885699
1748 1.195050804457455e-05 3.579933716
1749 1.194297344556003e-05 3.581981733
1750 1.19356683664297e-05 3.58402975
1751 1.192859271126629e-05 3.586077767
1752 1.192174380084925e-05 3.588125784
1753 1.191511561747239e-05 3.590173801
1754 1.190870225193436e-05 3.592221818
1755 1.190249647815959e-05 3.594269835
1756 1.189649047952412e-05 3.596317852
1757 1.189067368787542e-05 3.598365869
1758 1.188503330122311e-05 3.600413886
1759 1.18795569448572e-05 3.602461903
1760 1.187423227257252e-05 3.60450992
1761 1.18690446342335e-05 3.606557937
1762 1.186397966398952e-05 3.608605954
1763 1.185902277236011e-05 3.610653971
1764 1.185415887813189e-05 3.612701988
1765 1.184937343717655e-05 3.614750005
1766 1.184465159725734e-05 3.616798022
1767 1.183997818478022e-05 3.618846039
1768 1.183533782320103e-05 3.620894056
